CRITICAL - 2024-09-19 01:41:51 --> Call to undefined method CodeIgniter\Autoloader\Autoloader::initializeKint()
#0 /home/u932829434/domains/digisoftic.in/public_html/protectease/v2/system/Boot.php(56): CodeIgniter\Boot::initializeKint()
#1 /home/u932829434/domains/digisoftic.in/public_html/protectease/v2/public/index.php(56): CodeIgniter\Boot::bootWeb()
#2 {main}
CRITICAL - 2024-09-19 01:41:51 --> Call to undefined method CodeIgniter\Autoloader\Autoloader::initializeKint()
#0 /home/u932829434/domains/digisoftic.in/public_html/protectease/v2/system/Boot.php(56): CodeIgniter\Boot::initializeKint()
#1 /home/u932829434/domains/digisoftic.in/public_html/protectease/v2/public/index.php(56): CodeIgniter\Boot::bootWeb()
#2 {main}
CRITICAL - 2024-09-19 01:42:34 --> Call to undefined method CodeIgniter\Autoloader\Autoloader::initializeKint()
#0 /home/u932829434/domains/digisoftic.in/public_html/protectease/v2/system/Boot.php(56): CodeIgniter\Boot::initializeKint()
#1 /home/u932829434/domains/digisoftic.in/public_html/protectease/v2/public/index.php(56): CodeIgniter\Boot::bootWeb()
#2 {main}
CRITICAL - 2024-09-19 01:42:34 --> Call to undefined method CodeIgniter\Autoloader\Autoloader::initializeKint()
#0 /home/u932829434/domains/digisoftic.in/public_html/protectease/v2/system/Boot.php(56): CodeIgniter\Boot::initializeKint()
#1 /home/u932829434/domains/digisoftic.in/public_html/protectease/v2/public/index.php(56): CodeIgniter\Boot::bootWeb()
#2 {main}
CRITICAL - 2024-09-19 01:43:38 --> Call to undefined method CodeIgniter\Autoloader\Autoloader::initializeKint()
#0 /home/u932829434/domains/digisoftic.in/public_html/protectease/v2/system/Boot.php(56): CodeIgniter\Boot::initializeKint()
#1 /home/u932829434/domains/digisoftic.in/public_html/protectease/v2/public/index.php(56): CodeIgniter\Boot::bootWeb()
#2 {main}
CRITICAL - 2024-09-19 01:43:38 --> Call to undefined method CodeIgniter\Autoloader\Autoloader::initializeKint()
#0 /home/u932829434/domains/digisoftic.in/public_html/protectease/v2/system/Boot.php(56): CodeIgniter\Boot::initializeKint()
#1 /home/u932829434/domains/digisoftic.in/public_html/protectease/v2/public/index.php(56): CodeIgniter\Boot::bootWeb()
#2 {main}
CRITICAL - 2024-09-19 01:44:03 --> Call to undefined method CodeIgniter\Autoloader\Autoloader::initializeKint()
#0 /home/u932829434/domains/digisoftic.in/public_html/protectease/v2/system/Boot.php(56): CodeIgniter\Boot::initializeKint()
#1 /home/u932829434/domains/digisoftic.in/public_html/protectease/v2/public/index.php(56): CodeIgniter\Boot::bootWeb()
#2 {main}
CRITICAL - 2024-09-19 01:44:03 --> Call to undefined method CodeIgniter\Autoloader\Autoloader::initializeKint()
#0 /home/u932829434/domains/digisoftic.in/public_html/protectease/v2/system/Boot.php(56): CodeIgniter\Boot::initializeKint()
#1 /home/u932829434/domains/digisoftic.in/public_html/protectease/v2/public/index.php(56): CodeIgniter\Boot::bootWeb()
#2 {main}
CRITICAL - 2024-09-19 01:44:43 --> Call to undefined method CodeIgniter\Autoloader\Autoloader::initializeKint()
#0 /home/u932829434/domains/digisoftic.in/public_html/protectease/v2/system/Boot.php(56): CodeIgniter\Boot::initializeKint()
#1 /home/u932829434/domains/digisoftic.in/public_html/protectease/v2/public/index.php(56): CodeIgniter\Boot::bootWeb()
#2 {main}
CRITICAL - 2024-09-19 01:44:43 --> Call to undefined method CodeIgniter\Autoloader\Autoloader::initializeKint()
#0 /home/u932829434/domains/digisoftic.in/public_html/protectease/v2/system/Boot.php(56): CodeIgniter\Boot::initializeKint()
#1 /home/u932829434/domains/digisoftic.in/public_html/protectease/v2/public/index.php(56): CodeIgniter\Boot::bootWeb()
#2 {main}
CRITICAL - 2024-09-19 09:52:23 --> Call to undefined method CodeIgniter\Autoloader\Autoloader::initializeKint()
#0 /home/u932829434/domains/digisoftic.in/public_html/protectease/v2/system/Boot.php(56): CodeIgniter\Boot::initializeKint()
#1 /home/u932829434/domains/digisoftic.in/public_html/protectease/v2/public/index.php(56): CodeIgniter\Boot::bootWeb()
#2 {main}
CRITICAL - 2024-09-19 09:52:23 --> Call to undefined method CodeIgniter\Autoloader\Autoloader::initializeKint()
#0 /home/u932829434/domains/digisoftic.in/public_html/protectease/v2/system/Boot.php(56): CodeIgniter\Boot::initializeKint()
#1 /home/u932829434/domains/digisoftic.in/public_html/protectease/v2/public/index.php(56): CodeIgniter\Boot::bootWeb()
#2 {main}
CRITICAL - 2024-09-19 11:34:06 --> Call to undefined method CodeIgniter\Autoloader\Autoloader::initializeKint()
#0 /home/u932829434/domains/digisoftic.in/public_html/protectease/v2/system/Boot.php(56): CodeIgniter\Boot::initializeKint()
#1 /home/u932829434/domains/digisoftic.in/public_html/protectease/v2/public/index.php(56): CodeIgniter\Boot::bootWeb()
#2 {main}
CRITICAL - 2024-09-19 11:34:06 --> Call to undefined method CodeIgniter\Autoloader\Autoloader::initializeKint()
#0 /home/u932829434/domains/digisoftic.in/public_html/protectease/v2/system/Boot.php(56): CodeIgniter\Boot::initializeKint()
#1 /home/u932829434/domains/digisoftic.in/public_html/protectease/v2/public/index.php(56): CodeIgniter\Boot::bootWeb()
#2 {main}
CRITICAL - 2024-09-19 12:38:00 --> Call to undefined method CodeIgniter\Autoloader\Autoloader::initializeKint()
#0 /home/u932829434/domains/digisoftic.in/public_html/protectease/v2/system/Boot.php(56): CodeIgniter\Boot::initializeKint()
#1 /home/u932829434/domains/digisoftic.in/public_html/protectease/v2/public/index.php(56): CodeIgniter\Boot::bootWeb()
#2 {main}
CRITICAL - 2024-09-19 12:38:00 --> Call to undefined method CodeIgniter\Autoloader\Autoloader::initializeKint()
#0 /home/u932829434/domains/digisoftic.in/public_html/protectease/v2/system/Boot.php(56): CodeIgniter\Boot::initializeKint()
#1 /home/u932829434/domains/digisoftic.in/public_html/protectease/v2/public/index.php(56): CodeIgniter\Boot::bootWeb()
#2 {main}
CRITICAL - 2024-09-19 12:41:52 --> Call to undefined method CodeIgniter\Autoloader\Autoloader::initializeKint()
#0 /home/u932829434/domains/digisoftic.in/public_html/protectease/v2/system/Boot.php(56): CodeIgniter\Boot::initializeKint()
#1 /home/u932829434/domains/digisoftic.in/public_html/protectease/v2/public/index.php(56): CodeIgniter\Boot::bootWeb()
#2 {main}
CRITICAL - 2024-09-19 12:41:52 --> Call to undefined method CodeIgniter\Autoloader\Autoloader::initializeKint()
#0 /home/u932829434/domains/digisoftic.in/public_html/protectease/v2/system/Boot.php(56): CodeIgniter\Boot::initializeKint()
#1 /home/u932829434/domains/digisoftic.in/public_html/protectease/v2/public/index.php(56): CodeIgniter\Boot::bootWeb()
#2 {main}
CRITICAL - 2024-09-19 12:44:24 --> Call to undefined method CodeIgniter\Autoloader\Autoloader::initializeKint()
#0 /home/u932829434/domains/digisoftic.in/public_html/protectease/v2/system/Boot.php(56): CodeIgniter\Boot::initializeKint()
#1 /home/u932829434/domains/digisoftic.in/public_html/protectease/v2/public/index.php(56): CodeIgniter\Boot::bootWeb()
#2 {main}
CRITICAL - 2024-09-19 12:44:24 --> Call to undefined method CodeIgniter\Autoloader\Autoloader::initializeKint()
#0 /home/u932829434/domains/digisoftic.in/public_html/protectease/v2/system/Boot.php(56): CodeIgniter\Boot::initializeKint()
#1 /home/u932829434/domains/digisoftic.in/public_html/protectease/v2/public/index.php(56): CodeIgniter\Boot::bootWeb()
#2 {main}
CRITICAL - 2024-09-19 13:07:01 --> Call to undefined method CodeIgniter\Autoloader\Autoloader::initializeKint()
#0 /home/u932829434/domains/digisoftic.in/public_html/protectease/v2/system/Boot.php(56): CodeIgniter\Boot::initializeKint()
#1 /home/u932829434/domains/digisoftic.in/public_html/protectease/v2/public/index.php(56): CodeIgniter\Boot::bootWeb()
#2 {main}
CRITICAL - 2024-09-19 13:07:01 --> Call to undefined method CodeIgniter\Autoloader\Autoloader::initializeKint()
#0 /home/u932829434/domains/digisoftic.in/public_html/protectease/v2/system/Boot.php(56): CodeIgniter\Boot::initializeKint()
#1 /home/u932829434/domains/digisoftic.in/public_html/protectease/v2/public/index.php(56): CodeIgniter\Boot::bootWeb()
#2 {main}
CRITICAL - 2024-09-19 13:08:46 --> Call to undefined method CodeIgniter\Autoloader\Autoloader::initializeKint()
#0 /home/u932829434/domains/digisoftic.in/public_html/protectease/v2/system/Boot.php(56): CodeIgniter\Boot::initializeKint()
#1 /home/u932829434/domains/digisoftic.in/public_html/protectease/v2/public/index.php(56): CodeIgniter\Boot::bootWeb()
#2 {main}
CRITICAL - 2024-09-19 13:08:46 --> Call to undefined method CodeIgniter\Autoloader\Autoloader::initializeKint()
#0 /home/u932829434/domains/digisoftic.in/public_html/protectease/v2/system/Boot.php(56): CodeIgniter\Boot::initializeKint()
#1 /home/u932829434/domains/digisoftic.in/public_html/protectease/v2/public/index.php(56): CodeIgniter\Boot::bootWeb()
#2 {main}
CRITICAL - 2024-09-19 13:12:27 --> Call to undefined method CodeIgniter\Autoloader\Autoloader::initializeKint()
#0 /home/u932829434/domains/digisoftic.in/public_html/protectease/v2/system/Boot.php(56): CodeIgniter\Boot::initializeKint()
#1 /home/u932829434/domains/digisoftic.in/public_html/protectease/v2/public/index.php(56): CodeIgniter\Boot::bootWeb()
#2 {main}
CRITICAL - 2024-09-19 13:12:27 --> Call to undefined method CodeIgniter\Autoloader\Autoloader::initializeKint()
#0 /home/u932829434/domains/digisoftic.in/public_html/protectease/v2/system/Boot.php(56): CodeIgniter\Boot::initializeKint()
#1 /home/u932829434/domains/digisoftic.in/public_html/protectease/v2/public/index.php(56): CodeIgniter\Boot::bootWeb()
#2 {main}
CRITICAL - 2024-09-19 13:13:30 --> Call to undefined method CodeIgniter\Autoloader\Autoloader::initializeKint()
#0 /home/u932829434/domains/digisoftic.in/public_html/protectease/v2/system/Boot.php(56): CodeIgniter\Boot::initializeKint()
#1 /home/u932829434/domains/digisoftic.in/public_html/protectease/v2/public/index.php(56): CodeIgniter\Boot::bootWeb()
#2 {main}
CRITICAL - 2024-09-19 13:13:30 --> Call to undefined method CodeIgniter\Autoloader\Autoloader::initializeKint()
#0 /home/u932829434/domains/digisoftic.in/public_html/protectease/v2/system/Boot.php(56): CodeIgniter\Boot::initializeKint()
#1 /home/u932829434/domains/digisoftic.in/public_html/protectease/v2/public/index.php(56): CodeIgniter\Boot::bootWeb()
#2 {main}
CRITICAL - 2024-09-19 13:16:03 --> Call to undefined method CodeIgniter\Autoloader\Autoloader::initializeKint()
#0 /home/u932829434/domains/digisoftic.in/public_html/protectease/v2/system/Boot.php(56): CodeIgniter\Boot::initializeKint()
#1 /home/u932829434/domains/digisoftic.in/public_html/protectease/v2/public/index.php(56): CodeIgniter\Boot::bootWeb()
#2 {main}
CRITICAL - 2024-09-19 13:16:03 --> Call to undefined method CodeIgniter\Autoloader\Autoloader::initializeKint()
#0 /home/u932829434/domains/digisoftic.in/public_html/protectease/v2/system/Boot.php(56): CodeIgniter\Boot::initializeKint()
#1 /home/u932829434/domains/digisoftic.in/public_html/protectease/v2/public/index.php(56): CodeIgniter\Boot::bootWeb()
#2 {main}
CRITICAL - 2024-09-19 13:29:36 --> Call to undefined method CodeIgniter\Autoloader\Autoloader::initializeKint()
#0 /home/u932829434/domains/digisoftic.in/public_html/protectease/v2/system/Boot.php(56): CodeIgniter\Boot::initializeKint()
#1 /home/u932829434/domains/digisoftic.in/public_html/protectease/v2/public/index.php(56): CodeIgniter\Boot::bootWeb()
#2 {main}
CRITICAL - 2024-09-19 13:29:36 --> Call to undefined method CodeIgniter\Autoloader\Autoloader::initializeKint()
#0 /home/u932829434/domains/digisoftic.in/public_html/protectease/v2/system/Boot.php(56): CodeIgniter\Boot::initializeKint()
#1 /home/u932829434/domains/digisoftic.in/public_html/protectease/v2/public/index.php(56): CodeIgniter\Boot::bootWeb()
#2 {main}
CRITICAL - 2024-09-19 13:36:02 --> Call to undefined method CodeIgniter\Autoloader\Autoloader::initializeKint()
#0 /home/u932829434/domains/digisoftic.in/public_html/protectease/v2/system/Boot.php(56): CodeIgniter\Boot::initializeKint()
#1 /home/u932829434/domains/digisoftic.in/public_html/protectease/v2/public/index.php(56): CodeIgniter\Boot::bootWeb()
#2 {main}
CRITICAL - 2024-09-19 13:36:02 --> Call to undefined method CodeIgniter\Autoloader\Autoloader::initializeKint()
#0 /home/u932829434/domains/digisoftic.in/public_html/protectease/v2/system/Boot.php(56): CodeIgniter\Boot::initializeKint()
#1 /home/u932829434/domains/digisoftic.in/public_html/protectease/v2/public/index.php(56): CodeIgniter\Boot::bootWeb()
#2 {main}
CRITICAL - 2024-09-19 13:48:50 --> Call to undefined method CodeIgniter\Autoloader\Autoloader::initializeKint()
#0 /home/u932829434/domains/digisoftic.in/public_html/protectease/v2/system/Boot.php(56): CodeIgniter\Boot::initializeKint()
#1 /home/u932829434/domains/digisoftic.in/public_html/protectease/v2/public/index.php(56): CodeIgniter\Boot::bootWeb()
#2 {main}
CRITICAL - 2024-09-19 13:48:50 --> Call to undefined method CodeIgniter\Autoloader\Autoloader::initializeKint()
#0 /home/u932829434/domains/digisoftic.in/public_html/protectease/v2/system/Boot.php(56): CodeIgniter\Boot::initializeKint()
#1 /home/u932829434/domains/digisoftic.in/public_html/protectease/v2/public/index.php(56): CodeIgniter\Boot::bootWeb()
#2 {main}
CRITICAL - 2024-09-19 13:50:11 --> Call to undefined method CodeIgniter\Autoloader\Autoloader::initializeKint()
#0 /home/u932829434/domains/digisoftic.in/public_html/protectease/v2/system/Boot.php(56): CodeIgniter\Boot::initializeKint()
#1 /home/u932829434/domains/digisoftic.in/public_html/protectease/v2/public/index.php(56): CodeIgniter\Boot::bootWeb()
#2 {main}
CRITICAL - 2024-09-19 13:50:11 --> Call to undefined method CodeIgniter\Autoloader\Autoloader::initializeKint()
#0 /home/u932829434/domains/digisoftic.in/public_html/protectease/v2/system/Boot.php(56): CodeIgniter\Boot::initializeKint()
#1 /home/u932829434/domains/digisoftic.in/public_html/protectease/v2/public/index.php(56): CodeIgniter\Boot::bootWeb()
#2 {main}
CRITICAL - 2024-09-19 19:52:33 --> Undefined array key "product_benefits"
#0 /home/u932829434/domains/digisoftic.in/public_html/protectease/v2/app/Views/journey/checkout/index.php(74): CodeIgniter\Debug\Exceptions->errorHandler()
#1 /home/u932829434/domains/digisoftic.in/public_html/protectease/v2/system/View/View.php(230): include('/home/u93282943...')
#2 /home/u932829434/domains/digisoftic.in/public_html/protectease/v2/system/View/View.php(232): CodeIgniter\View\View->CodeIgniter\View\{closure}()
#3 /home/u932829434/domains/digisoftic.in/public_html/protectease/v2/system/Common.php(1271): CodeIgniter\View\View->render()
#4 /home/u932829434/domains/digisoftic.in/public_html/protectease/v2/app/Controllers/Carts.php(42): view()
#5 /home/u932829434/domains/digisoftic.in/public_html/protectease/v2/system/CodeIgniter.php(928): App\Controllers\Carts->fPlanCartCheckoutDetails()
#6 /home/u932829434/domains/digisoftic.in/public_html/protectease/v2/system/CodeIgniter.php(436): CodeIgniter\CodeIgniter->runController()
#7 /home/u932829434/domains/digisoftic.in/public_html/protectease/v2/system/CodeIgniter.php(336): CodeIgniter\CodeIgniter->handleRequest()
#8 /home/u932829434/domains/digisoftic.in/public_html/protectease/v2/index.php(37): CodeIgniter\CodeIgniter->run()
#9 {main}
