INFO - 2024-08-09 06:02:34 --> Session: Class initialized using 'CodeIgniter\Session\Handlers\FileHandler' driver.
INFO - 2024-08-09 06:02:40 --> Session: Class initialized using 'CodeIgniter\Session\Handlers\FileHandler' driver.
INFO - 2024-08-09 06:02:40 --> Session: Class initialized using 'CodeIgniter\Session\Handlers\FileHandler' driver.
INFO - 2024-08-09 06:02:40 --> Session: Class initialized using 'CodeIgniter\Session\Handlers\FileHandler' driver.
INFO - 2024-08-09 07:29:11 --> Session: Class initialized using 'CodeIgniter\Session\Handlers\FileHandler' driver.
INFO - 2024-08-09 07:29:11 --> Session: Class initialized using 'CodeIgniter\Session\Handlers\FileHandler' driver.
INFO - 2024-08-09 07:29:14 --> Session: Class initialized using 'CodeIgniter\Session\Handlers\FileHandler' driver.
INFO - 2024-08-09 07:29:14 --> Session: Class initialized using 'CodeIgniter\Session\Handlers\FileHandler' driver.
INFO - 2024-08-09 07:29:14 --> Session: Class initialized using 'CodeIgniter\Session\Handlers\FileHandler' driver.
INFO - 2024-08-09 07:29:14 --> Session: Class initialized using 'CodeIgniter\Session\Handlers\FileHandler' driver.
INFO - 2024-08-09 07:29:15 --> Session: Class initialized using 'CodeIgniter\Session\Handlers\FileHandler' driver.
INFO - 2024-08-09 07:29:15 --> Session: Class initialized using 'CodeIgniter\Session\Handlers\FileHandler' driver.
INFO - 2024-08-09 07:29:15 --> Session: Class initialized using 'CodeIgniter\Session\Handlers\FileHandler' driver.
INFO - 2024-08-09 07:29:15 --> Session: Class initialized using 'CodeIgniter\Session\Handlers\FileHandler' driver.
INFO - 2024-08-09 07:29:16 --> Session: Class initialized using 'CodeIgniter\Session\Handlers\FileHandler' driver.
INFO - 2024-08-09 07:29:16 --> Session: Class initialized using 'CodeIgniter\Session\Handlers\FileHandler' driver.
INFO - 2024-08-09 07:29:16 --> Session: Class initialized using 'CodeIgniter\Session\Handlers\FileHandler' driver.
INFO - 2024-08-09 07:29:16 --> Session: Class initialized using 'CodeIgniter\Session\Handlers\FileHandler' driver.
INFO - 2024-08-09 07:29:16 --> Session: Class initialized using 'CodeIgniter\Session\Handlers\FileHandler' driver.
INFO - 2024-08-09 07:29:16 --> Session: Class initialized using 'CodeIgniter\Session\Handlers\FileHandler' driver.
INFO - 2024-08-09 07:29:17 --> Session: Class initialized using 'CodeIgniter\Session\Handlers\FileHandler' driver.
INFO - 2024-08-09 07:29:17 --> Session: Class initialized using 'CodeIgniter\Session\Handlers\FileHandler' driver.
INFO - 2024-08-09 07:29:17 --> Session: Class initialized using 'CodeIgniter\Session\Handlers\FileHandler' driver.
INFO - 2024-08-09 07:29:17 --> Session: Class initialized using 'CodeIgniter\Session\Handlers\FileHandler' driver.
INFO - 2024-08-09 07:31:41 --> Session: Class initialized using 'CodeIgniter\Session\Handlers\FileHandler' driver.
INFO - 2024-08-09 07:31:42 --> Session: Class initialized using 'CodeIgniter\Session\Handlers\FileHandler' driver.
INFO - 2024-08-09 07:31:56 --> Session: Class initialized using 'CodeIgniter\Session\Handlers\FileHandler' driver.
INFO - 2024-08-09 07:31:57 --> Session: Class initialized using 'CodeIgniter\Session\Handlers\FileHandler' driver.
INFO - 2024-08-09 07:37:29 --> Session: Class initialized using 'CodeIgniter\Session\Handlers\FileHandler' driver.
INFO - 2024-08-09 07:37:31 --> Session: Class initialized using 'CodeIgniter\Session\Handlers\FileHandler' driver.
INFO - 2024-08-09 07:46:22 --> Session: Class initialized using 'CodeIgniter\Session\Handlers\FileHandler' driver.
INFO - 2024-08-09 07:46:23 --> Session: Class initialized using 'CodeIgniter\Session\Handlers\FileHandler' driver.
INFO - 2024-08-09 07:46:45 --> Session: Class initialized using 'CodeIgniter\Session\Handlers\FileHandler' driver.
INFO - 2024-08-09 07:46:46 --> Session: Class initialized using 'CodeIgniter\Session\Handlers\FileHandler' driver.
INFO - 2024-08-09 07:47:29 --> Session: Class initialized using 'CodeIgniter\Session\Handlers\FileHandler' driver.
INFO - 2024-08-09 07:47:30 --> Session: Class initialized using 'CodeIgniter\Session\Handlers\FileHandler' driver.
INFO - 2024-08-09 07:48:06 --> Session: Class initialized using 'CodeIgniter\Session\Handlers\FileHandler' driver.
INFO - 2024-08-09 07:48:08 --> Session: Class initialized using 'CodeIgniter\Session\Handlers\FileHandler' driver.
INFO - 2024-08-09 07:48:17 --> Session: Class initialized using 'CodeIgniter\Session\Handlers\FileHandler' driver.
INFO - 2024-08-09 07:48:18 --> Session: Class initialized using 'CodeIgniter\Session\Handlers\FileHandler' driver.
INFO - 2024-08-09 07:48:37 --> Session: Class initialized using 'CodeIgniter\Session\Handlers\FileHandler' driver.
INFO - 2024-08-09 07:48:38 --> Session: Class initialized using 'CodeIgniter\Session\Handlers\FileHandler' driver.
INFO - 2024-08-09 07:51:15 --> Session: Class initialized using 'CodeIgniter\Session\Handlers\FileHandler' driver.
INFO - 2024-08-09 07:51:17 --> Session: Class initialized using 'CodeIgniter\Session\Handlers\FileHandler' driver.
INFO - 2024-08-09 07:53:13 --> Session: Class initialized using 'CodeIgniter\Session\Handlers\FileHandler' driver.
INFO - 2024-08-09 07:53:15 --> Session: Class initialized using 'CodeIgniter\Session\Handlers\FileHandler' driver.
INFO - 2024-08-09 08:04:41 --> Session: Class initialized using 'CodeIgniter\Session\Handlers\FileHandler' driver.
INFO - 2024-08-09 08:04:42 --> Session: Class initialized using 'CodeIgniter\Session\Handlers\FileHandler' driver.
INFO - 2024-08-09 08:04:47 --> Session: Class initialized using 'CodeIgniter\Session\Handlers\FileHandler' driver.
INFO - 2024-08-09 08:04:47 --> Session: Class initialized using 'CodeIgniter\Session\Handlers\FileHandler' driver.
INFO - 2024-08-09 08:04:47 --> Session: Class initialized using 'CodeIgniter\Session\Handlers\FileHandler' driver.
INFO - 2024-08-09 08:04:48 --> Session: Class initialized using 'CodeIgniter\Session\Handlers\FileHandler' driver.
INFO - 2024-08-09 08:04:48 --> Session: Class initialized using 'CodeIgniter\Session\Handlers\FileHandler' driver.
INFO - 2024-08-09 08:04:48 --> Session: Class initialized using 'CodeIgniter\Session\Handlers\FileHandler' driver.
INFO - 2024-08-09 08:04:49 --> Session: Class initialized using 'CodeIgniter\Session\Handlers\FileHandler' driver.
INFO - 2024-08-09 08:06:38 --> Session: Class initialized using 'CodeIgniter\Session\Handlers\FileHandler' driver.
INFO - 2024-08-09 08:06:39 --> Session: Class initialized using 'CodeIgniter\Session\Handlers\FileHandler' driver.
INFO - 2024-08-09 08:08:24 --> Session: Class initialized using 'CodeIgniter\Session\Handlers\FileHandler' driver.
INFO - 2024-08-09 08:08:25 --> Session: Class initialized using 'CodeIgniter\Session\Handlers\FileHandler' driver.
INFO - 2024-08-09 08:17:40 --> Session: Class initialized using 'CodeIgniter\Session\Handlers\FileHandler' driver.
INFO - 2024-08-09 08:17:41 --> Session: Class initialized using 'CodeIgniter\Session\Handlers\FileHandler' driver.
INFO - 2024-08-09 12:20:29 --> Session: Class initialized using 'CodeIgniter\Session\Handlers\FileHandler' driver.
INFO - 2024-08-09 12:20:37 --> Session: Class initialized using 'CodeIgniter\Session\Handlers\FileHandler' driver.
INFO - 2024-08-09 12:20:37 --> Session: Class initialized using 'CodeIgniter\Session\Handlers\FileHandler' driver.
INFO - 2024-08-09 12:20:37 --> Session: Class initialized using 'CodeIgniter\Session\Handlers\FileHandler' driver.
INFO - 2024-08-09 12:21:54 --> Session: Class initialized using 'CodeIgniter\Session\Handlers\FileHandler' driver.
INFO - 2024-08-09 12:21:54 --> Session: Class initialized using 'CodeIgniter\Session\Handlers\FileHandler' driver.
INFO - 2024-08-09 12:25:40 --> Session: Class initialized using 'CodeIgniter\Session\Handlers\FileHandler' driver.
INFO - 2024-08-09 12:25:41 --> Session: Class initialized using 'CodeIgniter\Session\Handlers\FileHandler' driver.
INFO - 2024-08-09 12:25:42 --> Session: Class initialized using 'CodeIgniter\Session\Handlers\FileHandler' driver.
INFO - 2024-08-09 12:25:42 --> Session: Class initialized using 'CodeIgniter\Session\Handlers\FileHandler' driver.
INFO - 2024-08-09 12:25:55 --> Session: Class initialized using 'CodeIgniter\Session\Handlers\FileHandler' driver.
INFO - 2024-08-09 12:25:56 --> Session: Class initialized using 'CodeIgniter\Session\Handlers\FileHandler' driver.
INFO - 2024-08-09 12:25:58 --> Session: Class initialized using 'CodeIgniter\Session\Handlers\FileHandler' driver.
INFO - 2024-08-09 12:26:22 --> Session: Class initialized using 'CodeIgniter\Session\Handlers\FileHandler' driver.
INFO - 2024-08-09 12:26:55 --> Session: Class initialized using 'CodeIgniter\Session\Handlers\FileHandler' driver.
CRITICAL - 2024-08-09 12:26:55 --> ErrorException: Undefined array key "ORDER_STATUS"
[Method: GET, Route: boards/orders]
in APPPATH/Controllers/Orders.php on line 26.
 1 APPPATH/Controllers/Orders.php(26): CodeIgniter\Debug\Exceptions->errorHandler(2, 'Undefined array key "ORDER_STATUS"', '/opt/lampp/htdocs/ci/protectEase/app/Controllers/Orders.php', 26)
 2 APPPATH/Controllers/Orders.php(22): App\Controllers\Orders->fFetchStatus(1)
 3 SYSTEMPATH/CodeIgniter.php(933): App\Controllers\Orders->index()
 4 SYSTEMPATH/CodeIgniter.php(509): CodeIgniter\CodeIgniter->runController(Object(App\Controllers\Orders))
 5 SYSTEMPATH/CodeIgniter.php(355): CodeIgniter\CodeIgniter->handleRequest(null, Object(Config\Cache), false)
 6 SYSTEMPATH/Boot.php(325): CodeIgniter\CodeIgniter->run()
 7 SYSTEMPATH/Boot.php(67): CodeIgniter\Boot::runCodeIgniter(Object(CodeIgniter\CodeIgniter))
 8 FCPATH/index.php(56): CodeIgniter\Boot::bootWeb(Object(Config\Paths))
INFO - 2024-08-09 12:28:04 --> Session: Class initialized using 'CodeIgniter\Session\Handlers\FileHandler' driver.
INFO - 2024-08-09 12:28:29 --> Session: Class initialized using 'CodeIgniter\Session\Handlers\FileHandler' driver.
CRITICAL - 2024-08-09 12:28:29 --> ErrorException: unserialize(): Error at offset 0 of 87 bytes
[Method: GET, Route: boards/orders]
in APPPATH/Controllers/Orders.php on line 29.
 1 [internal function]: CodeIgniter\Debug\Exceptions->errorHandler(8, 'unserialize(): Error at offset 0 of 87 bytes', '/opt/lampp/htdocs/ci/protectEase/app/Controllers/Orders.php', 29)
 2 APPPATH/Controllers/Orders.php(29): unserialize('{"1":"Request Received", "2":"Verification In Process", "3":"Approved", "4":"Rejected"}')
 3 APPPATH/Controllers/Orders.php(22): App\Controllers\Orders->fFetchStatus(1)
 4 SYSTEMPATH/CodeIgniter.php(933): App\Controllers\Orders->index()
 5 SYSTEMPATH/CodeIgniter.php(509): CodeIgniter\CodeIgniter->runController(Object(App\Controllers\Orders))
 6 SYSTEMPATH/CodeIgniter.php(355): CodeIgniter\CodeIgniter->handleRequest(null, Object(Config\Cache), false)
 7 SYSTEMPATH/Boot.php(325): CodeIgniter\CodeIgniter->run()
 8 SYSTEMPATH/Boot.php(67): CodeIgniter\Boot::runCodeIgniter(Object(CodeIgniter\CodeIgniter))
 9 FCPATH/index.php(56): CodeIgniter\Boot::bootWeb(Object(Config\Paths))
INFO - 2024-08-09 12:29:11 --> Session: Class initialized using 'CodeIgniter\Session\Handlers\FileHandler' driver.
INFO - 2024-08-09 13:09:47 --> Session: Class initialized using 'CodeIgniter\Session\Handlers\FileHandler' driver.
INFO - 2024-08-09 13:10:24 --> Session: Class initialized using 'CodeIgniter\Session\Handlers\FileHandler' driver.
INFO - 2024-08-09 13:15:37 --> Session: Class initialized using 'CodeIgniter\Session\Handlers\FileHandler' driver.
CRITICAL - 2024-08-09 13:15:37 --> Error: Class "App\Controllers\ProductsModel" not found
[Method: GET, Route: boards/orders]
in APPPATH/Controllers/Orders.php on line 21.
 1 SYSTEMPATH/CodeIgniter.php(933): App\Controllers\Orders->index()
 2 SYSTEMPATH/CodeIgniter.php(509): CodeIgniter\CodeIgniter->runController(Object(App\Controllers\Orders))
 3 SYSTEMPATH/CodeIgniter.php(355): CodeIgniter\CodeIgniter->handleRequest(null, Object(Config\Cache), false)
 4 SYSTEMPATH/Boot.php(325): CodeIgniter\CodeIgniter->run()
 5 SYSTEMPATH/Boot.php(67): CodeIgniter\Boot::runCodeIgniter(Object(CodeIgniter\CodeIgniter))
 6 FCPATH/index.php(56): CodeIgniter\Boot::bootWeb(Object(Config\Paths))
INFO - 2024-08-09 13:15:46 --> Session: Class initialized using 'CodeIgniter\Session\Handlers\FileHandler' driver.
CRITICAL - 2024-08-09 13:15:46 --> ErrorException: Undefined variable $aProductCategories
[Method: GET, Route: boards/orders]
in APPPATH/Views/orders/index.php on line 27.
 1 APPPATH/Views/orders/index.php(27): CodeIgniter\Debug\Exceptions->errorHandler(2, 'Undefined variable $aProductCategories', '/opt/lampp/htdocs/ci/protectEase/app/Views/orders/index.php', 27)
 2 SYSTEMPATH/View/View.php(234): include('/opt/lampp/htdocs/ci/protectEase/app/Views/orders/index.php')
 3 SYSTEMPATH/View/View.php(237): CodeIgniter\View\View->CodeIgniter\View\{closure}()
 4 SYSTEMPATH/Common.php(1171): CodeIgniter\View\View->render('orders/index', [], true)
 5 APPPATH/Controllers/Orders.php(21): view('orders/index', [...])
 6 SYSTEMPATH/CodeIgniter.php(933): App\Controllers\Orders->index()
 7 SYSTEMPATH/CodeIgniter.php(509): CodeIgniter\CodeIgniter->runController(Object(App\Controllers\Orders))
 8 SYSTEMPATH/CodeIgniter.php(355): CodeIgniter\CodeIgniter->handleRequest(null, Object(Config\Cache), false)
 9 SYSTEMPATH/Boot.php(325): CodeIgniter\CodeIgniter->run()
10 SYSTEMPATH/Boot.php(67): CodeIgniter\Boot::runCodeIgniter(Object(CodeIgniter\CodeIgniter))
11 FCPATH/index.php(56): CodeIgniter\Boot::bootWeb(Object(Config\Paths))
INFO - 2024-08-09 13:17:07 --> Session: Class initialized using 'CodeIgniter\Session\Handlers\FileHandler' driver.
INFO - 2024-08-09 13:17:08 --> Session: Class initialized using 'CodeIgniter\Session\Handlers\FileHandler' driver.
INFO - 2024-08-09 13:18:38 --> Session: Class initialized using 'CodeIgniter\Session\Handlers\FileHandler' driver.
INFO - 2024-08-09 13:18:38 --> Session: Class initialized using 'CodeIgniter\Session\Handlers\FileHandler' driver.
INFO - 2024-08-09 13:19:34 --> Session: Class initialized using 'CodeIgniter\Session\Handlers\FileHandler' driver.
INFO - 2024-08-09 13:19:34 --> Session: Class initialized using 'CodeIgniter\Session\Handlers\FileHandler' driver.
INFO - 2024-08-09 13:19:34 --> Session: Class initialized using 'CodeIgniter\Session\Handlers\FileHandler' driver.
INFO - 2024-08-09 13:24:30 --> Session: Class initialized using 'CodeIgniter\Session\Handlers\FileHandler' driver.
INFO - 2024-08-09 13:35:52 --> Session: Class initialized using 'CodeIgniter\Session\Handlers\FileHandler' driver.
INFO - 2024-08-09 13:35:52 --> Session: Class initialized using 'CodeIgniter\Session\Handlers\FileHandler' driver.
INFO - 2024-08-09 13:36:07 --> Session: Class initialized using 'CodeIgniter\Session\Handlers\FileHandler' driver.
INFO - 2024-08-09 13:36:07 --> Session: Class initialized using 'CodeIgniter\Session\Handlers\FileHandler' driver.
INFO - 2024-08-09 13:37:35 --> Session: Class initialized using 'CodeIgniter\Session\Handlers\FileHandler' driver.
INFO - 2024-08-09 13:37:35 --> Session: Class initialized using 'CodeIgniter\Session\Handlers\FileHandler' driver.
INFO - 2024-08-09 13:38:07 --> Session: Class initialized using 'CodeIgniter\Session\Handlers\FileHandler' driver.
INFO - 2024-08-09 13:38:07 --> Session: Class initialized using 'CodeIgniter\Session\Handlers\FileHandler' driver.
INFO - 2024-08-09 13:38:29 --> Session: Class initialized using 'CodeIgniter\Session\Handlers\FileHandler' driver.
INFO - 2024-08-09 13:38:29 --> Session: Class initialized using 'CodeIgniter\Session\Handlers\FileHandler' driver.
INFO - 2024-08-09 13:42:47 --> Session: Class initialized using 'CodeIgniter\Session\Handlers\FileHandler' driver.
INFO - 2024-08-09 13:42:47 --> Session: Class initialized using 'CodeIgniter\Session\Handlers\FileHandler' driver.
INFO - 2024-08-09 13:43:08 --> Session: Class initialized using 'CodeIgniter\Session\Handlers\FileHandler' driver.
INFO - 2024-08-09 13:43:08 --> Session: Class initialized using 'CodeIgniter\Session\Handlers\FileHandler' driver.
INFO - 2024-08-09 14:00:47 --> Session: Class initialized using 'CodeIgniter\Session\Handlers\FileHandler' driver.
INFO - 2024-08-09 14:00:56 --> Session: Class initialized using 'CodeIgniter\Session\Handlers\FileHandler' driver.
INFO - 2024-08-09 14:00:56 --> Session: Class initialized using 'CodeIgniter\Session\Handlers\FileHandler' driver.
INFO - 2024-08-09 14:00:56 --> Session: Class initialized using 'CodeIgniter\Session\Handlers\FileHandler' driver.
INFO - 2024-08-09 14:01:01 --> Session: Class initialized using 'CodeIgniter\Session\Handlers\FileHandler' driver.
INFO - 2024-08-09 14:01:01 --> Session: Class initialized using 'CodeIgniter\Session\Handlers\FileHandler' driver.
INFO - 2024-08-09 14:01:01 --> Session: Class initialized using 'CodeIgniter\Session\Handlers\FileHandler' driver.
INFO - 2024-08-09 14:01:06 --> Session: Class initialized using 'CodeIgniter\Session\Handlers\FileHandler' driver.
INFO - 2024-08-09 14:01:06 --> Session: Class initialized using 'CodeIgniter\Session\Handlers\FileHandler' driver.
INFO - 2024-08-09 14:01:06 --> Session: Class initialized using 'CodeIgniter\Session\Handlers\FileHandler' driver.
INFO - 2024-08-09 14:01:17 --> Session: Class initialized using 'CodeIgniter\Session\Handlers\FileHandler' driver.
INFO - 2024-08-09 14:01:17 --> Session: Class initialized using 'CodeIgniter\Session\Handlers\FileHandler' driver.
INFO - 2024-08-09 14:01:17 --> Session: Class initialized using 'CodeIgniter\Session\Handlers\FileHandler' driver.
INFO - 2024-08-09 14:06:17 --> Session: Class initialized using 'CodeIgniter\Session\Handlers\FileHandler' driver.
INFO - 2024-08-09 14:06:18 --> Session: Class initialized using 'CodeIgniter\Session\Handlers\FileHandler' driver.
INFO - 2024-08-09 14:07:09 --> Session: Class initialized using 'CodeIgniter\Session\Handlers\FileHandler' driver.
INFO - 2024-08-09 14:07:09 --> Session: Class initialized using 'CodeIgniter\Session\Handlers\FileHandler' driver.
INFO - 2024-08-09 14:07:09 --> Session: Class initialized using 'CodeIgniter\Session\Handlers\FileHandler' driver.
INFO - 2024-08-09 14:09:37 --> Session: Class initialized using 'CodeIgniter\Session\Handlers\FileHandler' driver.
INFO - 2024-08-09 14:09:38 --> Session: Class initialized using 'CodeIgniter\Session\Handlers\FileHandler' driver.
CRITICAL - 2024-08-09 14:09:38 --> ErrorException: Undefined array key "product_name"
[Method: GET, Route: boards/orders/getOrderList/1]
in APPPATH/Views/orders/list.php on line 25.
 1 APPPATH/Views/orders/list.php(25): CodeIgniter\Debug\Exceptions->errorHandler(2, 'Undefined array key "product_name"', '/opt/lampp/htdocs/ci/protectEase/app/Views/orders/list.php', 25)
 2 SYSTEMPATH/View/View.php(234): include('/opt/lampp/htdocs/ci/protectEase/app/Views/orders/list.php')
 3 SYSTEMPATH/View/View.php(237): CodeIgniter\View\View->CodeIgniter\View\{closure}()
 4 SYSTEMPATH/Common.php(1171): CodeIgniter\View\View->render('orders/list', [], true)
 5 APPPATH/Controllers/Orders.php(75): view('orders/list', [...])
 6 SYSTEMPATH/CodeIgniter.php(933): App\Controllers\Orders->fGetOrdersList('1')
 7 SYSTEMPATH/CodeIgniter.php(509): CodeIgniter\CodeIgniter->runController(Object(App\Controllers\Orders))
 8 SYSTEMPATH/CodeIgniter.php(355): CodeIgniter\CodeIgniter->handleRequest(null, Object(Config\Cache), false)
 9 SYSTEMPATH/Boot.php(325): CodeIgniter\CodeIgniter->run()
10 SYSTEMPATH/Boot.php(67): CodeIgniter\Boot::runCodeIgniter(Object(CodeIgniter\CodeIgniter))
11 FCPATH/index.php(56): CodeIgniter\Boot::bootWeb(Object(Config\Paths))
INFO - 2024-08-09 14:10:51 --> Session: Class initialized using 'CodeIgniter\Session\Handlers\FileHandler' driver.
CRITICAL - 2024-08-09 14:10:51 --> ErrorException: Undefined array key "product_name"
[Method: GET, Route: boards/orders/getOrderList/1]
in APPPATH/Views/orders/list.php on line 25.
 1 APPPATH/Views/orders/list.php(25): CodeIgniter\Debug\Exceptions->errorHandler(2, 'Undefined array key "product_name"', '/opt/lampp/htdocs/ci/protectEase/app/Views/orders/list.php', 25)
 2 SYSTEMPATH/View/View.php(234): include('/opt/lampp/htdocs/ci/protectEase/app/Views/orders/list.php')
 3 SYSTEMPATH/View/View.php(237): CodeIgniter\View\View->CodeIgniter\View\{closure}()
 4 SYSTEMPATH/Common.php(1171): CodeIgniter\View\View->render('orders/list', [], true)
 5 APPPATH/Controllers/Orders.php(76): view('orders/list', [...])
 6 SYSTEMPATH/CodeIgniter.php(933): App\Controllers\Orders->fGetOrdersList('1')
 7 SYSTEMPATH/CodeIgniter.php(509): CodeIgniter\CodeIgniter->runController(Object(App\Controllers\Orders))
 8 SYSTEMPATH/CodeIgniter.php(355): CodeIgniter\CodeIgniter->handleRequest(null, Object(Config\Cache), false)
 9 SYSTEMPATH/Boot.php(325): CodeIgniter\CodeIgniter->run()
10 SYSTEMPATH/Boot.php(67): CodeIgniter\Boot::runCodeIgniter(Object(CodeIgniter\CodeIgniter))
11 FCPATH/index.php(56): CodeIgniter\Boot::bootWeb(Object(Config\Paths))
INFO - 2024-08-09 14:11:10 --> Session: Class initialized using 'CodeIgniter\Session\Handlers\FileHandler' driver.
INFO - 2024-08-09 14:12:41 --> Session: Class initialized using 'CodeIgniter\Session\Handlers\FileHandler' driver.
INFO - 2024-08-09 14:12:41 --> Session: Class initialized using 'CodeIgniter\Session\Handlers\FileHandler' driver.
INFO - 2024-08-09 14:13:00 --> Session: Class initialized using 'CodeIgniter\Session\Handlers\FileHandler' driver.
INFO - 2024-08-09 14:13:01 --> Session: Class initialized using 'CodeIgniter\Session\Handlers\FileHandler' driver.
CRITICAL - 2024-08-09 14:13:01 --> ErrorException: Undefined array key "product_name"
[Method: GET, Route: boards/orders/getOrderList/1]
in APPPATH/Views/orders/list.php on line 25.
 1 APPPATH/Views/orders/list.php(25): CodeIgniter\Debug\Exceptions->errorHandler(2, 'Undefined array key "product_name"', '/opt/lampp/htdocs/ci/protectEase/app/Views/orders/list.php', 25)
 2 SYSTEMPATH/View/View.php(234): include('/opt/lampp/htdocs/ci/protectEase/app/Views/orders/list.php')
 3 SYSTEMPATH/View/View.php(237): CodeIgniter\View\View->CodeIgniter\View\{closure}()
 4 SYSTEMPATH/Common.php(1171): CodeIgniter\View\View->render('orders/list', [], true)
 5 APPPATH/Controllers/Orders.php(74): view('orders/list', [...])
 6 SYSTEMPATH/CodeIgniter.php(933): App\Controllers\Orders->fGetOrdersList('1')
 7 SYSTEMPATH/CodeIgniter.php(509): CodeIgniter\CodeIgniter->runController(Object(App\Controllers\Orders))
 8 SYSTEMPATH/CodeIgniter.php(355): CodeIgniter\CodeIgniter->handleRequest(null, Object(Config\Cache), false)
 9 SYSTEMPATH/Boot.php(325): CodeIgniter\CodeIgniter->run()
10 SYSTEMPATH/Boot.php(67): CodeIgniter\Boot::runCodeIgniter(Object(CodeIgniter\CodeIgniter))
11 FCPATH/index.php(56): CodeIgniter\Boot::bootWeb(Object(Config\Paths))
INFO - 2024-08-09 14:13:44 --> Session: Class initialized using 'CodeIgniter\Session\Handlers\FileHandler' driver.
INFO - 2024-08-09 14:13:45 --> Session: Class initialized using 'CodeIgniter\Session\Handlers\FileHandler' driver.
INFO - 2024-08-09 14:13:59 --> Session: Class initialized using 'CodeIgniter\Session\Handlers\FileHandler' driver.
INFO - 2024-08-09 14:14:00 --> Session: Class initialized using 'CodeIgniter\Session\Handlers\FileHandler' driver.
INFO - 2024-08-09 14:14:39 --> Session: Class initialized using 'CodeIgniter\Session\Handlers\FileHandler' driver.
INFO - 2024-08-09 14:14:39 --> Session: Class initialized using 'CodeIgniter\Session\Handlers\FileHandler' driver.
INFO - 2024-08-09 14:21:51 --> Session: Class initialized using 'CodeIgniter\Session\Handlers\FileHandler' driver.
INFO - 2024-08-09 14:21:51 --> Session: Class initialized using 'CodeIgniter\Session\Handlers\FileHandler' driver.
ERROR - 2024-08-09 14:21:52 --> mysqli_sql_exception: Unknown table 'upsiee.orders' in /opt/lampp/htdocs/ci/protectEase/system/Database/MySQLi/Connection.php:310
Stack trace:
#0 /opt/lampp/htdocs/ci/protectEase/system/Database/MySQLi/Connection.php(310): mysqli->query('SELECT `orders`...', 0)
#1 /opt/lampp/htdocs/ci/protectEase/system/Database/BaseConnection.php(732): CodeIgniter\Database\MySQLi\Connection->execute('SELECT `orders`...')
#2 /opt/lampp/htdocs/ci/protectEase/system/Database/BaseConnection.php(646): CodeIgniter\Database\BaseConnection->simpleQuery('SELECT `orders`...')
#3 /opt/lampp/htdocs/ci/protectEase/system/Database/BaseBuilder.php(1637): CodeIgniter\Database\BaseConnection->query('SELECT `orders`...', Array, false)
#4 /opt/lampp/htdocs/ci/protectEase/system/Model.php(286): CodeIgniter\Database\BaseBuilder->get()
#5 /opt/lampp/htdocs/ci/protectEase/system/BaseModel.php(676): CodeIgniter\Model->doFindAll(10, 0)
#6 /opt/lampp/htdocs/ci/protectEase/app/Controllers/Orders.php(58): CodeIgniter\BaseModel->findAll(10, 0)
#7 /opt/lampp/htdocs/ci/protectEase/system/CodeIgniter.php(933): App\Controllers\Orders->fGetOrdersList('1')
#8 /opt/lampp/htdocs/ci/protectEase/system/CodeIgniter.php(509): CodeIgniter\CodeIgniter->runController(Object(App\Controllers\Orders))
#9 /opt/lampp/htdocs/ci/protectEase/system/CodeIgniter.php(355): CodeIgniter\CodeIgniter->handleRequest(NULL, Object(Config\Cache), false)
#10 /opt/lampp/htdocs/ci/protectEase/system/Boot.php(325): CodeIgniter\CodeIgniter->run()
#11 /opt/lampp/htdocs/ci/protectEase/system/Boot.php(67): CodeIgniter\Boot::runCodeIgniter(Object(CodeIgniter\CodeIgniter))
#12 /opt/lampp/htdocs/ci/protectEase/index.php(56): CodeIgniter\Boot::bootWeb(Object(Config\Paths))
#13 {main}
CRITICAL - 2024-08-09 14:21:52 --> CodeIgniter\Database\Exceptions\DatabaseException: Unknown table 'upsiee.orders'
[Method: GET, Route: boards/orders/getOrderList/1]
in SYSTEMPATH/Database/BaseConnection.php on line 686.
 1 SYSTEMPATH/Database/BaseBuilder.php(1637): CodeIgniter\Database\BaseConnection->query('SELECT `orders`.*, `users`.`user_name` AS `user_name`, `users`.`user_email` AS `user_email`, `users`.`user_mobile` AS `user_mobile`
FROM `upsiee_orders`
JOIN `users` ON `users`.`id` = `orders`.`user_id`
WHERE `is_active` IN :is_active:
ORDER BY `id` DESC
 LIMIT 10', [...], false)
 2 SYSTEMPATH/Model.php(286): CodeIgniter\Database\BaseBuilder->get()
 3 SYSTEMPATH/BaseModel.php(676): CodeIgniter\Model->doFindAll(10, 0)
 4 APPPATH/Controllers/Orders.php(58): CodeIgniter\BaseModel->findAll(10, 0)
 5 SYSTEMPATH/CodeIgniter.php(933): App\Controllers\Orders->fGetOrdersList('1')
 6 SYSTEMPATH/CodeIgniter.php(509): CodeIgniter\CodeIgniter->runController(Object(App\Controllers\Orders))
 7 SYSTEMPATH/CodeIgniter.php(355): CodeIgniter\CodeIgniter->handleRequest(null, Object(Config\Cache), false)
 8 SYSTEMPATH/Boot.php(325): CodeIgniter\CodeIgniter->run()
 9 SYSTEMPATH/Boot.php(67): CodeIgniter\Boot::runCodeIgniter(Object(CodeIgniter\CodeIgniter))
10 FCPATH/index.php(56): CodeIgniter\Boot::bootWeb(Object(Config\Paths))
CRITICAL - 2024-08-09 14:21:52 --> [Caused by] CodeIgniter\Database\Exceptions\DatabaseException: Unknown table 'upsiee.orders'
in SYSTEMPATH/Database/MySQLi/Connection.php on line 315.
 1 SYSTEMPATH/Database/BaseConnection.php(732): CodeIgniter\Database\MySQLi\Connection->execute('SELECT `orders`.*, `users`.`user_name` AS `user_name`, `users`.`user_email` AS `user_email`, `users`.`user_mobile` AS `user_mobile`
FROM `upsiee_orders`
JOIN `users` ON `users`.`id` = `orders`.`user_id`
WHERE `is_active` IN (0,1)
ORDER BY `id` DESC
 LIMIT 10')
 2 SYSTEMPATH/Database/BaseConnection.php(646): CodeIgniter\Database\BaseConnection->simpleQuery('SELECT `orders`.*, `users`.`user_name` AS `user_name`, `users`.`user_email` AS `user_email`, `users`.`user_mobile` AS `user_mobile`
FROM `upsiee_orders`
JOIN `users` ON `users`.`id` = `orders`.`user_id`
WHERE `is_active` IN (0,1)
ORDER BY `id` DESC
 LIMIT 10')
 3 SYSTEMPATH/Database/BaseBuilder.php(1637): CodeIgniter\Database\BaseConnection->query('SELECT `orders`.*, `users`.`user_name` AS `user_name`, `users`.`user_email` AS `user_email`, `users`.`user_mobile` AS `user_mobile`
FROM `upsiee_orders`
JOIN `users` ON `users`.`id` = `orders`.`user_id`
WHERE `is_active` IN :is_active:
ORDER BY `id` DESC
 LIMIT 10', [...], false)
 4 SYSTEMPATH/Model.php(286): CodeIgniter\Database\BaseBuilder->get()
 5 SYSTEMPATH/BaseModel.php(676): CodeIgniter\Model->doFindAll(10, 0)
 6 APPPATH/Controllers/Orders.php(58): CodeIgniter\BaseModel->findAll(10, 0)
 7 SYSTEMPATH/CodeIgniter.php(933): App\Controllers\Orders->fGetOrdersList('1')
 8 SYSTEMPATH/CodeIgniter.php(509): CodeIgniter\CodeIgniter->runController(Object(App\Controllers\Orders))
 9 SYSTEMPATH/CodeIgniter.php(355): CodeIgniter\CodeIgniter->handleRequest(null, Object(Config\Cache), false)
10 SYSTEMPATH/Boot.php(325): CodeIgniter\CodeIgniter->run()
11 SYSTEMPATH/Boot.php(67): CodeIgniter\Boot::runCodeIgniter(Object(CodeIgniter\CodeIgniter))
12 FCPATH/index.php(56): CodeIgniter\Boot::bootWeb(Object(Config\Paths))
CRITICAL - 2024-08-09 14:21:52 --> [Caused by] mysqli_sql_exception: Unknown table 'upsiee.orders'
in SYSTEMPATH/Database/MySQLi/Connection.php on line 310.
 1 SYSTEMPATH/Database/MySQLi/Connection.php(310): mysqli->query('SELECT `orders`.*, `users`.`user_name` AS `user_name`, `users`.`user_email` AS `user_email`, `users`.`user_mobile` AS `user_mobile`
FROM `upsiee_orders`
JOIN `users` ON `users`.`id` = `orders`.`user_id`
WHERE `is_active` IN (0,1)
ORDER BY `id` DESC
 LIMIT 10', 0)
 2 SYSTEMPATH/Database/BaseConnection.php(732): CodeIgniter\Database\MySQLi\Connection->execute('SELECT `orders`.*, `users`.`user_name` AS `user_name`, `users`.`user_email` AS `user_email`, `users`.`user_mobile` AS `user_mobile`
FROM `upsiee_orders`
JOIN `users` ON `users`.`id` = `orders`.`user_id`
WHERE `is_active` IN (0,1)
ORDER BY `id` DESC
 LIMIT 10')
 3 SYSTEMPATH/Database/BaseConnection.php(646): CodeIgniter\Database\BaseConnection->simpleQuery('SELECT `orders`.*, `users`.`user_name` AS `user_name`, `users`.`user_email` AS `user_email`, `users`.`user_mobile` AS `user_mobile`
FROM `upsiee_orders`
JOIN `users` ON `users`.`id` = `orders`.`user_id`
WHERE `is_active` IN (0,1)
ORDER BY `id` DESC
 LIMIT 10')
 4 SYSTEMPATH/Database/BaseBuilder.php(1637): CodeIgniter\Database\BaseConnection->query('SELECT `orders`.*, `users`.`user_name` AS `user_name`, `users`.`user_email` AS `user_email`, `users`.`user_mobile` AS `user_mobile`
FROM `upsiee_orders`
JOIN `users` ON `users`.`id` = `orders`.`user_id`
WHERE `is_active` IN :is_active:
ORDER BY `id` DESC
 LIMIT 10', [...], false)
 5 SYSTEMPATH/Model.php(286): CodeIgniter\Database\BaseBuilder->get()
 6 SYSTEMPATH/BaseModel.php(676): CodeIgniter\Model->doFindAll(10, 0)
 7 APPPATH/Controllers/Orders.php(58): CodeIgniter\BaseModel->findAll(10, 0)
 8 SYSTEMPATH/CodeIgniter.php(933): App\Controllers\Orders->fGetOrdersList('1')
 9 SYSTEMPATH/CodeIgniter.php(509): CodeIgniter\CodeIgniter->runController(Object(App\Controllers\Orders))
10 SYSTEMPATH/CodeIgniter.php(355): CodeIgniter\CodeIgniter->handleRequest(null, Object(Config\Cache), false)
11 SYSTEMPATH/Boot.php(325): CodeIgniter\CodeIgniter->run()
12 SYSTEMPATH/Boot.php(67): CodeIgniter\Boot::runCodeIgniter(Object(CodeIgniter\CodeIgniter))
13 FCPATH/index.php(56): CodeIgniter\Boot::bootWeb(Object(Config\Paths))
INFO - 2024-08-09 14:22:19 --> Session: Class initialized using 'CodeIgniter\Session\Handlers\FileHandler' driver.
INFO - 2024-08-09 14:22:19 --> Session: Class initialized using 'CodeIgniter\Session\Handlers\FileHandler' driver.
ERROR - 2024-08-09 14:22:19 --> mysqli_sql_exception: Unknown table 'upsiee.orders' in /opt/lampp/htdocs/ci/protectEase/system/Database/MySQLi/Connection.php:310
Stack trace:
#0 /opt/lampp/htdocs/ci/protectEase/system/Database/MySQLi/Connection.php(310): mysqli->query('SELECT `orders`...', 0)
#1 /opt/lampp/htdocs/ci/protectEase/system/Database/BaseConnection.php(732): CodeIgniter\Database\MySQLi\Connection->execute('SELECT `orders`...')
#2 /opt/lampp/htdocs/ci/protectEase/system/Database/BaseConnection.php(646): CodeIgniter\Database\BaseConnection->simpleQuery('SELECT `orders`...')
#3 /opt/lampp/htdocs/ci/protectEase/system/Database/BaseBuilder.php(1637): CodeIgniter\Database\BaseConnection->query('SELECT `orders`...', Array, false)
#4 /opt/lampp/htdocs/ci/protectEase/system/Model.php(286): CodeIgniter\Database\BaseBuilder->get()
#5 /opt/lampp/htdocs/ci/protectEase/system/BaseModel.php(676): CodeIgniter\Model->doFindAll(10, 0)
#6 /opt/lampp/htdocs/ci/protectEase/app/Controllers/Orders.php(58): CodeIgniter\BaseModel->findAll(10, 0)
#7 /opt/lampp/htdocs/ci/protectEase/system/CodeIgniter.php(933): App\Controllers\Orders->fGetOrdersList('1')
#8 /opt/lampp/htdocs/ci/protectEase/system/CodeIgniter.php(509): CodeIgniter\CodeIgniter->runController(Object(App\Controllers\Orders))
#9 /opt/lampp/htdocs/ci/protectEase/system/CodeIgniter.php(355): CodeIgniter\CodeIgniter->handleRequest(NULL, Object(Config\Cache), false)
#10 /opt/lampp/htdocs/ci/protectEase/system/Boot.php(325): CodeIgniter\CodeIgniter->run()
#11 /opt/lampp/htdocs/ci/protectEase/system/Boot.php(67): CodeIgniter\Boot::runCodeIgniter(Object(CodeIgniter\CodeIgniter))
#12 /opt/lampp/htdocs/ci/protectEase/index.php(56): CodeIgniter\Boot::bootWeb(Object(Config\Paths))
#13 {main}
CRITICAL - 2024-08-09 14:22:19 --> CodeIgniter\Database\Exceptions\DatabaseException: Unknown table 'upsiee.orders'
[Method: GET, Route: boards/orders/getOrderList/1]
in SYSTEMPATH/Database/BaseConnection.php on line 686.
 1 SYSTEMPATH/Database/BaseBuilder.php(1637): CodeIgniter\Database\BaseConnection->query('SELECT `orders`.*, `users`.`user_name` AS `user_name`, `users`.`user_email` AS `user_email`, `users`.`user_mobile` AS `user_mobile`
FROM `upsiee_orders`
JOIN `users` ON `users`.`id` = `upsiee_orders`.`user_id`
WHERE `is_active` IN :is_active:
ORDER BY `id` DESC
 LIMIT 10', [...], false)
 2 SYSTEMPATH/Model.php(286): CodeIgniter\Database\BaseBuilder->get()
 3 SYSTEMPATH/BaseModel.php(676): CodeIgniter\Model->doFindAll(10, 0)
 4 APPPATH/Controllers/Orders.php(58): CodeIgniter\BaseModel->findAll(10, 0)
 5 SYSTEMPATH/CodeIgniter.php(933): App\Controllers\Orders->fGetOrdersList('1')
 6 SYSTEMPATH/CodeIgniter.php(509): CodeIgniter\CodeIgniter->runController(Object(App\Controllers\Orders))
 7 SYSTEMPATH/CodeIgniter.php(355): CodeIgniter\CodeIgniter->handleRequest(null, Object(Config\Cache), false)
 8 SYSTEMPATH/Boot.php(325): CodeIgniter\CodeIgniter->run()
 9 SYSTEMPATH/Boot.php(67): CodeIgniter\Boot::runCodeIgniter(Object(CodeIgniter\CodeIgniter))
10 FCPATH/index.php(56): CodeIgniter\Boot::bootWeb(Object(Config\Paths))
CRITICAL - 2024-08-09 14:22:19 --> [Caused by] CodeIgniter\Database\Exceptions\DatabaseException: Unknown table 'upsiee.orders'
in SYSTEMPATH/Database/MySQLi/Connection.php on line 315.
 1 SYSTEMPATH/Database/BaseConnection.php(732): CodeIgniter\Database\MySQLi\Connection->execute('SELECT `orders`.*, `users`.`user_name` AS `user_name`, `users`.`user_email` AS `user_email`, `users`.`user_mobile` AS `user_mobile`
FROM `upsiee_orders`
JOIN `users` ON `users`.`id` = `upsiee_orders`.`user_id`
WHERE `is_active` IN (0,1)
ORDER BY `id` DESC
 LIMIT 10')
 2 SYSTEMPATH/Database/BaseConnection.php(646): CodeIgniter\Database\BaseConnection->simpleQuery('SELECT `orders`.*, `users`.`user_name` AS `user_name`, `users`.`user_email` AS `user_email`, `users`.`user_mobile` AS `user_mobile`
FROM `upsiee_orders`
JOIN `users` ON `users`.`id` = `upsiee_orders`.`user_id`
WHERE `is_active` IN (0,1)
ORDER BY `id` DESC
 LIMIT 10')
 3 SYSTEMPATH/Database/BaseBuilder.php(1637): CodeIgniter\Database\BaseConnection->query('SELECT `orders`.*, `users`.`user_name` AS `user_name`, `users`.`user_email` AS `user_email`, `users`.`user_mobile` AS `user_mobile`
FROM `upsiee_orders`
JOIN `users` ON `users`.`id` = `upsiee_orders`.`user_id`
WHERE `is_active` IN :is_active:
ORDER BY `id` DESC
 LIMIT 10', [...], false)
 4 SYSTEMPATH/Model.php(286): CodeIgniter\Database\BaseBuilder->get()
 5 SYSTEMPATH/BaseModel.php(676): CodeIgniter\Model->doFindAll(10, 0)
 6 APPPATH/Controllers/Orders.php(58): CodeIgniter\BaseModel->findAll(10, 0)
 7 SYSTEMPATH/CodeIgniter.php(933): App\Controllers\Orders->fGetOrdersList('1')
 8 SYSTEMPATH/CodeIgniter.php(509): CodeIgniter\CodeIgniter->runController(Object(App\Controllers\Orders))
 9 SYSTEMPATH/CodeIgniter.php(355): CodeIgniter\CodeIgniter->handleRequest(null, Object(Config\Cache), false)
10 SYSTEMPATH/Boot.php(325): CodeIgniter\CodeIgniter->run()
11 SYSTEMPATH/Boot.php(67): CodeIgniter\Boot::runCodeIgniter(Object(CodeIgniter\CodeIgniter))
12 FCPATH/index.php(56): CodeIgniter\Boot::bootWeb(Object(Config\Paths))
CRITICAL - 2024-08-09 14:22:19 --> [Caused by] mysqli_sql_exception: Unknown table 'upsiee.orders'
in SYSTEMPATH/Database/MySQLi/Connection.php on line 310.
 1 SYSTEMPATH/Database/MySQLi/Connection.php(310): mysqli->query('SELECT `orders`.*, `users`.`user_name` AS `user_name`, `users`.`user_email` AS `user_email`, `users`.`user_mobile` AS `user_mobile`
FROM `upsiee_orders`
JOIN `users` ON `users`.`id` = `upsiee_orders`.`user_id`
WHERE `is_active` IN (0,1)
ORDER BY `id` DESC
 LIMIT 10', 0)
 2 SYSTEMPATH/Database/BaseConnection.php(732): CodeIgniter\Database\MySQLi\Connection->execute('SELECT `orders`.*, `users`.`user_name` AS `user_name`, `users`.`user_email` AS `user_email`, `users`.`user_mobile` AS `user_mobile`
FROM `upsiee_orders`
JOIN `users` ON `users`.`id` = `upsiee_orders`.`user_id`
WHERE `is_active` IN (0,1)
ORDER BY `id` DESC
 LIMIT 10')
 3 SYSTEMPATH/Database/BaseConnection.php(646): CodeIgniter\Database\BaseConnection->simpleQuery('SELECT `orders`.*, `users`.`user_name` AS `user_name`, `users`.`user_email` AS `user_email`, `users`.`user_mobile` AS `user_mobile`
FROM `upsiee_orders`
JOIN `users` ON `users`.`id` = `upsiee_orders`.`user_id`
WHERE `is_active` IN (0,1)
ORDER BY `id` DESC
 LIMIT 10')
 4 SYSTEMPATH/Database/BaseBuilder.php(1637): CodeIgniter\Database\BaseConnection->query('SELECT `orders`.*, `users`.`user_name` AS `user_name`, `users`.`user_email` AS `user_email`, `users`.`user_mobile` AS `user_mobile`
FROM `upsiee_orders`
JOIN `users` ON `users`.`id` = `upsiee_orders`.`user_id`
WHERE `is_active` IN :is_active:
ORDER BY `id` DESC
 LIMIT 10', [...], false)
 5 SYSTEMPATH/Model.php(286): CodeIgniter\Database\BaseBuilder->get()
 6 SYSTEMPATH/BaseModel.php(676): CodeIgniter\Model->doFindAll(10, 0)
 7 APPPATH/Controllers/Orders.php(58): CodeIgniter\BaseModel->findAll(10, 0)
 8 SYSTEMPATH/CodeIgniter.php(933): App\Controllers\Orders->fGetOrdersList('1')
 9 SYSTEMPATH/CodeIgniter.php(509): CodeIgniter\CodeIgniter->runController(Object(App\Controllers\Orders))
10 SYSTEMPATH/CodeIgniter.php(355): CodeIgniter\CodeIgniter->handleRequest(null, Object(Config\Cache), false)
11 SYSTEMPATH/Boot.php(325): CodeIgniter\CodeIgniter->run()
12 SYSTEMPATH/Boot.php(67): CodeIgniter\Boot::runCodeIgniter(Object(CodeIgniter\CodeIgniter))
13 FCPATH/index.php(56): CodeIgniter\Boot::bootWeb(Object(Config\Paths))
INFO - 2024-08-09 14:22:53 --> Session: Class initialized using 'CodeIgniter\Session\Handlers\FileHandler' driver.
INFO - 2024-08-09 14:22:54 --> Session: Class initialized using 'CodeIgniter\Session\Handlers\FileHandler' driver.
ERROR - 2024-08-09 14:22:54 --> mysqli_sql_exception: Column 'is_active' in where clause is ambiguous in /opt/lampp/htdocs/ci/protectEase/system/Database/MySQLi/Connection.php:310
Stack trace:
#0 /opt/lampp/htdocs/ci/protectEase/system/Database/MySQLi/Connection.php(310): mysqli->query('SELECT `upsiee_...', 0)
#1 /opt/lampp/htdocs/ci/protectEase/system/Database/BaseConnection.php(732): CodeIgniter\Database\MySQLi\Connection->execute('SELECT `upsiee_...')
#2 /opt/lampp/htdocs/ci/protectEase/system/Database/BaseConnection.php(646): CodeIgniter\Database\BaseConnection->simpleQuery('SELECT `upsiee_...')
#3 /opt/lampp/htdocs/ci/protectEase/system/Database/BaseBuilder.php(1637): CodeIgniter\Database\BaseConnection->query('SELECT `upsiee_...', Array, false)
#4 /opt/lampp/htdocs/ci/protectEase/system/Model.php(286): CodeIgniter\Database\BaseBuilder->get()
#5 /opt/lampp/htdocs/ci/protectEase/system/BaseModel.php(676): CodeIgniter\Model->doFindAll(10, 0)
#6 /opt/lampp/htdocs/ci/protectEase/app/Controllers/Orders.php(58): CodeIgniter\BaseModel->findAll(10, 0)
#7 /opt/lampp/htdocs/ci/protectEase/system/CodeIgniter.php(933): App\Controllers\Orders->fGetOrdersList('1')
#8 /opt/lampp/htdocs/ci/protectEase/system/CodeIgniter.php(509): CodeIgniter\CodeIgniter->runController(Object(App\Controllers\Orders))
#9 /opt/lampp/htdocs/ci/protectEase/system/CodeIgniter.php(355): CodeIgniter\CodeIgniter->handleRequest(NULL, Object(Config\Cache), false)
#10 /opt/lampp/htdocs/ci/protectEase/system/Boot.php(325): CodeIgniter\CodeIgniter->run()
#11 /opt/lampp/htdocs/ci/protectEase/system/Boot.php(67): CodeIgniter\Boot::runCodeIgniter(Object(CodeIgniter\CodeIgniter))
#12 /opt/lampp/htdocs/ci/protectEase/index.php(56): CodeIgniter\Boot::bootWeb(Object(Config\Paths))
#13 {main}
CRITICAL - 2024-08-09 14:22:54 --> CodeIgniter\Database\Exceptions\DatabaseException: Column 'is_active' in where clause is ambiguous
[Method: GET, Route: boards/orders/getOrderList/1]
in SYSTEMPATH/Database/BaseConnection.php on line 686.
 1 SYSTEMPATH/Database/BaseBuilder.php(1637): CodeIgniter\Database\BaseConnection->query('SELECT `upsiee_orders`.*, `users`.`user_name` AS `user_name`, `users`.`user_email` AS `user_email`, `users`.`user_mobile` AS `user_mobile`
FROM `upsiee_orders`
JOIN `users` ON `users`.`id` = `upsiee_orders`.`user_id`
WHERE `is_active` IN :is_active:
ORDER BY `id` DESC
 LIMIT 10', [...], false)
 2 SYSTEMPATH/Model.php(286): CodeIgniter\Database\BaseBuilder->get()
 3 SYSTEMPATH/BaseModel.php(676): CodeIgniter\Model->doFindAll(10, 0)
 4 APPPATH/Controllers/Orders.php(58): CodeIgniter\BaseModel->findAll(10, 0)
 5 SYSTEMPATH/CodeIgniter.php(933): App\Controllers\Orders->fGetOrdersList('1')
 6 SYSTEMPATH/CodeIgniter.php(509): CodeIgniter\CodeIgniter->runController(Object(App\Controllers\Orders))
 7 SYSTEMPATH/CodeIgniter.php(355): CodeIgniter\CodeIgniter->handleRequest(null, Object(Config\Cache), false)
 8 SYSTEMPATH/Boot.php(325): CodeIgniter\CodeIgniter->run()
 9 SYSTEMPATH/Boot.php(67): CodeIgniter\Boot::runCodeIgniter(Object(CodeIgniter\CodeIgniter))
10 FCPATH/index.php(56): CodeIgniter\Boot::bootWeb(Object(Config\Paths))
CRITICAL - 2024-08-09 14:22:54 --> [Caused by] CodeIgniter\Database\Exceptions\DatabaseException: Column 'is_active' in where clause is ambiguous
in SYSTEMPATH/Database/MySQLi/Connection.php on line 315.
 1 SYSTEMPATH/Database/BaseConnection.php(732): CodeIgniter\Database\MySQLi\Connection->execute('SELECT `upsiee_orders`.*, `users`.`user_name` AS `user_name`, `users`.`user_email` AS `user_email`, `users`.`user_mobile` AS `user_mobile`
FROM `upsiee_orders`
JOIN `users` ON `users`.`id` = `upsiee_orders`.`user_id`
WHERE `is_active` IN (0,1)
ORDER BY `id` DESC
 LIMIT 10')
 2 SYSTEMPATH/Database/BaseConnection.php(646): CodeIgniter\Database\BaseConnection->simpleQuery('SELECT `upsiee_orders`.*, `users`.`user_name` AS `user_name`, `users`.`user_email` AS `user_email`, `users`.`user_mobile` AS `user_mobile`
FROM `upsiee_orders`
JOIN `users` ON `users`.`id` = `upsiee_orders`.`user_id`
WHERE `is_active` IN (0,1)
ORDER BY `id` DESC
 LIMIT 10')
 3 SYSTEMPATH/Database/BaseBuilder.php(1637): CodeIgniter\Database\BaseConnection->query('SELECT `upsiee_orders`.*, `users`.`user_name` AS `user_name`, `users`.`user_email` AS `user_email`, `users`.`user_mobile` AS `user_mobile`
FROM `upsiee_orders`
JOIN `users` ON `users`.`id` = `upsiee_orders`.`user_id`
WHERE `is_active` IN :is_active:
ORDER BY `id` DESC
 LIMIT 10', [...], false)
 4 SYSTEMPATH/Model.php(286): CodeIgniter\Database\BaseBuilder->get()
 5 SYSTEMPATH/BaseModel.php(676): CodeIgniter\Model->doFindAll(10, 0)
 6 APPPATH/Controllers/Orders.php(58): CodeIgniter\BaseModel->findAll(10, 0)
 7 SYSTEMPATH/CodeIgniter.php(933): App\Controllers\Orders->fGetOrdersList('1')
 8 SYSTEMPATH/CodeIgniter.php(509): CodeIgniter\CodeIgniter->runController(Object(App\Controllers\Orders))
 9 SYSTEMPATH/CodeIgniter.php(355): CodeIgniter\CodeIgniter->handleRequest(null, Object(Config\Cache), false)
10 SYSTEMPATH/Boot.php(325): CodeIgniter\CodeIgniter->run()
11 SYSTEMPATH/Boot.php(67): CodeIgniter\Boot::runCodeIgniter(Object(CodeIgniter\CodeIgniter))
12 FCPATH/index.php(56): CodeIgniter\Boot::bootWeb(Object(Config\Paths))
CRITICAL - 2024-08-09 14:22:54 --> [Caused by] mysqli_sql_exception: Column 'is_active' in where clause is ambiguous
in SYSTEMPATH/Database/MySQLi/Connection.php on line 310.
 1 SYSTEMPATH/Database/MySQLi/Connection.php(310): mysqli->query('SELECT `upsiee_orders`.*, `users`.`user_name` AS `user_name`, `users`.`user_email` AS `user_email`, `users`.`user_mobile` AS `user_mobile`
FROM `upsiee_orders`
JOIN `users` ON `users`.`id` = `upsiee_orders`.`user_id`
WHERE `is_active` IN (0,1)
ORDER BY `id` DESC
 LIMIT 10', 0)
 2 SYSTEMPATH/Database/BaseConnection.php(732): CodeIgniter\Database\MySQLi\Connection->execute('SELECT `upsiee_orders`.*, `users`.`user_name` AS `user_name`, `users`.`user_email` AS `user_email`, `users`.`user_mobile` AS `user_mobile`
FROM `upsiee_orders`
JOIN `users` ON `users`.`id` = `upsiee_orders`.`user_id`
WHERE `is_active` IN (0,1)
ORDER BY `id` DESC
 LIMIT 10')
 3 SYSTEMPATH/Database/BaseConnection.php(646): CodeIgniter\Database\BaseConnection->simpleQuery('SELECT `upsiee_orders`.*, `users`.`user_name` AS `user_name`, `users`.`user_email` AS `user_email`, `users`.`user_mobile` AS `user_mobile`
FROM `upsiee_orders`
JOIN `users` ON `users`.`id` = `upsiee_orders`.`user_id`
WHERE `is_active` IN (0,1)
ORDER BY `id` DESC
 LIMIT 10')
 4 SYSTEMPATH/Database/BaseBuilder.php(1637): CodeIgniter\Database\BaseConnection->query('SELECT `upsiee_orders`.*, `users`.`user_name` AS `user_name`, `users`.`user_email` AS `user_email`, `users`.`user_mobile` AS `user_mobile`
FROM `upsiee_orders`
JOIN `users` ON `users`.`id` = `upsiee_orders`.`user_id`
WHERE `is_active` IN :is_active:
ORDER BY `id` DESC
 LIMIT 10', [...], false)
 5 SYSTEMPATH/Model.php(286): CodeIgniter\Database\BaseBuilder->get()
 6 SYSTEMPATH/BaseModel.php(676): CodeIgniter\Model->doFindAll(10, 0)
 7 APPPATH/Controllers/Orders.php(58): CodeIgniter\BaseModel->findAll(10, 0)
 8 SYSTEMPATH/CodeIgniter.php(933): App\Controllers\Orders->fGetOrdersList('1')
 9 SYSTEMPATH/CodeIgniter.php(509): CodeIgniter\CodeIgniter->runController(Object(App\Controllers\Orders))
10 SYSTEMPATH/CodeIgniter.php(355): CodeIgniter\CodeIgniter->handleRequest(null, Object(Config\Cache), false)
11 SYSTEMPATH/Boot.php(325): CodeIgniter\CodeIgniter->run()
12 SYSTEMPATH/Boot.php(67): CodeIgniter\Boot::runCodeIgniter(Object(CodeIgniter\CodeIgniter))
13 FCPATH/index.php(56): CodeIgniter\Boot::bootWeb(Object(Config\Paths))
INFO - 2024-08-09 14:23:24 --> Session: Class initialized using 'CodeIgniter\Session\Handlers\FileHandler' driver.
INFO - 2024-08-09 14:23:25 --> Session: Class initialized using 'CodeIgniter\Session\Handlers\FileHandler' driver.
INFO - 2024-08-09 14:23:52 --> Session: Class initialized using 'CodeIgniter\Session\Handlers\FileHandler' driver.
INFO - 2024-08-09 14:23:52 --> Session: Class initialized using 'CodeIgniter\Session\Handlers\FileHandler' driver.
INFO - 2024-08-09 14:24:35 --> Session: Class initialized using 'CodeIgniter\Session\Handlers\FileHandler' driver.
INFO - 2024-08-09 14:24:35 --> Session: Class initialized using 'CodeIgniter\Session\Handlers\FileHandler' driver.
ERROR - 2024-08-09 14:24:35 --> mysqli_sql_exception: Unknown column 'users.cust_name' in 'field list' in /opt/lampp/htdocs/ci/protectEase/system/Database/MySQLi/Connection.php:310
Stack trace:
#0 /opt/lampp/htdocs/ci/protectEase/system/Database/MySQLi/Connection.php(310): mysqli->query('SELECT `upsiee_...', 0)
#1 /opt/lampp/htdocs/ci/protectEase/system/Database/BaseConnection.php(732): CodeIgniter\Database\MySQLi\Connection->execute('SELECT `upsiee_...')
#2 /opt/lampp/htdocs/ci/protectEase/system/Database/BaseConnection.php(646): CodeIgniter\Database\BaseConnection->simpleQuery('SELECT `upsiee_...')
#3 /opt/lampp/htdocs/ci/protectEase/system/Database/BaseBuilder.php(1637): CodeIgniter\Database\BaseConnection->query('SELECT `upsiee_...', Array, false)
#4 /opt/lampp/htdocs/ci/protectEase/system/Model.php(286): CodeIgniter\Database\BaseBuilder->get()
#5 /opt/lampp/htdocs/ci/protectEase/system/BaseModel.php(676): CodeIgniter\Model->doFindAll(10, 0)
#6 /opt/lampp/htdocs/ci/protectEase/app/Controllers/Orders.php(58): CodeIgniter\BaseModel->findAll(10, 0)
#7 /opt/lampp/htdocs/ci/protectEase/system/CodeIgniter.php(933): App\Controllers\Orders->fGetOrdersList('1')
#8 /opt/lampp/htdocs/ci/protectEase/system/CodeIgniter.php(509): CodeIgniter\CodeIgniter->runController(Object(App\Controllers\Orders))
#9 /opt/lampp/htdocs/ci/protectEase/system/CodeIgniter.php(355): CodeIgniter\CodeIgniter->handleRequest(NULL, Object(Config\Cache), false)
#10 /opt/lampp/htdocs/ci/protectEase/system/Boot.php(325): CodeIgniter\CodeIgniter->run()
#11 /opt/lampp/htdocs/ci/protectEase/system/Boot.php(67): CodeIgniter\Boot::runCodeIgniter(Object(CodeIgniter\CodeIgniter))
#12 /opt/lampp/htdocs/ci/protectEase/index.php(56): CodeIgniter\Boot::bootWeb(Object(Config\Paths))
#13 {main}
CRITICAL - 2024-08-09 14:24:35 --> CodeIgniter\Database\Exceptions\DatabaseException: Unknown column 'users.cust_name' in 'field list'
[Method: GET, Route: boards/orders/getOrderList/1]
in SYSTEMPATH/Database/BaseConnection.php on line 686.
 1 SYSTEMPATH/Database/BaseBuilder.php(1637): CodeIgniter\Database\BaseConnection->query('SELECT `upsiee_orders`.*, `users`.`cust_name` AS `user_name`, `users`.`cust_email` AS `user_email`, `users`.`user_mobile` AS `cust_mobile`
FROM `upsiee_orders`
JOIN `users` ON `users`.`id` = `upsiee_orders`.`user_id`
WHERE `upsiee_orders`.`is_active` IN :upsiee_orders.is_active:
ORDER BY `upsiee_orders`.`id` DESC
 LIMIT 10', [...], false)
 2 SYSTEMPATH/Model.php(286): CodeIgniter\Database\BaseBuilder->get()
 3 SYSTEMPATH/BaseModel.php(676): CodeIgniter\Model->doFindAll(10, 0)
 4 APPPATH/Controllers/Orders.php(58): CodeIgniter\BaseModel->findAll(10, 0)
 5 SYSTEMPATH/CodeIgniter.php(933): App\Controllers\Orders->fGetOrdersList('1')
 6 SYSTEMPATH/CodeIgniter.php(509): CodeIgniter\CodeIgniter->runController(Object(App\Controllers\Orders))
 7 SYSTEMPATH/CodeIgniter.php(355): CodeIgniter\CodeIgniter->handleRequest(null, Object(Config\Cache), false)
 8 SYSTEMPATH/Boot.php(325): CodeIgniter\CodeIgniter->run()
 9 SYSTEMPATH/Boot.php(67): CodeIgniter\Boot::runCodeIgniter(Object(CodeIgniter\CodeIgniter))
10 FCPATH/index.php(56): CodeIgniter\Boot::bootWeb(Object(Config\Paths))
CRITICAL - 2024-08-09 14:24:35 --> [Caused by] CodeIgniter\Database\Exceptions\DatabaseException: Unknown column 'users.cust_name' in 'field list'
in SYSTEMPATH/Database/MySQLi/Connection.php on line 315.
 1 SYSTEMPATH/Database/BaseConnection.php(732): CodeIgniter\Database\MySQLi\Connection->execute('SELECT `upsiee_orders`.*, `users`.`cust_name` AS `user_name`, `users`.`cust_email` AS `user_email`, `users`.`user_mobile` AS `cust_mobile`
FROM `upsiee_orders`
JOIN `users` ON `users`.`id` = `upsiee_orders`.`user_id`
WHERE `upsiee_orders`.`is_active` IN (0,1)
ORDER BY `upsiee_orders`.`id` DESC
 LIMIT 10')
 2 SYSTEMPATH/Database/BaseConnection.php(646): CodeIgniter\Database\BaseConnection->simpleQuery('SELECT `upsiee_orders`.*, `users`.`cust_name` AS `user_name`, `users`.`cust_email` AS `user_email`, `users`.`user_mobile` AS `cust_mobile`
FROM `upsiee_orders`
JOIN `users` ON `users`.`id` = `upsiee_orders`.`user_id`
WHERE `upsiee_orders`.`is_active` IN (0,1)
ORDER BY `upsiee_orders`.`id` DESC
 LIMIT 10')
 3 SYSTEMPATH/Database/BaseBuilder.php(1637): CodeIgniter\Database\BaseConnection->query('SELECT `upsiee_orders`.*, `users`.`cust_name` AS `user_name`, `users`.`cust_email` AS `user_email`, `users`.`user_mobile` AS `cust_mobile`
FROM `upsiee_orders`
JOIN `users` ON `users`.`id` = `upsiee_orders`.`user_id`
WHERE `upsiee_orders`.`is_active` IN :upsiee_orders.is_active:
ORDER BY `upsiee_orders`.`id` DESC
 LIMIT 10', [...], false)
 4 SYSTEMPATH/Model.php(286): CodeIgniter\Database\BaseBuilder->get()
 5 SYSTEMPATH/BaseModel.php(676): CodeIgniter\Model->doFindAll(10, 0)
 6 APPPATH/Controllers/Orders.php(58): CodeIgniter\BaseModel->findAll(10, 0)
 7 SYSTEMPATH/CodeIgniter.php(933): App\Controllers\Orders->fGetOrdersList('1')
 8 SYSTEMPATH/CodeIgniter.php(509): CodeIgniter\CodeIgniter->runController(Object(App\Controllers\Orders))
 9 SYSTEMPATH/CodeIgniter.php(355): CodeIgniter\CodeIgniter->handleRequest(null, Object(Config\Cache), false)
10 SYSTEMPATH/Boot.php(325): CodeIgniter\CodeIgniter->run()
11 SYSTEMPATH/Boot.php(67): CodeIgniter\Boot::runCodeIgniter(Object(CodeIgniter\CodeIgniter))
12 FCPATH/index.php(56): CodeIgniter\Boot::bootWeb(Object(Config\Paths))
CRITICAL - 2024-08-09 14:24:35 --> [Caused by] mysqli_sql_exception: Unknown column 'users.cust_name' in 'field list'
in SYSTEMPATH/Database/MySQLi/Connection.php on line 310.
 1 SYSTEMPATH/Database/MySQLi/Connection.php(310): mysqli->query('SELECT `upsiee_orders`.*, `users`.`cust_name` AS `user_name`, `users`.`cust_email` AS `user_email`, `users`.`user_mobile` AS `cust_mobile`
FROM `upsiee_orders`
JOIN `users` ON `users`.`id` = `upsiee_orders`.`user_id`
WHERE `upsiee_orders`.`is_active` IN (0,1)
ORDER BY `upsiee_orders`.`id` DESC
 LIMIT 10', 0)
 2 SYSTEMPATH/Database/BaseConnection.php(732): CodeIgniter\Database\MySQLi\Connection->execute('SELECT `upsiee_orders`.*, `users`.`cust_name` AS `user_name`, `users`.`cust_email` AS `user_email`, `users`.`user_mobile` AS `cust_mobile`
FROM `upsiee_orders`
JOIN `users` ON `users`.`id` = `upsiee_orders`.`user_id`
WHERE `upsiee_orders`.`is_active` IN (0,1)
ORDER BY `upsiee_orders`.`id` DESC
 LIMIT 10')
 3 SYSTEMPATH/Database/BaseConnection.php(646): CodeIgniter\Database\BaseConnection->simpleQuery('SELECT `upsiee_orders`.*, `users`.`cust_name` AS `user_name`, `users`.`cust_email` AS `user_email`, `users`.`user_mobile` AS `cust_mobile`
FROM `upsiee_orders`
JOIN `users` ON `users`.`id` = `upsiee_orders`.`user_id`
WHERE `upsiee_orders`.`is_active` IN (0,1)
ORDER BY `upsiee_orders`.`id` DESC
 LIMIT 10')
 4 SYSTEMPATH/Database/BaseBuilder.php(1637): CodeIgniter\Database\BaseConnection->query('SELECT `upsiee_orders`.*, `users`.`cust_name` AS `user_name`, `users`.`cust_email` AS `user_email`, `users`.`user_mobile` AS `cust_mobile`
FROM `upsiee_orders`
JOIN `users` ON `users`.`id` = `upsiee_orders`.`user_id`
WHERE `upsiee_orders`.`is_active` IN :upsiee_orders.is_active:
ORDER BY `upsiee_orders`.`id` DESC
 LIMIT 10', [...], false)
 5 SYSTEMPATH/Model.php(286): CodeIgniter\Database\BaseBuilder->get()
 6 SYSTEMPATH/BaseModel.php(676): CodeIgniter\Model->doFindAll(10, 0)
 7 APPPATH/Controllers/Orders.php(58): CodeIgniter\BaseModel->findAll(10, 0)
 8 SYSTEMPATH/CodeIgniter.php(933): App\Controllers\Orders->fGetOrdersList('1')
 9 SYSTEMPATH/CodeIgniter.php(509): CodeIgniter\CodeIgniter->runController(Object(App\Controllers\Orders))
10 SYSTEMPATH/CodeIgniter.php(355): CodeIgniter\CodeIgniter->handleRequest(null, Object(Config\Cache), false)
11 SYSTEMPATH/Boot.php(325): CodeIgniter\CodeIgniter->run()
12 SYSTEMPATH/Boot.php(67): CodeIgniter\Boot::runCodeIgniter(Object(CodeIgniter\CodeIgniter))
13 FCPATH/index.php(56): CodeIgniter\Boot::bootWeb(Object(Config\Paths))
INFO - 2024-08-09 14:24:40 --> Session: Class initialized using 'CodeIgniter\Session\Handlers\FileHandler' driver.
INFO - 2024-08-09 14:24:40 --> Session: Class initialized using 'CodeIgniter\Session\Handlers\FileHandler' driver.
ERROR - 2024-08-09 14:24:40 --> mysqli_sql_exception: Unknown column 'users.cust_name' in 'field list' in /opt/lampp/htdocs/ci/protectEase/system/Database/MySQLi/Connection.php:310
Stack trace:
#0 /opt/lampp/htdocs/ci/protectEase/system/Database/MySQLi/Connection.php(310): mysqli->query('SELECT `upsiee_...', 0)
#1 /opt/lampp/htdocs/ci/protectEase/system/Database/BaseConnection.php(732): CodeIgniter\Database\MySQLi\Connection->execute('SELECT `upsiee_...')
#2 /opt/lampp/htdocs/ci/protectEase/system/Database/BaseConnection.php(646): CodeIgniter\Database\BaseConnection->simpleQuery('SELECT `upsiee_...')
#3 /opt/lampp/htdocs/ci/protectEase/system/Database/BaseBuilder.php(1637): CodeIgniter\Database\BaseConnection->query('SELECT `upsiee_...', Array, false)
#4 /opt/lampp/htdocs/ci/protectEase/system/Model.php(286): CodeIgniter\Database\BaseBuilder->get()
#5 /opt/lampp/htdocs/ci/protectEase/system/BaseModel.php(676): CodeIgniter\Model->doFindAll(10, 0)
#6 /opt/lampp/htdocs/ci/protectEase/app/Controllers/Orders.php(58): CodeIgniter\BaseModel->findAll(10, 0)
#7 /opt/lampp/htdocs/ci/protectEase/system/CodeIgniter.php(933): App\Controllers\Orders->fGetOrdersList('1')
#8 /opt/lampp/htdocs/ci/protectEase/system/CodeIgniter.php(509): CodeIgniter\CodeIgniter->runController(Object(App\Controllers\Orders))
#9 /opt/lampp/htdocs/ci/protectEase/system/CodeIgniter.php(355): CodeIgniter\CodeIgniter->handleRequest(NULL, Object(Config\Cache), false)
#10 /opt/lampp/htdocs/ci/protectEase/system/Boot.php(325): CodeIgniter\CodeIgniter->run()
#11 /opt/lampp/htdocs/ci/protectEase/system/Boot.php(67): CodeIgniter\Boot::runCodeIgniter(Object(CodeIgniter\CodeIgniter))
#12 /opt/lampp/htdocs/ci/protectEase/index.php(56): CodeIgniter\Boot::bootWeb(Object(Config\Paths))
#13 {main}
CRITICAL - 2024-08-09 14:24:40 --> CodeIgniter\Database\Exceptions\DatabaseException: Unknown column 'users.cust_name' in 'field list'
[Method: GET, Route: boards/orders/getOrderList/1]
in SYSTEMPATH/Database/BaseConnection.php on line 686.
 1 SYSTEMPATH/Database/BaseBuilder.php(1637): CodeIgniter\Database\BaseConnection->query('SELECT `upsiee_orders`.*, `users`.`cust_name` AS `user_name`, `users`.`cust_email` AS `user_email`, `users`.`user_mobile` AS `cust_mobile`
FROM `upsiee_orders`
JOIN `users` ON `users`.`id` = `upsiee_orders`.`user_id`
WHERE `upsiee_orders`.`is_active` IN :upsiee_orders.is_active:
ORDER BY `upsiee_orders`.`id` DESC
 LIMIT 10', [...], false)
 2 SYSTEMPATH/Model.php(286): CodeIgniter\Database\BaseBuilder->get()
 3 SYSTEMPATH/BaseModel.php(676): CodeIgniter\Model->doFindAll(10, 0)
 4 APPPATH/Controllers/Orders.php(58): CodeIgniter\BaseModel->findAll(10, 0)
 5 SYSTEMPATH/CodeIgniter.php(933): App\Controllers\Orders->fGetOrdersList('1')
 6 SYSTEMPATH/CodeIgniter.php(509): CodeIgniter\CodeIgniter->runController(Object(App\Controllers\Orders))
 7 SYSTEMPATH/CodeIgniter.php(355): CodeIgniter\CodeIgniter->handleRequest(null, Object(Config\Cache), false)
 8 SYSTEMPATH/Boot.php(325): CodeIgniter\CodeIgniter->run()
 9 SYSTEMPATH/Boot.php(67): CodeIgniter\Boot::runCodeIgniter(Object(CodeIgniter\CodeIgniter))
10 FCPATH/index.php(56): CodeIgniter\Boot::bootWeb(Object(Config\Paths))
CRITICAL - 2024-08-09 14:24:40 --> [Caused by] CodeIgniter\Database\Exceptions\DatabaseException: Unknown column 'users.cust_name' in 'field list'
in SYSTEMPATH/Database/MySQLi/Connection.php on line 315.
 1 SYSTEMPATH/Database/BaseConnection.php(732): CodeIgniter\Database\MySQLi\Connection->execute('SELECT `upsiee_orders`.*, `users`.`cust_name` AS `user_name`, `users`.`cust_email` AS `user_email`, `users`.`user_mobile` AS `cust_mobile`
FROM `upsiee_orders`
JOIN `users` ON `users`.`id` = `upsiee_orders`.`user_id`
WHERE `upsiee_orders`.`is_active` IN (0,1)
ORDER BY `upsiee_orders`.`id` DESC
 LIMIT 10')
 2 SYSTEMPATH/Database/BaseConnection.php(646): CodeIgniter\Database\BaseConnection->simpleQuery('SELECT `upsiee_orders`.*, `users`.`cust_name` AS `user_name`, `users`.`cust_email` AS `user_email`, `users`.`user_mobile` AS `cust_mobile`
FROM `upsiee_orders`
JOIN `users` ON `users`.`id` = `upsiee_orders`.`user_id`
WHERE `upsiee_orders`.`is_active` IN (0,1)
ORDER BY `upsiee_orders`.`id` DESC
 LIMIT 10')
 3 SYSTEMPATH/Database/BaseBuilder.php(1637): CodeIgniter\Database\BaseConnection->query('SELECT `upsiee_orders`.*, `users`.`cust_name` AS `user_name`, `users`.`cust_email` AS `user_email`, `users`.`user_mobile` AS `cust_mobile`
FROM `upsiee_orders`
JOIN `users` ON `users`.`id` = `upsiee_orders`.`user_id`
WHERE `upsiee_orders`.`is_active` IN :upsiee_orders.is_active:
ORDER BY `upsiee_orders`.`id` DESC
 LIMIT 10', [...], false)
 4 SYSTEMPATH/Model.php(286): CodeIgniter\Database\BaseBuilder->get()
 5 SYSTEMPATH/BaseModel.php(676): CodeIgniter\Model->doFindAll(10, 0)
 6 APPPATH/Controllers/Orders.php(58): CodeIgniter\BaseModel->findAll(10, 0)
 7 SYSTEMPATH/CodeIgniter.php(933): App\Controllers\Orders->fGetOrdersList('1')
 8 SYSTEMPATH/CodeIgniter.php(509): CodeIgniter\CodeIgniter->runController(Object(App\Controllers\Orders))
 9 SYSTEMPATH/CodeIgniter.php(355): CodeIgniter\CodeIgniter->handleRequest(null, Object(Config\Cache), false)
10 SYSTEMPATH/Boot.php(325): CodeIgniter\CodeIgniter->run()
11 SYSTEMPATH/Boot.php(67): CodeIgniter\Boot::runCodeIgniter(Object(CodeIgniter\CodeIgniter))
12 FCPATH/index.php(56): CodeIgniter\Boot::bootWeb(Object(Config\Paths))
CRITICAL - 2024-08-09 14:24:40 --> [Caused by] mysqli_sql_exception: Unknown column 'users.cust_name' in 'field list'
in SYSTEMPATH/Database/MySQLi/Connection.php on line 310.
 1 SYSTEMPATH/Database/MySQLi/Connection.php(310): mysqli->query('SELECT `upsiee_orders`.*, `users`.`cust_name` AS `user_name`, `users`.`cust_email` AS `user_email`, `users`.`user_mobile` AS `cust_mobile`
FROM `upsiee_orders`
JOIN `users` ON `users`.`id` = `upsiee_orders`.`user_id`
WHERE `upsiee_orders`.`is_active` IN (0,1)
ORDER BY `upsiee_orders`.`id` DESC
 LIMIT 10', 0)
 2 SYSTEMPATH/Database/BaseConnection.php(732): CodeIgniter\Database\MySQLi\Connection->execute('SELECT `upsiee_orders`.*, `users`.`cust_name` AS `user_name`, `users`.`cust_email` AS `user_email`, `users`.`user_mobile` AS `cust_mobile`
FROM `upsiee_orders`
JOIN `users` ON `users`.`id` = `upsiee_orders`.`user_id`
WHERE `upsiee_orders`.`is_active` IN (0,1)
ORDER BY `upsiee_orders`.`id` DESC
 LIMIT 10')
 3 SYSTEMPATH/Database/BaseConnection.php(646): CodeIgniter\Database\BaseConnection->simpleQuery('SELECT `upsiee_orders`.*, `users`.`cust_name` AS `user_name`, `users`.`cust_email` AS `user_email`, `users`.`user_mobile` AS `cust_mobile`
FROM `upsiee_orders`
JOIN `users` ON `users`.`id` = `upsiee_orders`.`user_id`
WHERE `upsiee_orders`.`is_active` IN (0,1)
ORDER BY `upsiee_orders`.`id` DESC
 LIMIT 10')
 4 SYSTEMPATH/Database/BaseBuilder.php(1637): CodeIgniter\Database\BaseConnection->query('SELECT `upsiee_orders`.*, `users`.`cust_name` AS `user_name`, `users`.`cust_email` AS `user_email`, `users`.`user_mobile` AS `cust_mobile`
FROM `upsiee_orders`
JOIN `users` ON `users`.`id` = `upsiee_orders`.`user_id`
WHERE `upsiee_orders`.`is_active` IN :upsiee_orders.is_active:
ORDER BY `upsiee_orders`.`id` DESC
 LIMIT 10', [...], false)
 5 SYSTEMPATH/Model.php(286): CodeIgniter\Database\BaseBuilder->get()
 6 SYSTEMPATH/BaseModel.php(676): CodeIgniter\Model->doFindAll(10, 0)
 7 APPPATH/Controllers/Orders.php(58): CodeIgniter\BaseModel->findAll(10, 0)
 8 SYSTEMPATH/CodeIgniter.php(933): App\Controllers\Orders->fGetOrdersList('1')
 9 SYSTEMPATH/CodeIgniter.php(509): CodeIgniter\CodeIgniter->runController(Object(App\Controllers\Orders))
10 SYSTEMPATH/CodeIgniter.php(355): CodeIgniter\CodeIgniter->handleRequest(null, Object(Config\Cache), false)
11 SYSTEMPATH/Boot.php(325): CodeIgniter\CodeIgniter->run()
12 SYSTEMPATH/Boot.php(67): CodeIgniter\Boot::runCodeIgniter(Object(CodeIgniter\CodeIgniter))
13 FCPATH/index.php(56): CodeIgniter\Boot::bootWeb(Object(Config\Paths))
INFO - 2024-08-09 14:25:10 --> Session: Class initialized using 'CodeIgniter\Session\Handlers\FileHandler' driver.
INFO - 2024-08-09 14:25:11 --> Session: Class initialized using 'CodeIgniter\Session\Handlers\FileHandler' driver.
INFO - 2024-08-09 14:25:50 --> Session: Class initialized using 'CodeIgniter\Session\Handlers\FileHandler' driver.
INFO - 2024-08-09 14:25:51 --> Session: Class initialized using 'CodeIgniter\Session\Handlers\FileHandler' driver.
INFO - 2024-08-09 14:26:58 --> Session: Class initialized using 'CodeIgniter\Session\Handlers\FileHandler' driver.
INFO - 2024-08-09 14:26:59 --> Session: Class initialized using 'CodeIgniter\Session\Handlers\FileHandler' driver.
INFO - 2024-08-09 14:37:27 --> Session: Class initialized using 'CodeIgniter\Session\Handlers\FileHandler' driver.
INFO - 2024-08-09 14:37:28 --> Session: Class initialized using 'CodeIgniter\Session\Handlers\FileHandler' driver.
INFO - 2024-08-09 14:38:16 --> Session: Class initialized using 'CodeIgniter\Session\Handlers\FileHandler' driver.
INFO - 2024-08-09 14:38:17 --> Session: Class initialized using 'CodeIgniter\Session\Handlers\FileHandler' driver.
INFO - 2024-08-09 14:39:34 --> Session: Class initialized using 'CodeIgniter\Session\Handlers\FileHandler' driver.
INFO - 2024-08-09 14:39:34 --> Session: Class initialized using 'CodeIgniter\Session\Handlers\FileHandler' driver.
INFO - 2024-08-09 14:40:05 --> Session: Class initialized using 'CodeIgniter\Session\Handlers\FileHandler' driver.
INFO - 2024-08-09 14:40:06 --> Session: Class initialized using 'CodeIgniter\Session\Handlers\FileHandler' driver.
INFO - 2024-08-09 14:40:26 --> Session: Class initialized using 'CodeIgniter\Session\Handlers\FileHandler' driver.
INFO - 2024-08-09 14:40:26 --> Session: Class initialized using 'CodeIgniter\Session\Handlers\FileHandler' driver.
INFO - 2024-08-09 14:41:32 --> Session: Class initialized using 'CodeIgniter\Session\Handlers\FileHandler' driver.
INFO - 2024-08-09 14:41:33 --> Session: Class initialized using 'CodeIgniter\Session\Handlers\FileHandler' driver.
INFO - 2024-08-09 14:41:52 --> Session: Class initialized using 'CodeIgniter\Session\Handlers\FileHandler' driver.
INFO - 2024-08-09 14:41:53 --> Session: Class initialized using 'CodeIgniter\Session\Handlers\FileHandler' driver.
INFO - 2024-08-09 14:44:39 --> Session: Class initialized using 'CodeIgniter\Session\Handlers\FileHandler' driver.
INFO - 2024-08-09 14:44:39 --> Session: Class initialized using 'CodeIgniter\Session\Handlers\FileHandler' driver.
INFO - 2024-08-09 14:45:40 --> Session: Class initialized using 'CodeIgniter\Session\Handlers\FileHandler' driver.
INFO - 2024-08-09 14:45:41 --> Session: Class initialized using 'CodeIgniter\Session\Handlers\FileHandler' driver.
INFO - 2024-08-09 14:46:44 --> Session: Class initialized using 'CodeIgniter\Session\Handlers\FileHandler' driver.
INFO - 2024-08-09 14:46:45 --> Session: Class initialized using 'CodeIgniter\Session\Handlers\FileHandler' driver.
INFO - 2024-08-09 14:49:26 --> Session: Class initialized using 'CodeIgniter\Session\Handlers\FileHandler' driver.
INFO - 2024-08-09 14:49:26 --> Session: Class initialized using 'CodeIgniter\Session\Handlers\FileHandler' driver.
INFO - 2024-08-09 14:49:40 --> Session: Class initialized using 'CodeIgniter\Session\Handlers\FileHandler' driver.
INFO - 2024-08-09 14:49:41 --> Session: Class initialized using 'CodeIgniter\Session\Handlers\FileHandler' driver.
INFO - 2024-08-09 14:50:45 --> Session: Class initialized using 'CodeIgniter\Session\Handlers\FileHandler' driver.
INFO - 2024-08-09 14:50:46 --> Session: Class initialized using 'CodeIgniter\Session\Handlers\FileHandler' driver.
INFO - 2024-08-09 14:58:30 --> Session: Class initialized using 'CodeIgniter\Session\Handlers\FileHandler' driver.
INFO - 2024-08-09 14:58:30 --> Session: Class initialized using 'CodeIgniter\Session\Handlers\FileHandler' driver.
CRITICAL - 2024-08-09 14:58:30 --> ParseError: syntax error, unexpected variable "$order", expecting "," or ";"
[Method: GET, Route: boards/orders/getOrderList/1]
in APPPATH/Views/orders/list.php on line 32.
 1 SYSTEMPATH/View/View.php(237): CodeIgniter\View\View->CodeIgniter\View\{closure}()
 2 SYSTEMPATH/Common.php(1171): CodeIgniter\View\View->render('orders/list', [], true)
 3 APPPATH/Controllers/Orders.php(78): view('orders/list', [...])
 4 SYSTEMPATH/CodeIgniter.php(933): App\Controllers\Orders->fGetOrdersList('1')
 5 SYSTEMPATH/CodeIgniter.php(509): CodeIgniter\CodeIgniter->runController(Object(App\Controllers\Orders))
 6 SYSTEMPATH/CodeIgniter.php(355): CodeIgniter\CodeIgniter->handleRequest(null, Object(Config\Cache), false)
 7 SYSTEMPATH/Boot.php(325): CodeIgniter\CodeIgniter->run()
 8 SYSTEMPATH/Boot.php(67): CodeIgniter\Boot::runCodeIgniter(Object(CodeIgniter\CodeIgniter))
 9 FCPATH/index.php(56): CodeIgniter\Boot::bootWeb(Object(Config\Paths))
INFO - 2024-08-09 14:58:52 --> Session: Class initialized using 'CodeIgniter\Session\Handlers\FileHandler' driver.
INFO - 2024-08-09 14:58:52 --> Session: Class initialized using 'CodeIgniter\Session\Handlers\FileHandler' driver.
