CRITICAL - 2024-10-17 15:19:22 --> Undefined variable $aCustomerPlans
#0 /home/u932829434/domains/digisoftic.in/public_html/protectease/v2/app/Views/dashboard/index.php(32): CodeIgniter\Debug\Exceptions->errorHandler()
#1 /home/u932829434/domains/digisoftic.in/public_html/protectease/v2/system/View/View.php(230): include('/home/u93282943...')
#2 /home/u932829434/domains/digisoftic.in/public_html/protectease/v2/system/View/View.php(232): CodeIgniter\View\View->CodeIgniter\View\{closure}()
#3 /home/u932829434/domains/digisoftic.in/public_html/protectease/v2/system/Common.php(1271): CodeIgniter\View\View->render()
#4 /home/u932829434/domains/digisoftic.in/public_html/protectease/v2/app/Controllers/Dashboard.php(17): view()
#5 /home/u932829434/domains/digisoftic.in/public_html/protectease/v2/system/CodeIgniter.php(928): App\Controllers\Dashboard->fBoardDashboard()
#6 /home/u932829434/domains/digisoftic.in/public_html/protectease/v2/system/CodeIgniter.php(436): CodeIgniter\CodeIgniter->runController()
#7 /home/u932829434/domains/digisoftic.in/public_html/protectease/v2/system/CodeIgniter.php(336): CodeIgniter\CodeIgniter->handleRequest()
#8 /home/u932829434/domains/digisoftic.in/public_html/protectease/v2/index.php(37): CodeIgniter\CodeIgniter->run()
#9 {main}
CRITICAL - 2024-10-17 15:19:59 --> Undefined variable $aCustomerPlans
#0 /home/u932829434/domains/digisoftic.in/public_html/protectease/v2/app/Views/dashboard/index.php(32): CodeIgniter\Debug\Exceptions->errorHandler()
#1 /home/u932829434/domains/digisoftic.in/public_html/protectease/v2/system/View/View.php(230): include('/home/u93282943...')
#2 /home/u932829434/domains/digisoftic.in/public_html/protectease/v2/system/View/View.php(232): CodeIgniter\View\View->CodeIgniter\View\{closure}()
#3 /home/u932829434/domains/digisoftic.in/public_html/protectease/v2/system/Common.php(1271): CodeIgniter\View\View->render()
#4 /home/u932829434/domains/digisoftic.in/public_html/protectease/v2/app/Controllers/Dashboard.php(17): view()
#5 /home/u932829434/domains/digisoftic.in/public_html/protectease/v2/system/CodeIgniter.php(928): App\Controllers\Dashboard->fBoardDashboard()
#6 /home/u932829434/domains/digisoftic.in/public_html/protectease/v2/system/CodeIgniter.php(436): CodeIgniter\CodeIgniter->runController()
#7 /home/u932829434/domains/digisoftic.in/public_html/protectease/v2/system/CodeIgniter.php(336): CodeIgniter\CodeIgniter->handleRequest()
#8 /home/u932829434/domains/digisoftic.in/public_html/protectease/v2/index.php(37): CodeIgniter\CodeIgniter->run()
#9 {main}
CRITICAL - 2024-10-17 09:50:11 --> Call to undefined method CodeIgniter\Autoloader\Autoloader::initializeKint()
#0 /home/u932829434/domains/digisoftic.in/public_html/protectease/v2/system/Boot.php(56): CodeIgniter\Boot::initializeKint()
#1 /home/u932829434/domains/digisoftic.in/public_html/protectease/v2/public/index.php(56): CodeIgniter\Boot::bootWeb()
#2 {main}
CRITICAL - 2024-10-17 09:50:11 --> Call to undefined method CodeIgniter\Autoloader\Autoloader::initializeKint()
#0 /home/u932829434/domains/digisoftic.in/public_html/protectease/v2/system/Boot.php(56): CodeIgniter\Boot::initializeKint()
#1 /home/u932829434/domains/digisoftic.in/public_html/protectease/v2/public/index.php(56): CodeIgniter\Boot::bootWeb()
#2 {main}
CRITICAL - 2024-10-17 19:02:58 --> Undefined array key "aOrderPlans"
#0 /home/u932829434/domains/digisoftic.in/public_html/protectease/v2/app/Views/customers/plans/index.php(42): CodeIgniter\Debug\Exceptions->errorHandler()
#1 /home/u932829434/domains/digisoftic.in/public_html/protectease/v2/system/View/View.php(230): include('/home/u93282943...')
#2 /home/u932829434/domains/digisoftic.in/public_html/protectease/v2/system/View/View.php(232): CodeIgniter\View\View->CodeIgniter\View\{closure}()
#3 /home/u932829434/domains/digisoftic.in/public_html/protectease/v2/system/Common.php(1271): CodeIgniter\View\View->render()
#4 /home/u932829434/domains/digisoftic.in/public_html/protectease/v2/app/Controllers/Customers/Plans.php(27): view()
#5 /home/u932829434/domains/digisoftic.in/public_html/protectease/v2/system/CodeIgniter.php(928): App\Controllers\Customers\Plans->index()
#6 /home/u932829434/domains/digisoftic.in/public_html/protectease/v2/system/CodeIgniter.php(436): CodeIgniter\CodeIgniter->runController()
#7 /home/u932829434/domains/digisoftic.in/public_html/protectease/v2/system/CodeIgniter.php(336): CodeIgniter\CodeIgniter->handleRequest()
#8 /home/u932829434/domains/digisoftic.in/public_html/protectease/v2/index.php(37): CodeIgniter\CodeIgniter->run()
#9 {main}
CRITICAL - 2024-10-17 19:04:12 --> Undefined array key "aOrderPlans"
#0 /home/u932829434/domains/digisoftic.in/public_html/protectease/v2/app/Views/customers/plans/index.php(42): CodeIgniter\Debug\Exceptions->errorHandler()
#1 /home/u932829434/domains/digisoftic.in/public_html/protectease/v2/system/View/View.php(230): include('/home/u93282943...')
#2 /home/u932829434/domains/digisoftic.in/public_html/protectease/v2/system/View/View.php(232): CodeIgniter\View\View->CodeIgniter\View\{closure}()
#3 /home/u932829434/domains/digisoftic.in/public_html/protectease/v2/system/Common.php(1271): CodeIgniter\View\View->render()
#4 /home/u932829434/domains/digisoftic.in/public_html/protectease/v2/app/Controllers/Customers/Plans.php(27): view()
#5 /home/u932829434/domains/digisoftic.in/public_html/protectease/v2/system/CodeIgniter.php(928): App\Controllers\Customers\Plans->index()
#6 /home/u932829434/domains/digisoftic.in/public_html/protectease/v2/system/CodeIgniter.php(436): CodeIgniter\CodeIgniter->runController()
#7 /home/u932829434/domains/digisoftic.in/public_html/protectease/v2/system/CodeIgniter.php(336): CodeIgniter\CodeIgniter->handleRequest()
#8 /home/u932829434/domains/digisoftic.in/public_html/protectease/v2/index.php(37): CodeIgniter\CodeIgniter->run()
#9 {main}
CRITICAL - 2024-10-17 19:04:29 --> Undefined array key "aOrderPlans"
#0 /home/u932829434/domains/digisoftic.in/public_html/protectease/v2/app/Views/customers/plans/pending_plans.php(45): CodeIgniter\Debug\Exceptions->errorHandler()
#1 /home/u932829434/domains/digisoftic.in/public_html/protectease/v2/system/View/View.php(230): include('/home/u93282943...')
#2 /home/u932829434/domains/digisoftic.in/public_html/protectease/v2/system/View/View.php(232): CodeIgniter\View\View->CodeIgniter\View\{closure}()
#3 /home/u932829434/domains/digisoftic.in/public_html/protectease/v2/system/Common.php(1271): CodeIgniter\View\View->render()
#4 /home/u932829434/domains/digisoftic.in/public_html/protectease/v2/app/Controllers/Customers/Plans.php(34): view()
#5 /home/u932829434/domains/digisoftic.in/public_html/protectease/v2/system/CodeIgniter.php(928): App\Controllers\Customers\Plans->fPendingPlans()
#6 /home/u932829434/domains/digisoftic.in/public_html/protectease/v2/system/CodeIgniter.php(436): CodeIgniter\CodeIgniter->runController()
#7 /home/u932829434/domains/digisoftic.in/public_html/protectease/v2/system/CodeIgniter.php(336): CodeIgniter\CodeIgniter->handleRequest()
#8 /home/u932829434/domains/digisoftic.in/public_html/protectease/v2/index.php(37): CodeIgniter\CodeIgniter->run()
#9 {main}
CRITICAL - 2024-10-17 19:08:20 --> Undefined array key "aOrderPlans"
#0 /home/u932829434/domains/digisoftic.in/public_html/protectease/v2/app/Views/customers/plans/pending_plans.php(45): CodeIgniter\Debug\Exceptions->errorHandler()
#1 /home/u932829434/domains/digisoftic.in/public_html/protectease/v2/system/View/View.php(230): include('/home/u93282943...')
#2 /home/u932829434/domains/digisoftic.in/public_html/protectease/v2/system/View/View.php(232): CodeIgniter\View\View->CodeIgniter\View\{closure}()
#3 /home/u932829434/domains/digisoftic.in/public_html/protectease/v2/system/Common.php(1271): CodeIgniter\View\View->render()
#4 /home/u932829434/domains/digisoftic.in/public_html/protectease/v2/app/Controllers/Customers/Plans.php(34): view()
#5 /home/u932829434/domains/digisoftic.in/public_html/protectease/v2/system/CodeIgniter.php(928): App\Controllers\Customers\Plans->fPendingPlans()
#6 /home/u932829434/domains/digisoftic.in/public_html/protectease/v2/system/CodeIgniter.php(436): CodeIgniter\CodeIgniter->runController()
#7 /home/u932829434/domains/digisoftic.in/public_html/protectease/v2/system/CodeIgniter.php(336): CodeIgniter\CodeIgniter->handleRequest()
#8 /home/u932829434/domains/digisoftic.in/public_html/protectease/v2/index.php(37): CodeIgniter\CodeIgniter->run()
#9 {main}
CRITICAL - 2024-10-17 19:08:28 --> Undefined array key "aOrderPlans"
#0 /home/u932829434/domains/digisoftic.in/public_html/protectease/v2/app/Views/customers/plans/inprocess_plans.php(42): CodeIgniter\Debug\Exceptions->errorHandler()
#1 /home/u932829434/domains/digisoftic.in/public_html/protectease/v2/system/View/View.php(230): include('/home/u93282943...')
#2 /home/u932829434/domains/digisoftic.in/public_html/protectease/v2/system/View/View.php(232): CodeIgniter\View\View->CodeIgniter\View\{closure}()
#3 /home/u932829434/domains/digisoftic.in/public_html/protectease/v2/system/Common.php(1271): CodeIgniter\View\View->render()
#4 /home/u932829434/domains/digisoftic.in/public_html/protectease/v2/app/Controllers/Customers/Plans.php(41): view()
#5 /home/u932829434/domains/digisoftic.in/public_html/protectease/v2/system/CodeIgniter.php(928): App\Controllers\Customers\Plans->fInProcessPlans()
#6 /home/u932829434/domains/digisoftic.in/public_html/protectease/v2/system/CodeIgniter.php(436): CodeIgniter\CodeIgniter->runController()
#7 /home/u932829434/domains/digisoftic.in/public_html/protectease/v2/system/CodeIgniter.php(336): CodeIgniter\CodeIgniter->handleRequest()
#8 /home/u932829434/domains/digisoftic.in/public_html/protectease/v2/index.php(37): CodeIgniter\CodeIgniter->run()
#9 {main}
CRITICAL - 2024-10-17 19:08:48 --> Undefined array key "aOrderPlans"
#0 /home/u932829434/domains/digisoftic.in/public_html/protectease/v2/app/Views/customers/plans/rejected_refunded_plans.php(42): CodeIgniter\Debug\Exceptions->errorHandler()
#1 /home/u932829434/domains/digisoftic.in/public_html/protectease/v2/system/View/View.php(230): include('/home/u93282943...')
#2 /home/u932829434/domains/digisoftic.in/public_html/protectease/v2/system/View/View.php(232): CodeIgniter\View\View->CodeIgniter\View\{closure}()
#3 /home/u932829434/domains/digisoftic.in/public_html/protectease/v2/system/Common.php(1271): CodeIgniter\View\View->render()
#4 /home/u932829434/domains/digisoftic.in/public_html/protectease/v2/app/Controllers/Customers/Plans.php(48): view()
#5 /home/u932829434/domains/digisoftic.in/public_html/protectease/v2/system/CodeIgniter.php(928): App\Controllers\Customers\Plans->FRejectedRefundedPlans()
#6 /home/u932829434/domains/digisoftic.in/public_html/protectease/v2/system/CodeIgniter.php(436): CodeIgniter\CodeIgniter->runController()
#7 /home/u932829434/domains/digisoftic.in/public_html/protectease/v2/system/CodeIgniter.php(336): CodeIgniter\CodeIgniter->handleRequest()
#8 /home/u932829434/domains/digisoftic.in/public_html/protectease/v2/index.php(37): CodeIgniter\CodeIgniter->run()
#9 {main}
ERROR - 2024-10-17 19:10:20 --> Unknown column 'transaction_id' in 'field list'
CRITICAL - 2024-10-17 13:52:10 --> Call to undefined method CodeIgniter\Autoloader\Autoloader::initializeKint()
#0 /home/u932829434/domains/digisoftic.in/public_html/protectease/v2/system/Boot.php(56): CodeIgniter\Boot::initializeKint()
#1 /home/u932829434/domains/digisoftic.in/public_html/protectease/v2/public/index.php(56): CodeIgniter\Boot::bootWeb()
#2 {main}
CRITICAL - 2024-10-17 13:52:10 --> Call to undefined method CodeIgniter\Autoloader\Autoloader::initializeKint()
#0 /home/u932829434/domains/digisoftic.in/public_html/protectease/v2/system/Boot.php(56): CodeIgniter\Boot::initializeKint()
#1 /home/u932829434/domains/digisoftic.in/public_html/protectease/v2/public/index.php(56): CodeIgniter\Boot::bootWeb()
#2 {main}
CRITICAL - 2024-10-17 13:52:36 --> Call to undefined method CodeIgniter\Autoloader\Autoloader::initializeKint()
#0 /home/u932829434/domains/digisoftic.in/public_html/protectease/v2/system/Boot.php(56): CodeIgniter\Boot::initializeKint()
#1 /home/u932829434/domains/digisoftic.in/public_html/protectease/v2/public/index.php(56): CodeIgniter\Boot::bootWeb()
#2 {main}
CRITICAL - 2024-10-17 13:52:36 --> Call to undefined method CodeIgniter\Autoloader\Autoloader::initializeKint()
#0 /home/u932829434/domains/digisoftic.in/public_html/protectease/v2/system/Boot.php(56): CodeIgniter\Boot::initializeKint()
#1 /home/u932829434/domains/digisoftic.in/public_html/protectease/v2/public/index.php(56): CodeIgniter\Boot::bootWeb()
#2 {main}
CRITICAL - 2024-10-17 13:52:38 --> Call to undefined method CodeIgniter\Autoloader\Autoloader::initializeKint()
#0 /home/u932829434/domains/digisoftic.in/public_html/protectease/v2/system/Boot.php(56): CodeIgniter\Boot::initializeKint()
#1 /home/u932829434/domains/digisoftic.in/public_html/protectease/v2/public/index.php(56): CodeIgniter\Boot::bootWeb()
#2 {main}
CRITICAL - 2024-10-17 13:52:38 --> Call to undefined method CodeIgniter\Autoloader\Autoloader::initializeKint()
#0 /home/u932829434/domains/digisoftic.in/public_html/protectease/v2/system/Boot.php(56): CodeIgniter\Boot::initializeKint()
#1 /home/u932829434/domains/digisoftic.in/public_html/protectease/v2/public/index.php(56): CodeIgniter\Boot::bootWeb()
#2 {main}
CRITICAL - 2024-10-17 13:52:49 --> Call to undefined method CodeIgniter\Autoloader\Autoloader::initializeKint()
#0 /home/u932829434/domains/digisoftic.in/public_html/protectease/v2/system/Boot.php(56): CodeIgniter\Boot::initializeKint()
#1 /home/u932829434/domains/digisoftic.in/public_html/protectease/v2/public/index.php(56): CodeIgniter\Boot::bootWeb()
#2 {main}
CRITICAL - 2024-10-17 13:52:49 --> Call to undefined method CodeIgniter\Autoloader\Autoloader::initializeKint()
#0 /home/u932829434/domains/digisoftic.in/public_html/protectease/v2/system/Boot.php(56): CodeIgniter\Boot::initializeKint()
#1 /home/u932829434/domains/digisoftic.in/public_html/protectease/v2/public/index.php(56): CodeIgniter\Boot::bootWeb()
#2 {main}
ERROR - 2024-10-17 19:23:06 --> Unknown column 'transaction_id' in 'field list'
CRITICAL - 2024-10-17 13:54:04 --> Call to undefined method CodeIgniter\Autoloader\Autoloader::initializeKint()
#0 /home/u932829434/domains/digisoftic.in/public_html/protectease/v2/system/Boot.php(56): CodeIgniter\Boot::initializeKint()
#1 /home/u932829434/domains/digisoftic.in/public_html/protectease/v2/public/index.php(56): CodeIgniter\Boot::bootWeb()
#2 {main}
CRITICAL - 2024-10-17 13:54:04 --> Call to undefined method CodeIgniter\Autoloader\Autoloader::initializeKint()
#0 /home/u932829434/domains/digisoftic.in/public_html/protectease/v2/system/Boot.php(56): CodeIgniter\Boot::initializeKint()
#1 /home/u932829434/domains/digisoftic.in/public_html/protectease/v2/public/index.php(56): CodeIgniter\Boot::bootWeb()
#2 {main}
CRITICAL - 2024-10-17 14:03:36 --> Call to undefined method CodeIgniter\Autoloader\Autoloader::initializeKint()
#0 /home/u932829434/domains/digisoftic.in/public_html/protectease/v2/system/Boot.php(56): CodeIgniter\Boot::initializeKint()
#1 /home/u932829434/domains/digisoftic.in/public_html/protectease/v2/public/index.php(56): CodeIgniter\Boot::bootWeb()
#2 {main}
CRITICAL - 2024-10-17 14:03:36 --> Call to undefined method CodeIgniter\Autoloader\Autoloader::initializeKint()
#0 /home/u932829434/domains/digisoftic.in/public_html/protectease/v2/system/Boot.php(56): CodeIgniter\Boot::initializeKint()
#1 /home/u932829434/domains/digisoftic.in/public_html/protectease/v2/public/index.php(56): CodeIgniter\Boot::bootWeb()
#2 {main}
CRITICAL - 2024-10-17 19:34:39 --> Undefined array key "aOrderPlans"
#0 /home/u932829434/domains/digisoftic.in/public_html/protectease/v2/app/Views/customers/dashboard/index.php(32): CodeIgniter\Debug\Exceptions->errorHandler()
#1 /home/u932829434/domains/digisoftic.in/public_html/protectease/v2/system/View/View.php(230): include('/home/u93282943...')
#2 /home/u932829434/domains/digisoftic.in/public_html/protectease/v2/system/View/View.php(232): CodeIgniter\View\View->CodeIgniter\View\{closure}()
#3 /home/u932829434/domains/digisoftic.in/public_html/protectease/v2/system/Common.php(1271): CodeIgniter\View\View->render()
#4 /home/u932829434/domains/digisoftic.in/public_html/protectease/v2/app/Controllers/Customers/Dashboard.php(29): view()
#5 /home/u932829434/domains/digisoftic.in/public_html/protectease/v2/system/CodeIgniter.php(928): App\Controllers\Customers\Dashboard->index()
#6 /home/u932829434/domains/digisoftic.in/public_html/protectease/v2/system/CodeIgniter.php(436): CodeIgniter\CodeIgniter->runController()
#7 /home/u932829434/domains/digisoftic.in/public_html/protectease/v2/system/CodeIgniter.php(336): CodeIgniter\CodeIgniter->handleRequest()
#8 /home/u932829434/domains/digisoftic.in/public_html/protectease/v2/index.php(37): CodeIgniter\CodeIgniter->run()
#9 {main}
CRITICAL - 2024-10-17 19:36:31 --> Undefined array key "aOrderPlans"
#0 /home/u932829434/domains/digisoftic.in/public_html/protectease/v2/app/Views/customers/dashboard/index.php(32): CodeIgniter\Debug\Exceptions->errorHandler()
#1 /home/u932829434/domains/digisoftic.in/public_html/protectease/v2/system/View/View.php(230): include('/home/u93282943...')
#2 /home/u932829434/domains/digisoftic.in/public_html/protectease/v2/system/View/View.php(232): CodeIgniter\View\View->CodeIgniter\View\{closure}()
#3 /home/u932829434/domains/digisoftic.in/public_html/protectease/v2/system/Common.php(1271): CodeIgniter\View\View->render()
#4 /home/u932829434/domains/digisoftic.in/public_html/protectease/v2/app/Controllers/Customers/Dashboard.php(29): view()
#5 /home/u932829434/domains/digisoftic.in/public_html/protectease/v2/system/CodeIgniter.php(928): App\Controllers\Customers\Dashboard->index()
#6 /home/u932829434/domains/digisoftic.in/public_html/protectease/v2/system/CodeIgniter.php(436): CodeIgniter\CodeIgniter->runController()
#7 /home/u932829434/domains/digisoftic.in/public_html/protectease/v2/system/CodeIgniter.php(336): CodeIgniter\CodeIgniter->handleRequest()
#8 /home/u932829434/domains/digisoftic.in/public_html/protectease/v2/index.php(37): CodeIgniter\CodeIgniter->run()
#9 {main}
CRITICAL - 2024-10-17 19:36:40 --> Undefined array key "aOrderPlans"
#0 /home/u932829434/domains/digisoftic.in/public_html/protectease/v2/app/Views/customers/dashboard/index.php(49): CodeIgniter\Debug\Exceptions->errorHandler()
#1 /home/u932829434/domains/digisoftic.in/public_html/protectease/v2/system/View/View.php(230): include('/home/u93282943...')
#2 /home/u932829434/domains/digisoftic.in/public_html/protectease/v2/system/View/View.php(232): CodeIgniter\View\View->CodeIgniter\View\{closure}()
#3 /home/u932829434/domains/digisoftic.in/public_html/protectease/v2/system/Common.php(1271): CodeIgniter\View\View->render()
#4 /home/u932829434/domains/digisoftic.in/public_html/protectease/v2/app/Controllers/Customers/Dashboard.php(29): view()
#5 /home/u932829434/domains/digisoftic.in/public_html/protectease/v2/system/CodeIgniter.php(928): App\Controllers\Customers\Dashboard->index()
#6 /home/u932829434/domains/digisoftic.in/public_html/protectease/v2/system/CodeIgniter.php(436): CodeIgniter\CodeIgniter->runController()
#7 /home/u932829434/domains/digisoftic.in/public_html/protectease/v2/system/CodeIgniter.php(336): CodeIgniter\CodeIgniter->handleRequest()
#8 /home/u932829434/domains/digisoftic.in/public_html/protectease/v2/index.php(37): CodeIgniter\CodeIgniter->run()
#9 {main}
CRITICAL - 2024-10-17 19:36:42 --> Undefined array key "aOrderPlans"
#0 /home/u932829434/domains/digisoftic.in/public_html/protectease/v2/app/Views/customers/dashboard/index.php(49): CodeIgniter\Debug\Exceptions->errorHandler()
#1 /home/u932829434/domains/digisoftic.in/public_html/protectease/v2/system/View/View.php(230): include('/home/u93282943...')
#2 /home/u932829434/domains/digisoftic.in/public_html/protectease/v2/system/View/View.php(232): CodeIgniter\View\View->CodeIgniter\View\{closure}()
#3 /home/u932829434/domains/digisoftic.in/public_html/protectease/v2/system/Common.php(1271): CodeIgniter\View\View->render()
#4 /home/u932829434/domains/digisoftic.in/public_html/protectease/v2/app/Controllers/Customers/Dashboard.php(29): view()
#5 /home/u932829434/domains/digisoftic.in/public_html/protectease/v2/system/CodeIgniter.php(928): App\Controllers\Customers\Dashboard->index()
#6 /home/u932829434/domains/digisoftic.in/public_html/protectease/v2/system/CodeIgniter.php(436): CodeIgniter\CodeIgniter->runController()
#7 /home/u932829434/domains/digisoftic.in/public_html/protectease/v2/system/CodeIgniter.php(336): CodeIgniter\CodeIgniter->handleRequest()
#8 /home/u932829434/domains/digisoftic.in/public_html/protectease/v2/index.php(37): CodeIgniter\CodeIgniter->run()
#9 {main}
CRITICAL - 2024-10-17 19:36:43 --> Undefined array key "aOrderPlans"
#0 /home/u932829434/domains/digisoftic.in/public_html/protectease/v2/app/Views/customers/dashboard/index.php(49): CodeIgniter\Debug\Exceptions->errorHandler()
#1 /home/u932829434/domains/digisoftic.in/public_html/protectease/v2/system/View/View.php(230): include('/home/u93282943...')
#2 /home/u932829434/domains/digisoftic.in/public_html/protectease/v2/system/View/View.php(232): CodeIgniter\View\View->CodeIgniter\View\{closure}()
#3 /home/u932829434/domains/digisoftic.in/public_html/protectease/v2/system/Common.php(1271): CodeIgniter\View\View->render()
#4 /home/u932829434/domains/digisoftic.in/public_html/protectease/v2/app/Controllers/Customers/Dashboard.php(29): view()
#5 /home/u932829434/domains/digisoftic.in/public_html/protectease/v2/system/CodeIgniter.php(928): App\Controllers\Customers\Dashboard->index()
#6 /home/u932829434/domains/digisoftic.in/public_html/protectease/v2/system/CodeIgniter.php(436): CodeIgniter\CodeIgniter->runController()
#7 /home/u932829434/domains/digisoftic.in/public_html/protectease/v2/system/CodeIgniter.php(336): CodeIgniter\CodeIgniter->handleRequest()
#8 /home/u932829434/domains/digisoftic.in/public_html/protectease/v2/index.php(37): CodeIgniter\CodeIgniter->run()
#9 {main}
CRITICAL - 2024-10-17 19:36:43 --> Undefined array key "aOrderPlans"
#0 /home/u932829434/domains/digisoftic.in/public_html/protectease/v2/app/Views/customers/dashboard/index.php(49): CodeIgniter\Debug\Exceptions->errorHandler()
#1 /home/u932829434/domains/digisoftic.in/public_html/protectease/v2/system/View/View.php(230): include('/home/u93282943...')
#2 /home/u932829434/domains/digisoftic.in/public_html/protectease/v2/system/View/View.php(232): CodeIgniter\View\View->CodeIgniter\View\{closure}()
#3 /home/u932829434/domains/digisoftic.in/public_html/protectease/v2/system/Common.php(1271): CodeIgniter\View\View->render()
#4 /home/u932829434/domains/digisoftic.in/public_html/protectease/v2/app/Controllers/Customers/Dashboard.php(29): view()
#5 /home/u932829434/domains/digisoftic.in/public_html/protectease/v2/system/CodeIgniter.php(928): App\Controllers\Customers\Dashboard->index()
#6 /home/u932829434/domains/digisoftic.in/public_html/protectease/v2/system/CodeIgniter.php(436): CodeIgniter\CodeIgniter->runController()
#7 /home/u932829434/domains/digisoftic.in/public_html/protectease/v2/system/CodeIgniter.php(336): CodeIgniter\CodeIgniter->handleRequest()
#8 /home/u932829434/domains/digisoftic.in/public_html/protectease/v2/index.php(37): CodeIgniter\CodeIgniter->run()
#9 {main}
CRITICAL - 2024-10-17 19:36:43 --> Undefined array key "aOrderPlans"
#0 /home/u932829434/domains/digisoftic.in/public_html/protectease/v2/app/Views/customers/dashboard/index.php(49): CodeIgniter\Debug\Exceptions->errorHandler()
#1 /home/u932829434/domains/digisoftic.in/public_html/protectease/v2/system/View/View.php(230): include('/home/u93282943...')
#2 /home/u932829434/domains/digisoftic.in/public_html/protectease/v2/system/View/View.php(232): CodeIgniter\View\View->CodeIgniter\View\{closure}()
#3 /home/u932829434/domains/digisoftic.in/public_html/protectease/v2/system/Common.php(1271): CodeIgniter\View\View->render()
#4 /home/u932829434/domains/digisoftic.in/public_html/protectease/v2/app/Controllers/Customers/Dashboard.php(29): view()
#5 /home/u932829434/domains/digisoftic.in/public_html/protectease/v2/system/CodeIgniter.php(928): App\Controllers\Customers\Dashboard->index()
#6 /home/u932829434/domains/digisoftic.in/public_html/protectease/v2/system/CodeIgniter.php(436): CodeIgniter\CodeIgniter->runController()
#7 /home/u932829434/domains/digisoftic.in/public_html/protectease/v2/system/CodeIgniter.php(336): CodeIgniter\CodeIgniter->handleRequest()
#8 /home/u932829434/domains/digisoftic.in/public_html/protectease/v2/index.php(37): CodeIgniter\CodeIgniter->run()
#9 {main}
CRITICAL - 2024-10-17 19:36:43 --> Undefined array key "aOrderPlans"
#0 /home/u932829434/domains/digisoftic.in/public_html/protectease/v2/app/Views/customers/dashboard/index.php(49): CodeIgniter\Debug\Exceptions->errorHandler()
#1 /home/u932829434/domains/digisoftic.in/public_html/protectease/v2/system/View/View.php(230): include('/home/u93282943...')
#2 /home/u932829434/domains/digisoftic.in/public_html/protectease/v2/system/View/View.php(232): CodeIgniter\View\View->CodeIgniter\View\{closure}()
#3 /home/u932829434/domains/digisoftic.in/public_html/protectease/v2/system/Common.php(1271): CodeIgniter\View\View->render()
#4 /home/u932829434/domains/digisoftic.in/public_html/protectease/v2/app/Controllers/Customers/Dashboard.php(29): view()
#5 /home/u932829434/domains/digisoftic.in/public_html/protectease/v2/system/CodeIgniter.php(928): App\Controllers\Customers\Dashboard->index()
#6 /home/u932829434/domains/digisoftic.in/public_html/protectease/v2/system/CodeIgniter.php(436): CodeIgniter\CodeIgniter->runController()
#7 /home/u932829434/domains/digisoftic.in/public_html/protectease/v2/system/CodeIgniter.php(336): CodeIgniter\CodeIgniter->handleRequest()
#8 /home/u932829434/domains/digisoftic.in/public_html/protectease/v2/index.php(37): CodeIgniter\CodeIgniter->run()
#9 {main}
CRITICAL - 2024-10-17 19:36:49 --> Undefined array key "aOrderPlans"
#0 /home/u932829434/domains/digisoftic.in/public_html/protectease/v2/app/Views/customers/dashboard/index.php(49): CodeIgniter\Debug\Exceptions->errorHandler()
#1 /home/u932829434/domains/digisoftic.in/public_html/protectease/v2/system/View/View.php(230): include('/home/u93282943...')
#2 /home/u932829434/domains/digisoftic.in/public_html/protectease/v2/system/View/View.php(232): CodeIgniter\View\View->CodeIgniter\View\{closure}()
#3 /home/u932829434/domains/digisoftic.in/public_html/protectease/v2/system/Common.php(1271): CodeIgniter\View\View->render()
#4 /home/u932829434/domains/digisoftic.in/public_html/protectease/v2/app/Controllers/Customers/Dashboard.php(29): view()
#5 /home/u932829434/domains/digisoftic.in/public_html/protectease/v2/system/CodeIgniter.php(928): App\Controllers\Customers\Dashboard->index()
#6 /home/u932829434/domains/digisoftic.in/public_html/protectease/v2/system/CodeIgniter.php(436): CodeIgniter\CodeIgniter->runController()
#7 /home/u932829434/domains/digisoftic.in/public_html/protectease/v2/system/CodeIgniter.php(336): CodeIgniter\CodeIgniter->handleRequest()
#8 /home/u932829434/domains/digisoftic.in/public_html/protectease/v2/index.php(37): CodeIgniter\CodeIgniter->run()
#9 {main}
CRITICAL - 2024-10-17 19:37:06 --> Undefined array key "aOrderPlans"
#0 /home/u932829434/domains/digisoftic.in/public_html/protectease/v2/app/Views/customers/dashboard/index.php(66): CodeIgniter\Debug\Exceptions->errorHandler()
#1 /home/u932829434/domains/digisoftic.in/public_html/protectease/v2/system/View/View.php(230): include('/home/u93282943...')
#2 /home/u932829434/domains/digisoftic.in/public_html/protectease/v2/system/View/View.php(232): CodeIgniter\View\View->CodeIgniter\View\{closure}()
#3 /home/u932829434/domains/digisoftic.in/public_html/protectease/v2/system/Common.php(1271): CodeIgniter\View\View->render()
#4 /home/u932829434/domains/digisoftic.in/public_html/protectease/v2/app/Controllers/Customers/Dashboard.php(29): view()
#5 /home/u932829434/domains/digisoftic.in/public_html/protectease/v2/system/CodeIgniter.php(928): App\Controllers\Customers\Dashboard->index()
#6 /home/u932829434/domains/digisoftic.in/public_html/protectease/v2/system/CodeIgniter.php(436): CodeIgniter\CodeIgniter->runController()
#7 /home/u932829434/domains/digisoftic.in/public_html/protectease/v2/system/CodeIgniter.php(336): CodeIgniter\CodeIgniter->handleRequest()
#8 /home/u932829434/domains/digisoftic.in/public_html/protectease/v2/index.php(37): CodeIgniter\CodeIgniter->run()
#9 {main}
CRITICAL - 2024-10-17 19:37:08 --> Undefined array key "aOrderPlans"
#0 /home/u932829434/domains/digisoftic.in/public_html/protectease/v2/app/Views/customers/dashboard/index.php(66): CodeIgniter\Debug\Exceptions->errorHandler()
#1 /home/u932829434/domains/digisoftic.in/public_html/protectease/v2/system/View/View.php(230): include('/home/u93282943...')
#2 /home/u932829434/domains/digisoftic.in/public_html/protectease/v2/system/View/View.php(232): CodeIgniter\View\View->CodeIgniter\View\{closure}()
#3 /home/u932829434/domains/digisoftic.in/public_html/protectease/v2/system/Common.php(1271): CodeIgniter\View\View->render()
#4 /home/u932829434/domains/digisoftic.in/public_html/protectease/v2/app/Controllers/Customers/Dashboard.php(29): view()
#5 /home/u932829434/domains/digisoftic.in/public_html/protectease/v2/system/CodeIgniter.php(928): App\Controllers\Customers\Dashboard->index()
#6 /home/u932829434/domains/digisoftic.in/public_html/protectease/v2/system/CodeIgniter.php(436): CodeIgniter\CodeIgniter->runController()
#7 /home/u932829434/domains/digisoftic.in/public_html/protectease/v2/system/CodeIgniter.php(336): CodeIgniter\CodeIgniter->handleRequest()
#8 /home/u932829434/domains/digisoftic.in/public_html/protectease/v2/index.php(37): CodeIgniter\CodeIgniter->run()
#9 {main}
CRITICAL - 2024-10-17 19:37:09 --> Undefined array key "aOrderPlans"
#0 /home/u932829434/domains/digisoftic.in/public_html/protectease/v2/app/Views/customers/dashboard/index.php(66): CodeIgniter\Debug\Exceptions->errorHandler()
#1 /home/u932829434/domains/digisoftic.in/public_html/protectease/v2/system/View/View.php(230): include('/home/u93282943...')
#2 /home/u932829434/domains/digisoftic.in/public_html/protectease/v2/system/View/View.php(232): CodeIgniter\View\View->CodeIgniter\View\{closure}()
#3 /home/u932829434/domains/digisoftic.in/public_html/protectease/v2/system/Common.php(1271): CodeIgniter\View\View->render()
#4 /home/u932829434/domains/digisoftic.in/public_html/protectease/v2/app/Controllers/Customers/Dashboard.php(29): view()
#5 /home/u932829434/domains/digisoftic.in/public_html/protectease/v2/system/CodeIgniter.php(928): App\Controllers\Customers\Dashboard->index()
#6 /home/u932829434/domains/digisoftic.in/public_html/protectease/v2/system/CodeIgniter.php(436): CodeIgniter\CodeIgniter->runController()
#7 /home/u932829434/domains/digisoftic.in/public_html/protectease/v2/system/CodeIgniter.php(336): CodeIgniter\CodeIgniter->handleRequest()
#8 /home/u932829434/domains/digisoftic.in/public_html/protectease/v2/index.php(37): CodeIgniter\CodeIgniter->run()
#9 {main}
CRITICAL - 2024-10-17 19:37:09 --> Undefined array key "aOrderPlans"
#0 /home/u932829434/domains/digisoftic.in/public_html/protectease/v2/app/Views/customers/dashboard/index.php(66): CodeIgniter\Debug\Exceptions->errorHandler()
#1 /home/u932829434/domains/digisoftic.in/public_html/protectease/v2/system/View/View.php(230): include('/home/u93282943...')
#2 /home/u932829434/domains/digisoftic.in/public_html/protectease/v2/system/View/View.php(232): CodeIgniter\View\View->CodeIgniter\View\{closure}()
#3 /home/u932829434/domains/digisoftic.in/public_html/protectease/v2/system/Common.php(1271): CodeIgniter\View\View->render()
#4 /home/u932829434/domains/digisoftic.in/public_html/protectease/v2/app/Controllers/Customers/Dashboard.php(29): view()
#5 /home/u932829434/domains/digisoftic.in/public_html/protectease/v2/system/CodeIgniter.php(928): App\Controllers\Customers\Dashboard->index()
#6 /home/u932829434/domains/digisoftic.in/public_html/protectease/v2/system/CodeIgniter.php(436): CodeIgniter\CodeIgniter->runController()
#7 /home/u932829434/domains/digisoftic.in/public_html/protectease/v2/system/CodeIgniter.php(336): CodeIgniter\CodeIgniter->handleRequest()
#8 /home/u932829434/domains/digisoftic.in/public_html/protectease/v2/index.php(37): CodeIgniter\CodeIgniter->run()
#9 {main}
CRITICAL - 2024-10-17 19:37:30 --> Undefined array key "aOrderPlans"
#0 /home/u932829434/domains/digisoftic.in/public_html/protectease/v2/app/Views/customers/dashboard/index.php(66): CodeIgniter\Debug\Exceptions->errorHandler()
#1 /home/u932829434/domains/digisoftic.in/public_html/protectease/v2/system/View/View.php(230): include('/home/u93282943...')
#2 /home/u932829434/domains/digisoftic.in/public_html/protectease/v2/system/View/View.php(232): CodeIgniter\View\View->CodeIgniter\View\{closure}()
#3 /home/u932829434/domains/digisoftic.in/public_html/protectease/v2/system/Common.php(1271): CodeIgniter\View\View->render()
#4 /home/u932829434/domains/digisoftic.in/public_html/protectease/v2/app/Controllers/Customers/Dashboard.php(29): view()
#5 /home/u932829434/domains/digisoftic.in/public_html/protectease/v2/system/CodeIgniter.php(928): App\Controllers\Customers\Dashboard->index()
#6 /home/u932829434/domains/digisoftic.in/public_html/protectease/v2/system/CodeIgniter.php(436): CodeIgniter\CodeIgniter->runController()
#7 /home/u932829434/domains/digisoftic.in/public_html/protectease/v2/system/CodeIgniter.php(336): CodeIgniter\CodeIgniter->handleRequest()
#8 /home/u932829434/domains/digisoftic.in/public_html/protectease/v2/index.php(37): CodeIgniter\CodeIgniter->run()
#9 {main}
CRITICAL - 2024-10-17 19:39:24 --> Undefined array key "aOrderPlans"
#0 /home/u932829434/domains/digisoftic.in/public_html/protectease/v2/app/Views/customers/dashboard/pending_invoice_upload.php(3): CodeIgniter\Debug\Exceptions->errorHandler()
#1 /home/u932829434/domains/digisoftic.in/public_html/protectease/v2/system/View/View.php(230): include('/home/u93282943...')
#2 /home/u932829434/domains/digisoftic.in/public_html/protectease/v2/system/View/View.php(232): CodeIgniter\View\View->CodeIgniter\View\{closure}()
#3 /home/u932829434/domains/digisoftic.in/public_html/protectease/v2/system/Common.php(1271): CodeIgniter\View\View->render()
#4 /home/u932829434/domains/digisoftic.in/public_html/protectease/v2/app/Views/customers/dashboard/index.php(136): view()
#5 /home/u932829434/domains/digisoftic.in/public_html/protectease/v2/system/View/View.php(230): include('/home/u93282943...')
#6 /home/u932829434/domains/digisoftic.in/public_html/protectease/v2/system/View/View.php(232): CodeIgniter\View\View->CodeIgniter\View\{closure}()
#7 /home/u932829434/domains/digisoftic.in/public_html/protectease/v2/system/Common.php(1271): CodeIgniter\View\View->render()
#8 /home/u932829434/domains/digisoftic.in/public_html/protectease/v2/app/Controllers/Customers/Dashboard.php(29): view()
#9 /home/u932829434/domains/digisoftic.in/public_html/protectease/v2/system/CodeIgniter.php(928): App\Controllers\Customers\Dashboard->index()
#10 /home/u932829434/domains/digisoftic.in/public_html/protectease/v2/system/CodeIgniter.php(436): CodeIgniter\CodeIgniter->runController()
#11 /home/u932829434/domains/digisoftic.in/public_html/protectease/v2/system/CodeIgniter.php(336): CodeIgniter\CodeIgniter->handleRequest()
#12 /home/u932829434/domains/digisoftic.in/public_html/protectease/v2/index.php(37): CodeIgniter\CodeIgniter->run()
#13 {main}
CRITICAL - 2024-10-17 19:41:25 --> Undefined array key "plan_details"
#0 /home/u932829434/domains/digisoftic.in/public_html/protectease/v2/app/Views/customers/dashboard/index.php(33): CodeIgniter\Debug\Exceptions->errorHandler()
#1 [internal function]: CodeIgniter\View\View->{closure}()
#2 /home/u932829434/domains/digisoftic.in/public_html/protectease/v2/app/Views/customers/dashboard/index.php(34): array_filter()
#3 /home/u932829434/domains/digisoftic.in/public_html/protectease/v2/system/View/View.php(230): include('/home/u93282943...')
#4 /home/u932829434/domains/digisoftic.in/public_html/protectease/v2/system/View/View.php(232): CodeIgniter\View\View->CodeIgniter\View\{closure}()
#5 /home/u932829434/domains/digisoftic.in/public_html/protectease/v2/system/Common.php(1271): CodeIgniter\View\View->render()
#6 /home/u932829434/domains/digisoftic.in/public_html/protectease/v2/app/Controllers/Customers/Dashboard.php(29): view()
#7 /home/u932829434/domains/digisoftic.in/public_html/protectease/v2/system/CodeIgniter.php(928): App\Controllers\Customers\Dashboard->index()
#8 /home/u932829434/domains/digisoftic.in/public_html/protectease/v2/system/CodeIgniter.php(436): CodeIgniter\CodeIgniter->runController()
#9 /home/u932829434/domains/digisoftic.in/public_html/protectease/v2/system/CodeIgniter.php(336): CodeIgniter\CodeIgniter->handleRequest()
#10 /home/u932829434/domains/digisoftic.in/public_html/protectease/v2/index.php(37): CodeIgniter\CodeIgniter->run()
#11 {main}
CRITICAL - 2024-10-17 19:41:48 --> Undefined array key "plan_details"
#0 /home/u932829434/domains/digisoftic.in/public_html/protectease/v2/app/Views/customers/dashboard/latest_plans_snapshots.php(5): CodeIgniter\Debug\Exceptions->errorHandler()
#1 /home/u932829434/domains/digisoftic.in/public_html/protectease/v2/system/View/View.php(230): include('/home/u93282943...')
#2 /home/u932829434/domains/digisoftic.in/public_html/protectease/v2/system/View/View.php(232): CodeIgniter\View\View->CodeIgniter\View\{closure}()
#3 /home/u932829434/domains/digisoftic.in/public_html/protectease/v2/system/Common.php(1271): CodeIgniter\View\View->render()
#4 /home/u932829434/domains/digisoftic.in/public_html/protectease/v2/app/Views/customers/dashboard/index.php(160): view()
#5 /home/u932829434/domains/digisoftic.in/public_html/protectease/v2/system/View/View.php(230): include('/home/u93282943...')
#6 /home/u932829434/domains/digisoftic.in/public_html/protectease/v2/system/View/View.php(232): CodeIgniter\View\View->CodeIgniter\View\{closure}()
#7 /home/u932829434/domains/digisoftic.in/public_html/protectease/v2/system/Common.php(1271): CodeIgniter\View\View->render()
#8 /home/u932829434/domains/digisoftic.in/public_html/protectease/v2/app/Controllers/Customers/Dashboard.php(29): view()
#9 /home/u932829434/domains/digisoftic.in/public_html/protectease/v2/system/CodeIgniter.php(928): App\Controllers\Customers\Dashboard->index()
#10 /home/u932829434/domains/digisoftic.in/public_html/protectease/v2/system/CodeIgniter.php(436): CodeIgniter\CodeIgniter->runController()
#11 /home/u932829434/domains/digisoftic.in/public_html/protectease/v2/system/CodeIgniter.php(336): CodeIgniter\CodeIgniter->handleRequest()
#12 /home/u932829434/domains/digisoftic.in/public_html/protectease/v2/index.php(37): CodeIgniter\CodeIgniter->run()
#13 {main}
