INFO - 2024-07-25 06:31:04 --> Session: Class initialized using 'CodeIgniter\Session\Handlers\FileHandler' driver.
INFO - 2024-07-25 06:31:04 --> Session: Class initialized using 'CodeIgniter\Session\Handlers\FileHandler' driver.
INFO - 2024-07-25 06:31:12 --> Session: Class initialized using 'CodeIgniter\Session\Handlers\FileHandler' driver.
INFO - 2024-07-25 06:31:12 --> Session: Class initialized using 'CodeIgniter\Session\Handlers\FileHandler' driver.
INFO - 2024-07-25 06:35:17 --> Session: Class initialized using 'CodeIgniter\Session\Handlers\FileHandler' driver.
INFO - 2024-07-25 06:35:18 --> Session: Class initialized using 'CodeIgniter\Session\Handlers\FileHandler' driver.
INFO - 2024-07-25 06:35:22 --> Session: Class initialized using 'CodeIgniter\Session\Handlers\FileHandler' driver.
INFO - 2024-07-25 06:35:22 --> Session: Class initialized using 'CodeIgniter\Session\Handlers\FileHandler' driver.
INFO - 2024-07-25 06:35:38 --> Session: Class initialized using 'CodeIgniter\Session\Handlers\FileHandler' driver.
INFO - 2024-07-25 06:35:38 --> Session: Class initialized using 'CodeIgniter\Session\Handlers\FileHandler' driver.
INFO - 2024-07-25 06:37:12 --> Session: Class initialized using 'CodeIgniter\Session\Handlers\FileHandler' driver.
INFO - 2024-07-25 06:37:12 --> Session: Class initialized using 'CodeIgniter\Session\Handlers\FileHandler' driver.
INFO - 2024-07-25 06:37:14 --> Session: Class initialized using 'CodeIgniter\Session\Handlers\FileHandler' driver.
INFO - 2024-07-25 06:37:18 --> Session: Class initialized using 'CodeIgniter\Session\Handlers\FileHandler' driver.
INFO - 2024-07-25 06:37:19 --> Session: Class initialized using 'CodeIgniter\Session\Handlers\FileHandler' driver.
INFO - 2024-07-25 06:37:21 --> Session: Class initialized using 'CodeIgniter\Session\Handlers\FileHandler' driver.
INFO - 2024-07-25 06:37:22 --> Session: Class initialized using 'CodeIgniter\Session\Handlers\FileHandler' driver.
INFO - 2024-07-25 06:37:24 --> Session: Class initialized using 'CodeIgniter\Session\Handlers\FileHandler' driver.
INFO - 2024-07-25 06:37:24 --> Session: Class initialized using 'CodeIgniter\Session\Handlers\FileHandler' driver.
INFO - 2024-07-25 06:37:30 --> Session: Class initialized using 'CodeIgniter\Session\Handlers\FileHandler' driver.
INFO - 2024-07-25 06:37:30 --> Session: Class initialized using 'CodeIgniter\Session\Handlers\FileHandler' driver.
INFO - 2024-07-25 06:37:32 --> Session: Class initialized using 'CodeIgniter\Session\Handlers\FileHandler' driver.
INFO - 2024-07-25 06:37:34 --> Session: Class initialized using 'CodeIgniter\Session\Handlers\FileHandler' driver.
INFO - 2024-07-25 06:37:34 --> Session: Class initialized using 'CodeIgniter\Session\Handlers\FileHandler' driver.
INFO - 2024-07-25 06:37:45 --> Session: Class initialized using 'CodeIgniter\Session\Handlers\FileHandler' driver.
INFO - 2024-07-25 06:37:46 --> Session: Class initialized using 'CodeIgniter\Session\Handlers\FileHandler' driver.
INFO - 2024-07-25 07:08:55 --> Session: Class initialized using 'CodeIgniter\Session\Handlers\FileHandler' driver.
INFO - 2024-07-25 07:08:56 --> Session: Class initialized using 'CodeIgniter\Session\Handlers\FileHandler' driver.
INFO - 2024-07-25 07:09:27 --> Session: Class initialized using 'CodeIgniter\Session\Handlers\FileHandler' driver.
INFO - 2024-07-25 07:09:28 --> Session: Class initialized using 'CodeIgniter\Session\Handlers\FileHandler' driver.
INFO - 2024-07-25 07:09:32 --> Session: Class initialized using 'CodeIgniter\Session\Handlers\FileHandler' driver.
INFO - 2024-07-25 07:09:38 --> Session: Class initialized using 'CodeIgniter\Session\Handlers\FileHandler' driver.
INFO - 2024-07-25 07:09:38 --> Session: Class initialized using 'CodeIgniter\Session\Handlers\FileHandler' driver.
INFO - 2024-07-25 07:15:09 --> Session: Class initialized using 'CodeIgniter\Session\Handlers\FileHandler' driver.
INFO - 2024-07-25 07:15:10 --> Session: Class initialized using 'CodeIgniter\Session\Handlers\FileHandler' driver.
INFO - 2024-07-25 08:39:03 --> Session: Class initialized using 'CodeIgniter\Session\Handlers\FileHandler' driver.
INFO - 2024-07-25 08:39:04 --> Session: Class initialized using 'CodeIgniter\Session\Handlers\FileHandler' driver.
INFO - 2024-07-25 08:39:05 --> Session: Class initialized using 'CodeIgniter\Session\Handlers\FileHandler' driver.
INFO - 2024-07-25 08:39:06 --> Session: Class initialized using 'CodeIgniter\Session\Handlers\FileHandler' driver.
INFO - 2024-07-25 08:40:23 --> Session: Class initialized using 'CodeIgniter\Session\Handlers\FileHandler' driver.
INFO - 2024-07-25 08:40:23 --> Session: Class initialized using 'CodeIgniter\Session\Handlers\FileHandler' driver.
INFO - 2024-07-25 08:40:27 --> Session: Class initialized using 'CodeIgniter\Session\Handlers\FileHandler' driver.
INFO - 2024-07-25 08:40:27 --> Session: Class initialized using 'CodeIgniter\Session\Handlers\FileHandler' driver.
INFO - 2024-07-25 08:40:33 --> Session: Class initialized using 'CodeIgniter\Session\Handlers\FileHandler' driver.
INFO - 2024-07-25 08:56:06 --> Session: Class initialized using 'CodeIgniter\Session\Handlers\FileHandler' driver.
INFO - 2024-07-25 09:06:33 --> Session: Class initialized using 'CodeIgniter\Session\Handlers\FileHandler' driver.
INFO - 2024-07-25 09:06:34 --> Session: Class initialized using 'CodeIgniter\Session\Handlers\FileHandler' driver.
INFO - 2024-07-25 09:06:36 --> Session: Class initialized using 'CodeIgniter\Session\Handlers\FileHandler' driver.
INFO - 2024-07-25 09:06:36 --> Session: Class initialized using 'CodeIgniter\Session\Handlers\FileHandler' driver.
INFO - 2024-07-25 09:07:31 --> Session: Class initialized using 'CodeIgniter\Session\Handlers\FileHandler' driver.
INFO - 2024-07-25 09:07:31 --> Session: Class initialized using 'CodeIgniter\Session\Handlers\FileHandler' driver.
INFO - 2024-07-25 09:07:38 --> Session: Class initialized using 'CodeIgniter\Session\Handlers\FileHandler' driver.
CRITICAL - 2024-07-25 09:07:38 --> CodeIgniter\HTTP\Exceptions\HTTPException: Could not move file "php8N2rFY" to "/opt/lampp/htdocs/ci/upsiee/writable/uploads/". Reason: 
[Method: POST, Route: boards/products/price-templates/excel/import]
in SYSTEMPATH/HTTP/Files/UploadedFile.php on line 154.
 1 SYSTEMPATH/HTTP/Files/UploadedFile.php(154): CodeIgniter\HTTP\Exceptions\HTTPException::forMoveFailed('php8N2rFY', '/opt/lampp/htdocs/ci/upsiee/writable/uploads/', '')
 2 APPPATH/Controllers/PriceTemplate.php(70): CodeIgniter\HTTP\Files\UploadedFile->move('/opt/lampp/htdocs/ci/upsiee/writable/uploads/', '/opt/lampp/htdocs/ci/upsiee/writable/uploads/1721898458_3654e74d300f6c636a78.xlsx')
 3 SYSTEMPATH/CodeIgniter.php(933): App\Controllers\PriceTemplate->fImportPriceTemplateExcel()
 4 SYSTEMPATH/CodeIgniter.php(509): CodeIgniter\CodeIgniter->runController(Object(App\Controllers\PriceTemplate))
 5 SYSTEMPATH/CodeIgniter.php(355): CodeIgniter\CodeIgniter->handleRequest(null, Object(Config\Cache), false)
 6 SYSTEMPATH/Boot.php(325): CodeIgniter\CodeIgniter->run()
 7 SYSTEMPATH/Boot.php(67): CodeIgniter\Boot::runCodeIgniter(Object(CodeIgniter\CodeIgniter))
 8 FCPATH/index.php(56): CodeIgniter\Boot::bootWeb(Object(Config\Paths))
INFO - 2024-07-25 09:09:09 --> Session: Class initialized using 'CodeIgniter\Session\Handlers\FileHandler' driver.
INFO - 2024-07-25 09:09:10 --> Session: Class initialized using 'CodeIgniter\Session\Handlers\FileHandler' driver.
INFO - 2024-07-25 09:09:19 --> Session: Class initialized using 'CodeIgniter\Session\Handlers\FileHandler' driver.
INFO - 2024-07-25 09:09:20 --> Session: Class initialized using 'CodeIgniter\Session\Handlers\FileHandler' driver.
INFO - 2024-07-25 09:09:25 --> Session: Class initialized using 'CodeIgniter\Session\Handlers\FileHandler' driver.
CRITICAL - 2024-07-25 09:09:25 --> CodeIgniter\HTTP\Exceptions\HTTPException: Could not move file "php6PsrWJ" to "/opt/lampp/htdocs/ci/upsiee/writable/uploads/". Reason: 
[Method: POST, Route: boards/products/price-templates/excel/import]
in SYSTEMPATH/HTTP/Files/UploadedFile.php on line 154.
 1 SYSTEMPATH/HTTP/Files/UploadedFile.php(154): CodeIgniter\HTTP\Exceptions\HTTPException::forMoveFailed('php6PsrWJ', '/opt/lampp/htdocs/ci/upsiee/writable/uploads/', '')
 2 APPPATH/Controllers/PriceTemplate.php(70): CodeIgniter\HTTP\Files\UploadedFile->move('/opt/lampp/htdocs/ci/upsiee/writable/uploads/', '/opt/lampp/htdocs/ci/upsiee/writable/uploads/1721898565_e7c4bb2f2aa3c4dd174b.xlsx')
 3 SYSTEMPATH/CodeIgniter.php(933): App\Controllers\PriceTemplate->fImportPriceTemplateExcel()
 4 SYSTEMPATH/CodeIgniter.php(509): CodeIgniter\CodeIgniter->runController(Object(App\Controllers\PriceTemplate))
 5 SYSTEMPATH/CodeIgniter.php(355): CodeIgniter\CodeIgniter->handleRequest(null, Object(Config\Cache), false)
 6 SYSTEMPATH/Boot.php(325): CodeIgniter\CodeIgniter->run()
 7 SYSTEMPATH/Boot.php(67): CodeIgniter\Boot::runCodeIgniter(Object(CodeIgniter\CodeIgniter))
 8 FCPATH/index.php(56): CodeIgniter\Boot::bootWeb(Object(Config\Paths))
INFO - 2024-07-25 09:11:01 --> Session: Class initialized using 'CodeIgniter\Session\Handlers\FileHandler' driver.
INFO - 2024-07-25 09:11:01 --> Session: Class initialized using 'CodeIgniter\Session\Handlers\FileHandler' driver.
INFO - 2024-07-25 09:11:02 --> Session: Class initialized using 'CodeIgniter\Session\Handlers\FileHandler' driver.
INFO - 2024-07-25 09:11:02 --> Session: Class initialized using 'CodeIgniter\Session\Handlers\FileHandler' driver.
INFO - 2024-07-25 09:11:09 --> Session: Class initialized using 'CodeIgniter\Session\Handlers\FileHandler' driver.
CRITICAL - 2024-07-25 09:11:09 --> CodeIgniter\HTTP\Exceptions\HTTPException: Could not move file "phpD9mn72" to "/opt/lampp/htdocs/ci/upsiee/writable/uploads/". Reason: 
[Method: POST, Route: boards/products/price-templates/excel/import]
in SYSTEMPATH/HTTP/Files/UploadedFile.php on line 154.
 1 SYSTEMPATH/HTTP/Files/UploadedFile.php(154): CodeIgniter\HTTP\Exceptions\HTTPException::forMoveFailed('phpD9mn72', '/opt/lampp/htdocs/ci/upsiee/writable/uploads/', '')
 2 APPPATH/Controllers/PriceTemplate.php(70): CodeIgniter\HTTP\Files\UploadedFile->move('/opt/lampp/htdocs/ci/upsiee/writable/uploads/', '/opt/lampp/htdocs/ci/upsiee/writable/uploads/1721898669_2dfd708f7d97035e344e.xlsx')
 3 SYSTEMPATH/CodeIgniter.php(933): App\Controllers\PriceTemplate->fImportPriceTemplateExcel()
 4 SYSTEMPATH/CodeIgniter.php(509): CodeIgniter\CodeIgniter->runController(Object(App\Controllers\PriceTemplate))
 5 SYSTEMPATH/CodeIgniter.php(355): CodeIgniter\CodeIgniter->handleRequest(null, Object(Config\Cache), false)
 6 SYSTEMPATH/Boot.php(325): CodeIgniter\CodeIgniter->run()
 7 SYSTEMPATH/Boot.php(67): CodeIgniter\Boot::runCodeIgniter(Object(CodeIgniter\CodeIgniter))
 8 FCPATH/index.php(56): CodeIgniter\Boot::bootWeb(Object(Config\Paths))
INFO - 2024-07-25 09:15:19 --> Session: Class initialized using 'CodeIgniter\Session\Handlers\FileHandler' driver.
INFO - 2024-07-25 09:15:54 --> Session: Class initialized using 'CodeIgniter\Session\Handlers\FileHandler' driver.
INFO - 2024-07-25 09:15:54 --> Session: Class initialized using 'CodeIgniter\Session\Handlers\FileHandler' driver.
INFO - 2024-07-25 09:15:59 --> Session: Class initialized using 'CodeIgniter\Session\Handlers\FileHandler' driver.
INFO - 2024-07-25 09:15:59 --> Session: Class initialized using 'CodeIgniter\Session\Handlers\FileHandler' driver.
INFO - 2024-07-25 09:15:59 --> Session: Class initialized using 'CodeIgniter\Session\Handlers\FileHandler' driver.
INFO - 2024-07-25 09:15:59 --> Session: Class initialized using 'CodeIgniter\Session\Handlers\FileHandler' driver.
INFO - 2024-07-25 09:15:59 --> Session: Class initialized using 'CodeIgniter\Session\Handlers\FileHandler' driver.
INFO - 2024-07-25 09:15:59 --> Session: Class initialized using 'CodeIgniter\Session\Handlers\FileHandler' driver.
INFO - 2024-07-25 09:15:59 --> Session: Class initialized using 'CodeIgniter\Session\Handlers\FileHandler' driver.
INFO - 2024-07-25 09:17:11 --> Session: Class initialized using 'CodeIgniter\Session\Handlers\FileHandler' driver.
INFO - 2024-07-25 09:17:12 --> Session: Class initialized using 'CodeIgniter\Session\Handlers\FileHandler' driver.
INFO - 2024-07-25 09:17:12 --> Session: Class initialized using 'CodeIgniter\Session\Handlers\FileHandler' driver.
INFO - 2024-07-25 09:17:12 --> Session: Class initialized using 'CodeIgniter\Session\Handlers\FileHandler' driver.
INFO - 2024-07-25 09:17:12 --> Session: Class initialized using 'CodeIgniter\Session\Handlers\FileHandler' driver.
INFO - 2024-07-25 09:17:12 --> Session: Class initialized using 'CodeIgniter\Session\Handlers\FileHandler' driver.
INFO - 2024-07-25 09:17:12 --> Session: Class initialized using 'CodeIgniter\Session\Handlers\FileHandler' driver.
INFO - 2024-07-25 09:17:40 --> Session: Class initialized using 'CodeIgniter\Session\Handlers\FileHandler' driver.
INFO - 2024-07-25 09:17:41 --> Session: Class initialized using 'CodeIgniter\Session\Handlers\FileHandler' driver.
INFO - 2024-07-25 09:17:41 --> Session: Class initialized using 'CodeIgniter\Session\Handlers\FileHandler' driver.
INFO - 2024-07-25 09:17:41 --> Session: Class initialized using 'CodeIgniter\Session\Handlers\FileHandler' driver.
INFO - 2024-07-25 09:17:41 --> Session: Class initialized using 'CodeIgniter\Session\Handlers\FileHandler' driver.
INFO - 2024-07-25 09:17:41 --> Session: Class initialized using 'CodeIgniter\Session\Handlers\FileHandler' driver.
INFO - 2024-07-25 09:17:41 --> Session: Class initialized using 'CodeIgniter\Session\Handlers\FileHandler' driver.
INFO - 2024-07-25 09:17:48 --> Session: Class initialized using 'CodeIgniter\Session\Handlers\FileHandler' driver.
INFO - 2024-07-25 09:17:49 --> Session: Class initialized using 'CodeIgniter\Session\Handlers\FileHandler' driver.
INFO - 2024-07-25 09:17:49 --> Session: Class initialized using 'CodeIgniter\Session\Handlers\FileHandler' driver.
INFO - 2024-07-25 09:17:49 --> Session: Class initialized using 'CodeIgniter\Session\Handlers\FileHandler' driver.
INFO - 2024-07-25 09:17:49 --> Session: Class initialized using 'CodeIgniter\Session\Handlers\FileHandler' driver.
INFO - 2024-07-25 09:17:49 --> Session: Class initialized using 'CodeIgniter\Session\Handlers\FileHandler' driver.
INFO - 2024-07-25 09:17:49 --> Session: Class initialized using 'CodeIgniter\Session\Handlers\FileHandler' driver.
INFO - 2024-07-25 09:18:03 --> Session: Class initialized using 'CodeIgniter\Session\Handlers\FileHandler' driver.
INFO - 2024-07-25 09:18:04 --> Session: Class initialized using 'CodeIgniter\Session\Handlers\FileHandler' driver.
INFO - 2024-07-25 09:18:04 --> Session: Class initialized using 'CodeIgniter\Session\Handlers\FileHandler' driver.
INFO - 2024-07-25 09:18:04 --> Session: Class initialized using 'CodeIgniter\Session\Handlers\FileHandler' driver.
INFO - 2024-07-25 09:18:04 --> Session: Class initialized using 'CodeIgniter\Session\Handlers\FileHandler' driver.
INFO - 2024-07-25 09:18:04 --> Session: Class initialized using 'CodeIgniter\Session\Handlers\FileHandler' driver.
INFO - 2024-07-25 09:18:04 --> Session: Class initialized using 'CodeIgniter\Session\Handlers\FileHandler' driver.
INFO - 2024-07-25 09:18:14 --> Session: Class initialized using 'CodeIgniter\Session\Handlers\FileHandler' driver.
INFO - 2024-07-25 09:18:15 --> Session: Class initialized using 'CodeIgniter\Session\Handlers\FileHandler' driver.
INFO - 2024-07-25 09:18:15 --> Session: Class initialized using 'CodeIgniter\Session\Handlers\FileHandler' driver.
INFO - 2024-07-25 09:18:15 --> Session: Class initialized using 'CodeIgniter\Session\Handlers\FileHandler' driver.
INFO - 2024-07-25 09:18:15 --> Session: Class initialized using 'CodeIgniter\Session\Handlers\FileHandler' driver.
INFO - 2024-07-25 09:18:15 --> Session: Class initialized using 'CodeIgniter\Session\Handlers\FileHandler' driver.
INFO - 2024-07-25 09:18:15 --> Session: Class initialized using 'CodeIgniter\Session\Handlers\FileHandler' driver.
INFO - 2024-07-25 09:18:31 --> Session: Class initialized using 'CodeIgniter\Session\Handlers\FileHandler' driver.
INFO - 2024-07-25 09:18:31 --> Session: Class initialized using 'CodeIgniter\Session\Handlers\FileHandler' driver.
INFO - 2024-07-25 09:18:31 --> Session: Class initialized using 'CodeIgniter\Session\Handlers\FileHandler' driver.
INFO - 2024-07-25 09:18:31 --> Session: Class initialized using 'CodeIgniter\Session\Handlers\FileHandler' driver.
INFO - 2024-07-25 09:18:52 --> Session: Class initialized using 'CodeIgniter\Session\Handlers\FileHandler' driver.
INFO - 2024-07-25 09:18:53 --> Session: Class initialized using 'CodeIgniter\Session\Handlers\FileHandler' driver.
INFO - 2024-07-25 09:18:53 --> Session: Class initialized using 'CodeIgniter\Session\Handlers\FileHandler' driver.
INFO - 2024-07-25 09:18:53 --> Session: Class initialized using 'CodeIgniter\Session\Handlers\FileHandler' driver.
INFO - 2024-07-25 09:19:06 --> Session: Class initialized using 'CodeIgniter\Session\Handlers\FileHandler' driver.
INFO - 2024-07-25 09:19:07 --> Session: Class initialized using 'CodeIgniter\Session\Handlers\FileHandler' driver.
INFO - 2024-07-25 09:25:13 --> Session: Class initialized using 'CodeIgniter\Session\Handlers\FileHandler' driver.
INFO - 2024-07-25 09:32:14 --> Session: Class initialized using 'CodeIgniter\Session\Handlers\FileHandler' driver.
CRITICAL - 2024-07-25 09:32:14 --> CodeIgniter\HTTP\Exceptions\HTTPException: Could not move file "phpck7Mib" to "/opt/lampp/htdocs/ci/upsiee/writable/uploads/". Reason: 
[Method: POST, Route: boards/products/price-templates/excel/import]
in SYSTEMPATH/HTTP/Files/UploadedFile.php on line 154.
 1 SYSTEMPATH/HTTP/Files/UploadedFile.php(154): CodeIgniter\HTTP\Exceptions\HTTPException::forMoveFailed('phpck7Mib', '/opt/lampp/htdocs/ci/upsiee/writable/uploads/', '')
 2 APPPATH/Controllers/PriceTemplate.php(71): CodeIgniter\HTTP\Files\UploadedFile->move('/opt/lampp/htdocs/ci/upsiee/writable/uploads/', '/opt/lampp/htdocs/ci/upsiee/writable/uploads/1721899934_1cc3b74b7a421e043611.xlsx')
 3 SYSTEMPATH/CodeIgniter.php(933): App\Controllers\PriceTemplate->fImportPriceTemplateExcel()
 4 SYSTEMPATH/CodeIgniter.php(509): CodeIgniter\CodeIgniter->runController(Object(App\Controllers\PriceTemplate))
 5 SYSTEMPATH/CodeIgniter.php(355): CodeIgniter\CodeIgniter->handleRequest(null, Object(Config\Cache), false)
 6 SYSTEMPATH/Boot.php(325): CodeIgniter\CodeIgniter->run()
 7 SYSTEMPATH/Boot.php(67): CodeIgniter\Boot::runCodeIgniter(Object(CodeIgniter\CodeIgniter))
 8 FCPATH/index.php(56): CodeIgniter\Boot::bootWeb(Object(Config\Paths))
INFO - 2024-07-25 10:00:16 --> Session: Class initialized using 'CodeIgniter\Session\Handlers\FileHandler' driver.
INFO - 2024-07-25 10:00:16 --> Session: Class initialized using 'CodeIgniter\Session\Handlers\FileHandler' driver.
INFO - 2024-07-25 10:00:22 --> Session: Class initialized using 'CodeIgniter\Session\Handlers\FileHandler' driver.
INFO - 2024-07-25 10:00:23 --> Session: Class initialized using 'CodeIgniter\Session\Handlers\FileHandler' driver.
INFO - 2024-07-25 10:00:30 --> Session: Class initialized using 'CodeIgniter\Session\Handlers\FileHandler' driver.
CRITICAL - 2024-07-25 10:00:30 --> CodeIgniter\HTTP\Exceptions\HTTPException: Could not move file "phpL2EqMc" to "/opt/lampp/htdocs/ci/upsiee/writable/uploads/". Reason: 
[Method: POST, Route: boards/products/price-templates/excel/import]
in SYSTEMPATH/HTTP/Files/UploadedFile.php on line 154.
 1 SYSTEMPATH/HTTP/Files/UploadedFile.php(154): CodeIgniter\HTTP\Exceptions\HTTPException::forMoveFailed('phpL2EqMc', '/opt/lampp/htdocs/ci/upsiee/writable/uploads/', '')
 2 APPPATH/Controllers/PriceTemplate.php(71): CodeIgniter\HTTP\Files\UploadedFile->move('/opt/lampp/htdocs/ci/upsiee/writable/uploads/', '/opt/lampp/htdocs/ci/upsiee/writable/uploads/1721901630_d0893d19c39c87d2d13b.xlsx')
 3 SYSTEMPATH/CodeIgniter.php(933): App\Controllers\PriceTemplate->fImportPriceTemplateExcel()
 4 SYSTEMPATH/CodeIgniter.php(509): CodeIgniter\CodeIgniter->runController(Object(App\Controllers\PriceTemplate))
 5 SYSTEMPATH/CodeIgniter.php(355): CodeIgniter\CodeIgniter->handleRequest(null, Object(Config\Cache), false)
 6 SYSTEMPATH/Boot.php(325): CodeIgniter\CodeIgniter->run()
 7 SYSTEMPATH/Boot.php(67): CodeIgniter\Boot::runCodeIgniter(Object(CodeIgniter\CodeIgniter))
 8 FCPATH/index.php(56): CodeIgniter\Boot::bootWeb(Object(Config\Paths))
INFO - 2024-07-25 10:07:27 --> Session: Class initialized using 'CodeIgniter\Session\Handlers\FileHandler' driver.
INFO - 2024-07-25 10:07:27 --> Session: Class initialized using 'CodeIgniter\Session\Handlers\FileHandler' driver.
INFO - 2024-07-25 10:07:29 --> Session: Class initialized using 'CodeIgniter\Session\Handlers\FileHandler' driver.
INFO - 2024-07-25 10:07:29 --> Session: Class initialized using 'CodeIgniter\Session\Handlers\FileHandler' driver.
INFO - 2024-07-25 10:07:37 --> Session: Class initialized using 'CodeIgniter\Session\Handlers\FileHandler' driver.
CRITICAL - 2024-07-25 10:07:37 --> ErrorException: Undefined variable $newName
[Method: POST, Route: boards/products/price-templates/excel/import]
in APPPATH/Controllers/PriceTemplate.php on line 72.
 1 APPPATH/Controllers/PriceTemplate.php(72): CodeIgniter\Debug\Exceptions->errorHandler(2, 'Undefined variable $newName', '/opt/lampp/htdocs/ci/upsiee/app/Controllers/PriceTemplate.php', 72)
 2 SYSTEMPATH/CodeIgniter.php(933): App\Controllers\PriceTemplate->fImportPriceTemplateExcel()
 3 SYSTEMPATH/CodeIgniter.php(509): CodeIgniter\CodeIgniter->runController(Object(App\Controllers\PriceTemplate))
 4 SYSTEMPATH/CodeIgniter.php(355): CodeIgniter\CodeIgniter->handleRequest(null, Object(Config\Cache), false)
 5 SYSTEMPATH/Boot.php(325): CodeIgniter\CodeIgniter->run()
 6 SYSTEMPATH/Boot.php(67): CodeIgniter\Boot::runCodeIgniter(Object(CodeIgniter\CodeIgniter))
 7 FCPATH/index.php(56): CodeIgniter\Boot::bootWeb(Object(Config\Paths))
INFO - 2024-07-25 10:08:23 --> Session: Class initialized using 'CodeIgniter\Session\Handlers\FileHandler' driver.
INFO - 2024-07-25 10:08:24 --> Session: Class initialized using 'CodeIgniter\Session\Handlers\FileHandler' driver.
INFO - 2024-07-25 10:08:25 --> Session: Class initialized using 'CodeIgniter\Session\Handlers\FileHandler' driver.
INFO - 2024-07-25 10:08:25 --> Session: Class initialized using 'CodeIgniter\Session\Handlers\FileHandler' driver.
INFO - 2024-07-25 10:08:33 --> Session: Class initialized using 'CodeIgniter\Session\Handlers\FileHandler' driver.
INFO - 2024-07-25 10:09:06 --> Session: Class initialized using 'CodeIgniter\Session\Handlers\FileHandler' driver.
INFO - 2024-07-25 10:56:04 --> Session: Class initialized using 'CodeIgniter\Session\Handlers\FileHandler' driver.
INFO - 2024-07-25 10:56:22 --> Session: Class initialized using 'CodeIgniter\Session\Handlers\FileHandler' driver.
INFO - 2024-07-25 10:56:46 --> Session: Class initialized using 'CodeIgniter\Session\Handlers\FileHandler' driver.
INFO - 2024-07-25 11:18:02 --> Session: Class initialized using 'CodeIgniter\Session\Handlers\FileHandler' driver.
INFO - 2024-07-25 12:28:54 --> Session: Class initialized using 'CodeIgniter\Session\Handlers\FileHandler' driver.
INFO - 2024-07-25 12:29:18 --> Session: Class initialized using 'CodeIgniter\Session\Handlers\FileHandler' driver.
CRITICAL - 2024-07-25 12:29:18 --> ParseError: syntax error, unexpected token ","
[Method: POST, Route: boards/products/price-templates/excel/import]
in APPPATH/Controllers/PriceTemplate.php on line 114.
 1 SYSTEMPATH/Autoloader/Autoloader.php(296): CodeIgniter\Autoloader\Autoloader->includeFile('/opt/lampp/htdocs/ci/upsiee/app/Controllers/PriceTemplate.php')
 2 SYSTEMPATH/Autoloader/Autoloader.php(272): CodeIgniter\Autoloader\Autoloader->loadInNamespace('App\\Controllers\\PriceTemplate')
 3 [internal function]: CodeIgniter\Autoloader\Autoloader->loadClass('App\\Controllers\\PriceTemplate')
 4 SYSTEMPATH/CodeIgniter.php(887): class_exists('\\App\\Controllers\\PriceTemplate', true)
 5 SYSTEMPATH/CodeIgniter.php(496): CodeIgniter\CodeIgniter->startController()
 6 SYSTEMPATH/CodeIgniter.php(355): CodeIgniter\CodeIgniter->handleRequest(null, Object(Config\Cache), false)
 7 SYSTEMPATH/Boot.php(325): CodeIgniter\CodeIgniter->run()
 8 SYSTEMPATH/Boot.php(67): CodeIgniter\Boot::runCodeIgniter(Object(CodeIgniter\CodeIgniter))
 9 FCPATH/index.php(56): CodeIgniter\Boot::bootWeb(Object(Config\Paths))
INFO - 2024-07-25 12:29:36 --> Session: Class initialized using 'CodeIgniter\Session\Handlers\FileHandler' driver.
INFO - 2024-07-25 12:30:42 --> Session: Class initialized using 'CodeIgniter\Session\Handlers\FileHandler' driver.
INFO - 2024-07-25 12:40:07 --> Session: Class initialized using 'CodeIgniter\Session\Handlers\FileHandler' driver.
INFO - 2024-07-25 13:09:26 --> Session: Class initialized using 'CodeIgniter\Session\Handlers\FileHandler' driver.
INFO - 2024-07-25 13:16:25 --> Session: Class initialized using 'CodeIgniter\Session\Handlers\FileHandler' driver.
CRITICAL - 2024-07-25 13:16:25 --> ErrorException: Cannot use [] for reading
[Method: GET, Route: boards/products/price-templates]
in APPPATH/Controllers/PriceTemplate.php on line 117.
 1 [internal function]: CodeIgniter\Debug\Exceptions->shutdownHandler()
INFO - 2024-07-25 13:16:39 --> Session: Class initialized using 'CodeIgniter\Session\Handlers\FileHandler' driver.
INFO - 2024-07-25 13:16:40 --> Session: Class initialized using 'CodeIgniter\Session\Handlers\FileHandler' driver.
CRITICAL - 2024-07-25 13:16:40 --> ErrorException: Undefined array key "product_name"
[Method: GET, Route: boards/products/price-templates/getTemplateList/1]
in APPPATH/Views/products/price-templates/list.php on line 20.
 1 APPPATH/Views/products/price-templates/list.php(20): CodeIgniter\Debug\Exceptions->errorHandler(2, 'Undefined array key "product_name"', '/opt/lampp/htdocs/ci/upsiee/app/Views/products/price-templates/list.php', 20)
 2 SYSTEMPATH/View/View.php(234): include('/opt/lampp/htdocs/ci/upsiee/app/Views/products/price-templates/list.php')
 3 SYSTEMPATH/View/View.php(237): CodeIgniter\View\View->CodeIgniter\View\{closure}()
 4 SYSTEMPATH/Common.php(1171): CodeIgniter\View\View->render('products/price-templates/list', [], true)
 5 APPPATH/Controllers/PriceTemplate.php(58): view('products/price-templates/list', [...])
 6 SYSTEMPATH/CodeIgniter.php(933): App\Controllers\PriceTemplate->fGetPriceTemplatesList('1')
 7 SYSTEMPATH/CodeIgniter.php(509): CodeIgniter\CodeIgniter->runController(Object(App\Controllers\PriceTemplate))
 8 SYSTEMPATH/CodeIgniter.php(355): CodeIgniter\CodeIgniter->handleRequest(null, Object(Config\Cache), false)
 9 SYSTEMPATH/Boot.php(325): CodeIgniter\CodeIgniter->run()
10 SYSTEMPATH/Boot.php(67): CodeIgniter\Boot::runCodeIgniter(Object(CodeIgniter\CodeIgniter))
11 FCPATH/index.php(56): CodeIgniter\Boot::bootWeb(Object(Config\Paths))
INFO - 2024-07-25 13:16:54 --> Session: Class initialized using 'CodeIgniter\Session\Handlers\FileHandler' driver.
INFO - 2024-07-25 13:17:09 --> Session: Class initialized using 'CodeIgniter\Session\Handlers\FileHandler' driver.
INFO - 2024-07-25 13:30:57 --> Session: Class initialized using 'CodeIgniter\Session\Handlers\FileHandler' driver.
CRITICAL - 2024-07-25 13:30:57 --> ErrorException: Cannot use [] for reading
[Method: POST, Route: boards/products/price-templates/excel/import]
in APPPATH/Controllers/PriceTemplate.php on line 115.
 1 [internal function]: CodeIgniter\Debug\Exceptions->shutdownHandler()
INFO - 2024-07-25 13:31:20 --> Session: Class initialized using 'CodeIgniter\Session\Handlers\FileHandler' driver.
INFO - 2024-07-25 13:31:20 --> Session: Class initialized using 'CodeIgniter\Session\Handlers\FileHandler' driver.
INFO - 2024-07-25 13:31:21 --> Session: Class initialized using 'CodeIgniter\Session\Handlers\FileHandler' driver.
CRITICAL - 2024-07-25 13:31:21 --> ErrorException: Undefined array key "product_name"
[Method: GET, Route: boards/products/price-templates/getTemplateList/1]
in APPPATH/Views/products/price-templates/list.php on line 20.
 1 APPPATH/Views/products/price-templates/list.php(20): CodeIgniter\Debug\Exceptions->errorHandler(2, 'Undefined array key "product_name"', '/opt/lampp/htdocs/ci/upsiee/app/Views/products/price-templates/list.php', 20)
 2 SYSTEMPATH/View/View.php(234): include('/opt/lampp/htdocs/ci/upsiee/app/Views/products/price-templates/list.php')
 3 SYSTEMPATH/View/View.php(237): CodeIgniter\View\View->CodeIgniter\View\{closure}()
 4 SYSTEMPATH/Common.php(1171): CodeIgniter\View\View->render('products/price-templates/list', [], true)
 5 APPPATH/Controllers/PriceTemplate.php(58): view('products/price-templates/list', [...])
 6 SYSTEMPATH/CodeIgniter.php(933): App\Controllers\PriceTemplate->fGetPriceTemplatesList('1')
 7 SYSTEMPATH/CodeIgniter.php(509): CodeIgniter\CodeIgniter->runController(Object(App\Controllers\PriceTemplate))
 8 SYSTEMPATH/CodeIgniter.php(355): CodeIgniter\CodeIgniter->handleRequest(null, Object(Config\Cache), false)
 9 SYSTEMPATH/Boot.php(325): CodeIgniter\CodeIgniter->run()
10 SYSTEMPATH/Boot.php(67): CodeIgniter\Boot::runCodeIgniter(Object(CodeIgniter\CodeIgniter))
11 FCPATH/index.php(56): CodeIgniter\Boot::bootWeb(Object(Config\Paths))
INFO - 2024-07-25 13:33:26 --> Session: Class initialized using 'CodeIgniter\Session\Handlers\FileHandler' driver.
INFO - 2024-07-25 13:33:26 --> Session: Class initialized using 'CodeIgniter\Session\Handlers\FileHandler' driver.
INFO - 2024-07-25 13:33:26 --> Session: Class initialized using 'CodeIgniter\Session\Handlers\FileHandler' driver.
CRITICAL - 2024-07-25 13:33:26 --> ErrorException: Undefined array key "product_name"
[Method: GET, Route: boards/products/price-templates/getTemplateList/1]
in APPPATH/Views/products/price-templates/list.php on line 20.
 1 APPPATH/Views/products/price-templates/list.php(20): CodeIgniter\Debug\Exceptions->errorHandler(2, 'Undefined array key "product_name"', '/opt/lampp/htdocs/ci/upsiee/app/Views/products/price-templates/list.php', 20)
 2 SYSTEMPATH/View/View.php(234): include('/opt/lampp/htdocs/ci/upsiee/app/Views/products/price-templates/list.php')
 3 SYSTEMPATH/View/View.php(237): CodeIgniter\View\View->CodeIgniter\View\{closure}()
 4 SYSTEMPATH/Common.php(1171): CodeIgniter\View\View->render('products/price-templates/list', [], true)
 5 APPPATH/Controllers/PriceTemplate.php(58): view('products/price-templates/list', [...])
 6 SYSTEMPATH/CodeIgniter.php(933): App\Controllers\PriceTemplate->fGetPriceTemplatesList('1')
 7 SYSTEMPATH/CodeIgniter.php(509): CodeIgniter\CodeIgniter->runController(Object(App\Controllers\PriceTemplate))
 8 SYSTEMPATH/CodeIgniter.php(355): CodeIgniter\CodeIgniter->handleRequest(null, Object(Config\Cache), false)
 9 SYSTEMPATH/Boot.php(325): CodeIgniter\CodeIgniter->run()
10 SYSTEMPATH/Boot.php(67): CodeIgniter\Boot::runCodeIgniter(Object(CodeIgniter\CodeIgniter))
11 FCPATH/index.php(56): CodeIgniter\Boot::bootWeb(Object(Config\Paths))
INFO - 2024-07-25 13:44:05 --> Session: Class initialized using 'CodeIgniter\Session\Handlers\FileHandler' driver.
INFO - 2024-07-25 13:44:05 --> Session: Class initialized using 'CodeIgniter\Session\Handlers\FileHandler' driver.
INFO - 2024-07-25 13:44:57 --> Session: Class initialized using 'CodeIgniter\Session\Handlers\FileHandler' driver.
INFO - 2024-07-25 13:44:57 --> Session: Class initialized using 'CodeIgniter\Session\Handlers\FileHandler' driver.
INFO - 2024-07-25 13:45:03 --> Session: Class initialized using 'CodeIgniter\Session\Handlers\FileHandler' driver.
INFO - 2024-07-25 13:45:04 --> Session: Class initialized using 'CodeIgniter\Session\Handlers\FileHandler' driver.
INFO - 2024-07-25 13:45:57 --> Session: Class initialized using 'CodeIgniter\Session\Handlers\FileHandler' driver.
INFO - 2024-07-25 13:45:57 --> Session: Class initialized using 'CodeIgniter\Session\Handlers\FileHandler' driver.
INFO - 2024-07-25 13:46:41 --> Session: Class initialized using 'CodeIgniter\Session\Handlers\FileHandler' driver.
INFO - 2024-07-25 13:46:41 --> Session: Class initialized using 'CodeIgniter\Session\Handlers\FileHandler' driver.
INFO - 2024-07-25 13:47:01 --> Session: Class initialized using 'CodeIgniter\Session\Handlers\FileHandler' driver.
INFO - 2024-07-25 13:47:02 --> Session: Class initialized using 'CodeIgniter\Session\Handlers\FileHandler' driver.
INFO - 2024-07-25 13:47:14 --> Session: Class initialized using 'CodeIgniter\Session\Handlers\FileHandler' driver.
INFO - 2024-07-25 13:47:15 --> Session: Class initialized using 'CodeIgniter\Session\Handlers\FileHandler' driver.
INFO - 2024-07-25 13:47:26 --> Session: Class initialized using 'CodeIgniter\Session\Handlers\FileHandler' driver.
INFO - 2024-07-25 13:47:30 --> Session: Class initialized using 'CodeIgniter\Session\Handlers\FileHandler' driver.
INFO - 2024-07-25 13:47:33 --> Session: Class initialized using 'CodeIgniter\Session\Handlers\FileHandler' driver.
INFO - 2024-07-25 13:47:37 --> Session: Class initialized using 'CodeIgniter\Session\Handlers\FileHandler' driver.
INFO - 2024-07-25 13:47:38 --> Session: Class initialized using 'CodeIgniter\Session\Handlers\FileHandler' driver.
INFO - 2024-07-25 13:47:40 --> Session: Class initialized using 'CodeIgniter\Session\Handlers\FileHandler' driver.
INFO - 2024-07-25 13:47:41 --> Session: Class initialized using 'CodeIgniter\Session\Handlers\FileHandler' driver.
INFO - 2024-07-25 13:47:41 --> Session: Class initialized using 'CodeIgniter\Session\Handlers\FileHandler' driver.
INFO - 2024-07-25 13:47:42 --> Session: Class initialized using 'CodeIgniter\Session\Handlers\FileHandler' driver.
INFO - 2024-07-25 13:47:47 --> Session: Class initialized using 'CodeIgniter\Session\Handlers\FileHandler' driver.
ERROR - 2024-07-25 13:47:47 --> mysqli_sql_exception: Unknown column 'product_name' in 'where clause' in /opt/lampp/htdocs/ci/upsiee/system/Database/MySQLi/Connection.php:310
Stack trace:
#0 /opt/lampp/htdocs/ci/upsiee/system/Database/MySQLi/Connection.php(310): mysqli->query('SELECT *\nFROM `...', 0)
#1 /opt/lampp/htdocs/ci/upsiee/system/Database/BaseConnection.php(732): CodeIgniter\Database\MySQLi\Connection->execute('SELECT *\nFROM `...')
#2 /opt/lampp/htdocs/ci/upsiee/system/Database/BaseConnection.php(646): CodeIgniter\Database\BaseConnection->simpleQuery('SELECT *\nFROM `...')
#3 /opt/lampp/htdocs/ci/upsiee/system/Database/BaseBuilder.php(1637): CodeIgniter\Database\BaseConnection->query('SELECT *\nFROM `...', Array, false)
#4 /opt/lampp/htdocs/ci/upsiee/system/Model.php(286): CodeIgniter\Database\BaseBuilder->get()
#5 /opt/lampp/htdocs/ci/upsiee/system/BaseModel.php(676): CodeIgniter\Model->doFindAll(10, 0)
#6 /opt/lampp/htdocs/ci/upsiee/app/Controllers/PriceTemplate.php(43): CodeIgniter\BaseModel->findAll(10, 0)
#7 /opt/lampp/htdocs/ci/upsiee/system/CodeIgniter.php(933): App\Controllers\PriceTemplate->fGetPriceTemplatesList('1')
#8 /opt/lampp/htdocs/ci/upsiee/system/CodeIgniter.php(509): CodeIgniter\CodeIgniter->runController(Object(App\Controllers\PriceTemplate))
#9 /opt/lampp/htdocs/ci/upsiee/system/CodeIgniter.php(355): CodeIgniter\CodeIgniter->handleRequest(NULL, Object(Config\Cache), false)
#10 /opt/lampp/htdocs/ci/upsiee/system/Boot.php(325): CodeIgniter\CodeIgniter->run()
#11 /opt/lampp/htdocs/ci/upsiee/system/Boot.php(67): CodeIgniter\Boot::runCodeIgniter(Object(CodeIgniter\CodeIgniter))
#12 /opt/lampp/htdocs/ci/upsiee/index.php(56): CodeIgniter\Boot::bootWeb(Object(Config\Paths))
#13 {main}
CRITICAL - 2024-07-25 13:47:47 --> CodeIgniter\Database\Exceptions\DatabaseException: Unknown column 'product_name' in 'where clause'
[Method: GET, Route: boards/products/price-templates/getTemplateList/1]
in SYSTEMPATH/Database/BaseConnection.php on line 686.
 1 SYSTEMPATH/Database/BaseBuilder.php(1637): CodeIgniter\Database\BaseConnection->query('SELECT *
FROM `upsiee_price_templates`
WHERE   (
`product_name` LIKE :product_name: ESCAPE \'!\'
OR  `starting_price` LIKE :starting_price: ESCAPE \'!\'
 )
AND `is_active` IN :is_active:
ORDER BY `id` DESC
 LIMIT 10', [...], false)
 2 SYSTEMPATH/Model.php(286): CodeIgniter\Database\BaseBuilder->get()
 3 SYSTEMPATH/BaseModel.php(676): CodeIgniter\Model->doFindAll(10, 0)
 4 APPPATH/Controllers/PriceTemplate.php(43): CodeIgniter\BaseModel->findAll(10, 0)
 5 SYSTEMPATH/CodeIgniter.php(933): App\Controllers\PriceTemplate->fGetPriceTemplatesList('1')
 6 SYSTEMPATH/CodeIgniter.php(509): CodeIgniter\CodeIgniter->runController(Object(App\Controllers\PriceTemplate))
 7 SYSTEMPATH/CodeIgniter.php(355): CodeIgniter\CodeIgniter->handleRequest(null, Object(Config\Cache), false)
 8 SYSTEMPATH/Boot.php(325): CodeIgniter\CodeIgniter->run()
 9 SYSTEMPATH/Boot.php(67): CodeIgniter\Boot::runCodeIgniter(Object(CodeIgniter\CodeIgniter))
10 FCPATH/index.php(56): CodeIgniter\Boot::bootWeb(Object(Config\Paths))
CRITICAL - 2024-07-25 13:47:47 --> [Caused by] CodeIgniter\Database\Exceptions\DatabaseException: Unknown column 'product_name' in 'where clause'
in SYSTEMPATH/Database/MySQLi/Connection.php on line 315.
 1 SYSTEMPATH/Database/BaseConnection.php(732): CodeIgniter\Database\MySQLi\Connection->execute('SELECT *
FROM `upsiee_price_templates`
WHERE   (
`product_name` LIKE \'%m%\' ESCAPE \'!\'
OR  `starting_price` LIKE \'%m%\' ESCAPE \'!\'
 )
AND `is_active` IN (0,1)
ORDER BY `id` DESC
 LIMIT 10')
 2 SYSTEMPATH/Database/BaseConnection.php(646): CodeIgniter\Database\BaseConnection->simpleQuery('SELECT *
FROM `upsiee_price_templates`
WHERE   (
`product_name` LIKE \'%m%\' ESCAPE \'!\'
OR  `starting_price` LIKE \'%m%\' ESCAPE \'!\'
 )
AND `is_active` IN (0,1)
ORDER BY `id` DESC
 LIMIT 10')
 3 SYSTEMPATH/Database/BaseBuilder.php(1637): CodeIgniter\Database\BaseConnection->query('SELECT *
FROM `upsiee_price_templates`
WHERE   (
`product_name` LIKE :product_name: ESCAPE \'!\'
OR  `starting_price` LIKE :starting_price: ESCAPE \'!\'
 )
AND `is_active` IN :is_active:
ORDER BY `id` DESC
 LIMIT 10', [...], false)
 4 SYSTEMPATH/Model.php(286): CodeIgniter\Database\BaseBuilder->get()
 5 SYSTEMPATH/BaseModel.php(676): CodeIgniter\Model->doFindAll(10, 0)
 6 APPPATH/Controllers/PriceTemplate.php(43): CodeIgniter\BaseModel->findAll(10, 0)
 7 SYSTEMPATH/CodeIgniter.php(933): App\Controllers\PriceTemplate->fGetPriceTemplatesList('1')
 8 SYSTEMPATH/CodeIgniter.php(509): CodeIgniter\CodeIgniter->runController(Object(App\Controllers\PriceTemplate))
 9 SYSTEMPATH/CodeIgniter.php(355): CodeIgniter\CodeIgniter->handleRequest(null, Object(Config\Cache), false)
10 SYSTEMPATH/Boot.php(325): CodeIgniter\CodeIgniter->run()
11 SYSTEMPATH/Boot.php(67): CodeIgniter\Boot::runCodeIgniter(Object(CodeIgniter\CodeIgniter))
12 FCPATH/index.php(56): CodeIgniter\Boot::bootWeb(Object(Config\Paths))
CRITICAL - 2024-07-25 13:47:47 --> [Caused by] mysqli_sql_exception: Unknown column 'product_name' in 'where clause'
in SYSTEMPATH/Database/MySQLi/Connection.php on line 310.
 1 SYSTEMPATH/Database/MySQLi/Connection.php(310): mysqli->query('SELECT *
FROM `upsiee_price_templates`
WHERE   (
`product_name` LIKE \'%m%\' ESCAPE \'!\'
OR  `starting_price` LIKE \'%m%\' ESCAPE \'!\'
 )
AND `is_active` IN (0,1)
ORDER BY `id` DESC
 LIMIT 10', 0)
 2 SYSTEMPATH/Database/BaseConnection.php(732): CodeIgniter\Database\MySQLi\Connection->execute('SELECT *
FROM `upsiee_price_templates`
WHERE   (
`product_name` LIKE \'%m%\' ESCAPE \'!\'
OR  `starting_price` LIKE \'%m%\' ESCAPE \'!\'
 )
AND `is_active` IN (0,1)
ORDER BY `id` DESC
 LIMIT 10')
 3 SYSTEMPATH/Database/BaseConnection.php(646): CodeIgniter\Database\BaseConnection->simpleQuery('SELECT *
FROM `upsiee_price_templates`
WHERE   (
`product_name` LIKE \'%m%\' ESCAPE \'!\'
OR  `starting_price` LIKE \'%m%\' ESCAPE \'!\'
 )
AND `is_active` IN (0,1)
ORDER BY `id` DESC
 LIMIT 10')
 4 SYSTEMPATH/Database/BaseBuilder.php(1637): CodeIgniter\Database\BaseConnection->query('SELECT *
FROM `upsiee_price_templates`
WHERE   (
`product_name` LIKE :product_name: ESCAPE \'!\'
OR  `starting_price` LIKE :starting_price: ESCAPE \'!\'
 )
AND `is_active` IN :is_active:
ORDER BY `id` DESC
 LIMIT 10', [...], false)
 5 SYSTEMPATH/Model.php(286): CodeIgniter\Database\BaseBuilder->get()
 6 SYSTEMPATH/BaseModel.php(676): CodeIgniter\Model->doFindAll(10, 0)
 7 APPPATH/Controllers/PriceTemplate.php(43): CodeIgniter\BaseModel->findAll(10, 0)
 8 SYSTEMPATH/CodeIgniter.php(933): App\Controllers\PriceTemplate->fGetPriceTemplatesList('1')
 9 SYSTEMPATH/CodeIgniter.php(509): CodeIgniter\CodeIgniter->runController(Object(App\Controllers\PriceTemplate))
10 SYSTEMPATH/CodeIgniter.php(355): CodeIgniter\CodeIgniter->handleRequest(null, Object(Config\Cache), false)
11 SYSTEMPATH/Boot.php(325): CodeIgniter\CodeIgniter->run()
12 SYSTEMPATH/Boot.php(67): CodeIgniter\Boot::runCodeIgniter(Object(CodeIgniter\CodeIgniter))
13 FCPATH/index.php(56): CodeIgniter\Boot::bootWeb(Object(Config\Paths))
INFO - 2024-07-25 13:47:47 --> Session: Class initialized using 'CodeIgniter\Session\Handlers\FileHandler' driver.
ERROR - 2024-07-25 13:47:47 --> mysqli_sql_exception: Unknown column 'product_name' in 'where clause' in /opt/lampp/htdocs/ci/upsiee/system/Database/MySQLi/Connection.php:310
Stack trace:
#0 /opt/lampp/htdocs/ci/upsiee/system/Database/MySQLi/Connection.php(310): mysqli->query('SELECT *\nFROM `...', 0)
#1 /opt/lampp/htdocs/ci/upsiee/system/Database/BaseConnection.php(732): CodeIgniter\Database\MySQLi\Connection->execute('SELECT *\nFROM `...')
#2 /opt/lampp/htdocs/ci/upsiee/system/Database/BaseConnection.php(646): CodeIgniter\Database\BaseConnection->simpleQuery('SELECT *\nFROM `...')
#3 /opt/lampp/htdocs/ci/upsiee/system/Database/BaseBuilder.php(1637): CodeIgniter\Database\BaseConnection->query('SELECT *\nFROM `...', Array, false)
#4 /opt/lampp/htdocs/ci/upsiee/system/Model.php(286): CodeIgniter\Database\BaseBuilder->get()
#5 /opt/lampp/htdocs/ci/upsiee/system/BaseModel.php(676): CodeIgniter\Model->doFindAll(10, 0)
#6 /opt/lampp/htdocs/ci/upsiee/app/Controllers/PriceTemplate.php(43): CodeIgniter\BaseModel->findAll(10, 0)
#7 /opt/lampp/htdocs/ci/upsiee/system/CodeIgniter.php(933): App\Controllers\PriceTemplate->fGetPriceTemplatesList('1')
#8 /opt/lampp/htdocs/ci/upsiee/system/CodeIgniter.php(509): CodeIgniter\CodeIgniter->runController(Object(App\Controllers\PriceTemplate))
#9 /opt/lampp/htdocs/ci/upsiee/system/CodeIgniter.php(355): CodeIgniter\CodeIgniter->handleRequest(NULL, Object(Config\Cache), false)
#10 /opt/lampp/htdocs/ci/upsiee/system/Boot.php(325): CodeIgniter\CodeIgniter->run()
#11 /opt/lampp/htdocs/ci/upsiee/system/Boot.php(67): CodeIgniter\Boot::runCodeIgniter(Object(CodeIgniter\CodeIgniter))
#12 /opt/lampp/htdocs/ci/upsiee/index.php(56): CodeIgniter\Boot::bootWeb(Object(Config\Paths))
#13 {main}
CRITICAL - 2024-07-25 13:47:47 --> CodeIgniter\Database\Exceptions\DatabaseException: Unknown column 'product_name' in 'where clause'
[Method: GET, Route: boards/products/price-templates/getTemplateList/1]
in SYSTEMPATH/Database/BaseConnection.php on line 686.
 1 SYSTEMPATH/Database/BaseBuilder.php(1637): CodeIgniter\Database\BaseConnection->query('SELECT *
FROM `upsiee_price_templates`
WHERE   (
`product_name` LIKE :product_name: ESCAPE \'!\'
OR  `starting_price` LIKE :starting_price: ESCAPE \'!\'
 )
AND `is_active` IN :is_active:
ORDER BY `id` DESC
 LIMIT 10', [...], false)
 2 SYSTEMPATH/Model.php(286): CodeIgniter\Database\BaseBuilder->get()
 3 SYSTEMPATH/BaseModel.php(676): CodeIgniter\Model->doFindAll(10, 0)
 4 APPPATH/Controllers/PriceTemplate.php(43): CodeIgniter\BaseModel->findAll(10, 0)
 5 SYSTEMPATH/CodeIgniter.php(933): App\Controllers\PriceTemplate->fGetPriceTemplatesList('1')
 6 SYSTEMPATH/CodeIgniter.php(509): CodeIgniter\CodeIgniter->runController(Object(App\Controllers\PriceTemplate))
 7 SYSTEMPATH/CodeIgniter.php(355): CodeIgniter\CodeIgniter->handleRequest(null, Object(Config\Cache), false)
 8 SYSTEMPATH/Boot.php(325): CodeIgniter\CodeIgniter->run()
 9 SYSTEMPATH/Boot.php(67): CodeIgniter\Boot::runCodeIgniter(Object(CodeIgniter\CodeIgniter))
10 FCPATH/index.php(56): CodeIgniter\Boot::bootWeb(Object(Config\Paths))
CRITICAL - 2024-07-25 13:47:47 --> [Caused by] CodeIgniter\Database\Exceptions\DatabaseException: Unknown column 'product_name' in 'where clause'
in SYSTEMPATH/Database/MySQLi/Connection.php on line 315.
 1 SYSTEMPATH/Database/BaseConnection.php(732): CodeIgniter\Database\MySQLi\Connection->execute('SELECT *
FROM `upsiee_price_templates`
WHERE   (
`product_name` LIKE \'%ma%\' ESCAPE \'!\'
OR  `starting_price` LIKE \'%ma%\' ESCAPE \'!\'
 )
AND `is_active` IN (0,1)
ORDER BY `id` DESC
 LIMIT 10')
 2 SYSTEMPATH/Database/BaseConnection.php(646): CodeIgniter\Database\BaseConnection->simpleQuery('SELECT *
FROM `upsiee_price_templates`
WHERE   (
`product_name` LIKE \'%ma%\' ESCAPE \'!\'
OR  `starting_price` LIKE \'%ma%\' ESCAPE \'!\'
 )
AND `is_active` IN (0,1)
ORDER BY `id` DESC
 LIMIT 10')
 3 SYSTEMPATH/Database/BaseBuilder.php(1637): CodeIgniter\Database\BaseConnection->query('SELECT *
FROM `upsiee_price_templates`
WHERE   (
`product_name` LIKE :product_name: ESCAPE \'!\'
OR  `starting_price` LIKE :starting_price: ESCAPE \'!\'
 )
AND `is_active` IN :is_active:
ORDER BY `id` DESC
 LIMIT 10', [...], false)
 4 SYSTEMPATH/Model.php(286): CodeIgniter\Database\BaseBuilder->get()
 5 SYSTEMPATH/BaseModel.php(676): CodeIgniter\Model->doFindAll(10, 0)
 6 APPPATH/Controllers/PriceTemplate.php(43): CodeIgniter\BaseModel->findAll(10, 0)
 7 SYSTEMPATH/CodeIgniter.php(933): App\Controllers\PriceTemplate->fGetPriceTemplatesList('1')
 8 SYSTEMPATH/CodeIgniter.php(509): CodeIgniter\CodeIgniter->runController(Object(App\Controllers\PriceTemplate))
 9 SYSTEMPATH/CodeIgniter.php(355): CodeIgniter\CodeIgniter->handleRequest(null, Object(Config\Cache), false)
10 SYSTEMPATH/Boot.php(325): CodeIgniter\CodeIgniter->run()
11 SYSTEMPATH/Boot.php(67): CodeIgniter\Boot::runCodeIgniter(Object(CodeIgniter\CodeIgniter))
12 FCPATH/index.php(56): CodeIgniter\Boot::bootWeb(Object(Config\Paths))
CRITICAL - 2024-07-25 13:47:47 --> [Caused by] mysqli_sql_exception: Unknown column 'product_name' in 'where clause'
in SYSTEMPATH/Database/MySQLi/Connection.php on line 310.
 1 SYSTEMPATH/Database/MySQLi/Connection.php(310): mysqli->query('SELECT *
FROM `upsiee_price_templates`
WHERE   (
`product_name` LIKE \'%ma%\' ESCAPE \'!\'
OR  `starting_price` LIKE \'%ma%\' ESCAPE \'!\'
 )
AND `is_active` IN (0,1)
ORDER BY `id` DESC
 LIMIT 10', 0)
 2 SYSTEMPATH/Database/BaseConnection.php(732): CodeIgniter\Database\MySQLi\Connection->execute('SELECT *
FROM `upsiee_price_templates`
WHERE   (
`product_name` LIKE \'%ma%\' ESCAPE \'!\'
OR  `starting_price` LIKE \'%ma%\' ESCAPE \'!\'
 )
AND `is_active` IN (0,1)
ORDER BY `id` DESC
 LIMIT 10')
 3 SYSTEMPATH/Database/BaseConnection.php(646): CodeIgniter\Database\BaseConnection->simpleQuery('SELECT *
FROM `upsiee_price_templates`
WHERE   (
`product_name` LIKE \'%ma%\' ESCAPE \'!\'
OR  `starting_price` LIKE \'%ma%\' ESCAPE \'!\'
 )
AND `is_active` IN (0,1)
ORDER BY `id` DESC
 LIMIT 10')
 4 SYSTEMPATH/Database/BaseBuilder.php(1637): CodeIgniter\Database\BaseConnection->query('SELECT *
FROM `upsiee_price_templates`
WHERE   (
`product_name` LIKE :product_name: ESCAPE \'!\'
OR  `starting_price` LIKE :starting_price: ESCAPE \'!\'
 )
AND `is_active` IN :is_active:
ORDER BY `id` DESC
 LIMIT 10', [...], false)
 5 SYSTEMPATH/Model.php(286): CodeIgniter\Database\BaseBuilder->get()
 6 SYSTEMPATH/BaseModel.php(676): CodeIgniter\Model->doFindAll(10, 0)
 7 APPPATH/Controllers/PriceTemplate.php(43): CodeIgniter\BaseModel->findAll(10, 0)
 8 SYSTEMPATH/CodeIgniter.php(933): App\Controllers\PriceTemplate->fGetPriceTemplatesList('1')
 9 SYSTEMPATH/CodeIgniter.php(509): CodeIgniter\CodeIgniter->runController(Object(App\Controllers\PriceTemplate))
10 SYSTEMPATH/CodeIgniter.php(355): CodeIgniter\CodeIgniter->handleRequest(null, Object(Config\Cache), false)
11 SYSTEMPATH/Boot.php(325): CodeIgniter\CodeIgniter->run()
12 SYSTEMPATH/Boot.php(67): CodeIgniter\Boot::runCodeIgniter(Object(CodeIgniter\CodeIgniter))
13 FCPATH/index.php(56): CodeIgniter\Boot::bootWeb(Object(Config\Paths))
INFO - 2024-07-25 13:47:48 --> Session: Class initialized using 'CodeIgniter\Session\Handlers\FileHandler' driver.
ERROR - 2024-07-25 13:47:49 --> mysqli_sql_exception: Unknown column 'product_name' in 'where clause' in /opt/lampp/htdocs/ci/upsiee/system/Database/MySQLi/Connection.php:310
Stack trace:
#0 /opt/lampp/htdocs/ci/upsiee/system/Database/MySQLi/Connection.php(310): mysqli->query('SELECT *\nFROM `...', 0)
#1 /opt/lampp/htdocs/ci/upsiee/system/Database/BaseConnection.php(732): CodeIgniter\Database\MySQLi\Connection->execute('SELECT *\nFROM `...')
#2 /opt/lampp/htdocs/ci/upsiee/system/Database/BaseConnection.php(646): CodeIgniter\Database\BaseConnection->simpleQuery('SELECT *\nFROM `...')
#3 /opt/lampp/htdocs/ci/upsiee/system/Database/BaseBuilder.php(1637): CodeIgniter\Database\BaseConnection->query('SELECT *\nFROM `...', Array, false)
#4 /opt/lampp/htdocs/ci/upsiee/system/Model.php(286): CodeIgniter\Database\BaseBuilder->get()
#5 /opt/lampp/htdocs/ci/upsiee/system/BaseModel.php(676): CodeIgniter\Model->doFindAll(10, 0)
#6 /opt/lampp/htdocs/ci/upsiee/app/Controllers/PriceTemplate.php(43): CodeIgniter\BaseModel->findAll(10, 0)
#7 /opt/lampp/htdocs/ci/upsiee/system/CodeIgniter.php(933): App\Controllers\PriceTemplate->fGetPriceTemplatesList('1')
#8 /opt/lampp/htdocs/ci/upsiee/system/CodeIgniter.php(509): CodeIgniter\CodeIgniter->runController(Object(App\Controllers\PriceTemplate))
#9 /opt/lampp/htdocs/ci/upsiee/system/CodeIgniter.php(355): CodeIgniter\CodeIgniter->handleRequest(NULL, Object(Config\Cache), false)
#10 /opt/lampp/htdocs/ci/upsiee/system/Boot.php(325): CodeIgniter\CodeIgniter->run()
#11 /opt/lampp/htdocs/ci/upsiee/system/Boot.php(67): CodeIgniter\Boot::runCodeIgniter(Object(CodeIgniter\CodeIgniter))
#12 /opt/lampp/htdocs/ci/upsiee/index.php(56): CodeIgniter\Boot::bootWeb(Object(Config\Paths))
#13 {main}
CRITICAL - 2024-07-25 13:47:49 --> CodeIgniter\Database\Exceptions\DatabaseException: Unknown column 'product_name' in 'where clause'
[Method: GET, Route: boards/products/price-templates/getTemplateList/1]
in SYSTEMPATH/Database/BaseConnection.php on line 686.
 1 SYSTEMPATH/Database/BaseBuilder.php(1637): CodeIgniter\Database\BaseConnection->query('SELECT *
FROM `upsiee_price_templates`
WHERE   (
`product_name` LIKE :product_name: ESCAPE \'!\'
OR  `starting_price` LIKE :starting_price: ESCAPE \'!\'
 )
AND `is_active` IN :is_active:
ORDER BY `id` DESC
 LIMIT 10', [...], false)
 2 SYSTEMPATH/Model.php(286): CodeIgniter\Database\BaseBuilder->get()
 3 SYSTEMPATH/BaseModel.php(676): CodeIgniter\Model->doFindAll(10, 0)
 4 APPPATH/Controllers/PriceTemplate.php(43): CodeIgniter\BaseModel->findAll(10, 0)
 5 SYSTEMPATH/CodeIgniter.php(933): App\Controllers\PriceTemplate->fGetPriceTemplatesList('1')
 6 SYSTEMPATH/CodeIgniter.php(509): CodeIgniter\CodeIgniter->runController(Object(App\Controllers\PriceTemplate))
 7 SYSTEMPATH/CodeIgniter.php(355): CodeIgniter\CodeIgniter->handleRequest(null, Object(Config\Cache), false)
 8 SYSTEMPATH/Boot.php(325): CodeIgniter\CodeIgniter->run()
 9 SYSTEMPATH/Boot.php(67): CodeIgniter\Boot::runCodeIgniter(Object(CodeIgniter\CodeIgniter))
10 FCPATH/index.php(56): CodeIgniter\Boot::bootWeb(Object(Config\Paths))
CRITICAL - 2024-07-25 13:47:49 --> [Caused by] CodeIgniter\Database\Exceptions\DatabaseException: Unknown column 'product_name' in 'where clause'
in SYSTEMPATH/Database/MySQLi/Connection.php on line 315.
 1 SYSTEMPATH/Database/BaseConnection.php(732): CodeIgniter\Database\MySQLi\Connection->execute('SELECT *
FROM `upsiee_price_templates`
WHERE   (
`product_name` LIKE \'%maj%\' ESCAPE \'!\'
OR  `starting_price` LIKE \'%maj%\' ESCAPE \'!\'
 )
AND `is_active` IN (0,1)
ORDER BY `id` DESC
 LIMIT 10')
 2 SYSTEMPATH/Database/BaseConnection.php(646): CodeIgniter\Database\BaseConnection->simpleQuery('SELECT *
FROM `upsiee_price_templates`
WHERE   (
`product_name` LIKE \'%maj%\' ESCAPE \'!\'
OR  `starting_price` LIKE \'%maj%\' ESCAPE \'!\'
 )
AND `is_active` IN (0,1)
ORDER BY `id` DESC
 LIMIT 10')
 3 SYSTEMPATH/Database/BaseBuilder.php(1637): CodeIgniter\Database\BaseConnection->query('SELECT *
FROM `upsiee_price_templates`
WHERE   (
`product_name` LIKE :product_name: ESCAPE \'!\'
OR  `starting_price` LIKE :starting_price: ESCAPE \'!\'
 )
AND `is_active` IN :is_active:
ORDER BY `id` DESC
 LIMIT 10', [...], false)
 4 SYSTEMPATH/Model.php(286): CodeIgniter\Database\BaseBuilder->get()
 5 SYSTEMPATH/BaseModel.php(676): CodeIgniter\Model->doFindAll(10, 0)
 6 APPPATH/Controllers/PriceTemplate.php(43): CodeIgniter\BaseModel->findAll(10, 0)
 7 SYSTEMPATH/CodeIgniter.php(933): App\Controllers\PriceTemplate->fGetPriceTemplatesList('1')
 8 SYSTEMPATH/CodeIgniter.php(509): CodeIgniter\CodeIgniter->runController(Object(App\Controllers\PriceTemplate))
 9 SYSTEMPATH/CodeIgniter.php(355): CodeIgniter\CodeIgniter->handleRequest(null, Object(Config\Cache), false)
10 SYSTEMPATH/Boot.php(325): CodeIgniter\CodeIgniter->run()
11 SYSTEMPATH/Boot.php(67): CodeIgniter\Boot::runCodeIgniter(Object(CodeIgniter\CodeIgniter))
12 FCPATH/index.php(56): CodeIgniter\Boot::bootWeb(Object(Config\Paths))
CRITICAL - 2024-07-25 13:47:49 --> [Caused by] mysqli_sql_exception: Unknown column 'product_name' in 'where clause'
in SYSTEMPATH/Database/MySQLi/Connection.php on line 310.
 1 SYSTEMPATH/Database/MySQLi/Connection.php(310): mysqli->query('SELECT *
FROM `upsiee_price_templates`
WHERE   (
`product_name` LIKE \'%maj%\' ESCAPE \'!\'
OR  `starting_price` LIKE \'%maj%\' ESCAPE \'!\'
 )
AND `is_active` IN (0,1)
ORDER BY `id` DESC
 LIMIT 10', 0)
 2 SYSTEMPATH/Database/BaseConnection.php(732): CodeIgniter\Database\MySQLi\Connection->execute('SELECT *
FROM `upsiee_price_templates`
WHERE   (
`product_name` LIKE \'%maj%\' ESCAPE \'!\'
OR  `starting_price` LIKE \'%maj%\' ESCAPE \'!\'
 )
AND `is_active` IN (0,1)
ORDER BY `id` DESC
 LIMIT 10')
 3 SYSTEMPATH/Database/BaseConnection.php(646): CodeIgniter\Database\BaseConnection->simpleQuery('SELECT *
FROM `upsiee_price_templates`
WHERE   (
`product_name` LIKE \'%maj%\' ESCAPE \'!\'
OR  `starting_price` LIKE \'%maj%\' ESCAPE \'!\'
 )
AND `is_active` IN (0,1)
ORDER BY `id` DESC
 LIMIT 10')
 4 SYSTEMPATH/Database/BaseBuilder.php(1637): CodeIgniter\Database\BaseConnection->query('SELECT *
FROM `upsiee_price_templates`
WHERE   (
`product_name` LIKE :product_name: ESCAPE \'!\'
OR  `starting_price` LIKE :starting_price: ESCAPE \'!\'
 )
AND `is_active` IN :is_active:
ORDER BY `id` DESC
 LIMIT 10', [...], false)
 5 SYSTEMPATH/Model.php(286): CodeIgniter\Database\BaseBuilder->get()
 6 SYSTEMPATH/BaseModel.php(676): CodeIgniter\Model->doFindAll(10, 0)
 7 APPPATH/Controllers/PriceTemplate.php(43): CodeIgniter\BaseModel->findAll(10, 0)
 8 SYSTEMPATH/CodeIgniter.php(933): App\Controllers\PriceTemplate->fGetPriceTemplatesList('1')
 9 SYSTEMPATH/CodeIgniter.php(509): CodeIgniter\CodeIgniter->runController(Object(App\Controllers\PriceTemplate))
10 SYSTEMPATH/CodeIgniter.php(355): CodeIgniter\CodeIgniter->handleRequest(null, Object(Config\Cache), false)
11 SYSTEMPATH/Boot.php(325): CodeIgniter\CodeIgniter->run()
12 SYSTEMPATH/Boot.php(67): CodeIgniter\Boot::runCodeIgniter(Object(CodeIgniter\CodeIgniter))
13 FCPATH/index.php(56): CodeIgniter\Boot::bootWeb(Object(Config\Paths))
INFO - 2024-07-25 13:47:50 --> Session: Class initialized using 'CodeIgniter\Session\Handlers\FileHandler' driver.
ERROR - 2024-07-25 13:47:50 --> mysqli_sql_exception: Unknown column 'product_name' in 'where clause' in /opt/lampp/htdocs/ci/upsiee/system/Database/MySQLi/Connection.php:310
Stack trace:
#0 /opt/lampp/htdocs/ci/upsiee/system/Database/MySQLi/Connection.php(310): mysqli->query('SELECT *\nFROM `...', 0)
#1 /opt/lampp/htdocs/ci/upsiee/system/Database/BaseConnection.php(732): CodeIgniter\Database\MySQLi\Connection->execute('SELECT *\nFROM `...')
#2 /opt/lampp/htdocs/ci/upsiee/system/Database/BaseConnection.php(646): CodeIgniter\Database\BaseConnection->simpleQuery('SELECT *\nFROM `...')
#3 /opt/lampp/htdocs/ci/upsiee/system/Database/BaseBuilder.php(1637): CodeIgniter\Database\BaseConnection->query('SELECT *\nFROM `...', Array, false)
#4 /opt/lampp/htdocs/ci/upsiee/system/Model.php(286): CodeIgniter\Database\BaseBuilder->get()
#5 /opt/lampp/htdocs/ci/upsiee/system/BaseModel.php(676): CodeIgniter\Model->doFindAll(10, 0)
#6 /opt/lampp/htdocs/ci/upsiee/app/Controllers/PriceTemplate.php(43): CodeIgniter\BaseModel->findAll(10, 0)
#7 /opt/lampp/htdocs/ci/upsiee/system/CodeIgniter.php(933): App\Controllers\PriceTemplate->fGetPriceTemplatesList('1')
#8 /opt/lampp/htdocs/ci/upsiee/system/CodeIgniter.php(509): CodeIgniter\CodeIgniter->runController(Object(App\Controllers\PriceTemplate))
#9 /opt/lampp/htdocs/ci/upsiee/system/CodeIgniter.php(355): CodeIgniter\CodeIgniter->handleRequest(NULL, Object(Config\Cache), false)
#10 /opt/lampp/htdocs/ci/upsiee/system/Boot.php(325): CodeIgniter\CodeIgniter->run()
#11 /opt/lampp/htdocs/ci/upsiee/system/Boot.php(67): CodeIgniter\Boot::runCodeIgniter(Object(CodeIgniter\CodeIgniter))
#12 /opt/lampp/htdocs/ci/upsiee/index.php(56): CodeIgniter\Boot::bootWeb(Object(Config\Paths))
#13 {main}
CRITICAL - 2024-07-25 13:47:50 --> CodeIgniter\Database\Exceptions\DatabaseException: Unknown column 'product_name' in 'where clause'
[Method: GET, Route: boards/products/price-templates/getTemplateList/1]
in SYSTEMPATH/Database/BaseConnection.php on line 686.
 1 SYSTEMPATH/Database/BaseBuilder.php(1637): CodeIgniter\Database\BaseConnection->query('SELECT *
FROM `upsiee_price_templates`
WHERE   (
`product_name` LIKE :product_name: ESCAPE \'!\'
OR  `starting_price` LIKE :starting_price: ESCAPE \'!\'
 )
AND `is_active` IN :is_active:
ORDER BY `id` DESC
 LIMIT 10', [...], false)
 2 SYSTEMPATH/Model.php(286): CodeIgniter\Database\BaseBuilder->get()
 3 SYSTEMPATH/BaseModel.php(676): CodeIgniter\Model->doFindAll(10, 0)
 4 APPPATH/Controllers/PriceTemplate.php(43): CodeIgniter\BaseModel->findAll(10, 0)
 5 SYSTEMPATH/CodeIgniter.php(933): App\Controllers\PriceTemplate->fGetPriceTemplatesList('1')
 6 SYSTEMPATH/CodeIgniter.php(509): CodeIgniter\CodeIgniter->runController(Object(App\Controllers\PriceTemplate))
 7 SYSTEMPATH/CodeIgniter.php(355): CodeIgniter\CodeIgniter->handleRequest(null, Object(Config\Cache), false)
 8 SYSTEMPATH/Boot.php(325): CodeIgniter\CodeIgniter->run()
 9 SYSTEMPATH/Boot.php(67): CodeIgniter\Boot::runCodeIgniter(Object(CodeIgniter\CodeIgniter))
10 FCPATH/index.php(56): CodeIgniter\Boot::bootWeb(Object(Config\Paths))
CRITICAL - 2024-07-25 13:47:50 --> [Caused by] CodeIgniter\Database\Exceptions\DatabaseException: Unknown column 'product_name' in 'where clause'
in SYSTEMPATH/Database/MySQLi/Connection.php on line 315.
 1 SYSTEMPATH/Database/BaseConnection.php(732): CodeIgniter\Database\MySQLi\Connection->execute('SELECT *
FROM `upsiee_price_templates`
WHERE   (
`product_name` LIKE \'%majo%\' ESCAPE \'!\'
OR  `starting_price` LIKE \'%majo%\' ESCAPE \'!\'
 )
AND `is_active` IN (0,1)
ORDER BY `id` DESC
 LIMIT 10')
 2 SYSTEMPATH/Database/BaseConnection.php(646): CodeIgniter\Database\BaseConnection->simpleQuery('SELECT *
FROM `upsiee_price_templates`
WHERE   (
`product_name` LIKE \'%majo%\' ESCAPE \'!\'
OR  `starting_price` LIKE \'%majo%\' ESCAPE \'!\'
 )
AND `is_active` IN (0,1)
ORDER BY `id` DESC
 LIMIT 10')
 3 SYSTEMPATH/Database/BaseBuilder.php(1637): CodeIgniter\Database\BaseConnection->query('SELECT *
FROM `upsiee_price_templates`
WHERE   (
`product_name` LIKE :product_name: ESCAPE \'!\'
OR  `starting_price` LIKE :starting_price: ESCAPE \'!\'
 )
AND `is_active` IN :is_active:
ORDER BY `id` DESC
 LIMIT 10', [...], false)
 4 SYSTEMPATH/Model.php(286): CodeIgniter\Database\BaseBuilder->get()
 5 SYSTEMPATH/BaseModel.php(676): CodeIgniter\Model->doFindAll(10, 0)
 6 APPPATH/Controllers/PriceTemplate.php(43): CodeIgniter\BaseModel->findAll(10, 0)
 7 SYSTEMPATH/CodeIgniter.php(933): App\Controllers\PriceTemplate->fGetPriceTemplatesList('1')
 8 SYSTEMPATH/CodeIgniter.php(509): CodeIgniter\CodeIgniter->runController(Object(App\Controllers\PriceTemplate))
 9 SYSTEMPATH/CodeIgniter.php(355): CodeIgniter\CodeIgniter->handleRequest(null, Object(Config\Cache), false)
10 SYSTEMPATH/Boot.php(325): CodeIgniter\CodeIgniter->run()
11 SYSTEMPATH/Boot.php(67): CodeIgniter\Boot::runCodeIgniter(Object(CodeIgniter\CodeIgniter))
12 FCPATH/index.php(56): CodeIgniter\Boot::bootWeb(Object(Config\Paths))
CRITICAL - 2024-07-25 13:47:50 --> [Caused by] mysqli_sql_exception: Unknown column 'product_name' in 'where clause'
in SYSTEMPATH/Database/MySQLi/Connection.php on line 310.
 1 SYSTEMPATH/Database/MySQLi/Connection.php(310): mysqli->query('SELECT *
FROM `upsiee_price_templates`
WHERE   (
`product_name` LIKE \'%majo%\' ESCAPE \'!\'
OR  `starting_price` LIKE \'%majo%\' ESCAPE \'!\'
 )
AND `is_active` IN (0,1)
ORDER BY `id` DESC
 LIMIT 10', 0)
 2 SYSTEMPATH/Database/BaseConnection.php(732): CodeIgniter\Database\MySQLi\Connection->execute('SELECT *
FROM `upsiee_price_templates`
WHERE   (
`product_name` LIKE \'%majo%\' ESCAPE \'!\'
OR  `starting_price` LIKE \'%majo%\' ESCAPE \'!\'
 )
AND `is_active` IN (0,1)
ORDER BY `id` DESC
 LIMIT 10')
 3 SYSTEMPATH/Database/BaseConnection.php(646): CodeIgniter\Database\BaseConnection->simpleQuery('SELECT *
FROM `upsiee_price_templates`
WHERE   (
`product_name` LIKE \'%majo%\' ESCAPE \'!\'
OR  `starting_price` LIKE \'%majo%\' ESCAPE \'!\'
 )
AND `is_active` IN (0,1)
ORDER BY `id` DESC
 LIMIT 10')
 4 SYSTEMPATH/Database/BaseBuilder.php(1637): CodeIgniter\Database\BaseConnection->query('SELECT *
FROM `upsiee_price_templates`
WHERE   (
`product_name` LIKE :product_name: ESCAPE \'!\'
OR  `starting_price` LIKE :starting_price: ESCAPE \'!\'
 )
AND `is_active` IN :is_active:
ORDER BY `id` DESC
 LIMIT 10', [...], false)
 5 SYSTEMPATH/Model.php(286): CodeIgniter\Database\BaseBuilder->get()
 6 SYSTEMPATH/BaseModel.php(676): CodeIgniter\Model->doFindAll(10, 0)
 7 APPPATH/Controllers/PriceTemplate.php(43): CodeIgniter\BaseModel->findAll(10, 0)
 8 SYSTEMPATH/CodeIgniter.php(933): App\Controllers\PriceTemplate->fGetPriceTemplatesList('1')
 9 SYSTEMPATH/CodeIgniter.php(509): CodeIgniter\CodeIgniter->runController(Object(App\Controllers\PriceTemplate))
10 SYSTEMPATH/CodeIgniter.php(355): CodeIgniter\CodeIgniter->handleRequest(null, Object(Config\Cache), false)
11 SYSTEMPATH/Boot.php(325): CodeIgniter\CodeIgniter->run()
12 SYSTEMPATH/Boot.php(67): CodeIgniter\Boot::runCodeIgniter(Object(CodeIgniter\CodeIgniter))
13 FCPATH/index.php(56): CodeIgniter\Boot::bootWeb(Object(Config\Paths))
INFO - 2024-07-25 13:47:50 --> Session: Class initialized using 'CodeIgniter\Session\Handlers\FileHandler' driver.
ERROR - 2024-07-25 13:47:50 --> mysqli_sql_exception: Unknown column 'product_name' in 'where clause' in /opt/lampp/htdocs/ci/upsiee/system/Database/MySQLi/Connection.php:310
Stack trace:
#0 /opt/lampp/htdocs/ci/upsiee/system/Database/MySQLi/Connection.php(310): mysqli->query('SELECT *\nFROM `...', 0)
#1 /opt/lampp/htdocs/ci/upsiee/system/Database/BaseConnection.php(732): CodeIgniter\Database\MySQLi\Connection->execute('SELECT *\nFROM `...')
#2 /opt/lampp/htdocs/ci/upsiee/system/Database/BaseConnection.php(646): CodeIgniter\Database\BaseConnection->simpleQuery('SELECT *\nFROM `...')
#3 /opt/lampp/htdocs/ci/upsiee/system/Database/BaseBuilder.php(1637): CodeIgniter\Database\BaseConnection->query('SELECT *\nFROM `...', Array, false)
#4 /opt/lampp/htdocs/ci/upsiee/system/Model.php(286): CodeIgniter\Database\BaseBuilder->get()
#5 /opt/lampp/htdocs/ci/upsiee/system/BaseModel.php(676): CodeIgniter\Model->doFindAll(10, 0)
#6 /opt/lampp/htdocs/ci/upsiee/app/Controllers/PriceTemplate.php(43): CodeIgniter\BaseModel->findAll(10, 0)
#7 /opt/lampp/htdocs/ci/upsiee/system/CodeIgniter.php(933): App\Controllers\PriceTemplate->fGetPriceTemplatesList('1')
#8 /opt/lampp/htdocs/ci/upsiee/system/CodeIgniter.php(509): CodeIgniter\CodeIgniter->runController(Object(App\Controllers\PriceTemplate))
#9 /opt/lampp/htdocs/ci/upsiee/system/CodeIgniter.php(355): CodeIgniter\CodeIgniter->handleRequest(NULL, Object(Config\Cache), false)
#10 /opt/lampp/htdocs/ci/upsiee/system/Boot.php(325): CodeIgniter\CodeIgniter->run()
#11 /opt/lampp/htdocs/ci/upsiee/system/Boot.php(67): CodeIgniter\Boot::runCodeIgniter(Object(CodeIgniter\CodeIgniter))
#12 /opt/lampp/htdocs/ci/upsiee/index.php(56): CodeIgniter\Boot::bootWeb(Object(Config\Paths))
#13 {main}
CRITICAL - 2024-07-25 13:47:50 --> CodeIgniter\Database\Exceptions\DatabaseException: Unknown column 'product_name' in 'where clause'
[Method: GET, Route: boards/products/price-templates/getTemplateList/1]
in SYSTEMPATH/Database/BaseConnection.php on line 686.
 1 SYSTEMPATH/Database/BaseBuilder.php(1637): CodeIgniter\Database\BaseConnection->query('SELECT *
FROM `upsiee_price_templates`
WHERE   (
`product_name` LIKE :product_name: ESCAPE \'!\'
OR  `starting_price` LIKE :starting_price: ESCAPE \'!\'
 )
AND `is_active` IN :is_active:
ORDER BY `id` DESC
 LIMIT 10', [...], false)
 2 SYSTEMPATH/Model.php(286): CodeIgniter\Database\BaseBuilder->get()
 3 SYSTEMPATH/BaseModel.php(676): CodeIgniter\Model->doFindAll(10, 0)
 4 APPPATH/Controllers/PriceTemplate.php(43): CodeIgniter\BaseModel->findAll(10, 0)
 5 SYSTEMPATH/CodeIgniter.php(933): App\Controllers\PriceTemplate->fGetPriceTemplatesList('1')
 6 SYSTEMPATH/CodeIgniter.php(509): CodeIgniter\CodeIgniter->runController(Object(App\Controllers\PriceTemplate))
 7 SYSTEMPATH/CodeIgniter.php(355): CodeIgniter\CodeIgniter->handleRequest(null, Object(Config\Cache), false)
 8 SYSTEMPATH/Boot.php(325): CodeIgniter\CodeIgniter->run()
 9 SYSTEMPATH/Boot.php(67): CodeIgniter\Boot::runCodeIgniter(Object(CodeIgniter\CodeIgniter))
10 FCPATH/index.php(56): CodeIgniter\Boot::bootWeb(Object(Config\Paths))
CRITICAL - 2024-07-25 13:47:50 --> [Caused by] CodeIgniter\Database\Exceptions\DatabaseException: Unknown column 'product_name' in 'where clause'
in SYSTEMPATH/Database/MySQLi/Connection.php on line 315.
 1 SYSTEMPATH/Database/BaseConnection.php(732): CodeIgniter\Database\MySQLi\Connection->execute('SELECT *
FROM `upsiee_price_templates`
WHERE   (
`product_name` LIKE \'%major%\' ESCAPE \'!\'
OR  `starting_price` LIKE \'%major%\' ESCAPE \'!\'
 )
AND `is_active` IN (0,1)
ORDER BY `id` DESC
 LIMIT 10')
 2 SYSTEMPATH/Database/BaseConnection.php(646): CodeIgniter\Database\BaseConnection->simpleQuery('SELECT *
FROM `upsiee_price_templates`
WHERE   (
`product_name` LIKE \'%major%\' ESCAPE \'!\'
OR  `starting_price` LIKE \'%major%\' ESCAPE \'!\'
 )
AND `is_active` IN (0,1)
ORDER BY `id` DESC
 LIMIT 10')
 3 SYSTEMPATH/Database/BaseBuilder.php(1637): CodeIgniter\Database\BaseConnection->query('SELECT *
FROM `upsiee_price_templates`
WHERE   (
`product_name` LIKE :product_name: ESCAPE \'!\'
OR  `starting_price` LIKE :starting_price: ESCAPE \'!\'
 )
AND `is_active` IN :is_active:
ORDER BY `id` DESC
 LIMIT 10', [...], false)
 4 SYSTEMPATH/Model.php(286): CodeIgniter\Database\BaseBuilder->get()
 5 SYSTEMPATH/BaseModel.php(676): CodeIgniter\Model->doFindAll(10, 0)
 6 APPPATH/Controllers/PriceTemplate.php(43): CodeIgniter\BaseModel->findAll(10, 0)
 7 SYSTEMPATH/CodeIgniter.php(933): App\Controllers\PriceTemplate->fGetPriceTemplatesList('1')
 8 SYSTEMPATH/CodeIgniter.php(509): CodeIgniter\CodeIgniter->runController(Object(App\Controllers\PriceTemplate))
 9 SYSTEMPATH/CodeIgniter.php(355): CodeIgniter\CodeIgniter->handleRequest(null, Object(Config\Cache), false)
10 SYSTEMPATH/Boot.php(325): CodeIgniter\CodeIgniter->run()
11 SYSTEMPATH/Boot.php(67): CodeIgniter\Boot::runCodeIgniter(Object(CodeIgniter\CodeIgniter))
12 FCPATH/index.php(56): CodeIgniter\Boot::bootWeb(Object(Config\Paths))
CRITICAL - 2024-07-25 13:47:50 --> [Caused by] mysqli_sql_exception: Unknown column 'product_name' in 'where clause'
in SYSTEMPATH/Database/MySQLi/Connection.php on line 310.
 1 SYSTEMPATH/Database/MySQLi/Connection.php(310): mysqli->query('SELECT *
FROM `upsiee_price_templates`
WHERE   (
`product_name` LIKE \'%major%\' ESCAPE \'!\'
OR  `starting_price` LIKE \'%major%\' ESCAPE \'!\'
 )
AND `is_active` IN (0,1)
ORDER BY `id` DESC
 LIMIT 10', 0)
 2 SYSTEMPATH/Database/BaseConnection.php(732): CodeIgniter\Database\MySQLi\Connection->execute('SELECT *
FROM `upsiee_price_templates`
WHERE   (
`product_name` LIKE \'%major%\' ESCAPE \'!\'
OR  `starting_price` LIKE \'%major%\' ESCAPE \'!\'
 )
AND `is_active` IN (0,1)
ORDER BY `id` DESC
 LIMIT 10')
 3 SYSTEMPATH/Database/BaseConnection.php(646): CodeIgniter\Database\BaseConnection->simpleQuery('SELECT *
FROM `upsiee_price_templates`
WHERE   (
`product_name` LIKE \'%major%\' ESCAPE \'!\'
OR  `starting_price` LIKE \'%major%\' ESCAPE \'!\'
 )
AND `is_active` IN (0,1)
ORDER BY `id` DESC
 LIMIT 10')
 4 SYSTEMPATH/Database/BaseBuilder.php(1637): CodeIgniter\Database\BaseConnection->query('SELECT *
FROM `upsiee_price_templates`
WHERE   (
`product_name` LIKE :product_name: ESCAPE \'!\'
OR  `starting_price` LIKE :starting_price: ESCAPE \'!\'
 )
AND `is_active` IN :is_active:
ORDER BY `id` DESC
 LIMIT 10', [...], false)
 5 SYSTEMPATH/Model.php(286): CodeIgniter\Database\BaseBuilder->get()
 6 SYSTEMPATH/BaseModel.php(676): CodeIgniter\Model->doFindAll(10, 0)
 7 APPPATH/Controllers/PriceTemplate.php(43): CodeIgniter\BaseModel->findAll(10, 0)
 8 SYSTEMPATH/CodeIgniter.php(933): App\Controllers\PriceTemplate->fGetPriceTemplatesList('1')
 9 SYSTEMPATH/CodeIgniter.php(509): CodeIgniter\CodeIgniter->runController(Object(App\Controllers\PriceTemplate))
10 SYSTEMPATH/CodeIgniter.php(355): CodeIgniter\CodeIgniter->handleRequest(null, Object(Config\Cache), false)
11 SYSTEMPATH/Boot.php(325): CodeIgniter\CodeIgniter->run()
12 SYSTEMPATH/Boot.php(67): CodeIgniter\Boot::runCodeIgniter(Object(CodeIgniter\CodeIgniter))
13 FCPATH/index.php(56): CodeIgniter\Boot::bootWeb(Object(Config\Paths))
INFO - 2024-07-25 13:47:52 --> Session: Class initialized using 'CodeIgniter\Session\Handlers\FileHandler' driver.
ERROR - 2024-07-25 13:47:52 --> mysqli_sql_exception: Unknown column 'product_name' in 'where clause' in /opt/lampp/htdocs/ci/upsiee/system/Database/MySQLi/Connection.php:310
Stack trace:
#0 /opt/lampp/htdocs/ci/upsiee/system/Database/MySQLi/Connection.php(310): mysqli->query('SELECT *\nFROM `...', 0)
#1 /opt/lampp/htdocs/ci/upsiee/system/Database/BaseConnection.php(732): CodeIgniter\Database\MySQLi\Connection->execute('SELECT *\nFROM `...')
#2 /opt/lampp/htdocs/ci/upsiee/system/Database/BaseConnection.php(646): CodeIgniter\Database\BaseConnection->simpleQuery('SELECT *\nFROM `...')
#3 /opt/lampp/htdocs/ci/upsiee/system/Database/BaseBuilder.php(1637): CodeIgniter\Database\BaseConnection->query('SELECT *\nFROM `...', Array, false)
#4 /opt/lampp/htdocs/ci/upsiee/system/Model.php(286): CodeIgniter\Database\BaseBuilder->get()
#5 /opt/lampp/htdocs/ci/upsiee/system/BaseModel.php(676): CodeIgniter\Model->doFindAll(10, 0)
#6 /opt/lampp/htdocs/ci/upsiee/app/Controllers/PriceTemplate.php(43): CodeIgniter\BaseModel->findAll(10, 0)
#7 /opt/lampp/htdocs/ci/upsiee/system/CodeIgniter.php(933): App\Controllers\PriceTemplate->fGetPriceTemplatesList('1')
#8 /opt/lampp/htdocs/ci/upsiee/system/CodeIgniter.php(509): CodeIgniter\CodeIgniter->runController(Object(App\Controllers\PriceTemplate))
#9 /opt/lampp/htdocs/ci/upsiee/system/CodeIgniter.php(355): CodeIgniter\CodeIgniter->handleRequest(NULL, Object(Config\Cache), false)
#10 /opt/lampp/htdocs/ci/upsiee/system/Boot.php(325): CodeIgniter\CodeIgniter->run()
#11 /opt/lampp/htdocs/ci/upsiee/system/Boot.php(67): CodeIgniter\Boot::runCodeIgniter(Object(CodeIgniter\CodeIgniter))
#12 /opt/lampp/htdocs/ci/upsiee/index.php(56): CodeIgniter\Boot::bootWeb(Object(Config\Paths))
#13 {main}
CRITICAL - 2024-07-25 13:47:52 --> CodeIgniter\Database\Exceptions\DatabaseException: Unknown column 'product_name' in 'where clause'
[Method: GET, Route: boards/products/price-templates/getTemplateList/1]
in SYSTEMPATH/Database/BaseConnection.php on line 686.
 1 SYSTEMPATH/Database/BaseBuilder.php(1637): CodeIgniter\Database\BaseConnection->query('SELECT *
FROM `upsiee_price_templates`
WHERE   (
`product_name` LIKE :product_name: ESCAPE \'!\'
OR  `starting_price` LIKE :starting_price: ESCAPE \'!\'
 )
AND `is_active` IN :is_active:
ORDER BY `id` DESC
 LIMIT 10', [...], false)
 2 SYSTEMPATH/Model.php(286): CodeIgniter\Database\BaseBuilder->get()
 3 SYSTEMPATH/BaseModel.php(676): CodeIgniter\Model->doFindAll(10, 0)
 4 APPPATH/Controllers/PriceTemplate.php(43): CodeIgniter\BaseModel->findAll(10, 0)
 5 SYSTEMPATH/CodeIgniter.php(933): App\Controllers\PriceTemplate->fGetPriceTemplatesList('1')
 6 SYSTEMPATH/CodeIgniter.php(509): CodeIgniter\CodeIgniter->runController(Object(App\Controllers\PriceTemplate))
 7 SYSTEMPATH/CodeIgniter.php(355): CodeIgniter\CodeIgniter->handleRequest(null, Object(Config\Cache), false)
 8 SYSTEMPATH/Boot.php(325): CodeIgniter\CodeIgniter->run()
 9 SYSTEMPATH/Boot.php(67): CodeIgniter\Boot::runCodeIgniter(Object(CodeIgniter\CodeIgniter))
10 FCPATH/index.php(56): CodeIgniter\Boot::bootWeb(Object(Config\Paths))
CRITICAL - 2024-07-25 13:47:52 --> [Caused by] CodeIgniter\Database\Exceptions\DatabaseException: Unknown column 'product_name' in 'where clause'
in SYSTEMPATH/Database/MySQLi/Connection.php on line 315.
 1 SYSTEMPATH/Database/BaseConnection.php(732): CodeIgniter\Database\MySQLi\Connection->execute('SELECT *
FROM `upsiee_price_templates`
WHERE   (
`product_name` LIKE \'%major%\' ESCAPE \'!\'
OR  `starting_price` LIKE \'%major%\' ESCAPE \'!\'
 )
AND `is_active` IN (0,1)
ORDER BY `id` DESC
 LIMIT 10')
 2 SYSTEMPATH/Database/BaseConnection.php(646): CodeIgniter\Database\BaseConnection->simpleQuery('SELECT *
FROM `upsiee_price_templates`
WHERE   (
`product_name` LIKE \'%major%\' ESCAPE \'!\'
OR  `starting_price` LIKE \'%major%\' ESCAPE \'!\'
 )
AND `is_active` IN (0,1)
ORDER BY `id` DESC
 LIMIT 10')
 3 SYSTEMPATH/Database/BaseBuilder.php(1637): CodeIgniter\Database\BaseConnection->query('SELECT *
FROM `upsiee_price_templates`
WHERE   (
`product_name` LIKE :product_name: ESCAPE \'!\'
OR  `starting_price` LIKE :starting_price: ESCAPE \'!\'
 )
AND `is_active` IN :is_active:
ORDER BY `id` DESC
 LIMIT 10', [...], false)
 4 SYSTEMPATH/Model.php(286): CodeIgniter\Database\BaseBuilder->get()
 5 SYSTEMPATH/BaseModel.php(676): CodeIgniter\Model->doFindAll(10, 0)
 6 APPPATH/Controllers/PriceTemplate.php(43): CodeIgniter\BaseModel->findAll(10, 0)
 7 SYSTEMPATH/CodeIgniter.php(933): App\Controllers\PriceTemplate->fGetPriceTemplatesList('1')
 8 SYSTEMPATH/CodeIgniter.php(509): CodeIgniter\CodeIgniter->runController(Object(App\Controllers\PriceTemplate))
 9 SYSTEMPATH/CodeIgniter.php(355): CodeIgniter\CodeIgniter->handleRequest(null, Object(Config\Cache), false)
10 SYSTEMPATH/Boot.php(325): CodeIgniter\CodeIgniter->run()
11 SYSTEMPATH/Boot.php(67): CodeIgniter\Boot::runCodeIgniter(Object(CodeIgniter\CodeIgniter))
12 FCPATH/index.php(56): CodeIgniter\Boot::bootWeb(Object(Config\Paths))
CRITICAL - 2024-07-25 13:47:52 --> [Caused by] mysqli_sql_exception: Unknown column 'product_name' in 'where clause'
in SYSTEMPATH/Database/MySQLi/Connection.php on line 310.
 1 SYSTEMPATH/Database/MySQLi/Connection.php(310): mysqli->query('SELECT *
FROM `upsiee_price_templates`
WHERE   (
`product_name` LIKE \'%major%\' ESCAPE \'!\'
OR  `starting_price` LIKE \'%major%\' ESCAPE \'!\'
 )
AND `is_active` IN (0,1)
ORDER BY `id` DESC
 LIMIT 10', 0)
 2 SYSTEMPATH/Database/BaseConnection.php(732): CodeIgniter\Database\MySQLi\Connection->execute('SELECT *
FROM `upsiee_price_templates`
WHERE   (
`product_name` LIKE \'%major%\' ESCAPE \'!\'
OR  `starting_price` LIKE \'%major%\' ESCAPE \'!\'
 )
AND `is_active` IN (0,1)
ORDER BY `id` DESC
 LIMIT 10')
 3 SYSTEMPATH/Database/BaseConnection.php(646): CodeIgniter\Database\BaseConnection->simpleQuery('SELECT *
FROM `upsiee_price_templates`
WHERE   (
`product_name` LIKE \'%major%\' ESCAPE \'!\'
OR  `starting_price` LIKE \'%major%\' ESCAPE \'!\'
 )
AND `is_active` IN (0,1)
ORDER BY `id` DESC
 LIMIT 10')
 4 SYSTEMPATH/Database/BaseBuilder.php(1637): CodeIgniter\Database\BaseConnection->query('SELECT *
FROM `upsiee_price_templates`
WHERE   (
`product_name` LIKE :product_name: ESCAPE \'!\'
OR  `starting_price` LIKE :starting_price: ESCAPE \'!\'
 )
AND `is_active` IN :is_active:
ORDER BY `id` DESC
 LIMIT 10', [...], false)
 5 SYSTEMPATH/Model.php(286): CodeIgniter\Database\BaseBuilder->get()
 6 SYSTEMPATH/BaseModel.php(676): CodeIgniter\Model->doFindAll(10, 0)
 7 APPPATH/Controllers/PriceTemplate.php(43): CodeIgniter\BaseModel->findAll(10, 0)
 8 SYSTEMPATH/CodeIgniter.php(933): App\Controllers\PriceTemplate->fGetPriceTemplatesList('1')
 9 SYSTEMPATH/CodeIgniter.php(509): CodeIgniter\CodeIgniter->runController(Object(App\Controllers\PriceTemplate))
10 SYSTEMPATH/CodeIgniter.php(355): CodeIgniter\CodeIgniter->handleRequest(null, Object(Config\Cache), false)
11 SYSTEMPATH/Boot.php(325): CodeIgniter\CodeIgniter->run()
12 SYSTEMPATH/Boot.php(67): CodeIgniter\Boot::runCodeIgniter(Object(CodeIgniter\CodeIgniter))
13 FCPATH/index.php(56): CodeIgniter\Boot::bootWeb(Object(Config\Paths))
INFO - 2024-07-25 13:47:55 --> Session: Class initialized using 'CodeIgniter\Session\Handlers\FileHandler' driver.
INFO - 2024-07-25 13:48:20 --> Session: Class initialized using 'CodeIgniter\Session\Handlers\FileHandler' driver.
INFO - 2024-07-25 13:48:20 --> Session: Class initialized using 'CodeIgniter\Session\Handlers\FileHandler' driver.
INFO - 2024-07-25 13:48:21 --> Session: Class initialized using 'CodeIgniter\Session\Handlers\FileHandler' driver.
INFO - 2024-07-25 13:48:23 --> Session: Class initialized using 'CodeIgniter\Session\Handlers\FileHandler' driver.
INFO - 2024-07-25 13:48:23 --> Session: Class initialized using 'CodeIgniter\Session\Handlers\FileHandler' driver.
INFO - 2024-07-25 13:48:25 --> Session: Class initialized using 'CodeIgniter\Session\Handlers\FileHandler' driver.
INFO - 2024-07-25 13:48:26 --> Session: Class initialized using 'CodeIgniter\Session\Handlers\FileHandler' driver.
INFO - 2024-07-25 13:48:27 --> Session: Class initialized using 'CodeIgniter\Session\Handlers\FileHandler' driver.
INFO - 2024-07-25 13:48:28 --> Session: Class initialized using 'CodeIgniter\Session\Handlers\FileHandler' driver.
INFO - 2024-07-25 13:48:39 --> Session: Class initialized using 'CodeIgniter\Session\Handlers\FileHandler' driver.
INFO - 2024-07-25 13:48:58 --> Session: Class initialized using 'CodeIgniter\Session\Handlers\FileHandler' driver.
INFO - 2024-07-25 13:48:58 --> Session: Class initialized using 'CodeIgniter\Session\Handlers\FileHandler' driver.
INFO - 2024-07-25 13:49:02 --> Session: Class initialized using 'CodeIgniter\Session\Handlers\FileHandler' driver.
INFO - 2024-07-25 13:49:06 --> Session: Class initialized using 'CodeIgniter\Session\Handlers\FileHandler' driver.
INFO - 2024-07-25 13:49:06 --> Session: Class initialized using 'CodeIgniter\Session\Handlers\FileHandler' driver.
INFO - 2024-07-25 13:49:06 --> Session: Class initialized using 'CodeIgniter\Session\Handlers\FileHandler' driver.
INFO - 2024-07-25 13:49:06 --> Session: Class initialized using 'CodeIgniter\Session\Handlers\FileHandler' driver.
INFO - 2024-07-25 13:49:06 --> Session: Class initialized using 'CodeIgniter\Session\Handlers\FileHandler' driver.
INFO - 2024-07-25 13:49:07 --> Session: Class initialized using 'CodeIgniter\Session\Handlers\FileHandler' driver.
INFO - 2024-07-25 13:49:11 --> Session: Class initialized using 'CodeIgniter\Session\Handlers\FileHandler' driver.
INFO - 2024-07-25 13:49:16 --> Session: Class initialized using 'CodeIgniter\Session\Handlers\FileHandler' driver.
INFO - 2024-07-25 13:49:17 --> Session: Class initialized using 'CodeIgniter\Session\Handlers\FileHandler' driver.
INFO - 2024-07-25 13:49:19 --> Session: Class initialized using 'CodeIgniter\Session\Handlers\FileHandler' driver.
INFO - 2024-07-25 13:49:20 --> Session: Class initialized using 'CodeIgniter\Session\Handlers\FileHandler' driver.
INFO - 2024-07-25 13:49:21 --> Session: Class initialized using 'CodeIgniter\Session\Handlers\FileHandler' driver.
INFO - 2024-07-25 13:49:24 --> Session: Class initialized using 'CodeIgniter\Session\Handlers\FileHandler' driver.
INFO - 2024-07-25 13:49:24 --> Session: Class initialized using 'CodeIgniter\Session\Handlers\FileHandler' driver.
INFO - 2024-07-25 13:49:37 --> Session: Class initialized using 'CodeIgniter\Session\Handlers\FileHandler' driver.
INFO - 2024-07-25 13:49:39 --> Session: Class initialized using 'CodeIgniter\Session\Handlers\FileHandler' driver.
INFO - 2024-07-25 13:49:42 --> Session: Class initialized using 'CodeIgniter\Session\Handlers\FileHandler' driver.
INFO - 2024-07-25 13:49:45 --> Session: Class initialized using 'CodeIgniter\Session\Handlers\FileHandler' driver.
INFO - 2024-07-25 13:49:45 --> Session: Class initialized using 'CodeIgniter\Session\Handlers\FileHandler' driver.
INFO - 2024-07-25 13:49:45 --> Session: Class initialized using 'CodeIgniter\Session\Handlers\FileHandler' driver.
INFO - 2024-07-25 13:49:46 --> Session: Class initialized using 'CodeIgniter\Session\Handlers\FileHandler' driver.
INFO - 2024-07-25 13:49:46 --> Session: Class initialized using 'CodeIgniter\Session\Handlers\FileHandler' driver.
INFO - 2024-07-25 13:49:48 --> Session: Class initialized using 'CodeIgniter\Session\Handlers\FileHandler' driver.
INFO - 2024-07-25 13:49:48 --> Session: Class initialized using 'CodeIgniter\Session\Handlers\FileHandler' driver.
INFO - 2024-07-25 13:49:48 --> Session: Class initialized using 'CodeIgniter\Session\Handlers\FileHandler' driver.
INFO - 2024-07-25 13:49:48 --> Session: Class initialized using 'CodeIgniter\Session\Handlers\FileHandler' driver.
INFO - 2024-07-25 13:49:49 --> Session: Class initialized using 'CodeIgniter\Session\Handlers\FileHandler' driver.
INFO - 2024-07-25 13:52:21 --> Session: Class initialized using 'CodeIgniter\Session\Handlers\FileHandler' driver.
INFO - 2024-07-25 13:53:19 --> Session: Class initialized using 'CodeIgniter\Session\Handlers\FileHandler' driver.
INFO - 2024-07-25 14:00:22 --> Session: Class initialized using 'CodeIgniter\Session\Handlers\FileHandler' driver.
INFO - 2024-07-25 14:00:42 --> Session: Class initialized using 'CodeIgniter\Session\Handlers\FileHandler' driver.
INFO - 2024-07-25 14:00:42 --> Session: Class initialized using 'CodeIgniter\Session\Handlers\FileHandler' driver.
INFO - 2024-07-25 14:00:45 --> Session: Class initialized using 'CodeIgniter\Session\Handlers\FileHandler' driver.
INFO - 2024-07-25 14:00:47 --> Session: Class initialized using 'CodeIgniter\Session\Handlers\FileHandler' driver.
INFO - 2024-07-25 14:00:48 --> Session: Class initialized using 'CodeIgniter\Session\Handlers\FileHandler' driver.
INFO - 2024-07-25 14:00:48 --> Session: Class initialized using 'CodeIgniter\Session\Handlers\FileHandler' driver.
INFO - 2024-07-25 14:00:48 --> Session: Class initialized using 'CodeIgniter\Session\Handlers\FileHandler' driver.
INFO - 2024-07-25 14:00:49 --> Session: Class initialized using 'CodeIgniter\Session\Handlers\FileHandler' driver.
INFO - 2024-07-25 14:00:51 --> Session: Class initialized using 'CodeIgniter\Session\Handlers\FileHandler' driver.
INFO - 2024-07-25 14:01:01 --> Session: Class initialized using 'CodeIgniter\Session\Handlers\FileHandler' driver.
INFO - 2024-07-25 14:01:01 --> Session: Class initialized using 'CodeIgniter\Session\Handlers\FileHandler' driver.
INFO - 2024-07-25 14:01:01 --> Session: Class initialized using 'CodeIgniter\Session\Handlers\FileHandler' driver.
INFO - 2024-07-25 14:01:06 --> Session: Class initialized using 'CodeIgniter\Session\Handlers\FileHandler' driver.
INFO - 2024-07-25 14:01:07 --> Session: Class initialized using 'CodeIgniter\Session\Handlers\FileHandler' driver.
INFO - 2024-07-25 14:01:07 --> Session: Class initialized using 'CodeIgniter\Session\Handlers\FileHandler' driver.
INFO - 2024-07-25 14:01:07 --> Session: Class initialized using 'CodeIgniter\Session\Handlers\FileHandler' driver.
INFO - 2024-07-25 14:01:07 --> Session: Class initialized using 'CodeIgniter\Session\Handlers\FileHandler' driver.
