CRITICAL - 2024-09-12 15:36:32 --> Undefined variable $aPricingProducts
#0 /var/www/html/protectease/app/Views/home/search_products.php(9): CodeIgniter\Debug\Exceptions->errorHandler()
#1 /var/www/html/protectease/system/View/View.php(230): include('...')
#2 /var/www/html/protectease/system/View/View.php(232): CodeIgniter\View\View->CodeIgniter\View\{closure}()
#3 /var/www/html/protectease/system/Common.php(1271): CodeIgniter\View\View->render()
#4 /var/www/html/protectease/app/Views/home/hero.php(13): view()
#5 /var/www/html/protectease/system/View/View.php(230): include('...')
#6 /var/www/html/protectease/system/View/View.php(232): CodeIgniter\View\View->CodeIgniter\View\{closure}()
#7 /var/www/html/protectease/system/Common.php(1271): CodeIgniter\View\View->render()
#8 /var/www/html/protectease/app/Views/home/index.php(4): view()
#9 /var/www/html/protectease/system/View/View.php(230): include('...')
#10 /var/www/html/protectease/system/View/View.php(232): CodeIgniter\View\View->CodeIgniter\View\{closure}()
#11 /var/www/html/protectease/system/Common.php(1271): CodeIgniter\View\View->render()
#12 /var/www/html/protectease/app/Controllers/Home.php(25): view()
#13 /var/www/html/protectease/system/CodeIgniter.php(928): App\Controllers\Home->index()
#14 /var/www/html/protectease/system/CodeIgniter.php(436): CodeIgniter\CodeIgniter->runController()
#15 /var/www/html/protectease/system/CodeIgniter.php(336): CodeIgniter\CodeIgniter->handleRequest()
#16 /var/www/html/protectease/index.php(37): CodeIgniter\CodeIgniter->run()
#17 {main}
CRITICAL - 2024-09-12 18:11:54 --> Class "App\Controllers\Master_model" not found
#0 /var/www/html/protectease/system/CodeIgniter.php(928): App\Controllers\Payment->index()
#1 /var/www/html/protectease/system/CodeIgniter.php(436): CodeIgniter\CodeIgniter->runController()
#2 /var/www/html/protectease/system/CodeIgniter.php(336): CodeIgniter\CodeIgniter->handleRequest()
#3 /var/www/html/protectease/index.php(37): CodeIgniter\CodeIgniter->run()
#4 {main}
CRITICAL - 2024-09-12 18:12:19 --> Undefined variable $aProtectionIcons
#0 /var/www/html/protectease/app/Views/common/footer.php(73): CodeIgniter\Debug\Exceptions->errorHandler()
#1 /var/www/html/protectease/system/View/View.php(230): include('...')
#2 /var/www/html/protectease/system/View/View.php(232): CodeIgniter\View\View->CodeIgniter\View\{closure}()
#3 /var/www/html/protectease/system/Common.php(1271): CodeIgniter\View\View->render()
#4 /var/www/html/protectease/app/Views/layouts/index.php(100): view()
#5 /var/www/html/protectease/system/View/View.php(230): include('...')
#6 /var/www/html/protectease/system/View/View.php(232): CodeIgniter\View\View->CodeIgniter\View\{closure}()
#7 /var/www/html/protectease/system/View/View.php(246): CodeIgniter\View\View->render()
#8 /var/www/html/protectease/system/Common.php(1271): CodeIgniter\View\View->render()
#9 /var/www/html/protectease/app/Controllers/Payment.php(30): view()
#10 /var/www/html/protectease/system/CodeIgniter.php(928): App\Controllers\Payment->index()
#11 /var/www/html/protectease/system/CodeIgniter.php(436): CodeIgniter\CodeIgniter->runController()
#12 /var/www/html/protectease/system/CodeIgniter.php(336): CodeIgniter\CodeIgniter->handleRequest()
#13 /var/www/html/protectease/index.php(37): CodeIgniter\CodeIgniter->run()
#14 {main}
CRITICAL - 2024-09-12 18:13:05 --> Undefined variable $aProtectionIcons
#0 /var/www/html/protectease/app/Views/common/footer.php(73): CodeIgniter\Debug\Exceptions->errorHandler()
#1 /var/www/html/protectease/system/View/View.php(230): include('...')
#2 /var/www/html/protectease/system/View/View.php(232): CodeIgniter\View\View->CodeIgniter\View\{closure}()
#3 /var/www/html/protectease/system/Common.php(1271): CodeIgniter\View\View->render()
#4 /var/www/html/protectease/app/Views/layouts/index.php(100): view()
#5 /var/www/html/protectease/system/View/View.php(230): include('...')
#6 /var/www/html/protectease/system/View/View.php(232): CodeIgniter\View\View->CodeIgniter\View\{closure}()
#7 /var/www/html/protectease/system/View/View.php(246): CodeIgniter\View\View->render()
#8 /var/www/html/protectease/system/Common.php(1271): CodeIgniter\View\View->render()
#9 /var/www/html/protectease/app/Controllers/Payment.php(30): view()
#10 /var/www/html/protectease/system/CodeIgniter.php(928): App\Controllers\Payment->index()
#11 /var/www/html/protectease/system/CodeIgniter.php(436): CodeIgniter\CodeIgniter->runController()
#12 /var/www/html/protectease/system/CodeIgniter.php(336): CodeIgniter\CodeIgniter->handleRequest()
#13 /var/www/html/protectease/index.php(37): CodeIgniter\CodeIgniter->run()
#14 {main}
CRITICAL - 2024-09-12 18:14:06 --> Undefined variable $toaster
#0 /var/www/html/protectease/app/Views/common/footer.php(186): CodeIgniter\Debug\Exceptions->errorHandler()
#1 /var/www/html/protectease/system/View/View.php(230): include('...')
#2 /var/www/html/protectease/system/View/View.php(232): CodeIgniter\View\View->CodeIgniter\View\{closure}()
#3 /var/www/html/protectease/system/Common.php(1271): CodeIgniter\View\View->render()
#4 /var/www/html/protectease/app/Views/layouts/index.php(100): view()
#5 /var/www/html/protectease/system/View/View.php(230): include('...')
#6 /var/www/html/protectease/system/View/View.php(232): CodeIgniter\View\View->CodeIgniter\View\{closure}()
#7 /var/www/html/protectease/system/View/View.php(246): CodeIgniter\View\View->render()
#8 /var/www/html/protectease/system/Common.php(1271): CodeIgniter\View\View->render()
#9 /var/www/html/protectease/app/Controllers/Payment.php(31): view()
#10 /var/www/html/protectease/system/CodeIgniter.php(928): App\Controllers\Payment->index()
#11 /var/www/html/protectease/system/CodeIgniter.php(436): CodeIgniter\CodeIgniter->runController()
#12 /var/www/html/protectease/system/CodeIgniter.php(336): CodeIgniter\CodeIgniter->handleRequest()
#13 /var/www/html/protectease/index.php(37): CodeIgniter\CodeIgniter->run()
#14 {main}
CRITICAL - 2024-09-12 18:14:34 --> Class "App\Controllers\CommonModel" not found
#0 /var/www/html/protectease/system/CodeIgniter.php(900): App\Controllers\Payment->__construct()
#1 /var/www/html/protectease/system/CodeIgniter.php(426): CodeIgniter\CodeIgniter->createController()
#2 /var/www/html/protectease/system/CodeIgniter.php(336): CodeIgniter\CodeIgniter->handleRequest()
#3 /var/www/html/protectease/index.php(37): CodeIgniter\CodeIgniter->run()
#4 {main}
