CRITICAL - 2024-09-05 16:51:04 --> Undefined variable $totalPriceOfcart
#0 /var/www/html/protectease/app/Views/journey/carts/payment_integration.php(13): CodeIgniter\Debug\Exceptions->errorHandler()
#1 /var/www/html/protectease/system/View/View.php(230): include('...')
#2 /var/www/html/protectease/system/View/View.php(232): CodeIgniter\View\View->CodeIgniter\View\{closure}()
#3 /var/www/html/protectease/system/Common.php(1271): CodeIgniter\View\View->render()
#4 /var/www/html/protectease/app/Views/journey/carts/index.php(144): view()
#5 /var/www/html/protectease/system/View/View.php(230): include('...')
#6 /var/www/html/protectease/system/View/View.php(232): CodeIgniter\View\View->CodeIgniter\View\{closure}()
#7 /var/www/html/protectease/system/Common.php(1271): CodeIgniter\View\View->render()
#8 /var/www/html/protectease/app/Controllers/Carts.php(26): view()
#9 /var/www/html/protectease/system/CodeIgniter.php(928): App\Controllers\Carts->index()
#10 /var/www/html/protectease/system/CodeIgniter.php(436): CodeIgniter\CodeIgniter->runController()
#11 /var/www/html/protectease/system/CodeIgniter.php(336): CodeIgniter\CodeIgniter->handleRequest()
#12 /var/www/html/protectease/index.php(37): CodeIgniter\CodeIgniter->run()
#13 {main}
CRITICAL - 2024-09-05 16:51:23 --> Undefined variable $totalPriceOfcart
#0 /var/www/html/protectease/app/Views/journey/carts/payment_integration.php(13): CodeIgniter\Debug\Exceptions->errorHandler()
#1 /var/www/html/protectease/system/View/View.php(230): include('...')
#2 /var/www/html/protectease/system/View/View.php(232): CodeIgniter\View\View->CodeIgniter\View\{closure}()
#3 /var/www/html/protectease/system/Common.php(1271): CodeIgniter\View\View->render()
#4 /var/www/html/protectease/app/Views/journey/carts/index.php(145): view()
#5 /var/www/html/protectease/system/View/View.php(230): include('...')
#6 /var/www/html/protectease/system/View/View.php(232): CodeIgniter\View\View->CodeIgniter\View\{closure}()
#7 /var/www/html/protectease/system/Common.php(1271): CodeIgniter\View\View->render()
#8 /var/www/html/protectease/app/Controllers/Carts.php(26): view()
#9 /var/www/html/protectease/system/CodeIgniter.php(928): App\Controllers\Carts->index()
#10 /var/www/html/protectease/system/CodeIgniter.php(436): CodeIgniter\CodeIgniter->runController()
#11 /var/www/html/protectease/system/CodeIgniter.php(336): CodeIgniter\CodeIgniter->handleRequest()
#12 /var/www/html/protectease/index.php(37): CodeIgniter\CodeIgniter->run()
#13 {main}
CRITICAL - 2024-09-05 16:52:21 --> Undefined property: stdClass::$user_id
#0 /var/www/html/protectease/app/Controllers/Payment.php(29): CodeIgniter\Debug\Exceptions->errorHandler()
#1 /var/www/html/protectease/system/CodeIgniter.php(928): App\Controllers\Payment->createCheckoutSession()
#2 /var/www/html/protectease/system/CodeIgniter.php(436): CodeIgniter\CodeIgniter->runController()
#3 /var/www/html/protectease/system/CodeIgniter.php(336): CodeIgniter\CodeIgniter->handleRequest()
#4 /var/www/html/protectease/index.php(37): CodeIgniter\CodeIgniter->run()
#5 {main}
CRITICAL - 2024-09-05 16:52:24 --> Undefined property: stdClass::$user_id
#0 /var/www/html/protectease/app/Controllers/Payment.php(29): CodeIgniter\Debug\Exceptions->errorHandler()
#1 /var/www/html/protectease/system/CodeIgniter.php(928): App\Controllers\Payment->createCheckoutSession()
#2 /var/www/html/protectease/system/CodeIgniter.php(436): CodeIgniter\CodeIgniter->runController()
#3 /var/www/html/protectease/system/CodeIgniter.php(336): CodeIgniter\CodeIgniter->handleRequest()
#4 /var/www/html/protectease/index.php(37): CodeIgniter\CodeIgniter->run()
#5 {main}
CRITICAL - 2024-09-05 16:52:50 --> Undefined property: stdClass::$user_id
#0 /var/www/html/protectease/app/Controllers/Payment.php(29): CodeIgniter\Debug\Exceptions->errorHandler()
#1 /var/www/html/protectease/system/CodeIgniter.php(928): App\Controllers\Payment->createCheckoutSession()
#2 /var/www/html/protectease/system/CodeIgniter.php(436): CodeIgniter\CodeIgniter->runController()
#3 /var/www/html/protectease/system/CodeIgniter.php(336): CodeIgniter\CodeIgniter->handleRequest()
#4 /var/www/html/protectease/index.php(37): CodeIgniter\CodeIgniter->run()
#5 {main}
CRITICAL - 2024-09-05 16:54:16 --> Undefined property: stdClass::$user_id
#0 /var/www/html/protectease/app/Controllers/Payment.php(29): CodeIgniter\Debug\Exceptions->errorHandler()
#1 /var/www/html/protectease/system/CodeIgniter.php(928): App\Controllers\Payment->createCheckoutSession()
#2 /var/www/html/protectease/system/CodeIgniter.php(436): CodeIgniter\CodeIgniter->runController()
#3 /var/www/html/protectease/system/CodeIgniter.php(336): CodeIgniter\CodeIgniter->handleRequest()
#4 /var/www/html/protectease/index.php(37): CodeIgniter\CodeIgniter->run()
#5 {main}
CRITICAL - 2024-09-05 16:56:31 --> Session ID is missing
#0 /var/www/html/protectease/system/CodeIgniter.php(928): App\Controllers\Payment->handleSuccess()
#1 /var/www/html/protectease/system/CodeIgniter.php(436): CodeIgniter\CodeIgniter->runController()
#2 /var/www/html/protectease/system/CodeIgniter.php(336): CodeIgniter\CodeIgniter->handleRequest()
#3 /var/www/html/protectease/index.php(37): CodeIgniter\CodeIgniter->run()
#4 {main}
CRITICAL - 2024-09-05 16:59:49 --> Session ID is missing
#0 /var/www/html/protectease/system/CodeIgniter.php(928): App\Controllers\Payment->handleSuccess()
#1 /var/www/html/protectease/system/CodeIgniter.php(436): CodeIgniter\CodeIgniter->runController()
#2 /var/www/html/protectease/system/CodeIgniter.php(336): CodeIgniter\CodeIgniter->handleRequest()
#3 /var/www/html/protectease/index.php(37): CodeIgniter\CodeIgniter->run()
#4 {main}
CRITICAL - 2024-09-05 17:22:51 --> Session ID is missing
#0 /var/www/html/protectease/system/CodeIgniter.php(928): App\Controllers\Payment->handleSuccess()
#1 /var/www/html/protectease/system/CodeIgniter.php(436): CodeIgniter\CodeIgniter->runController()
#2 /var/www/html/protectease/system/CodeIgniter.php(336): CodeIgniter\CodeIgniter->handleRequest()
#3 /var/www/html/protectease/index.php(37): CodeIgniter\CodeIgniter->run()
#4 {main}
CRITICAL - 2024-09-05 17:23:56 --> Class "App\Controllers\OrderModel" not found
#0 /var/www/html/protectease/system/CodeIgniter.php(928): App\Controllers\Payment->handleSuccess()
#1 /var/www/html/protectease/system/CodeIgniter.php(436): CodeIgniter\CodeIgniter->runController()
#2 /var/www/html/protectease/system/CodeIgniter.php(336): CodeIgniter\CodeIgniter->handleRequest()
#3 /var/www/html/protectease/index.php(37): CodeIgniter\CodeIgniter->run()
#4 {main}
CRITICAL - 2024-09-05 17:42:26 --> Class "App\Controllers\CommonModel" not found
#0 /var/www/html/protectease/system/CodeIgniter.php(900): App\Controllers\Home->__construct()
#1 /var/www/html/protectease/system/CodeIgniter.php(426): CodeIgniter\CodeIgniter->createController()
#2 /var/www/html/protectease/system/CodeIgniter.php(336): CodeIgniter\CodeIgniter->handleRequest()
#3 /var/www/html/protectease/index.php(37): CodeIgniter\CodeIgniter->run()
#4 {main}
CRITICAL - 2024-09-05 23:24:07 --> Undefined variable $otp
#0 /var/www/html/protectease/app/Views/journey/user_details.php(122): CodeIgniter\Debug\Exceptions->errorHandler()
#1 /var/www/html/protectease/system/View/View.php(230): include('...')
#2 /var/www/html/protectease/system/View/View.php(232): CodeIgniter\View\View->CodeIgniter\View\{closure}()
#3 /var/www/html/protectease/system/Common.php(1271): CodeIgniter\View\View->render()
#4 /var/www/html/protectease/app/Controllers/Journey.php(72): view()
#5 /var/www/html/protectease/system/CodeIgniter.php(928): App\Controllers\Journey->fProductEligibilityUserDetails()
#6 /var/www/html/protectease/system/CodeIgniter.php(436): CodeIgniter\CodeIgniter->runController()
#7 /var/www/html/protectease/system/CodeIgniter.php(336): CodeIgniter\CodeIgniter->handleRequest()
#8 /var/www/html/protectease/index.php(37): CodeIgniter\CodeIgniter->run()
#9 {main}
CRITICAL - 2024-09-05 23:24:55 --> Undefined variable $otp
#0 /var/www/html/protectease/app/Views/journey/user_details.php(122): CodeIgniter\Debug\Exceptions->errorHandler()
#1 /var/www/html/protectease/system/View/View.php(230): include('...')
#2 /var/www/html/protectease/system/View/View.php(232): CodeIgniter\View\View->CodeIgniter\View\{closure}()
#3 /var/www/html/protectease/system/Common.php(1271): CodeIgniter\View\View->render()
#4 /var/www/html/protectease/app/Controllers/Journey.php(72): view()
#5 /var/www/html/protectease/system/CodeIgniter.php(928): App\Controllers\Journey->fProductEligibilityUserDetails()
#6 /var/www/html/protectease/system/CodeIgniter.php(436): CodeIgniter\CodeIgniter->runController()
#7 /var/www/html/protectease/system/CodeIgniter.php(336): CodeIgniter\CodeIgniter->handleRequest()
#8 /var/www/html/protectease/index.php(37): CodeIgniter\CodeIgniter->run()
#9 {main}
