CRITICAL - 2024-11-05 12:26:30 --> Undefined array key 0
#0 /home/u932829434/domains/digisoftic.in/public_html/protectease/v2/app/Controllers/Orders.php(256): CodeIgniter\Debug\Exceptions->errorHandler()
#1 /home/u932829434/domains/digisoftic.in/public_html/protectease/v2/app/Controllers/Orders.php(196): App\Controllers\Orders->fChangeOrdersStatus()
#2 /home/u932829434/domains/digisoftic.in/public_html/protectease/v2/system/CodeIgniter.php(928): App\Controllers\Orders->fRejectOrders()
#3 /home/u932829434/domains/digisoftic.in/public_html/protectease/v2/system/CodeIgniter.php(436): CodeIgniter\CodeIgniter->runController()
#4 /home/u932829434/domains/digisoftic.in/public_html/protectease/v2/system/CodeIgniter.php(336): CodeIgniter\CodeIgniter->handleRequest()
#5 /home/u932829434/domains/digisoftic.in/public_html/protectease/v2/index.php(37): CodeIgniter\CodeIgniter->run()
#6 {main}
CRITICAL - 2024-11-05 12:30:54 --> Undefined array key 0
#0 /home/u932829434/domains/digisoftic.in/public_html/protectease/v2/app/Controllers/Orders.php(258): CodeIgniter\Debug\Exceptions->errorHandler()
#1 /home/u932829434/domains/digisoftic.in/public_html/protectease/v2/app/Controllers/Orders.php(196): App\Controllers\Orders->fChangeOrdersStatus()
#2 /home/u932829434/domains/digisoftic.in/public_html/protectease/v2/system/CodeIgniter.php(928): App\Controllers\Orders->fRejectOrders()
#3 /home/u932829434/domains/digisoftic.in/public_html/protectease/v2/system/CodeIgniter.php(436): CodeIgniter\CodeIgniter->runController()
#4 /home/u932829434/domains/digisoftic.in/public_html/protectease/v2/system/CodeIgniter.php(336): CodeIgniter\CodeIgniter->handleRequest()
#5 /home/u932829434/domains/digisoftic.in/public_html/protectease/v2/index.php(37): CodeIgniter\CodeIgniter->run()
#6 {main}
CRITICAL - 2024-11-05 12:31:27 --> Undefined array key 0
#0 /home/u932829434/domains/digisoftic.in/public_html/protectease/v2/app/Controllers/Orders.php(258): CodeIgniter\Debug\Exceptions->errorHandler()
#1 /home/u932829434/domains/digisoftic.in/public_html/protectease/v2/app/Controllers/Orders.php(196): App\Controllers\Orders->fChangeOrdersStatus()
#2 /home/u932829434/domains/digisoftic.in/public_html/protectease/v2/system/CodeIgniter.php(928): App\Controllers\Orders->fRejectOrders()
#3 /home/u932829434/domains/digisoftic.in/public_html/protectease/v2/system/CodeIgniter.php(436): CodeIgniter\CodeIgniter->runController()
#4 /home/u932829434/domains/digisoftic.in/public_html/protectease/v2/system/CodeIgniter.php(336): CodeIgniter\CodeIgniter->handleRequest()
#5 /home/u932829434/domains/digisoftic.in/public_html/protectease/v2/index.php(37): CodeIgniter\CodeIgniter->run()
#6 {main}
CRITICAL - 2024-11-05 12:32:11 --> Undefined array key 0
#0 /home/u932829434/domains/digisoftic.in/public_html/protectease/v2/app/Controllers/Orders.php(256): CodeIgniter\Debug\Exceptions->errorHandler()
#1 /home/u932829434/domains/digisoftic.in/public_html/protectease/v2/app/Controllers/Orders.php(196): App\Controllers\Orders->fChangeOrdersStatus()
#2 /home/u932829434/domains/digisoftic.in/public_html/protectease/v2/system/CodeIgniter.php(928): App\Controllers\Orders->fRejectOrders()
#3 /home/u932829434/domains/digisoftic.in/public_html/protectease/v2/system/CodeIgniter.php(436): CodeIgniter\CodeIgniter->runController()
#4 /home/u932829434/domains/digisoftic.in/public_html/protectease/v2/system/CodeIgniter.php(336): CodeIgniter\CodeIgniter->handleRequest()
#5 /home/u932829434/domains/digisoftic.in/public_html/protectease/v2/index.php(37): CodeIgniter\CodeIgniter->run()
#6 {main}
