CRITICAL - 2024-09-04 16:50:03 --> Call to a member function isValid() on null
#0 /var/www/html/protectease/system/CodeIgniter.php(928): App\Controllers\Master->fAddExploreProducts()
#1 /var/www/html/protectease/system/CodeIgniter.php(436): CodeIgniter\CodeIgniter->runController()
#2 /var/www/html/protectease/system/CodeIgniter.php(336): CodeIgniter\CodeIgniter->handleRequest()
#3 /var/www/html/protectease/index.php(37): CodeIgniter\CodeIgniter->run()
#4 {main}
CRITICAL - 2024-09-04 16:50:08 --> Call to a member function isValid() on null
#0 /var/www/html/protectease/system/CodeIgniter.php(928): App\Controllers\Master->fAddExploreProducts()
#1 /var/www/html/protectease/system/CodeIgniter.php(436): CodeIgniter\CodeIgniter->runController()
#2 /var/www/html/protectease/system/CodeIgniter.php(336): CodeIgniter\CodeIgniter->handleRequest()
#3 /var/www/html/protectease/index.php(37): CodeIgniter\CodeIgniter->run()
#4 {main}
CRITICAL - 2024-09-04 16:50:32 --> Call to a member function isValid() on null
#0 /var/www/html/protectease/system/CodeIgniter.php(928): App\Controllers\Master->fAddExploreProducts()
#1 /var/www/html/protectease/system/CodeIgniter.php(436): CodeIgniter\CodeIgniter->runController()
#2 /var/www/html/protectease/system/CodeIgniter.php(336): CodeIgniter\CodeIgniter->handleRequest()
#3 /var/www/html/protectease/index.php(37): CodeIgniter\CodeIgniter->run()
#4 {main}
CRITICAL - 2024-09-04 16:51:14 --> Call to a member function isValid() on null
#0 /var/www/html/protectease/system/CodeIgniter.php(928): App\Controllers\Master->fAddExploreProducts()
#1 /var/www/html/protectease/system/CodeIgniter.php(436): CodeIgniter\CodeIgniter->runController()
#2 /var/www/html/protectease/system/CodeIgniter.php(336): CodeIgniter\CodeIgniter->handleRequest()
#3 /var/www/html/protectease/index.php(37): CodeIgniter\CodeIgniter->run()
#4 {main}
CRITICAL - 2024-09-04 16:51:34 --> Call to a member function isValid() on null
#0 /var/www/html/protectease/system/CodeIgniter.php(928): App\Controllers\Master->fAddExploreProducts()
#1 /var/www/html/protectease/system/CodeIgniter.php(436): CodeIgniter\CodeIgniter->runController()
#2 /var/www/html/protectease/system/CodeIgniter.php(336): CodeIgniter\CodeIgniter->handleRequest()
#3 /var/www/html/protectease/index.php(37): CodeIgniter\CodeIgniter->run()
#4 {main}
