CRITICAL - 2024-09-03 11:24:50 --> Undefined array key "device_id"
#0 /var/www/html/protectease/app/Controllers/Journey.php(21): CodeIgniter\Debug\Exceptions->errorHandler()
#1 /var/www/html/protectease/system/CodeIgniter.php(928): App\Controllers\Journey->index()
#2 /var/www/html/protectease/system/CodeIgniter.php(436): CodeIgniter\CodeIgniter->runController()
#3 /var/www/html/protectease/system/CodeIgniter.php(336): CodeIgniter\CodeIgniter->handleRequest()
#4 /var/www/html/protectease/index.php(37): CodeIgniter\CodeIgniter->run()
#5 {main}
CRITICAL - 2024-09-03 11:28:17 --> Undefined array key "device_id"
#0 /var/www/html/protectease/app/Controllers/Journey.php(21): CodeIgniter\Debug\Exceptions->errorHandler()
#1 /var/www/html/protectease/system/CodeIgniter.php(928): App\Controllers\Journey->index()
#2 /var/www/html/protectease/system/CodeIgniter.php(436): CodeIgniter\CodeIgniter->runController()
#3 /var/www/html/protectease/system/CodeIgniter.php(336): CodeIgniter\CodeIgniter->handleRequest()
#4 /var/www/html/protectease/index.php(37): CodeIgniter\CodeIgniter->run()
#5 {main}
CRITICAL - 2024-09-03 11:35:40 --> syntax error, unexpected token "->"
#0 /var/www/html/protectease/system/Autoloader/Autoloader.php(273): CodeIgniter\Autoloader\Autoloader->includeFile()
#1 /var/www/html/protectease/system/Autoloader/Autoloader.php(247): CodeIgniter\Autoloader\Autoloader->loadInNamespace()
#2 [internal function]: CodeIgniter\Autoloader\Autoloader->loadClass()
#3 /var/www/html/protectease/system/CodeIgniter.php(885): class_exists()
#4 /var/www/html/protectease/system/CodeIgniter.php(421): CodeIgniter\CodeIgniter->startController()
#5 /var/www/html/protectease/system/CodeIgniter.php(336): CodeIgniter\CodeIgniter->handleRequest()
#6 /var/www/html/protectease/index.php(37): CodeIgniter\CodeIgniter->run()
#7 {main}
CRITICAL - 2024-09-03 12:13:08 --> syntax error, unexpected identifier "en"
#0 /var/www/html/protectease/system/Autoloader/Autoloader.php(273): CodeIgniter\Autoloader\Autoloader->includeFile()
#1 /var/www/html/protectease/system/Autoloader/Autoloader.php(247): CodeIgniter\Autoloader\Autoloader->loadInNamespace()
#2 [internal function]: CodeIgniter\Autoloader\Autoloader->loadClass()
#3 /var/www/html/protectease/system/CodeIgniter.php(885): class_exists()
#4 /var/www/html/protectease/system/CodeIgniter.php(421): CodeIgniter\CodeIgniter->startController()
#5 /var/www/html/protectease/system/CodeIgniter.php(336): CodeIgniter\CodeIgniter->handleRequest()
#6 /var/www/html/protectease/index.php(37): CodeIgniter\CodeIgniter->run()
#7 {main}
CRITICAL - 2024-09-03 12:35:49 --> Undefined array key "device_id"
#0 /var/www/html/protectease/app/Controllers/Carts.php(21): CodeIgniter\Debug\Exceptions->errorHandler()
#1 /var/www/html/protectease/system/CodeIgniter.php(928): App\Controllers\Carts->index()
#2 /var/www/html/protectease/system/CodeIgniter.php(436): CodeIgniter\CodeIgniter->runController()
#3 /var/www/html/protectease/system/CodeIgniter.php(336): CodeIgniter\CodeIgniter->handleRequest()
#4 /var/www/html/protectease/index.php(37): CodeIgniter\CodeIgniter->run()
#5 {main}
CRITICAL - 2024-09-03 12:40:25 --> Undefined array key "device_id"
#0 /var/www/html/protectease/app/Controllers/Carts.php(22): CodeIgniter\Debug\Exceptions->errorHandler()
#1 /var/www/html/protectease/system/CodeIgniter.php(928): App\Controllers\Carts->index()
#2 /var/www/html/protectease/system/CodeIgniter.php(436): CodeIgniter\CodeIgniter->runController()
#3 /var/www/html/protectease/system/CodeIgniter.php(336): CodeIgniter\CodeIgniter->handleRequest()
#4 /var/www/html/protectease/index.php(37): CodeIgniter\CodeIgniter->run()
#5 {main}
CRITICAL - 2024-09-03 12:47:00 --> syntax error, unexpected single-quoted string "carts", expecting "]"
#0 /var/www/html/protectease/system/Autoloader/Autoloader.php(273): CodeIgniter\Autoloader\Autoloader->includeFile()
#1 /var/www/html/protectease/system/Autoloader/Autoloader.php(247): CodeIgniter\Autoloader\Autoloader->loadInNamespace()
#2 [internal function]: CodeIgniter\Autoloader\Autoloader->loadClass()
#3 /var/www/html/protectease/system/Config/Factories.php(149): class_exists()
#4 /var/www/html/protectease/system/Config/Factories.php(115): CodeIgniter\Config\Factories::locateClass()
#5 /var/www/html/protectease/system/Common.php(228): CodeIgniter\Config\Factories::__callStatic()
#6 /var/www/html/protectease/system/Config/Services.php(305): config()
#7 /var/www/html/protectease/system/Config/BaseService.php(263): CodeIgniter\Config\Services::filters()
#8 /var/www/html/protectease/system/Config/BaseService.php(192): CodeIgniter\Config\BaseService::__callStatic()
#9 /var/www/html/protectease/system/Config/Services.php(302): CodeIgniter\Config\BaseService::getSharedInstance()
#10 /var/www/html/protectease/system/Config/BaseService.php(263): CodeIgniter\Config\Services::filters()
#11 /var/www/html/protectease/system/CodeIgniter.php(392): CodeIgniter\Config\BaseService::__callStatic()
#12 /var/www/html/protectease/system/CodeIgniter.php(336): CodeIgniter\CodeIgniter->handleRequest()
#13 /var/www/html/protectease/index.php(37): CodeIgniter\CodeIgniter->run()
#14 {main}
CRITICAL - 2024-09-03 12:56:59 --> deviceId filter must have a matching alias defined.
#0 /var/www/html/protectease/system/Filters/Filters.php(546): CodeIgniter\Filters\Exceptions\FilterException::forNoAlias()
#1 /var/www/html/protectease/system/Filters/Filters.php(264): CodeIgniter\Filters\Filters->processAliasesToClass()
#2 /var/www/html/protectease/system/Filters/Filters.php(168): CodeIgniter\Filters\Filters->initialize()
#3 /var/www/html/protectease/system/CodeIgniter.php(407): CodeIgniter\Filters\Filters->run()
#4 /var/www/html/protectease/system/CodeIgniter.php(336): CodeIgniter\CodeIgniter->handleRequest()
#5 /var/www/html/protectease/index.php(37): CodeIgniter\CodeIgniter->run()
#6 {main}
CRITICAL - 2024-09-03 12:56:59 --> deviceId filter must have a matching alias defined.
#0 /var/www/html/protectease/system/Filters/Filters.php(546): CodeIgniter\Filters\Exceptions\FilterException::forNoAlias()
#1 /var/www/html/protectease/system/Filters/Filters.php(264): CodeIgniter\Filters\Filters->processAliasesToClass()
#2 /var/www/html/protectease/system/Filters/Filters.php(168): CodeIgniter\Filters\Filters->initialize()
#3 /var/www/html/protectease/system/CodeIgniter.php(407): CodeIgniter\Filters\Filters->run()
#4 /var/www/html/protectease/system/CodeIgniter.php(336): CodeIgniter\CodeIgniter->handleRequest()
#5 /var/www/html/protectease/index.php(37): CodeIgniter\CodeIgniter->run()
#6 {main}
CRITICAL - 2024-09-03 12:56:59 --> deviceId filter must have a matching alias defined.
#0 /var/www/html/protectease/system/Filters/Filters.php(546): CodeIgniter\Filters\Exceptions\FilterException::forNoAlias()
#1 /var/www/html/protectease/system/Filters/Filters.php(264): CodeIgniter\Filters\Filters->processAliasesToClass()
#2 /var/www/html/protectease/system/Filters/Filters.php(168): CodeIgniter\Filters\Filters->initialize()
#3 /var/www/html/protectease/system/CodeIgniter.php(407): CodeIgniter\Filters\Filters->run()
#4 /var/www/html/protectease/system/CodeIgniter.php(336): CodeIgniter\CodeIgniter->handleRequest()
#5 /var/www/html/protectease/index.php(37): CodeIgniter\CodeIgniter->run()
#6 {main}
CRITICAL - 2024-09-03 12:56:59 --> deviceId filter must have a matching alias defined.
#0 /var/www/html/protectease/system/Filters/Filters.php(546): CodeIgniter\Filters\Exceptions\FilterException::forNoAlias()
#1 /var/www/html/protectease/system/Filters/Filters.php(264): CodeIgniter\Filters\Filters->processAliasesToClass()
#2 /var/www/html/protectease/system/Filters/Filters.php(168): CodeIgniter\Filters\Filters->initialize()
#3 /var/www/html/protectease/system/CodeIgniter.php(407): CodeIgniter\Filters\Filters->run()
#4 /var/www/html/protectease/system/CodeIgniter.php(336): CodeIgniter\CodeIgniter->handleRequest()
#5 /var/www/html/protectease/index.php(37): CodeIgniter\CodeIgniter->run()
#6 {main}
CRITICAL - 2024-09-03 12:57:06 --> deviceId filter must have a matching alias defined.
#0 /var/www/html/protectease/system/Filters/Filters.php(546): CodeIgniter\Filters\Exceptions\FilterException::forNoAlias()
#1 /var/www/html/protectease/system/Filters/Filters.php(264): CodeIgniter\Filters\Filters->processAliasesToClass()
#2 /var/www/html/protectease/system/Filters/Filters.php(168): CodeIgniter\Filters\Filters->initialize()
#3 /var/www/html/protectease/system/CodeIgniter.php(407): CodeIgniter\Filters\Filters->run()
#4 /var/www/html/protectease/system/CodeIgniter.php(336): CodeIgniter\CodeIgniter->handleRequest()
#5 /var/www/html/protectease/index.php(37): CodeIgniter\CodeIgniter->run()
#6 {main}
CRITICAL - 2024-09-03 12:57:06 --> deviceId filter must have a matching alias defined.
#0 /var/www/html/protectease/system/Filters/Filters.php(546): CodeIgniter\Filters\Exceptions\FilterException::forNoAlias()
#1 /var/www/html/protectease/system/Filters/Filters.php(264): CodeIgniter\Filters\Filters->processAliasesToClass()
#2 /var/www/html/protectease/system/Filters/Filters.php(168): CodeIgniter\Filters\Filters->initialize()
#3 /var/www/html/protectease/system/CodeIgniter.php(407): CodeIgniter\Filters\Filters->run()
#4 /var/www/html/protectease/system/CodeIgniter.php(336): CodeIgniter\CodeIgniter->handleRequest()
#5 /var/www/html/protectease/index.php(37): CodeIgniter\CodeIgniter->run()
#6 {main}
CRITICAL - 2024-09-03 12:57:06 --> deviceId filter must have a matching alias defined.
#0 /var/www/html/protectease/system/Filters/Filters.php(546): CodeIgniter\Filters\Exceptions\FilterException::forNoAlias()
#1 /var/www/html/protectease/system/Filters/Filters.php(264): CodeIgniter\Filters\Filters->processAliasesToClass()
#2 /var/www/html/protectease/system/Filters/Filters.php(168): CodeIgniter\Filters\Filters->initialize()
#3 /var/www/html/protectease/system/CodeIgniter.php(407): CodeIgniter\Filters\Filters->run()
#4 /var/www/html/protectease/system/CodeIgniter.php(336): CodeIgniter\CodeIgniter->handleRequest()
#5 /var/www/html/protectease/index.php(37): CodeIgniter\CodeIgniter->run()
#6 {main}
CRITICAL - 2024-09-03 12:57:06 --> deviceId filter must have a matching alias defined.
#0 /var/www/html/protectease/system/Filters/Filters.php(546): CodeIgniter\Filters\Exceptions\FilterException::forNoAlias()
#1 /var/www/html/protectease/system/Filters/Filters.php(264): CodeIgniter\Filters\Filters->processAliasesToClass()
#2 /var/www/html/protectease/system/Filters/Filters.php(168): CodeIgniter\Filters\Filters->initialize()
#3 /var/www/html/protectease/system/CodeIgniter.php(407): CodeIgniter\Filters\Filters->run()
#4 /var/www/html/protectease/system/CodeIgniter.php(336): CodeIgniter\CodeIgniter->handleRequest()
#5 /var/www/html/protectease/index.php(37): CodeIgniter\CodeIgniter->run()
#6 {main}
ERROR - 2024-09-03 12:58:24 --> Expression #1 of SELECT list is not in GROUP BY clause and contains nonaggregated column 'protectease.upsiee_products.id' which is not functionally dependent on columns in GROUP BY clause; this is incompatible with sql_mode=only_full_group_by
CRITICAL - 2024-09-03 12:58:24 --> Expression #1 of SELECT list is not in GROUP BY clause and contains nonaggregated column 'protectease.upsiee_products.id' which is not functionally dependent on columns in GROUP BY clause; this is incompatible with sql_mode=only_full_group_by
#0 /var/www/html/protectease/system/Database/MySQLi/Connection.php(329): mysqli->query()
#1 /var/www/html/protectease/system/Database/BaseConnection.php(732): CodeIgniter\Database\MySQLi\Connection->execute()
#2 /var/www/html/protectease/system/Database/BaseConnection.php(647): CodeIgniter\Database\BaseConnection->simpleQuery()
#3 /var/www/html/protectease/system/Database/BaseBuilder.php(1881): CodeIgniter\Database\BaseConnection->query()
#4 /var/www/html/protectease/system/Model.php(197): CodeIgniter\Database\BaseBuilder->get()
#5 /var/www/html/protectease/system/BaseModel.php(603): CodeIgniter\Model->doFindAll()
#6 /var/www/html/protectease/app/Controllers/ProtectionPlans.php(53): CodeIgniter\BaseModel->findAll()
#7 /var/www/html/protectease/system/CodeIgniter.php(928): App\Controllers\ProtectionPlans->fGetPlansList()
#8 /var/www/html/protectease/system/CodeIgniter.php(436): CodeIgniter\CodeIgniter->runController()
#9 /var/www/html/protectease/system/CodeIgniter.php(336): CodeIgniter\CodeIgniter->handleRequest()
#10 /var/www/html/protectease/index.php(37): CodeIgniter\CodeIgniter->run()
#11 {main}
CRITICAL - 2024-09-03 12:59:25 --> deviceId filter must have a matching alias defined.
#0 /var/www/html/protectease/system/Filters/Filters.php(546): CodeIgniter\Filters\Exceptions\FilterException::forNoAlias()
#1 /var/www/html/protectease/system/Filters/Filters.php(264): CodeIgniter\Filters\Filters->processAliasesToClass()
#2 /var/www/html/protectease/system/Filters/Filters.php(168): CodeIgniter\Filters\Filters->initialize()
#3 /var/www/html/protectease/system/CodeIgniter.php(407): CodeIgniter\Filters\Filters->run()
#4 /var/www/html/protectease/system/CodeIgniter.php(336): CodeIgniter\CodeIgniter->handleRequest()
#5 /var/www/html/protectease/index.php(37): CodeIgniter\CodeIgniter->run()
#6 {main}
CRITICAL - 2024-09-03 12:59:25 --> deviceId filter must have a matching alias defined.
#0 /var/www/html/protectease/system/Filters/Filters.php(546): CodeIgniter\Filters\Exceptions\FilterException::forNoAlias()
#1 /var/www/html/protectease/system/Filters/Filters.php(264): CodeIgniter\Filters\Filters->processAliasesToClass()
#2 /var/www/html/protectease/system/Filters/Filters.php(168): CodeIgniter\Filters\Filters->initialize()
#3 /var/www/html/protectease/system/CodeIgniter.php(407): CodeIgniter\Filters\Filters->run()
#4 /var/www/html/protectease/system/CodeIgniter.php(336): CodeIgniter\CodeIgniter->handleRequest()
#5 /var/www/html/protectease/index.php(37): CodeIgniter\CodeIgniter->run()
#6 {main}
CRITICAL - 2024-09-03 12:59:25 --> deviceId filter must have a matching alias defined.
#0 /var/www/html/protectease/system/Filters/Filters.php(546): CodeIgniter\Filters\Exceptions\FilterException::forNoAlias()
#1 /var/www/html/protectease/system/Filters/Filters.php(264): CodeIgniter\Filters\Filters->processAliasesToClass()
#2 /var/www/html/protectease/system/Filters/Filters.php(168): CodeIgniter\Filters\Filters->initialize()
#3 /var/www/html/protectease/system/CodeIgniter.php(407): CodeIgniter\Filters\Filters->run()
#4 /var/www/html/protectease/system/CodeIgniter.php(336): CodeIgniter\CodeIgniter->handleRequest()
#5 /var/www/html/protectease/index.php(37): CodeIgniter\CodeIgniter->run()
#6 {main}
CRITICAL - 2024-09-03 12:59:25 --> deviceId filter must have a matching alias defined.
#0 /var/www/html/protectease/system/Filters/Filters.php(546): CodeIgniter\Filters\Exceptions\FilterException::forNoAlias()
#1 /var/www/html/protectease/system/Filters/Filters.php(264): CodeIgniter\Filters\Filters->processAliasesToClass()
#2 /var/www/html/protectease/system/Filters/Filters.php(168): CodeIgniter\Filters\Filters->initialize()
#3 /var/www/html/protectease/system/CodeIgniter.php(407): CodeIgniter\Filters\Filters->run()
#4 /var/www/html/protectease/system/CodeIgniter.php(336): CodeIgniter\CodeIgniter->handleRequest()
#5 /var/www/html/protectease/index.php(37): CodeIgniter\CodeIgniter->run()
#6 {main}
CRITICAL - 2024-09-03 12:59:36 --> deviceId filter must have a matching alias defined.
#0 /var/www/html/protectease/system/Filters/Filters.php(546): CodeIgniter\Filters\Exceptions\FilterException::forNoAlias()
#1 /var/www/html/protectease/system/Filters/Filters.php(264): CodeIgniter\Filters\Filters->processAliasesToClass()
#2 /var/www/html/protectease/system/Filters/Filters.php(168): CodeIgniter\Filters\Filters->initialize()
#3 /var/www/html/protectease/system/CodeIgniter.php(407): CodeIgniter\Filters\Filters->run()
#4 /var/www/html/protectease/system/CodeIgniter.php(336): CodeIgniter\CodeIgniter->handleRequest()
#5 /var/www/html/protectease/index.php(37): CodeIgniter\CodeIgniter->run()
#6 {main}
CRITICAL - 2024-09-03 13:04:57 --> deviceId filter must have a matching alias defined.
#0 /var/www/html/protectease/system/Filters/Filters.php(546): CodeIgniter\Filters\Exceptions\FilterException::forNoAlias()
#1 /var/www/html/protectease/system/Filters/Filters.php(264): CodeIgniter\Filters\Filters->processAliasesToClass()
#2 /var/www/html/protectease/system/Filters/Filters.php(168): CodeIgniter\Filters\Filters->initialize()
#3 /var/www/html/protectease/system/CodeIgniter.php(407): CodeIgniter\Filters\Filters->run()
#4 /var/www/html/protectease/system/CodeIgniter.php(336): CodeIgniter\CodeIgniter->handleRequest()
#5 /var/www/html/protectease/index.php(37): CodeIgniter\CodeIgniter->run()
#6 {main}
CRITICAL - 2024-09-03 13:06:13 --> syntax error, unexpected single-quoted string "carts", expecting "]"
#0 /var/www/html/protectease/system/Autoloader/Autoloader.php(273): CodeIgniter\Autoloader\Autoloader->includeFile()
#1 /var/www/html/protectease/system/Autoloader/Autoloader.php(247): CodeIgniter\Autoloader\Autoloader->loadInNamespace()
#2 [internal function]: CodeIgniter\Autoloader\Autoloader->loadClass()
#3 /var/www/html/protectease/system/Config/Factories.php(149): class_exists()
#4 /var/www/html/protectease/system/Config/Factories.php(115): CodeIgniter\Config\Factories::locateClass()
#5 /var/www/html/protectease/system/Common.php(228): CodeIgniter\Config\Factories::__callStatic()
#6 /var/www/html/protectease/system/Config/Services.php(305): config()
#7 /var/www/html/protectease/system/Config/BaseService.php(263): CodeIgniter\Config\Services::filters()
#8 /var/www/html/protectease/system/Config/BaseService.php(192): CodeIgniter\Config\BaseService::__callStatic()
#9 /var/www/html/protectease/system/Config/Services.php(302): CodeIgniter\Config\BaseService::getSharedInstance()
#10 /var/www/html/protectease/system/Config/BaseService.php(263): CodeIgniter\Config\Services::filters()
#11 /var/www/html/protectease/system/CodeIgniter.php(392): CodeIgniter\Config\BaseService::__callStatic()
#12 /var/www/html/protectease/system/CodeIgniter.php(336): CodeIgniter\CodeIgniter->handleRequest()
#13 /var/www/html/protectease/index.php(37): CodeIgniter\CodeIgniter->run()
#14 {main}
CRITICAL - 2024-09-03 13:07:39 --> Undefined array key "device_id"
#0 /var/www/html/protectease/app/Models/Master_model.php(388): CodeIgniter\Debug\Exceptions->errorHandler()
#1 /var/www/html/protectease/app/Controllers/Carts.php(21): App\Models\Master_model->getCartRecords()
#2 /var/www/html/protectease/system/CodeIgniter.php(928): App\Controllers\Carts->index()
#3 /var/www/html/protectease/system/CodeIgniter.php(436): CodeIgniter\CodeIgniter->runController()
#4 /var/www/html/protectease/system/CodeIgniter.php(336): CodeIgniter\CodeIgniter->handleRequest()
#5 /var/www/html/protectease/index.php(37): CodeIgniter\CodeIgniter->run()
#6 {main}
CRITICAL - 2024-09-03 13:11:24 --> Undefined array key "device_id"
#0 /var/www/html/protectease/app/Models/Master_model.php(388): CodeIgniter\Debug\Exceptions->errorHandler()
#1 /var/www/html/protectease/app/Controllers/Carts.php(21): App\Models\Master_model->getCartRecords()
#2 /var/www/html/protectease/system/CodeIgniter.php(928): App\Controllers\Carts->index()
#3 /var/www/html/protectease/system/CodeIgniter.php(436): CodeIgniter\CodeIgniter->runController()
#4 /var/www/html/protectease/system/CodeIgniter.php(336): CodeIgniter\CodeIgniter->handleRequest()
#5 /var/www/html/protectease/index.php(37): CodeIgniter\CodeIgniter->run()
#6 {main}
CRITICAL - 2024-09-03 13:13:34 --> Undefined array key "device_id"
#0 /var/www/html/protectease/app/Models/Master_model.php(388): CodeIgniter\Debug\Exceptions->errorHandler()
#1 /var/www/html/protectease/app/Controllers/Carts.php(21): App\Models\Master_model->getCartRecords()
#2 /var/www/html/protectease/system/CodeIgniter.php(928): App\Controllers\Carts->index()
#3 /var/www/html/protectease/system/CodeIgniter.php(436): CodeIgniter\CodeIgniter->runController()
#4 /var/www/html/protectease/system/CodeIgniter.php(336): CodeIgniter\CodeIgniter->handleRequest()
#5 /var/www/html/protectease/index.php(37): CodeIgniter\CodeIgniter->run()
#6 {main}
CRITICAL - 2024-09-03 13:14:47 --> Undefined array key "device_id"
#0 /var/www/html/protectease/app/Models/Master_model.php(388): CodeIgniter\Debug\Exceptions->errorHandler()
#1 /var/www/html/protectease/app/Controllers/Carts.php(21): App\Models\Master_model->getCartRecords()
#2 /var/www/html/protectease/system/CodeIgniter.php(928): App\Controllers\Carts->index()
#3 /var/www/html/protectease/system/CodeIgniter.php(436): CodeIgniter\CodeIgniter->runController()
#4 /var/www/html/protectease/system/CodeIgniter.php(336): CodeIgniter\CodeIgniter->handleRequest()
#5 /var/www/html/protectease/index.php(37): CodeIgniter\CodeIgniter->run()
#6 {main}
CRITICAL - 2024-09-03 13:16:08 --> Undefined array key "device_id"
#0 /var/www/html/protectease/app/Models/Master_model.php(388): CodeIgniter\Debug\Exceptions->errorHandler()
#1 /var/www/html/protectease/app/Controllers/Carts.php(21): App\Models\Master_model->getCartRecords()
#2 /var/www/html/protectease/system/CodeIgniter.php(928): App\Controllers\Carts->index()
#3 /var/www/html/protectease/system/CodeIgniter.php(436): CodeIgniter\CodeIgniter->runController()
#4 /var/www/html/protectease/system/CodeIgniter.php(336): CodeIgniter\CodeIgniter->handleRequest()
#5 /var/www/html/protectease/index.php(37): CodeIgniter\CodeIgniter->run()
#6 {main}
ERROR - 2024-09-03 14:00:05 --> Expression #1 of SELECT list is not in GROUP BY clause and contains nonaggregated column 'protectease.upsiee_products.id' which is not functionally dependent on columns in GROUP BY clause; this is incompatible with sql_mode=only_full_group_by
CRITICAL - 2024-09-03 14:00:05 --> Expression #1 of SELECT list is not in GROUP BY clause and contains nonaggregated column 'protectease.upsiee_products.id' which is not functionally dependent on columns in GROUP BY clause; this is incompatible with sql_mode=only_full_group_by
#0 /var/www/html/protectease/system/Database/MySQLi/Connection.php(329): mysqli->query()
#1 /var/www/html/protectease/system/Database/BaseConnection.php(732): CodeIgniter\Database\MySQLi\Connection->execute()
#2 /var/www/html/protectease/system/Database/BaseConnection.php(647): CodeIgniter\Database\BaseConnection->simpleQuery()
#3 /var/www/html/protectease/system/Database/BaseBuilder.php(1881): CodeIgniter\Database\BaseConnection->query()
#4 /var/www/html/protectease/system/Model.php(197): CodeIgniter\Database\BaseBuilder->get()
#5 /var/www/html/protectease/system/BaseModel.php(603): CodeIgniter\Model->doFindAll()
#6 /var/www/html/protectease/app/Controllers/ProtectionPlans.php(53): CodeIgniter\BaseModel->findAll()
#7 /var/www/html/protectease/system/CodeIgniter.php(928): App\Controllers\ProtectionPlans->fGetPlansList()
#8 /var/www/html/protectease/system/CodeIgniter.php(436): CodeIgniter\CodeIgniter->runController()
#9 /var/www/html/protectease/system/CodeIgniter.php(336): CodeIgniter\CodeIgniter->handleRequest()
#10 /var/www/html/protectease/index.php(37): CodeIgniter\CodeIgniter->run()
#11 {main}
CRITICAL - 2024-09-03 15:06:30 --> syntax error, unexpected variable "$routes", expecting ")"
#0 /var/www/html/protectease/system/CodeIgniter.php(389): CodeIgniter\CodeIgniter->tryToRouteIt()
#1 /var/www/html/protectease/system/CodeIgniter.php(336): CodeIgniter\CodeIgniter->handleRequest()
#2 /var/www/html/protectease/index.php(37): CodeIgniter\CodeIgniter->run()
#3 {main}
CRITICAL - 2024-09-03 15:06:45 --> Class "App\Controllers\ConfigurationModel" not found
#0 /var/www/html/protectease/system/CodeIgniter.php(928): App\Controllers\Carts->index()
#1 /var/www/html/protectease/system/CodeIgniter.php(436): CodeIgniter\CodeIgniter->runController()
#2 /var/www/html/protectease/system/CodeIgniter.php(336): CodeIgniter\CodeIgniter->handleRequest()
#3 /var/www/html/protectease/index.php(37): CodeIgniter\CodeIgniter->run()
#4 {main}
ERROR - 2024-09-03 15:08:36 --> Expression #1 of SELECT list is not in GROUP BY clause and contains nonaggregated column 'protectease.upsiee_products.id' which is not functionally dependent on columns in GROUP BY clause; this is incompatible with sql_mode=only_full_group_by
CRITICAL - 2024-09-03 15:08:36 --> Expression #1 of SELECT list is not in GROUP BY clause and contains nonaggregated column 'protectease.upsiee_products.id' which is not functionally dependent on columns in GROUP BY clause; this is incompatible with sql_mode=only_full_group_by
#0 /var/www/html/protectease/system/Database/MySQLi/Connection.php(329): mysqli->query()
#1 /var/www/html/protectease/system/Database/BaseConnection.php(732): CodeIgniter\Database\MySQLi\Connection->execute()
#2 /var/www/html/protectease/system/Database/BaseConnection.php(647): CodeIgniter\Database\BaseConnection->simpleQuery()
#3 /var/www/html/protectease/system/Database/BaseBuilder.php(1881): CodeIgniter\Database\BaseConnection->query()
#4 /var/www/html/protectease/system/Model.php(197): CodeIgniter\Database\BaseBuilder->get()
#5 /var/www/html/protectease/system/BaseModel.php(603): CodeIgniter\Model->doFindAll()
#6 /var/www/html/protectease/app/Controllers/ProtectionPlans.php(53): CodeIgniter\BaseModel->findAll()
#7 /var/www/html/protectease/system/CodeIgniter.php(928): App\Controllers\ProtectionPlans->fGetPlansList()
#8 /var/www/html/protectease/system/CodeIgniter.php(436): CodeIgniter\CodeIgniter->runController()
#9 /var/www/html/protectease/system/CodeIgniter.php(336): CodeIgniter\CodeIgniter->handleRequest()
#10 /var/www/html/protectease/index.php(37): CodeIgniter\CodeIgniter->run()
#11 {main}
ERROR - 2024-09-03 15:08:40 --> Expression #1 of SELECT list is not in GROUP BY clause and contains nonaggregated column 'protectease.upsiee_products.id' which is not functionally dependent on columns in GROUP BY clause; this is incompatible with sql_mode=only_full_group_by
CRITICAL - 2024-09-03 15:08:40 --> Expression #1 of SELECT list is not in GROUP BY clause and contains nonaggregated column 'protectease.upsiee_products.id' which is not functionally dependent on columns in GROUP BY clause; this is incompatible with sql_mode=only_full_group_by
#0 /var/www/html/protectease/system/Database/MySQLi/Connection.php(329): mysqli->query()
#1 /var/www/html/protectease/system/Database/BaseConnection.php(732): CodeIgniter\Database\MySQLi\Connection->execute()
#2 /var/www/html/protectease/system/Database/BaseConnection.php(647): CodeIgniter\Database\BaseConnection->simpleQuery()
#3 /var/www/html/protectease/system/Database/BaseBuilder.php(1881): CodeIgniter\Database\BaseConnection->query()
#4 /var/www/html/protectease/system/Model.php(197): CodeIgniter\Database\BaseBuilder->get()
#5 /var/www/html/protectease/system/BaseModel.php(603): CodeIgniter\Model->doFindAll()
#6 /var/www/html/protectease/app/Controllers/ProtectionPlans.php(53): CodeIgniter\BaseModel->findAll()
#7 /var/www/html/protectease/system/CodeIgniter.php(928): App\Controllers\ProtectionPlans->fGetPlansList()
#8 /var/www/html/protectease/system/CodeIgniter.php(436): CodeIgniter\CodeIgniter->runController()
#9 /var/www/html/protectease/system/CodeIgniter.php(336): CodeIgniter\CodeIgniter->handleRequest()
#10 /var/www/html/protectease/index.php(37): CodeIgniter\CodeIgniter->run()
#11 {main}
ERROR - 2024-09-03 15:08:49 --> Expression #1 of SELECT list is not in GROUP BY clause and contains nonaggregated column 'protectease.upsiee_products.id' which is not functionally dependent on columns in GROUP BY clause; this is incompatible with sql_mode=only_full_group_by
CRITICAL - 2024-09-03 15:08:49 --> Expression #1 of SELECT list is not in GROUP BY clause and contains nonaggregated column 'protectease.upsiee_products.id' which is not functionally dependent on columns in GROUP BY clause; this is incompatible with sql_mode=only_full_group_by
#0 /var/www/html/protectease/system/Database/MySQLi/Connection.php(329): mysqli->query()
#1 /var/www/html/protectease/system/Database/BaseConnection.php(732): CodeIgniter\Database\MySQLi\Connection->execute()
#2 /var/www/html/protectease/system/Database/BaseConnection.php(647): CodeIgniter\Database\BaseConnection->simpleQuery()
#3 /var/www/html/protectease/system/Database/BaseBuilder.php(1881): CodeIgniter\Database\BaseConnection->query()
#4 /var/www/html/protectease/system/Model.php(197): CodeIgniter\Database\BaseBuilder->get()
#5 /var/www/html/protectease/system/BaseModel.php(603): CodeIgniter\Model->doFindAll()
#6 /var/www/html/protectease/app/Controllers/ProtectionPlans.php(53): CodeIgniter\BaseModel->findAll()
#7 /var/www/html/protectease/system/CodeIgniter.php(928): App\Controllers\ProtectionPlans->fGetPlansList()
#8 /var/www/html/protectease/system/CodeIgniter.php(436): CodeIgniter\CodeIgniter->runController()
#9 /var/www/html/protectease/system/CodeIgniter.php(336): CodeIgniter\CodeIgniter->handleRequest()
#10 /var/www/html/protectease/index.php(37): CodeIgniter\CodeIgniter->run()
#11 {main}
ERROR - 2024-09-03 15:09:07 --> Expression #1 of SELECT list is not in GROUP BY clause and contains nonaggregated column 'protectease.upsiee_products.id' which is not functionally dependent on columns in GROUP BY clause; this is incompatible with sql_mode=only_full_group_by
CRITICAL - 2024-09-03 15:09:07 --> Expression #1 of SELECT list is not in GROUP BY clause and contains nonaggregated column 'protectease.upsiee_products.id' which is not functionally dependent on columns in GROUP BY clause; this is incompatible with sql_mode=only_full_group_by
#0 /var/www/html/protectease/system/Database/MySQLi/Connection.php(329): mysqli->query()
#1 /var/www/html/protectease/system/Database/BaseConnection.php(732): CodeIgniter\Database\MySQLi\Connection->execute()
#2 /var/www/html/protectease/system/Database/BaseConnection.php(647): CodeIgniter\Database\BaseConnection->simpleQuery()
#3 /var/www/html/protectease/system/Database/BaseBuilder.php(1881): CodeIgniter\Database\BaseConnection->query()
#4 /var/www/html/protectease/system/Model.php(197): CodeIgniter\Database\BaseBuilder->get()
#5 /var/www/html/protectease/system/BaseModel.php(603): CodeIgniter\Model->doFindAll()
#6 /var/www/html/protectease/app/Controllers/ProtectionPlans.php(53): CodeIgniter\BaseModel->findAll()
#7 /var/www/html/protectease/system/CodeIgniter.php(928): App\Controllers\ProtectionPlans->fGetPlansList()
#8 /var/www/html/protectease/system/CodeIgniter.php(436): CodeIgniter\CodeIgniter->runController()
#9 /var/www/html/protectease/system/CodeIgniter.php(336): CodeIgniter\CodeIgniter->handleRequest()
#10 /var/www/html/protectease/index.php(37): CodeIgniter\CodeIgniter->run()
#11 {main}
ERROR - 2024-09-03 15:09:39 --> Expression #1 of SELECT list is not in GROUP BY clause and contains nonaggregated column 'protectease.upsiee_products.id' which is not functionally dependent on columns in GROUP BY clause; this is incompatible with sql_mode=only_full_group_by
CRITICAL - 2024-09-03 15:09:39 --> Expression #1 of SELECT list is not in GROUP BY clause and contains nonaggregated column 'protectease.upsiee_products.id' which is not functionally dependent on columns in GROUP BY clause; this is incompatible with sql_mode=only_full_group_by
#0 /var/www/html/protectease/system/Database/MySQLi/Connection.php(329): mysqli->query()
#1 /var/www/html/protectease/system/Database/BaseConnection.php(732): CodeIgniter\Database\MySQLi\Connection->execute()
#2 /var/www/html/protectease/system/Database/BaseConnection.php(647): CodeIgniter\Database\BaseConnection->simpleQuery()
#3 /var/www/html/protectease/system/Database/BaseBuilder.php(1881): CodeIgniter\Database\BaseConnection->query()
#4 /var/www/html/protectease/system/Model.php(197): CodeIgniter\Database\BaseBuilder->get()
#5 /var/www/html/protectease/system/BaseModel.php(603): CodeIgniter\Model->doFindAll()
#6 /var/www/html/protectease/app/Controllers/ProtectionPlans.php(53): CodeIgniter\BaseModel->findAll()
#7 /var/www/html/protectease/system/CodeIgniter.php(928): App\Controllers\ProtectionPlans->fGetPlansList()
#8 /var/www/html/protectease/system/CodeIgniter.php(436): CodeIgniter\CodeIgniter->runController()
#9 /var/www/html/protectease/system/CodeIgniter.php(336): CodeIgniter\CodeIgniter->handleRequest()
#10 /var/www/html/protectease/index.php(37): CodeIgniter\CodeIgniter->run()
#11 {main}
ERROR - 2024-09-03 15:14:24 --> Expression #1 of SELECT list is not in GROUP BY clause and contains nonaggregated column 'protectease.upsiee_products.id' which is not functionally dependent on columns in GROUP BY clause; this is incompatible with sql_mode=only_full_group_by
CRITICAL - 2024-09-03 15:14:24 --> Expression #1 of SELECT list is not in GROUP BY clause and contains nonaggregated column 'protectease.upsiee_products.id' which is not functionally dependent on columns in GROUP BY clause; this is incompatible with sql_mode=only_full_group_by
#0 /var/www/html/protectease/system/Database/MySQLi/Connection.php(329): mysqli->query()
#1 /var/www/html/protectease/system/Database/BaseConnection.php(732): CodeIgniter\Database\MySQLi\Connection->execute()
#2 /var/www/html/protectease/system/Database/BaseConnection.php(647): CodeIgniter\Database\BaseConnection->simpleQuery()
#3 /var/www/html/protectease/system/Database/BaseBuilder.php(1881): CodeIgniter\Database\BaseConnection->query()
#4 /var/www/html/protectease/system/Model.php(197): CodeIgniter\Database\BaseBuilder->get()
#5 /var/www/html/protectease/system/BaseModel.php(603): CodeIgniter\Model->doFindAll()
#6 /var/www/html/protectease/app/Controllers/ProtectionPlans.php(53): CodeIgniter\BaseModel->findAll()
#7 /var/www/html/protectease/system/CodeIgniter.php(928): App\Controllers\ProtectionPlans->fGetPlansList()
#8 /var/www/html/protectease/system/CodeIgniter.php(436): CodeIgniter\CodeIgniter->runController()
#9 /var/www/html/protectease/system/CodeIgniter.php(336): CodeIgniter\CodeIgniter->handleRequest()
#10 /var/www/html/protectease/index.php(37): CodeIgniter\CodeIgniter->run()
#11 {main}
ERROR - 2024-09-03 15:15:31 --> Expression #1 of SELECT list is not in GROUP BY clause and contains nonaggregated column 'protectease.upsiee_products.id' which is not functionally dependent on columns in GROUP BY clause; this is incompatible with sql_mode=only_full_group_by
CRITICAL - 2024-09-03 15:15:31 --> Expression #1 of SELECT list is not in GROUP BY clause and contains nonaggregated column 'protectease.upsiee_products.id' which is not functionally dependent on columns in GROUP BY clause; this is incompatible with sql_mode=only_full_group_by
#0 /var/www/html/protectease/system/Database/MySQLi/Connection.php(329): mysqli->query()
#1 /var/www/html/protectease/system/Database/BaseConnection.php(732): CodeIgniter\Database\MySQLi\Connection->execute()
#2 /var/www/html/protectease/system/Database/BaseConnection.php(647): CodeIgniter\Database\BaseConnection->simpleQuery()
#3 /var/www/html/protectease/system/Database/BaseBuilder.php(1881): CodeIgniter\Database\BaseConnection->query()
#4 /var/www/html/protectease/system/Model.php(197): CodeIgniter\Database\BaseBuilder->get()
#5 /var/www/html/protectease/system/BaseModel.php(603): CodeIgniter\Model->doFindAll()
#6 /var/www/html/protectease/app/Controllers/ProtectionPlans.php(53): CodeIgniter\BaseModel->findAll()
#7 /var/www/html/protectease/system/CodeIgniter.php(928): App\Controllers\ProtectionPlans->fGetPlansList()
#8 /var/www/html/protectease/system/CodeIgniter.php(436): CodeIgniter\CodeIgniter->runController()
#9 /var/www/html/protectease/system/CodeIgniter.php(336): CodeIgniter\CodeIgniter->handleRequest()
#10 /var/www/html/protectease/index.php(37): CodeIgniter\CodeIgniter->run()
#11 {main}
ERROR - 2024-09-03 15:17:50 --> Expression #1 of SELECT list is not in GROUP BY clause and contains nonaggregated column 'protectease.upsiee_products.id' which is not functionally dependent on columns in GROUP BY clause; this is incompatible with sql_mode=only_full_group_by
CRITICAL - 2024-09-03 15:17:50 --> Expression #1 of SELECT list is not in GROUP BY clause and contains nonaggregated column 'protectease.upsiee_products.id' which is not functionally dependent on columns in GROUP BY clause; this is incompatible with sql_mode=only_full_group_by
#0 /var/www/html/protectease/system/Database/MySQLi/Connection.php(329): mysqli->query()
#1 /var/www/html/protectease/system/Database/BaseConnection.php(732): CodeIgniter\Database\MySQLi\Connection->execute()
#2 /var/www/html/protectease/system/Database/BaseConnection.php(647): CodeIgniter\Database\BaseConnection->simpleQuery()
#3 /var/www/html/protectease/system/Database/BaseBuilder.php(1881): CodeIgniter\Database\BaseConnection->query()
#4 /var/www/html/protectease/system/Model.php(197): CodeIgniter\Database\BaseBuilder->get()
#5 /var/www/html/protectease/system/BaseModel.php(603): CodeIgniter\Model->doFindAll()
#6 /var/www/html/protectease/app/Controllers/ProtectionPlans.php(53): CodeIgniter\BaseModel->findAll()
#7 /var/www/html/protectease/system/CodeIgniter.php(928): App\Controllers\ProtectionPlans->fGetPlansList()
#8 /var/www/html/protectease/system/CodeIgniter.php(436): CodeIgniter\CodeIgniter->runController()
#9 /var/www/html/protectease/system/CodeIgniter.php(336): CodeIgniter\CodeIgniter->handleRequest()
#10 /var/www/html/protectease/index.php(37): CodeIgniter\CodeIgniter->run()
#11 {main}
CRITICAL - 2024-09-03 16:03:56 --> Invalid file: payment/cancel.php
#0 /var/www/html/protectease/system/View/View.php(213): CodeIgniter\Exceptions\FrameworkException::forInvalidFile()
#1 /var/www/html/protectease/system/Common.php(1271): CodeIgniter\View\View->render()
#2 /var/www/html/protectease/app/Controllers/Payment.php(82): view()
#3 /var/www/html/protectease/system/CodeIgniter.php(928): App\Controllers\Payment->handleCancel()
#4 /var/www/html/protectease/system/CodeIgniter.php(436): CodeIgniter\CodeIgniter->runController()
#5 /var/www/html/protectease/system/CodeIgniter.php(336): CodeIgniter\CodeIgniter->handleRequest()
#6 /var/www/html/protectease/index.php(37): CodeIgniter\CodeIgniter->run()
#7 {main}
