CRITICAL - 2024-08-30 14:58:47 --> Call to undefined method CodeIgniter\Autoloader\Autoloader::initializeKint()
#0 /home/u932829434/domains/digisoftic.in/public_html/protectease/system/Boot.php(56): CodeIgniter\Boot::initializeKint()
#1 /home/u932829434/domains/digisoftic.in/public_html/protectease/index.php(56): CodeIgniter\Boot::bootWeb()
#2 {main}
CRITICAL - 2024-08-30 14:59:00 --> Call to undefined method CodeIgniter\Autoloader\Autoloader::initializeKint()
#0 /home/u932829434/domains/digisoftic.in/public_html/protectease/system/Boot.php(56): CodeIgniter\Boot::initializeKint()
#1 /home/u932829434/domains/digisoftic.in/public_html/protectease/index.php(56): CodeIgniter\Boot::bootWeb()
#2 {main}
CRITICAL - 2024-08-30 14:59:02 --> Call to undefined method CodeIgniter\Autoloader\Autoloader::initializeKint()
#0 /home/u932829434/domains/digisoftic.in/public_html/protectease/system/Boot.php(56): CodeIgniter\Boot::initializeKint()
#1 /home/u932829434/domains/digisoftic.in/public_html/protectease/index.php(56): CodeIgniter\Boot::bootWeb()
#2 {main}
CRITICAL - 2024-08-30 14:59:03 --> Call to undefined method CodeIgniter\Autoloader\Autoloader::initializeKint()
#0 /home/u932829434/domains/digisoftic.in/public_html/protectease/system/Boot.php(56): CodeIgniter\Boot::initializeKint()
#1 /home/u932829434/domains/digisoftic.in/public_html/protectease/index.php(56): CodeIgniter\Boot::bootWeb()
#2 {main}
CRITICAL - 2024-08-30 14:59:07 --> Call to undefined method CodeIgniter\Autoloader\Autoloader::initializeKint()
#0 /home/u932829434/domains/digisoftic.in/public_html/protectease/system/Boot.php(56): CodeIgniter\Boot::initializeKint()
#1 /home/u932829434/domains/digisoftic.in/public_html/protectease/index.php(56): CodeIgniter\Boot::bootWeb()
#2 {main}
CRITICAL - 2024-08-30 15:01:39 --> Call to undefined method CodeIgniter\Autoloader\Autoloader::initializeKint()
#0 /home/u932829434/domains/digisoftic.in/public_html/protectease/system/Boot.php(56): CodeIgniter\Boot::initializeKint()
#1 /home/u932829434/domains/digisoftic.in/public_html/protectease/index.php(56): CodeIgniter\Boot::bootWeb()
#2 {main}
CRITICAL - 2024-08-30 15:01:40 --> Call to undefined method CodeIgniter\Autoloader\Autoloader::initializeKint()
#0 /home/u932829434/domains/digisoftic.in/public_html/protectease/system/Boot.php(56): CodeIgniter\Boot::initializeKint()
#1 /home/u932829434/domains/digisoftic.in/public_html/protectease/index.php(56): CodeIgniter\Boot::bootWeb()
#2 {main}
CRITICAL - 2024-08-30 15:01:46 --> Call to undefined method CodeIgniter\Autoloader\Autoloader::initializeKint()
#0 /home/u932829434/domains/digisoftic.in/public_html/protectease/system/Boot.php(56): CodeIgniter\Boot::initializeKint()
#1 /home/u932829434/domains/digisoftic.in/public_html/protectease/index.php(56): CodeIgniter\Boot::bootWeb()
#2 {main}
CRITICAL - 2024-08-30 21:01:02 --> The action you requested is not allowed.
#0 /home/u932829434/domains/digisoftic.in/public_html/protectease/system/Security/Security.php(240): CodeIgniter\Security\Exceptions\SecurityException::forDisallowedAction()
#1 /home/u932829434/domains/digisoftic.in/public_html/protectease/system/Filters/CSRF.php(57): CodeIgniter\Security\Security->verify()
#2 /home/u932829434/domains/digisoftic.in/public_html/protectease/system/Filters/Filters.php(181): CodeIgniter\Filters\CSRF->before()
#3 /home/u932829434/domains/digisoftic.in/public_html/protectease/system/CodeIgniter.php(407): CodeIgniter\Filters\Filters->run()
#4 /home/u932829434/domains/digisoftic.in/public_html/protectease/system/CodeIgniter.php(336): CodeIgniter\CodeIgniter->handleRequest()
#5 /home/u932829434/domains/digisoftic.in/public_html/protectease/index.php(37): CodeIgniter\CodeIgniter->run()
#6 {main}
CRITICAL - 2024-08-30 15:39:05 --> Call to undefined method CodeIgniter\Autoloader\Autoloader::initializeKint()
#0 /home/u932829434/domains/digisoftic.in/public_html/protectease/system/Boot.php(56): CodeIgniter\Boot::initializeKint()
#1 /home/u932829434/domains/digisoftic.in/public_html/protectease/public/index.php(56): CodeIgniter\Boot::bootWeb()
#2 {main}
CRITICAL - 2024-08-30 15:39:05 --> Call to undefined method CodeIgniter\Autoloader\Autoloader::initializeKint()
#0 /home/u932829434/domains/digisoftic.in/public_html/protectease/system/Boot.php(56): CodeIgniter\Boot::initializeKint()
#1 /home/u932829434/domains/digisoftic.in/public_html/protectease/public/index.php(56): CodeIgniter\Boot::bootWeb()
#2 {main}
CRITICAL - 2024-08-30 15:39:12 --> Call to undefined method CodeIgniter\Autoloader\Autoloader::initializeKint()
#0 /home/u932829434/domains/digisoftic.in/public_html/protectease/system/Boot.php(56): CodeIgniter\Boot::initializeKint()
#1 /home/u932829434/domains/digisoftic.in/public_html/protectease/public/index.php(56): CodeIgniter\Boot::bootWeb()
#2 {main}
CRITICAL - 2024-08-30 15:39:12 --> Call to undefined method CodeIgniter\Autoloader\Autoloader::initializeKint()
#0 /home/u932829434/domains/digisoftic.in/public_html/protectease/system/Boot.php(56): CodeIgniter\Boot::initializeKint()
#1 /home/u932829434/domains/digisoftic.in/public_html/protectease/public/index.php(56): CodeIgniter\Boot::bootWeb()
#2 {main}
CRITICAL - 2024-08-30 15:39:12 --> Call to undefined method CodeIgniter\Autoloader\Autoloader::initializeKint()
#0 /home/u932829434/domains/digisoftic.in/public_html/protectease/system/Boot.php(56): CodeIgniter\Boot::initializeKint()
#1 /home/u932829434/domains/digisoftic.in/public_html/protectease/public/index.php(56): CodeIgniter\Boot::bootWeb()
#2 {main}
CRITICAL - 2024-08-30 15:39:12 --> Call to undefined method CodeIgniter\Autoloader\Autoloader::initializeKint()
#0 /home/u932829434/domains/digisoftic.in/public_html/protectease/system/Boot.php(56): CodeIgniter\Boot::initializeKint()
#1 /home/u932829434/domains/digisoftic.in/public_html/protectease/public/index.php(56): CodeIgniter\Boot::bootWeb()
#2 {main}
CRITICAL - 2024-08-30 15:39:12 --> Call to undefined method CodeIgniter\Autoloader\Autoloader::initializeKint()
#0 /home/u932829434/domains/digisoftic.in/public_html/protectease/system/Boot.php(56): CodeIgniter\Boot::initializeKint()
#1 /home/u932829434/domains/digisoftic.in/public_html/protectease/public/index.php(56): CodeIgniter\Boot::bootWeb()
#2 {main}
CRITICAL - 2024-08-30 15:39:12 --> Call to undefined method CodeIgniter\Autoloader\Autoloader::initializeKint()
#0 /home/u932829434/domains/digisoftic.in/public_html/protectease/system/Boot.php(56): CodeIgniter\Boot::initializeKint()
#1 /home/u932829434/domains/digisoftic.in/public_html/protectease/public/index.php(56): CodeIgniter\Boot::bootWeb()
#2 {main}
CRITICAL - 2024-08-30 15:39:13 --> Call to undefined method CodeIgniter\Autoloader\Autoloader::initializeKint()
#0 /home/u932829434/domains/digisoftic.in/public_html/protectease/system/Boot.php(56): CodeIgniter\Boot::initializeKint()
#1 /home/u932829434/domains/digisoftic.in/public_html/protectease/public/index.php(56): CodeIgniter\Boot::bootWeb()
#2 {main}
CRITICAL - 2024-08-30 15:39:13 --> Call to undefined method CodeIgniter\Autoloader\Autoloader::initializeKint()
#0 /home/u932829434/domains/digisoftic.in/public_html/protectease/system/Boot.php(56): CodeIgniter\Boot::initializeKint()
#1 /home/u932829434/domains/digisoftic.in/public_html/protectease/public/index.php(56): CodeIgniter\Boot::bootWeb()
#2 {main}
CRITICAL - 2024-08-30 15:39:13 --> Call to undefined method CodeIgniter\Autoloader\Autoloader::initializeKint()
#0 /home/u932829434/domains/digisoftic.in/public_html/protectease/system/Boot.php(56): CodeIgniter\Boot::initializeKint()
#1 /home/u932829434/domains/digisoftic.in/public_html/protectease/public/index.php(56): CodeIgniter\Boot::bootWeb()
#2 {main}
CRITICAL - 2024-08-30 15:39:13 --> Call to undefined method CodeIgniter\Autoloader\Autoloader::initializeKint()
#0 /home/u932829434/domains/digisoftic.in/public_html/protectease/system/Boot.php(56): CodeIgniter\Boot::initializeKint()
#1 /home/u932829434/domains/digisoftic.in/public_html/protectease/public/index.php(56): CodeIgniter\Boot::bootWeb()
#2 {main}
CRITICAL - 2024-08-30 15:39:13 --> Call to undefined method CodeIgniter\Autoloader\Autoloader::initializeKint()
#0 /home/u932829434/domains/digisoftic.in/public_html/protectease/system/Boot.php(56): CodeIgniter\Boot::initializeKint()
#1 /home/u932829434/domains/digisoftic.in/public_html/protectease/public/index.php(56): CodeIgniter\Boot::bootWeb()
#2 {main}
CRITICAL - 2024-08-30 15:39:13 --> Call to undefined method CodeIgniter\Autoloader\Autoloader::initializeKint()
#0 /home/u932829434/domains/digisoftic.in/public_html/protectease/system/Boot.php(56): CodeIgniter\Boot::initializeKint()
#1 /home/u932829434/domains/digisoftic.in/public_html/protectease/public/index.php(56): CodeIgniter\Boot::bootWeb()
#2 {main}
CRITICAL - 2024-08-30 15:39:13 --> Call to undefined method CodeIgniter\Autoloader\Autoloader::initializeKint()
#0 /home/u932829434/domains/digisoftic.in/public_html/protectease/system/Boot.php(56): CodeIgniter\Boot::initializeKint()
#1 /home/u932829434/domains/digisoftic.in/public_html/protectease/public/index.php(56): CodeIgniter\Boot::bootWeb()
#2 {main}
CRITICAL - 2024-08-30 15:39:14 --> Call to undefined method CodeIgniter\Autoloader\Autoloader::initializeKint()
#0 /home/u932829434/domains/digisoftic.in/public_html/protectease/system/Boot.php(56): CodeIgniter\Boot::initializeKint()
#1 /home/u932829434/domains/digisoftic.in/public_html/protectease/public/index.php(56): CodeIgniter\Boot::bootWeb()
#2 {main}
CRITICAL - 2024-08-30 15:39:14 --> Call to undefined method CodeIgniter\Autoloader\Autoloader::initializeKint()
#0 /home/u932829434/domains/digisoftic.in/public_html/protectease/system/Boot.php(56): CodeIgniter\Boot::initializeKint()
#1 /home/u932829434/domains/digisoftic.in/public_html/protectease/public/index.php(56): CodeIgniter\Boot::bootWeb()
#2 {main}
CRITICAL - 2024-08-30 15:39:14 --> Call to undefined method CodeIgniter\Autoloader\Autoloader::initializeKint()
#0 /home/u932829434/domains/digisoftic.in/public_html/protectease/system/Boot.php(56): CodeIgniter\Boot::initializeKint()
#1 /home/u932829434/domains/digisoftic.in/public_html/protectease/public/index.php(56): CodeIgniter\Boot::bootWeb()
#2 {main}
CRITICAL - 2024-08-30 15:39:14 --> Call to undefined method CodeIgniter\Autoloader\Autoloader::initializeKint()
#0 /home/u932829434/domains/digisoftic.in/public_html/protectease/system/Boot.php(56): CodeIgniter\Boot::initializeKint()
#1 /home/u932829434/domains/digisoftic.in/public_html/protectease/public/index.php(56): CodeIgniter\Boot::bootWeb()
#2 {main}
CRITICAL - 2024-08-30 15:39:39 --> Call to undefined method CodeIgniter\Autoloader\Autoloader::initializeKint()
#0 /home/u932829434/domains/digisoftic.in/public_html/protectease/system/Boot.php(56): CodeIgniter\Boot::initializeKint()
#1 /home/u932829434/domains/digisoftic.in/public_html/protectease/public/index.php(56): CodeIgniter\Boot::bootWeb()
#2 {main}
CRITICAL - 2024-08-30 15:39:40 --> Call to undefined method CodeIgniter\Autoloader\Autoloader::initializeKint()
#0 /home/u932829434/domains/digisoftic.in/public_html/protectease/system/Boot.php(56): CodeIgniter\Boot::initializeKint()
#1 /home/u932829434/domains/digisoftic.in/public_html/protectease/public/index.php(56): CodeIgniter\Boot::bootWeb()
#2 {main}
CRITICAL - 2024-08-30 15:39:41 --> Call to undefined method CodeIgniter\Autoloader\Autoloader::initializeKint()
#0 /home/u932829434/domains/digisoftic.in/public_html/protectease/system/Boot.php(56): CodeIgniter\Boot::initializeKint()
#1 /home/u932829434/domains/digisoftic.in/public_html/protectease/public/index.php(56): CodeIgniter\Boot::bootWeb()
#2 {main}
CRITICAL - 2024-08-30 15:39:41 --> Call to undefined method CodeIgniter\Autoloader\Autoloader::initializeKint()
#0 /home/u932829434/domains/digisoftic.in/public_html/protectease/system/Boot.php(56): CodeIgniter\Boot::initializeKint()
#1 /home/u932829434/domains/digisoftic.in/public_html/protectease/public/index.php(56): CodeIgniter\Boot::bootWeb()
#2 {main}
CRITICAL - 2024-08-30 15:39:41 --> Call to undefined method CodeIgniter\Autoloader\Autoloader::initializeKint()
#0 /home/u932829434/domains/digisoftic.in/public_html/protectease/system/Boot.php(56): CodeIgniter\Boot::initializeKint()
#1 /home/u932829434/domains/digisoftic.in/public_html/protectease/public/index.php(56): CodeIgniter\Boot::bootWeb()
#2 {main}
CRITICAL - 2024-08-30 15:39:42 --> Call to undefined method CodeIgniter\Autoloader\Autoloader::initializeKint()
#0 /home/u932829434/domains/digisoftic.in/public_html/protectease/system/Boot.php(56): CodeIgniter\Boot::initializeKint()
#1 /home/u932829434/domains/digisoftic.in/public_html/protectease/public/index.php(56): CodeIgniter\Boot::bootWeb()
#2 {main}
CRITICAL - 2024-08-30 15:39:42 --> Call to undefined method CodeIgniter\Autoloader\Autoloader::initializeKint()
#0 /home/u932829434/domains/digisoftic.in/public_html/protectease/system/Boot.php(56): CodeIgniter\Boot::initializeKint()
#1 /home/u932829434/domains/digisoftic.in/public_html/protectease/public/index.php(56): CodeIgniter\Boot::bootWeb()
#2 {main}
CRITICAL - 2024-08-30 15:39:42 --> Call to undefined method CodeIgniter\Autoloader\Autoloader::initializeKint()
#0 /home/u932829434/domains/digisoftic.in/public_html/protectease/system/Boot.php(56): CodeIgniter\Boot::initializeKint()
#1 /home/u932829434/domains/digisoftic.in/public_html/protectease/public/index.php(56): CodeIgniter\Boot::bootWeb()
#2 {main}
CRITICAL - 2024-08-30 15:39:42 --> Call to undefined method CodeIgniter\Autoloader\Autoloader::initializeKint()
#0 /home/u932829434/domains/digisoftic.in/public_html/protectease/system/Boot.php(56): CodeIgniter\Boot::initializeKint()
#1 /home/u932829434/domains/digisoftic.in/public_html/protectease/public/index.php(56): CodeIgniter\Boot::bootWeb()
#2 {main}
CRITICAL - 2024-08-30 15:39:42 --> Call to undefined method CodeIgniter\Autoloader\Autoloader::initializeKint()
#0 /home/u932829434/domains/digisoftic.in/public_html/protectease/system/Boot.php(56): CodeIgniter\Boot::initializeKint()
#1 /home/u932829434/domains/digisoftic.in/public_html/protectease/public/index.php(56): CodeIgniter\Boot::bootWeb()
#2 {main}
CRITICAL - 2024-08-30 15:39:42 --> Call to undefined method CodeIgniter\Autoloader\Autoloader::initializeKint()
#0 /home/u932829434/domains/digisoftic.in/public_html/protectease/system/Boot.php(56): CodeIgniter\Boot::initializeKint()
#1 /home/u932829434/domains/digisoftic.in/public_html/protectease/public/index.php(56): CodeIgniter\Boot::bootWeb()
#2 {main}
CRITICAL - 2024-08-30 15:39:43 --> Call to undefined method CodeIgniter\Autoloader\Autoloader::initializeKint()
#0 /home/u932829434/domains/digisoftic.in/public_html/protectease/system/Boot.php(56): CodeIgniter\Boot::initializeKint()
#1 /home/u932829434/domains/digisoftic.in/public_html/protectease/public/index.php(56): CodeIgniter\Boot::bootWeb()
#2 {main}
CRITICAL - 2024-08-30 15:39:43 --> Call to undefined method CodeIgniter\Autoloader\Autoloader::initializeKint()
#0 /home/u932829434/domains/digisoftic.in/public_html/protectease/system/Boot.php(56): CodeIgniter\Boot::initializeKint()
#1 /home/u932829434/domains/digisoftic.in/public_html/protectease/public/index.php(56): CodeIgniter\Boot::bootWeb()
#2 {main}
CRITICAL - 2024-08-30 15:39:43 --> Call to undefined method CodeIgniter\Autoloader\Autoloader::initializeKint()
#0 /home/u932829434/domains/digisoftic.in/public_html/protectease/system/Boot.php(56): CodeIgniter\Boot::initializeKint()
#1 /home/u932829434/domains/digisoftic.in/public_html/protectease/public/index.php(56): CodeIgniter\Boot::bootWeb()
#2 {main}
CRITICAL - 2024-08-30 15:39:43 --> Call to undefined method CodeIgniter\Autoloader\Autoloader::initializeKint()
#0 /home/u932829434/domains/digisoftic.in/public_html/protectease/system/Boot.php(56): CodeIgniter\Boot::initializeKint()
#1 /home/u932829434/domains/digisoftic.in/public_html/protectease/public/index.php(56): CodeIgniter\Boot::bootWeb()
#2 {main}
CRITICAL - 2024-08-30 15:39:43 --> Call to undefined method CodeIgniter\Autoloader\Autoloader::initializeKint()
#0 /home/u932829434/domains/digisoftic.in/public_html/protectease/system/Boot.php(56): CodeIgniter\Boot::initializeKint()
#1 /home/u932829434/domains/digisoftic.in/public_html/protectease/public/index.php(56): CodeIgniter\Boot::bootWeb()
#2 {main}
CRITICAL - 2024-08-30 15:39:43 --> Call to undefined method CodeIgniter\Autoloader\Autoloader::initializeKint()
#0 /home/u932829434/domains/digisoftic.in/public_html/protectease/system/Boot.php(56): CodeIgniter\Boot::initializeKint()
#1 /home/u932829434/domains/digisoftic.in/public_html/protectease/public/index.php(56): CodeIgniter\Boot::bootWeb()
#2 {main}
CRITICAL - 2024-08-30 15:39:44 --> Call to undefined method CodeIgniter\Autoloader\Autoloader::initializeKint()
#0 /home/u932829434/domains/digisoftic.in/public_html/protectease/system/Boot.php(56): CodeIgniter\Boot::initializeKint()
#1 /home/u932829434/domains/digisoftic.in/public_html/protectease/public/index.php(56): CodeIgniter\Boot::bootWeb()
#2 {main}
CRITICAL - 2024-08-30 15:39:44 --> Call to undefined method CodeIgniter\Autoloader\Autoloader::initializeKint()
#0 /home/u932829434/domains/digisoftic.in/public_html/protectease/system/Boot.php(56): CodeIgniter\Boot::initializeKint()
#1 /home/u932829434/domains/digisoftic.in/public_html/protectease/public/index.php(56): CodeIgniter\Boot::bootWeb()
#2 {main}
CRITICAL - 2024-08-30 15:39:44 --> Call to undefined method CodeIgniter\Autoloader\Autoloader::initializeKint()
#0 /home/u932829434/domains/digisoftic.in/public_html/protectease/system/Boot.php(56): CodeIgniter\Boot::initializeKint()
#1 /home/u932829434/domains/digisoftic.in/public_html/protectease/public/index.php(56): CodeIgniter\Boot::bootWeb()
#2 {main}
CRITICAL - 2024-08-30 15:39:44 --> Call to undefined method CodeIgniter\Autoloader\Autoloader::initializeKint()
#0 /home/u932829434/domains/digisoftic.in/public_html/protectease/system/Boot.php(56): CodeIgniter\Boot::initializeKint()
#1 /home/u932829434/domains/digisoftic.in/public_html/protectease/public/index.php(56): CodeIgniter\Boot::bootWeb()
#2 {main}
CRITICAL - 2024-08-30 15:39:44 --> Call to undefined method CodeIgniter\Autoloader\Autoloader::initializeKint()
#0 /home/u932829434/domains/digisoftic.in/public_html/protectease/system/Boot.php(56): CodeIgniter\Boot::initializeKint()
#1 /home/u932829434/domains/digisoftic.in/public_html/protectease/public/index.php(56): CodeIgniter\Boot::bootWeb()
#2 {main}
CRITICAL - 2024-08-30 15:39:45 --> Call to undefined method CodeIgniter\Autoloader\Autoloader::initializeKint()
#0 /home/u932829434/domains/digisoftic.in/public_html/protectease/system/Boot.php(56): CodeIgniter\Boot::initializeKint()
#1 /home/u932829434/domains/digisoftic.in/public_html/protectease/public/index.php(56): CodeIgniter\Boot::bootWeb()
#2 {main}
CRITICAL - 2024-08-30 15:39:46 --> Call to undefined method CodeIgniter\Autoloader\Autoloader::initializeKint()
#0 /home/u932829434/domains/digisoftic.in/public_html/protectease/system/Boot.php(56): CodeIgniter\Boot::initializeKint()
#1 /home/u932829434/domains/digisoftic.in/public_html/protectease/public/index.php(56): CodeIgniter\Boot::bootWeb()
#2 {main}
CRITICAL - 2024-08-30 15:39:46 --> Call to undefined method CodeIgniter\Autoloader\Autoloader::initializeKint()
#0 /home/u932829434/domains/digisoftic.in/public_html/protectease/system/Boot.php(56): CodeIgniter\Boot::initializeKint()
#1 /home/u932829434/domains/digisoftic.in/public_html/protectease/public/index.php(56): CodeIgniter\Boot::bootWeb()
#2 {main}
CRITICAL - 2024-08-30 15:39:46 --> Call to undefined method CodeIgniter\Autoloader\Autoloader::initializeKint()
#0 /home/u932829434/domains/digisoftic.in/public_html/protectease/system/Boot.php(56): CodeIgniter\Boot::initializeKint()
#1 /home/u932829434/domains/digisoftic.in/public_html/protectease/public/index.php(56): CodeIgniter\Boot::bootWeb()
#2 {main}
CRITICAL - 2024-08-30 15:39:47 --> Call to undefined method CodeIgniter\Autoloader\Autoloader::initializeKint()
#0 /home/u932829434/domains/digisoftic.in/public_html/protectease/system/Boot.php(56): CodeIgniter\Boot::initializeKint()
#1 /home/u932829434/domains/digisoftic.in/public_html/protectease/public/index.php(56): CodeIgniter\Boot::bootWeb()
#2 {main}
CRITICAL - 2024-08-30 15:39:47 --> Call to undefined method CodeIgniter\Autoloader\Autoloader::initializeKint()
#0 /home/u932829434/domains/digisoftic.in/public_html/protectease/system/Boot.php(56): CodeIgniter\Boot::initializeKint()
#1 /home/u932829434/domains/digisoftic.in/public_html/protectease/public/index.php(56): CodeIgniter\Boot::bootWeb()
#2 {main}
CRITICAL - 2024-08-30 15:39:48 --> Call to undefined method CodeIgniter\Autoloader\Autoloader::initializeKint()
#0 /home/u932829434/domains/digisoftic.in/public_html/protectease/system/Boot.php(56): CodeIgniter\Boot::initializeKint()
#1 /home/u932829434/domains/digisoftic.in/public_html/protectease/public/index.php(56): CodeIgniter\Boot::bootWeb()
#2 {main}
CRITICAL - 2024-08-30 15:39:48 --> Call to undefined method CodeIgniter\Autoloader\Autoloader::initializeKint()
#0 /home/u932829434/domains/digisoftic.in/public_html/protectease/system/Boot.php(56): CodeIgniter\Boot::initializeKint()
#1 /home/u932829434/domains/digisoftic.in/public_html/protectease/public/index.php(56): CodeIgniter\Boot::bootWeb()
#2 {main}
CRITICAL - 2024-08-30 15:39:48 --> Call to undefined method CodeIgniter\Autoloader\Autoloader::initializeKint()
#0 /home/u932829434/domains/digisoftic.in/public_html/protectease/system/Boot.php(56): CodeIgniter\Boot::initializeKint()
#1 /home/u932829434/domains/digisoftic.in/public_html/protectease/public/index.php(56): CodeIgniter\Boot::bootWeb()
#2 {main}
CRITICAL - 2024-08-30 15:39:48 --> Call to undefined method CodeIgniter\Autoloader\Autoloader::initializeKint()
#0 /home/u932829434/domains/digisoftic.in/public_html/protectease/system/Boot.php(56): CodeIgniter\Boot::initializeKint()
#1 /home/u932829434/domains/digisoftic.in/public_html/protectease/public/index.php(56): CodeIgniter\Boot::bootWeb()
#2 {main}
CRITICAL - 2024-08-30 15:39:49 --> Call to undefined method CodeIgniter\Autoloader\Autoloader::initializeKint()
#0 /home/u932829434/domains/digisoftic.in/public_html/protectease/system/Boot.php(56): CodeIgniter\Boot::initializeKint()
#1 /home/u932829434/domains/digisoftic.in/public_html/protectease/public/index.php(56): CodeIgniter\Boot::bootWeb()
#2 {main}
CRITICAL - 2024-08-30 15:39:49 --> Call to undefined method CodeIgniter\Autoloader\Autoloader::initializeKint()
#0 /home/u932829434/domains/digisoftic.in/public_html/protectease/system/Boot.php(56): CodeIgniter\Boot::initializeKint()
#1 /home/u932829434/domains/digisoftic.in/public_html/protectease/public/index.php(56): CodeIgniter\Boot::bootWeb()
#2 {main}
CRITICAL - 2024-08-30 15:39:49 --> Call to undefined method CodeIgniter\Autoloader\Autoloader::initializeKint()
#0 /home/u932829434/domains/digisoftic.in/public_html/protectease/system/Boot.php(56): CodeIgniter\Boot::initializeKint()
#1 /home/u932829434/domains/digisoftic.in/public_html/protectease/public/index.php(56): CodeIgniter\Boot::bootWeb()
#2 {main}
CRITICAL - 2024-08-30 15:39:50 --> Call to undefined method CodeIgniter\Autoloader\Autoloader::initializeKint()
#0 /home/u932829434/domains/digisoftic.in/public_html/protectease/system/Boot.php(56): CodeIgniter\Boot::initializeKint()
#1 /home/u932829434/domains/digisoftic.in/public_html/protectease/public/index.php(56): CodeIgniter\Boot::bootWeb()
#2 {main}
CRITICAL - 2024-08-30 15:39:50 --> Call to undefined method CodeIgniter\Autoloader\Autoloader::initializeKint()
#0 /home/u932829434/domains/digisoftic.in/public_html/protectease/system/Boot.php(56): CodeIgniter\Boot::initializeKint()
#1 /home/u932829434/domains/digisoftic.in/public_html/protectease/public/index.php(56): CodeIgniter\Boot::bootWeb()
#2 {main}
CRITICAL - 2024-08-30 15:39:50 --> Call to undefined method CodeIgniter\Autoloader\Autoloader::initializeKint()
#0 /home/u932829434/domains/digisoftic.in/public_html/protectease/system/Boot.php(56): CodeIgniter\Boot::initializeKint()
#1 /home/u932829434/domains/digisoftic.in/public_html/protectease/public/index.php(56): CodeIgniter\Boot::bootWeb()
#2 {main}
CRITICAL - 2024-08-30 15:39:51 --> Call to undefined method CodeIgniter\Autoloader\Autoloader::initializeKint()
#0 /home/u932829434/domains/digisoftic.in/public_html/protectease/system/Boot.php(56): CodeIgniter\Boot::initializeKint()
#1 /home/u932829434/domains/digisoftic.in/public_html/protectease/public/index.php(56): CodeIgniter\Boot::bootWeb()
#2 {main}
CRITICAL - 2024-08-30 15:39:51 --> Call to undefined method CodeIgniter\Autoloader\Autoloader::initializeKint()
#0 /home/u932829434/domains/digisoftic.in/public_html/protectease/system/Boot.php(56): CodeIgniter\Boot::initializeKint()
#1 /home/u932829434/domains/digisoftic.in/public_html/protectease/public/index.php(56): CodeIgniter\Boot::bootWeb()
#2 {main}
CRITICAL - 2024-08-30 15:39:51 --> Call to undefined method CodeIgniter\Autoloader\Autoloader::initializeKint()
#0 /home/u932829434/domains/digisoftic.in/public_html/protectease/system/Boot.php(56): CodeIgniter\Boot::initializeKint()
#1 /home/u932829434/domains/digisoftic.in/public_html/protectease/public/index.php(56): CodeIgniter\Boot::bootWeb()
#2 {main}
CRITICAL - 2024-08-30 15:39:51 --> Call to undefined method CodeIgniter\Autoloader\Autoloader::initializeKint()
#0 /home/u932829434/domains/digisoftic.in/public_html/protectease/system/Boot.php(56): CodeIgniter\Boot::initializeKint()
#1 /home/u932829434/domains/digisoftic.in/public_html/protectease/public/index.php(56): CodeIgniter\Boot::bootWeb()
#2 {main}
CRITICAL - 2024-08-30 15:39:51 --> Call to undefined method CodeIgniter\Autoloader\Autoloader::initializeKint()
#0 /home/u932829434/domains/digisoftic.in/public_html/protectease/system/Boot.php(56): CodeIgniter\Boot::initializeKint()
#1 /home/u932829434/domains/digisoftic.in/public_html/protectease/public/index.php(56): CodeIgniter\Boot::bootWeb()
#2 {main}
CRITICAL - 2024-08-30 15:39:52 --> Call to undefined method CodeIgniter\Autoloader\Autoloader::initializeKint()
#0 /home/u932829434/domains/digisoftic.in/public_html/protectease/system/Boot.php(56): CodeIgniter\Boot::initializeKint()
#1 /home/u932829434/domains/digisoftic.in/public_html/protectease/public/index.php(56): CodeIgniter\Boot::bootWeb()
#2 {main}
CRITICAL - 2024-08-30 15:39:52 --> Call to undefined method CodeIgniter\Autoloader\Autoloader::initializeKint()
#0 /home/u932829434/domains/digisoftic.in/public_html/protectease/system/Boot.php(56): CodeIgniter\Boot::initializeKint()
#1 /home/u932829434/domains/digisoftic.in/public_html/protectease/public/index.php(56): CodeIgniter\Boot::bootWeb()
#2 {main}
CRITICAL - 2024-08-30 15:39:53 --> Call to undefined method CodeIgniter\Autoloader\Autoloader::initializeKint()
#0 /home/u932829434/domains/digisoftic.in/public_html/protectease/system/Boot.php(56): CodeIgniter\Boot::initializeKint()
#1 /home/u932829434/domains/digisoftic.in/public_html/protectease/public/index.php(56): CodeIgniter\Boot::bootWeb()
#2 {main}
CRITICAL - 2024-08-30 15:39:53 --> Call to undefined method CodeIgniter\Autoloader\Autoloader::initializeKint()
#0 /home/u932829434/domains/digisoftic.in/public_html/protectease/system/Boot.php(56): CodeIgniter\Boot::initializeKint()
#1 /home/u932829434/domains/digisoftic.in/public_html/protectease/public/index.php(56): CodeIgniter\Boot::bootWeb()
#2 {main}
CRITICAL - 2024-08-30 15:39:53 --> Call to undefined method CodeIgniter\Autoloader\Autoloader::initializeKint()
#0 /home/u932829434/domains/digisoftic.in/public_html/protectease/system/Boot.php(56): CodeIgniter\Boot::initializeKint()
#1 /home/u932829434/domains/digisoftic.in/public_html/protectease/public/index.php(56): CodeIgniter\Boot::bootWeb()
#2 {main}
CRITICAL - 2024-08-30 15:39:53 --> Call to undefined method CodeIgniter\Autoloader\Autoloader::initializeKint()
#0 /home/u932829434/domains/digisoftic.in/public_html/protectease/system/Boot.php(56): CodeIgniter\Boot::initializeKint()
#1 /home/u932829434/domains/digisoftic.in/public_html/protectease/public/index.php(56): CodeIgniter\Boot::bootWeb()
#2 {main}
CRITICAL - 2024-08-30 15:41:05 --> Call to undefined method CodeIgniter\Autoloader\Autoloader::initializeKint()
#0 /home/u932829434/domains/digisoftic.in/public_html/protectease/system/Boot.php(56): CodeIgniter\Boot::initializeKint()
#1 /home/u932829434/domains/digisoftic.in/public_html/protectease/public/index.php(56): CodeIgniter\Boot::bootWeb()
#2 {main}
CRITICAL - 2024-08-30 15:41:05 --> Call to undefined method CodeIgniter\Autoloader\Autoloader::initializeKint()
#0 /home/u932829434/domains/digisoftic.in/public_html/protectease/system/Boot.php(56): CodeIgniter\Boot::initializeKint()
#1 /home/u932829434/domains/digisoftic.in/public_html/protectease/public/index.php(56): CodeIgniter\Boot::bootWeb()
#2 {main}
CRITICAL - 2024-08-30 15:41:06 --> Call to undefined method CodeIgniter\Autoloader\Autoloader::initializeKint()
#0 /home/u932829434/domains/digisoftic.in/public_html/protectease/system/Boot.php(56): CodeIgniter\Boot::initializeKint()
#1 /home/u932829434/domains/digisoftic.in/public_html/protectease/public/index.php(56): CodeIgniter\Boot::bootWeb()
#2 {main}
CRITICAL - 2024-08-30 15:41:06 --> Call to undefined method CodeIgniter\Autoloader\Autoloader::initializeKint()
#0 /home/u932829434/domains/digisoftic.in/public_html/protectease/system/Boot.php(56): CodeIgniter\Boot::initializeKint()
#1 /home/u932829434/domains/digisoftic.in/public_html/protectease/public/index.php(56): CodeIgniter\Boot::bootWeb()
#2 {main}
CRITICAL - 2024-08-30 15:41:07 --> Call to undefined method CodeIgniter\Autoloader\Autoloader::initializeKint()
#0 /home/u932829434/domains/digisoftic.in/public_html/protectease/system/Boot.php(56): CodeIgniter\Boot::initializeKint()
#1 /home/u932829434/domains/digisoftic.in/public_html/protectease/public/index.php(56): CodeIgniter\Boot::bootWeb()
#2 {main}
CRITICAL - 2024-08-30 15:41:07 --> Call to undefined method CodeIgniter\Autoloader\Autoloader::initializeKint()
#0 /home/u932829434/domains/digisoftic.in/public_html/protectease/system/Boot.php(56): CodeIgniter\Boot::initializeKint()
#1 /home/u932829434/domains/digisoftic.in/public_html/protectease/public/index.php(56): CodeIgniter\Boot::bootWeb()
#2 {main}
CRITICAL - 2024-08-30 15:41:07 --> Call to undefined method CodeIgniter\Autoloader\Autoloader::initializeKint()
#0 /home/u932829434/domains/digisoftic.in/public_html/protectease/system/Boot.php(56): CodeIgniter\Boot::initializeKint()
#1 /home/u932829434/domains/digisoftic.in/public_html/protectease/public/index.php(56): CodeIgniter\Boot::bootWeb()
#2 {main}
CRITICAL - 2024-08-30 15:41:07 --> Call to undefined method CodeIgniter\Autoloader\Autoloader::initializeKint()
#0 /home/u932829434/domains/digisoftic.in/public_html/protectease/system/Boot.php(56): CodeIgniter\Boot::initializeKint()
#1 /home/u932829434/domains/digisoftic.in/public_html/protectease/public/index.php(56): CodeIgniter\Boot::bootWeb()
#2 {main}
CRITICAL - 2024-08-30 15:41:07 --> Call to undefined method CodeIgniter\Autoloader\Autoloader::initializeKint()
#0 /home/u932829434/domains/digisoftic.in/public_html/protectease/system/Boot.php(56): CodeIgniter\Boot::initializeKint()
#1 /home/u932829434/domains/digisoftic.in/public_html/protectease/public/index.php(56): CodeIgniter\Boot::bootWeb()
#2 {main}
CRITICAL - 2024-08-30 15:41:08 --> Call to undefined method CodeIgniter\Autoloader\Autoloader::initializeKint()
#0 /home/u932829434/domains/digisoftic.in/public_html/protectease/system/Boot.php(56): CodeIgniter\Boot::initializeKint()
#1 /home/u932829434/domains/digisoftic.in/public_html/protectease/public/index.php(56): CodeIgniter\Boot::bootWeb()
#2 {main}
CRITICAL - 2024-08-30 15:41:08 --> Call to undefined method CodeIgniter\Autoloader\Autoloader::initializeKint()
#0 /home/u932829434/domains/digisoftic.in/public_html/protectease/system/Boot.php(56): CodeIgniter\Boot::initializeKint()
#1 /home/u932829434/domains/digisoftic.in/public_html/protectease/public/index.php(56): CodeIgniter\Boot::bootWeb()
#2 {main}
CRITICAL - 2024-08-30 15:41:08 --> Call to undefined method CodeIgniter\Autoloader\Autoloader::initializeKint()
#0 /home/u932829434/domains/digisoftic.in/public_html/protectease/system/Boot.php(56): CodeIgniter\Boot::initializeKint()
#1 /home/u932829434/domains/digisoftic.in/public_html/protectease/public/index.php(56): CodeIgniter\Boot::bootWeb()
#2 {main}
CRITICAL - 2024-08-30 15:41:08 --> Call to undefined method CodeIgniter\Autoloader\Autoloader::initializeKint()
#0 /home/u932829434/domains/digisoftic.in/public_html/protectease/system/Boot.php(56): CodeIgniter\Boot::initializeKint()
#1 /home/u932829434/domains/digisoftic.in/public_html/protectease/public/index.php(56): CodeIgniter\Boot::bootWeb()
#2 {main}
CRITICAL - 2024-08-30 15:41:08 --> Call to undefined method CodeIgniter\Autoloader\Autoloader::initializeKint()
#0 /home/u932829434/domains/digisoftic.in/public_html/protectease/system/Boot.php(56): CodeIgniter\Boot::initializeKint()
#1 /home/u932829434/domains/digisoftic.in/public_html/protectease/public/index.php(56): CodeIgniter\Boot::bootWeb()
#2 {main}
CRITICAL - 2024-08-30 15:41:08 --> Call to undefined method CodeIgniter\Autoloader\Autoloader::initializeKint()
#0 /home/u932829434/domains/digisoftic.in/public_html/protectease/system/Boot.php(56): CodeIgniter\Boot::initializeKint()
#1 /home/u932829434/domains/digisoftic.in/public_html/protectease/public/index.php(56): CodeIgniter\Boot::bootWeb()
#2 {main}
CRITICAL - 2024-08-30 15:41:08 --> Call to undefined method CodeIgniter\Autoloader\Autoloader::initializeKint()
#0 /home/u932829434/domains/digisoftic.in/public_html/protectease/system/Boot.php(56): CodeIgniter\Boot::initializeKint()
#1 /home/u932829434/domains/digisoftic.in/public_html/protectease/public/index.php(56): CodeIgniter\Boot::bootWeb()
#2 {main}
CRITICAL - 2024-08-30 15:41:09 --> Call to undefined method CodeIgniter\Autoloader\Autoloader::initializeKint()
#0 /home/u932829434/domains/digisoftic.in/public_html/protectease/system/Boot.php(56): CodeIgniter\Boot::initializeKint()
#1 /home/u932829434/domains/digisoftic.in/public_html/protectease/public/index.php(56): CodeIgniter\Boot::bootWeb()
#2 {main}
CRITICAL - 2024-08-30 15:41:09 --> Call to undefined method CodeIgniter\Autoloader\Autoloader::initializeKint()
#0 /home/u932829434/domains/digisoftic.in/public_html/protectease/system/Boot.php(56): CodeIgniter\Boot::initializeKint()
#1 /home/u932829434/domains/digisoftic.in/public_html/protectease/public/index.php(56): CodeIgniter\Boot::bootWeb()
#2 {main}
CRITICAL - 2024-08-30 15:41:09 --> Call to undefined method CodeIgniter\Autoloader\Autoloader::initializeKint()
#0 /home/u932829434/domains/digisoftic.in/public_html/protectease/system/Boot.php(56): CodeIgniter\Boot::initializeKint()
#1 /home/u932829434/domains/digisoftic.in/public_html/protectease/public/index.php(56): CodeIgniter\Boot::bootWeb()
#2 {main}
