CRITICAL - 2024-09-09 13:18:44 --> Undefined variable $contact_detail
#0 /var/www/html/protectease/app/Views/contact-us.php(24): CodeIgniter\Debug\Exceptions->errorHandler()
#1 /var/www/html/protectease/system/View/View.php(230): include('...')
#2 /var/www/html/protectease/system/View/View.php(232): CodeIgniter\View\View->CodeIgniter\View\{closure}()
#3 /var/www/html/protectease/system/Common.php(1271): CodeIgniter\View\View->render()
#4 /var/www/html/protectease/app/Controllers/Home.php(50): view()
#5 /var/www/html/protectease/system/CodeIgniter.php(928): App\Controllers\Home->contact_us()
#6 /var/www/html/protectease/system/CodeIgniter.php(436): CodeIgniter\CodeIgniter->runController()
#7 /var/www/html/protectease/system/CodeIgniter.php(336): CodeIgniter\CodeIgniter->handleRequest()
#8 /var/www/html/protectease/index.php(37): CodeIgniter\CodeIgniter->run()
#9 {main}
CRITICAL - 2024-09-09 13:25:43 --> Class "App\Controllers\ExploreProductModel" not found
#0 /var/www/html/protectease/system/CodeIgniter.php(900): App\Controllers\Journey->__construct()
#1 /var/www/html/protectease/system/CodeIgniter.php(426): CodeIgniter\CodeIgniter->createController()
#2 /var/www/html/protectease/system/CodeIgniter.php(336): CodeIgniter\CodeIgniter->handleRequest()
#3 /var/www/html/protectease/index.php(37): CodeIgniter\CodeIgniter->run()
#4 {main}
CRITICAL - 2024-09-09 13:26:03 --> Class "App\Controllers\ExploreProductModel" not found
#0 /var/www/html/protectease/system/CodeIgniter.php(900): App\Controllers\Journey->__construct()
#1 /var/www/html/protectease/system/CodeIgniter.php(426): CodeIgniter\CodeIgniter->createController()
#2 /var/www/html/protectease/system/CodeIgniter.php(336): CodeIgniter\CodeIgniter->handleRequest()
#3 /var/www/html/protectease/index.php(37): CodeIgniter\CodeIgniter->run()
#4 {main}
CRITICAL - 2024-09-09 13:28:56 --> Undefined variable $product
#0 /var/www/html/protectease/app/Views/common/footer.php(74): CodeIgniter\Debug\Exceptions->errorHandler()
#1 /var/www/html/protectease/system/View/View.php(230): include('...')
#2 /var/www/html/protectease/system/View/View.php(232): CodeIgniter\View\View->CodeIgniter\View\{closure}()
#3 /var/www/html/protectease/system/Common.php(1271): CodeIgniter\View\View->render()
#4 /var/www/html/protectease/app/Views/layouts/index.php(92): view()
#5 /var/www/html/protectease/system/View/View.php(230): include('...')
#6 /var/www/html/protectease/system/View/View.php(232): CodeIgniter\View\View->CodeIgniter\View\{closure}()
#7 /var/www/html/protectease/system/View/View.php(246): CodeIgniter\View\View->render()
#8 /var/www/html/protectease/system/Common.php(1271): CodeIgniter\View\View->render()
#9 /var/www/html/protectease/app/Controllers/Carts.php(27): view()
#10 /var/www/html/protectease/system/CodeIgniter.php(928): App\Controllers\Carts->index()
#11 /var/www/html/protectease/system/CodeIgniter.php(436): CodeIgniter\CodeIgniter->runController()
#12 /var/www/html/protectease/system/CodeIgniter.php(336): CodeIgniter\CodeIgniter->handleRequest()
#13 /var/www/html/protectease/index.php(37): CodeIgniter\CodeIgniter->run()
#14 {main}
CRITICAL - 2024-09-09 14:01:15 --> syntax error, unexpected double-quoted string ">", expecting "," or ";"
#0 /var/www/html/protectease/system/View/View.php(232): CodeIgniter\View\View->CodeIgniter\View\{closure}()
#1 /var/www/html/protectease/system/Common.php(1271): CodeIgniter\View\View->render()
#2 /var/www/html/protectease/app/Controllers/Journey.php(74): view()
#3 /var/www/html/protectease/system/CodeIgniter.php(928): App\Controllers\Journey->fProductEligibilityPlans()
#4 /var/www/html/protectease/system/CodeIgniter.php(436): CodeIgniter\CodeIgniter->runController()
#5 /var/www/html/protectease/system/CodeIgniter.php(336): CodeIgniter\CodeIgniter->handleRequest()
#6 /var/www/html/protectease/index.php(37): CodeIgniter\CodeIgniter->run()
#7 {main}
CRITICAL - 2024-09-09 18:26:01 --> Undefined array key "product_category"
#0 /var/www/html/protectease/app/Views/journey/eligibility.php(57): CodeIgniter\Debug\Exceptions->errorHandler()
#1 /var/www/html/protectease/system/View/View.php(230): include('...')
#2 /var/www/html/protectease/system/View/View.php(232): CodeIgniter\View\View->CodeIgniter\View\{closure}()
#3 /var/www/html/protectease/system/Common.php(1271): CodeIgniter\View\View->render()
#4 /var/www/html/protectease/app/Controllers/Journey.php(39): view()
#5 /var/www/html/protectease/system/CodeIgniter.php(928): App\Controllers\Journey->fProductEligibilityCheck()
#6 /var/www/html/protectease/system/CodeIgniter.php(436): CodeIgniter\CodeIgniter->runController()
#7 /var/www/html/protectease/system/CodeIgniter.php(336): CodeIgniter\CodeIgniter->handleRequest()
#8 /var/www/html/protectease/index.php(37): CodeIgniter\CodeIgniter->run()
#9 {main}
CRITICAL - 2024-09-09 18:38:29 --> Undefined array key 0
#0 /var/www/html/protectease/app/Views/journey/plans.php(136): CodeIgniter\Debug\Exceptions->errorHandler()
#1 /var/www/html/protectease/system/View/View.php(230): include('...')
#2 /var/www/html/protectease/system/View/View.php(232): CodeIgniter\View\View->CodeIgniter\View\{closure}()
#3 /var/www/html/protectease/system/Common.php(1271): CodeIgniter\View\View->render()
#4 /var/www/html/protectease/app/Controllers/Journey.php(74): view()
#5 /var/www/html/protectease/system/CodeIgniter.php(928): App\Controllers\Journey->fProductEligibilityPlans()
#6 /var/www/html/protectease/system/CodeIgniter.php(436): CodeIgniter\CodeIgniter->runController()
#7 /var/www/html/protectease/system/CodeIgniter.php(336): CodeIgniter\CodeIgniter->handleRequest()
#8 /var/www/html/protectease/index.php(37): CodeIgniter\CodeIgniter->run()
#9 {main}
CRITICAL - 2024-09-09 18:41:19 --> Undefined variable $sJourneyProductBrand
#0 /var/www/html/protectease/app/Views/journey/plans.php(132): CodeIgniter\Debug\Exceptions->errorHandler()
#1 /var/www/html/protectease/system/View/View.php(230): include('...')
#2 /var/www/html/protectease/system/View/View.php(232): CodeIgniter\View\View->CodeIgniter\View\{closure}()
#3 /var/www/html/protectease/system/Common.php(1271): CodeIgniter\View\View->render()
#4 /var/www/html/protectease/app/Controllers/Journey.php(74): view()
#5 /var/www/html/protectease/system/CodeIgniter.php(928): App\Controllers\Journey->fProductEligibilityPlans()
#6 /var/www/html/protectease/system/CodeIgniter.php(436): CodeIgniter\CodeIgniter->runController()
#7 /var/www/html/protectease/system/CodeIgniter.php(336): CodeIgniter\CodeIgniter->handleRequest()
#8 /var/www/html/protectease/index.php(37): CodeIgniter\CodeIgniter->run()
#9 {main}
CRITICAL - 2024-09-09 18:42:12 --> Undefined array key "product_brand"
#0 /var/www/html/protectease/app/Views/journey/plans.php(136): CodeIgniter\Debug\Exceptions->errorHandler()
#1 /var/www/html/protectease/system/View/View.php(230): include('...')
#2 /var/www/html/protectease/system/View/View.php(232): CodeIgniter\View\View->CodeIgniter\View\{closure}()
#3 /var/www/html/protectease/system/Common.php(1271): CodeIgniter\View\View->render()
#4 /var/www/html/protectease/app/Controllers/Journey.php(74): view()
#5 /var/www/html/protectease/system/CodeIgniter.php(928): App\Controllers\Journey->fProductEligibilityPlans()
#6 /var/www/html/protectease/system/CodeIgniter.php(436): CodeIgniter\CodeIgniter->runController()
#7 /var/www/html/protectease/system/CodeIgniter.php(336): CodeIgniter\CodeIgniter->handleRequest()
#8 /var/www/html/protectease/index.php(37): CodeIgniter\CodeIgniter->run()
#9 {main}
CRITICAL - 2024-09-09 19:01:40 --> Undefined variable $aProductBrands
#0 /var/www/html/protectease/app/Views/journey/eligibility.php(68): CodeIgniter\Debug\Exceptions->errorHandler()
#1 /var/www/html/protectease/system/View/View.php(230): include('...')
#2 /var/www/html/protectease/system/View/View.php(232): CodeIgniter\View\View->CodeIgniter\View\{closure}()
#3 /var/www/html/protectease/system/Common.php(1271): CodeIgniter\View\View->render()
#4 /var/www/html/protectease/app/Controllers/Journey.php(39): view()
#5 /var/www/html/protectease/system/CodeIgniter.php(928): App\Controllers\Journey->fProductEligibilityCheck()
#6 /var/www/html/protectease/system/CodeIgniter.php(436): CodeIgniter\CodeIgniter->runController()
#7 /var/www/html/protectease/system/CodeIgniter.php(336): CodeIgniter\CodeIgniter->handleRequest()
#8 /var/www/html/protectease/index.php(37): CodeIgniter\CodeIgniter->run()
#9 {main}
