ERROR - 2024-09-24 10:21:26 --> Unknown column 'transaction_id' in 'field list'
ERROR - 2024-09-24 10:33:29 --> Unknown column 'transaction_id' in 'field list'
ERROR - 2024-09-24 12:01:15 --> Unknown column 'transaction_id' in 'field list'
CRITICAL - 2024-09-24 07:17:33 --> Call to undefined method CodeIgniter\Autoloader\Autoloader::initializeKint()
#0 /home/u932829434/domains/digisoftic.in/public_html/protectease/v2/system/Boot.php(56): CodeIgniter\Boot::initializeKint()
#1 /home/u932829434/domains/digisoftic.in/public_html/protectease/v2/public/index.php(56): CodeIgniter\Boot::bootWeb()
#2 {main}
CRITICAL - 2024-09-24 07:17:33 --> Call to undefined method CodeIgniter\Autoloader\Autoloader::initializeKint()
#0 /home/u932829434/domains/digisoftic.in/public_html/protectease/v2/system/Boot.php(56): CodeIgniter\Boot::initializeKint()
#1 /home/u932829434/domains/digisoftic.in/public_html/protectease/v2/public/index.php(56): CodeIgniter\Boot::bootWeb()
#2 {main}
CRITICAL - 2024-09-24 07:18:03 --> Call to undefined method CodeIgniter\Autoloader\Autoloader::initializeKint()
#0 /home/u932829434/domains/digisoftic.in/public_html/protectease/v2/system/Boot.php(56): CodeIgniter\Boot::initializeKint()
#1 /home/u932829434/domains/digisoftic.in/public_html/protectease/v2/public/index.php(56): CodeIgniter\Boot::bootWeb()
#2 {main}
CRITICAL - 2024-09-24 07:18:03 --> Call to undefined method CodeIgniter\Autoloader\Autoloader::initializeKint()
#0 /home/u932829434/domains/digisoftic.in/public_html/protectease/v2/system/Boot.php(56): CodeIgniter\Boot::initializeKint()
#1 /home/u932829434/domains/digisoftic.in/public_html/protectease/v2/public/index.php(56): CodeIgniter\Boot::bootWeb()
#2 {main}
CRITICAL - 2024-09-24 07:18:28 --> Call to undefined method CodeIgniter\Autoloader\Autoloader::initializeKint()
#0 /home/u932829434/domains/digisoftic.in/public_html/protectease/v2/system/Boot.php(56): CodeIgniter\Boot::initializeKint()
#1 /home/u932829434/domains/digisoftic.in/public_html/protectease/v2/public/index.php(56): CodeIgniter\Boot::bootWeb()
#2 {main}
CRITICAL - 2024-09-24 07:18:28 --> Call to undefined method CodeIgniter\Autoloader\Autoloader::initializeKint()
#0 /home/u932829434/domains/digisoftic.in/public_html/protectease/v2/system/Boot.php(56): CodeIgniter\Boot::initializeKint()
#1 /home/u932829434/domains/digisoftic.in/public_html/protectease/v2/public/index.php(56): CodeIgniter\Boot::bootWeb()
#2 {main}
CRITICAL - 2024-09-24 07:18:31 --> Call to undefined method CodeIgniter\Autoloader\Autoloader::initializeKint()
#0 /home/u932829434/domains/digisoftic.in/public_html/protectease/v2/system/Boot.php(56): CodeIgniter\Boot::initializeKint()
#1 /home/u932829434/domains/digisoftic.in/public_html/protectease/v2/public/index.php(56): CodeIgniter\Boot::bootWeb()
#2 {main}
CRITICAL - 2024-09-24 07:18:31 --> Call to undefined method CodeIgniter\Autoloader\Autoloader::initializeKint()
#0 /home/u932829434/domains/digisoftic.in/public_html/protectease/v2/system/Boot.php(56): CodeIgniter\Boot::initializeKint()
#1 /home/u932829434/domains/digisoftic.in/public_html/protectease/v2/public/index.php(56): CodeIgniter\Boot::bootWeb()
#2 {main}
CRITICAL - 2024-09-24 07:18:52 --> Call to undefined method CodeIgniter\Autoloader\Autoloader::initializeKint()
#0 /home/u932829434/domains/digisoftic.in/public_html/protectease/v2/system/Boot.php(56): CodeIgniter\Boot::initializeKint()
#1 /home/u932829434/domains/digisoftic.in/public_html/protectease/v2/public/index.php(56): CodeIgniter\Boot::bootWeb()
#2 {main}
CRITICAL - 2024-09-24 07:18:52 --> Call to undefined method CodeIgniter\Autoloader\Autoloader::initializeKint()
#0 /home/u932829434/domains/digisoftic.in/public_html/protectease/v2/system/Boot.php(56): CodeIgniter\Boot::initializeKint()
#1 /home/u932829434/domains/digisoftic.in/public_html/protectease/v2/public/index.php(56): CodeIgniter\Boot::bootWeb()
#2 {main}
CRITICAL - 2024-09-24 07:18:55 --> Call to undefined method CodeIgniter\Autoloader\Autoloader::initializeKint()
#0 /home/u932829434/domains/digisoftic.in/public_html/protectease/v2/system/Boot.php(56): CodeIgniter\Boot::initializeKint()
#1 /home/u932829434/domains/digisoftic.in/public_html/protectease/v2/public/index.php(56): CodeIgniter\Boot::bootWeb()
#2 {main}
CRITICAL - 2024-09-24 07:18:55 --> Call to undefined method CodeIgniter\Autoloader\Autoloader::initializeKint()
#0 /home/u932829434/domains/digisoftic.in/public_html/protectease/v2/system/Boot.php(56): CodeIgniter\Boot::initializeKint()
#1 /home/u932829434/domains/digisoftic.in/public_html/protectease/v2/public/index.php(56): CodeIgniter\Boot::bootWeb()
#2 {main}
CRITICAL - 2024-09-24 07:19:20 --> Call to undefined method CodeIgniter\Autoloader\Autoloader::initializeKint()
#0 /home/u932829434/domains/digisoftic.in/public_html/protectease/v2/system/Boot.php(56): CodeIgniter\Boot::initializeKint()
#1 /home/u932829434/domains/digisoftic.in/public_html/protectease/v2/public/index.php(56): CodeIgniter\Boot::bootWeb()
#2 {main}
CRITICAL - 2024-09-24 07:19:20 --> Call to undefined method CodeIgniter\Autoloader\Autoloader::initializeKint()
#0 /home/u932829434/domains/digisoftic.in/public_html/protectease/v2/system/Boot.php(56): CodeIgniter\Boot::initializeKint()
#1 /home/u932829434/domains/digisoftic.in/public_html/protectease/v2/public/index.php(56): CodeIgniter\Boot::bootWeb()
#2 {main}
CRITICAL - 2024-09-24 08:45:22 --> Call to undefined method CodeIgniter\Autoloader\Autoloader::initializeKint()
#0 /home/u932829434/domains/digisoftic.in/public_html/protectease/v2/system/Boot.php(56): CodeIgniter\Boot::initializeKint()
#1 /home/u932829434/domains/digisoftic.in/public_html/protectease/v2/public/index.php(56): CodeIgniter\Boot::bootWeb()
#2 {main}
CRITICAL - 2024-09-24 08:45:22 --> Call to undefined method CodeIgniter\Autoloader\Autoloader::initializeKint()
#0 /home/u932829434/domains/digisoftic.in/public_html/protectease/v2/system/Boot.php(56): CodeIgniter\Boot::initializeKint()
#1 /home/u932829434/domains/digisoftic.in/public_html/protectease/v2/public/index.php(56): CodeIgniter\Boot::bootWeb()
#2 {main}
CRITICAL - 2024-09-24 08:45:54 --> Call to undefined method CodeIgniter\Autoloader\Autoloader::initializeKint()
#0 /home/u932829434/domains/digisoftic.in/public_html/protectease/v2/system/Boot.php(56): CodeIgniter\Boot::initializeKint()
#1 /home/u932829434/domains/digisoftic.in/public_html/protectease/v2/public/index.php(56): CodeIgniter\Boot::bootWeb()
#2 {main}
CRITICAL - 2024-09-24 08:45:54 --> Call to undefined method CodeIgniter\Autoloader\Autoloader::initializeKint()
#0 /home/u932829434/domains/digisoftic.in/public_html/protectease/v2/system/Boot.php(56): CodeIgniter\Boot::initializeKint()
#1 /home/u932829434/domains/digisoftic.in/public_html/protectease/v2/public/index.php(56): CodeIgniter\Boot::bootWeb()
#2 {main}
CRITICAL - 2024-09-24 09:26:43 --> Call to undefined method CodeIgniter\Autoloader\Autoloader::initializeKint()
#0 /home/u932829434/domains/digisoftic.in/public_html/protectease/v2/system/Boot.php(56): CodeIgniter\Boot::initializeKint()
#1 /home/u932829434/domains/digisoftic.in/public_html/protectease/v2/public/index.php(56): CodeIgniter\Boot::bootWeb()
#2 {main}
CRITICAL - 2024-09-24 18:32:47 --> Invalid file: customers/dashboard/index.php
#0 /home/u932829434/domains/digisoftic.in/public_html/protectease/v2/system/View/View.php(213): CodeIgniter\Exceptions\FrameworkException::forInvalidFile()
#1 /home/u932829434/domains/digisoftic.in/public_html/protectease/v2/system/Common.php(1271): CodeIgniter\View\View->render()
#2 /home/u932829434/domains/digisoftic.in/public_html/protectease/v2/app/Controllers/Customers/Dashboard.php(25): view()
#3 /home/u932829434/domains/digisoftic.in/public_html/protectease/v2/system/CodeIgniter.php(928): App\Controllers\Customers\Dashboard->index()
#4 /home/u932829434/domains/digisoftic.in/public_html/protectease/v2/system/CodeIgniter.php(436): CodeIgniter\CodeIgniter->runController()
#5 /home/u932829434/domains/digisoftic.in/public_html/protectease/v2/system/CodeIgniter.php(336): CodeIgniter\CodeIgniter->handleRequest()
#6 /home/u932829434/domains/digisoftic.in/public_html/protectease/v2/index.php(37): CodeIgniter\CodeIgniter->run()
#7 {main}
CRITICAL - 2024-09-24 18:33:07 --> Invalid file: customers/dashboard/index.php
#0 /home/u932829434/domains/digisoftic.in/public_html/protectease/v2/system/View/View.php(213): CodeIgniter\Exceptions\FrameworkException::forInvalidFile()
#1 /home/u932829434/domains/digisoftic.in/public_html/protectease/v2/system/Common.php(1271): CodeIgniter\View\View->render()
#2 /home/u932829434/domains/digisoftic.in/public_html/protectease/v2/app/Controllers/Customers/Dashboard.php(25): view()
#3 /home/u932829434/domains/digisoftic.in/public_html/protectease/v2/system/CodeIgniter.php(928): App\Controllers\Customers\Dashboard->index()
#4 /home/u932829434/domains/digisoftic.in/public_html/protectease/v2/system/CodeIgniter.php(436): CodeIgniter\CodeIgniter->runController()
#5 /home/u932829434/domains/digisoftic.in/public_html/protectease/v2/system/CodeIgniter.php(336): CodeIgniter\CodeIgniter->handleRequest()
#6 /home/u932829434/domains/digisoftic.in/public_html/protectease/v2/index.php(37): CodeIgniter\CodeIgniter->run()
#7 {main}
CRITICAL - 2024-09-24 18:33:11 --> Invalid file: customers/dashboard/index.php
#0 /home/u932829434/domains/digisoftic.in/public_html/protectease/v2/system/View/View.php(213): CodeIgniter\Exceptions\FrameworkException::forInvalidFile()
#1 /home/u932829434/domains/digisoftic.in/public_html/protectease/v2/system/Common.php(1271): CodeIgniter\View\View->render()
#2 /home/u932829434/domains/digisoftic.in/public_html/protectease/v2/app/Controllers/Customers/Dashboard.php(25): view()
#3 /home/u932829434/domains/digisoftic.in/public_html/protectease/v2/system/CodeIgniter.php(928): App\Controllers\Customers\Dashboard->index()
#4 /home/u932829434/domains/digisoftic.in/public_html/protectease/v2/system/CodeIgniter.php(436): CodeIgniter\CodeIgniter->runController()
#5 /home/u932829434/domains/digisoftic.in/public_html/protectease/v2/system/CodeIgniter.php(336): CodeIgniter\CodeIgniter->handleRequest()
#6 /home/u932829434/domains/digisoftic.in/public_html/protectease/v2/index.php(37): CodeIgniter\CodeIgniter->run()
#7 {main}
CRITICAL - 2024-09-24 18:33:13 --> Invalid file: customers/dashboard/index.php
#0 /home/u932829434/domains/digisoftic.in/public_html/protectease/v2/system/View/View.php(213): CodeIgniter\Exceptions\FrameworkException::forInvalidFile()
#1 /home/u932829434/domains/digisoftic.in/public_html/protectease/v2/system/Common.php(1271): CodeIgniter\View\View->render()
#2 /home/u932829434/domains/digisoftic.in/public_html/protectease/v2/app/Controllers/Customers/Dashboard.php(25): view()
#3 /home/u932829434/domains/digisoftic.in/public_html/protectease/v2/system/CodeIgniter.php(928): App\Controllers\Customers\Dashboard->index()
#4 /home/u932829434/domains/digisoftic.in/public_html/protectease/v2/system/CodeIgniter.php(436): CodeIgniter\CodeIgniter->runController()
#5 /home/u932829434/domains/digisoftic.in/public_html/protectease/v2/system/CodeIgniter.php(336): CodeIgniter\CodeIgniter->handleRequest()
#6 /home/u932829434/domains/digisoftic.in/public_html/protectease/v2/index.php(37): CodeIgniter\CodeIgniter->run()
#7 {main}
CRITICAL - 2024-09-24 18:33:16 --> Invalid file: customers/dashboard/index.php
#0 /home/u932829434/domains/digisoftic.in/public_html/protectease/v2/system/View/View.php(213): CodeIgniter\Exceptions\FrameworkException::forInvalidFile()
#1 /home/u932829434/domains/digisoftic.in/public_html/protectease/v2/system/Common.php(1271): CodeIgniter\View\View->render()
#2 /home/u932829434/domains/digisoftic.in/public_html/protectease/v2/app/Controllers/Customers/Dashboard.php(25): view()
#3 /home/u932829434/domains/digisoftic.in/public_html/protectease/v2/system/CodeIgniter.php(928): App\Controllers\Customers\Dashboard->index()
#4 /home/u932829434/domains/digisoftic.in/public_html/protectease/v2/system/CodeIgniter.php(436): CodeIgniter\CodeIgniter->runController()
#5 /home/u932829434/domains/digisoftic.in/public_html/protectease/v2/system/CodeIgniter.php(336): CodeIgniter\CodeIgniter->handleRequest()
#6 /home/u932829434/domains/digisoftic.in/public_html/protectease/v2/index.php(37): CodeIgniter\CodeIgniter->run()
#7 {main}
CRITICAL - 2024-09-24 13:03:53 --> Call to undefined method CodeIgniter\Autoloader\Autoloader::initializeKint()
#0 /home/u932829434/domains/digisoftic.in/public_html/protectease/v2/system/Boot.php(56): CodeIgniter\Boot::initializeKint()
#1 /home/u932829434/domains/digisoftic.in/public_html/protectease/v2/public/index.php(56): CodeIgniter\Boot::bootWeb()
#2 {main}
CRITICAL - 2024-09-24 13:03:53 --> Call to undefined method CodeIgniter\Autoloader\Autoloader::initializeKint()
#0 /home/u932829434/domains/digisoftic.in/public_html/protectease/v2/system/Boot.php(56): CodeIgniter\Boot::initializeKint()
#1 /home/u932829434/domains/digisoftic.in/public_html/protectease/v2/public/index.php(56): CodeIgniter\Boot::bootWeb()
#2 {main}
CRITICAL - 2024-09-24 13:03:53 --> Call to undefined method CodeIgniter\Autoloader\Autoloader::initializeKint()
#0 /home/u932829434/domains/digisoftic.in/public_html/protectease/v2/system/Boot.php(56): CodeIgniter\Boot::initializeKint()
#1 /home/u932829434/domains/digisoftic.in/public_html/protectease/v2/public/index.php(56): CodeIgniter\Boot::bootWeb()
#2 {main}
CRITICAL - 2024-09-24 13:03:53 --> Call to undefined method CodeIgniter\Autoloader\Autoloader::initializeKint()
#0 /home/u932829434/domains/digisoftic.in/public_html/protectease/v2/system/Boot.php(56): CodeIgniter\Boot::initializeKint()
#1 /home/u932829434/domains/digisoftic.in/public_html/protectease/v2/public/index.php(56): CodeIgniter\Boot::bootWeb()
#2 {main}
CRITICAL - 2024-09-24 13:03:53 --> Call to undefined method CodeIgniter\Autoloader\Autoloader::initializeKint()
#0 /home/u932829434/domains/digisoftic.in/public_html/protectease/v2/system/Boot.php(56): CodeIgniter\Boot::initializeKint()
#1 /home/u932829434/domains/digisoftic.in/public_html/protectease/v2/public/index.php(56): CodeIgniter\Boot::bootWeb()
#2 {main}
CRITICAL - 2024-09-24 13:03:53 --> Call to undefined method CodeIgniter\Autoloader\Autoloader::initializeKint()
#0 /home/u932829434/domains/digisoftic.in/public_html/protectease/v2/system/Boot.php(56): CodeIgniter\Boot::initializeKint()
#1 /home/u932829434/domains/digisoftic.in/public_html/protectease/v2/public/index.php(56): CodeIgniter\Boot::bootWeb()
#2 {main}
CRITICAL - 2024-09-24 13:03:53 --> Call to undefined method CodeIgniter\Autoloader\Autoloader::initializeKint()
#0 /home/u932829434/domains/digisoftic.in/public_html/protectease/v2/system/Boot.php(56): CodeIgniter\Boot::initializeKint()
#1 /home/u932829434/domains/digisoftic.in/public_html/protectease/v2/public/index.php(56): CodeIgniter\Boot::bootWeb()
#2 {main}
CRITICAL - 2024-09-24 13:03:53 --> Call to undefined method CodeIgniter\Autoloader\Autoloader::initializeKint()
#0 /home/u932829434/domains/digisoftic.in/public_html/protectease/v2/system/Boot.php(56): CodeIgniter\Boot::initializeKint()
#1 /home/u932829434/domains/digisoftic.in/public_html/protectease/v2/public/index.php(56): CodeIgniter\Boot::bootWeb()
#2 {main}
CRITICAL - 2024-09-24 13:03:53 --> Call to undefined method CodeIgniter\Autoloader\Autoloader::initializeKint()
#0 /home/u932829434/domains/digisoftic.in/public_html/protectease/v2/system/Boot.php(56): CodeIgniter\Boot::initializeKint()
#1 /home/u932829434/domains/digisoftic.in/public_html/protectease/v2/public/index.php(56): CodeIgniter\Boot::bootWeb()
#2 {main}
CRITICAL - 2024-09-24 13:03:53 --> Call to undefined method CodeIgniter\Autoloader\Autoloader::initializeKint()
#0 /home/u932829434/domains/digisoftic.in/public_html/protectease/v2/system/Boot.php(56): CodeIgniter\Boot::initializeKint()
#1 /home/u932829434/domains/digisoftic.in/public_html/protectease/v2/public/index.php(56): CodeIgniter\Boot::bootWeb()
#2 {main}
CRITICAL - 2024-09-24 13:03:53 --> Call to undefined method CodeIgniter\Autoloader\Autoloader::initializeKint()
#0 /home/u932829434/domains/digisoftic.in/public_html/protectease/v2/system/Boot.php(56): CodeIgniter\Boot::initializeKint()
#1 /home/u932829434/domains/digisoftic.in/public_html/protectease/v2/public/index.php(56): CodeIgniter\Boot::bootWeb()
#2 {main}
CRITICAL - 2024-09-24 13:03:53 --> Call to undefined method CodeIgniter\Autoloader\Autoloader::initializeKint()
#0 /home/u932829434/domains/digisoftic.in/public_html/protectease/v2/system/Boot.php(56): CodeIgniter\Boot::initializeKint()
#1 /home/u932829434/domains/digisoftic.in/public_html/protectease/v2/public/index.php(56): CodeIgniter\Boot::bootWeb()
#2 {main}
CRITICAL - 2024-09-24 13:03:53 --> Call to undefined method CodeIgniter\Autoloader\Autoloader::initializeKint()
#0 /home/u932829434/domains/digisoftic.in/public_html/protectease/v2/system/Boot.php(56): CodeIgniter\Boot::initializeKint()
#1 /home/u932829434/domains/digisoftic.in/public_html/protectease/v2/public/index.php(56): CodeIgniter\Boot::bootWeb()
#2 {main}
CRITICAL - 2024-09-24 13:04:24 --> Call to undefined method CodeIgniter\Autoloader\Autoloader::initializeKint()
#0 /home/u932829434/domains/digisoftic.in/public_html/protectease/v2/system/Boot.php(56): CodeIgniter\Boot::initializeKint()
#1 /home/u932829434/domains/digisoftic.in/public_html/protectease/v2/public/index.php(56): CodeIgniter\Boot::bootWeb()
#2 {main}
CRITICAL - 2024-09-24 13:04:31 --> Call to undefined method CodeIgniter\Autoloader\Autoloader::initializeKint()
#0 /home/u932829434/domains/digisoftic.in/public_html/protectease/v2/system/Boot.php(56): CodeIgniter\Boot::initializeKint()
#1 /home/u932829434/domains/digisoftic.in/public_html/protectease/v2/public/index.php(56): CodeIgniter\Boot::bootWeb()
#2 {main}
CRITICAL - 2024-09-24 13:04:35 --> Call to undefined method CodeIgniter\Autoloader\Autoloader::initializeKint()
#0 /home/u932829434/domains/digisoftic.in/public_html/protectease/v2/system/Boot.php(56): CodeIgniter\Boot::initializeKint()
#1 /home/u932829434/domains/digisoftic.in/public_html/protectease/v2/public/index.php(56): CodeIgniter\Boot::bootWeb()
#2 {main}
CRITICAL - 2024-09-24 13:04:35 --> Call to undefined method CodeIgniter\Autoloader\Autoloader::initializeKint()
#0 /home/u932829434/domains/digisoftic.in/public_html/protectease/v2/system/Boot.php(56): CodeIgniter\Boot::initializeKint()
#1 /home/u932829434/domains/digisoftic.in/public_html/protectease/v2/public/index.php(56): CodeIgniter\Boot::bootWeb()
#2 {main}
CRITICAL - 2024-09-24 13:04:35 --> Call to undefined method CodeIgniter\Autoloader\Autoloader::initializeKint()
#0 /home/u932829434/domains/digisoftic.in/public_html/protectease/v2/system/Boot.php(56): CodeIgniter\Boot::initializeKint()
#1 /home/u932829434/domains/digisoftic.in/public_html/protectease/v2/public/index.php(56): CodeIgniter\Boot::bootWeb()
#2 {main}
CRITICAL - 2024-09-24 13:04:35 --> Call to undefined method CodeIgniter\Autoloader\Autoloader::initializeKint()
#0 /home/u932829434/domains/digisoftic.in/public_html/protectease/v2/system/Boot.php(56): CodeIgniter\Boot::initializeKint()
#1 /home/u932829434/domains/digisoftic.in/public_html/protectease/v2/public/index.php(56): CodeIgniter\Boot::bootWeb()
#2 {main}
ERROR - 2024-09-24 18:34:40 --> Unknown column 'transaction_id' in 'field list'
CRITICAL - 2024-09-24 13:04:47 --> Call to undefined method CodeIgniter\Autoloader\Autoloader::initializeKint()
#0 /home/u932829434/domains/digisoftic.in/public_html/protectease/v2/system/Boot.php(56): CodeIgniter\Boot::initializeKint()
#1 /home/u932829434/domains/digisoftic.in/public_html/protectease/v2/public/index.php(56): CodeIgniter\Boot::bootWeb()
#2 {main}
CRITICAL - 2024-09-24 13:04:47 --> Call to undefined method CodeIgniter\Autoloader\Autoloader::initializeKint()
#0 /home/u932829434/domains/digisoftic.in/public_html/protectease/v2/system/Boot.php(56): CodeIgniter\Boot::initializeKint()
#1 /home/u932829434/domains/digisoftic.in/public_html/protectease/v2/public/index.php(56): CodeIgniter\Boot::bootWeb()
#2 {main}
CRITICAL - 2024-09-24 13:04:47 --> Call to undefined method CodeIgniter\Autoloader\Autoloader::initializeKint()
#0 /home/u932829434/domains/digisoftic.in/public_html/protectease/v2/system/Boot.php(56): CodeIgniter\Boot::initializeKint()
#1 /home/u932829434/domains/digisoftic.in/public_html/protectease/v2/public/index.php(56): CodeIgniter\Boot::bootWeb()
#2 {main}
CRITICAL - 2024-09-24 13:04:47 --> Call to undefined method CodeIgniter\Autoloader\Autoloader::initializeKint()
#0 /home/u932829434/domains/digisoftic.in/public_html/protectease/v2/system/Boot.php(56): CodeIgniter\Boot::initializeKint()
#1 /home/u932829434/domains/digisoftic.in/public_html/protectease/v2/public/index.php(56): CodeIgniter\Boot::bootWeb()
#2 {main}
CRITICAL - 2024-09-24 13:04:47 --> Call to undefined method CodeIgniter\Autoloader\Autoloader::initializeKint()
#0 /home/u932829434/domains/digisoftic.in/public_html/protectease/v2/system/Boot.php(56): CodeIgniter\Boot::initializeKint()
#1 /home/u932829434/domains/digisoftic.in/public_html/protectease/v2/public/index.php(56): CodeIgniter\Boot::bootWeb()
#2 {main}
CRITICAL - 2024-09-24 13:04:47 --> Call to undefined method CodeIgniter\Autoloader\Autoloader::initializeKint()
#0 /home/u932829434/domains/digisoftic.in/public_html/protectease/v2/system/Boot.php(56): CodeIgniter\Boot::initializeKint()
#1 /home/u932829434/domains/digisoftic.in/public_html/protectease/v2/public/index.php(56): CodeIgniter\Boot::bootWeb()
#2 {main}
CRITICAL - 2024-09-24 13:04:47 --> Call to undefined method CodeIgniter\Autoloader\Autoloader::initializeKint()
#0 /home/u932829434/domains/digisoftic.in/public_html/protectease/v2/system/Boot.php(56): CodeIgniter\Boot::initializeKint()
#1 /home/u932829434/domains/digisoftic.in/public_html/protectease/v2/public/index.php(56): CodeIgniter\Boot::bootWeb()
#2 {main}
CRITICAL - 2024-09-24 13:05:23 --> Call to undefined method CodeIgniter\Autoloader\Autoloader::initializeKint()
#0 /home/u932829434/domains/digisoftic.in/public_html/protectease/v2/system/Boot.php(56): CodeIgniter\Boot::initializeKint()
#1 /home/u932829434/domains/digisoftic.in/public_html/protectease/v2/public/index.php(56): CodeIgniter\Boot::bootWeb()
#2 {main}
CRITICAL - 2024-09-24 13:05:23 --> Call to undefined method CodeIgniter\Autoloader\Autoloader::initializeKint()
#0 /home/u932829434/domains/digisoftic.in/public_html/protectease/v2/system/Boot.php(56): CodeIgniter\Boot::initializeKint()
#1 /home/u932829434/domains/digisoftic.in/public_html/protectease/v2/public/index.php(56): CodeIgniter\Boot::bootWeb()
#2 {main}
CRITICAL - 2024-09-24 13:05:23 --> Call to undefined method CodeIgniter\Autoloader\Autoloader::initializeKint()
#0 /home/u932829434/domains/digisoftic.in/public_html/protectease/v2/system/Boot.php(56): CodeIgniter\Boot::initializeKint()
#1 /home/u932829434/domains/digisoftic.in/public_html/protectease/v2/public/index.php(56): CodeIgniter\Boot::bootWeb()
#2 {main}
CRITICAL - 2024-09-24 13:05:23 --> Call to undefined method CodeIgniter\Autoloader\Autoloader::initializeKint()
#0 /home/u932829434/domains/digisoftic.in/public_html/protectease/v2/system/Boot.php(56): CodeIgniter\Boot::initializeKint()
#1 /home/u932829434/domains/digisoftic.in/public_html/protectease/v2/public/index.php(56): CodeIgniter\Boot::bootWeb()
#2 {main}
CRITICAL - 2024-09-24 13:05:23 --> Call to undefined method CodeIgniter\Autoloader\Autoloader::initializeKint()
#0 /home/u932829434/domains/digisoftic.in/public_html/protectease/v2/system/Boot.php(56): CodeIgniter\Boot::initializeKint()
#1 /home/u932829434/domains/digisoftic.in/public_html/protectease/v2/public/index.php(56): CodeIgniter\Boot::bootWeb()
#2 {main}
CRITICAL - 2024-09-24 13:05:23 --> Call to undefined method CodeIgniter\Autoloader\Autoloader::initializeKint()
#0 /home/u932829434/domains/digisoftic.in/public_html/protectease/v2/system/Boot.php(56): CodeIgniter\Boot::initializeKint()
#1 /home/u932829434/domains/digisoftic.in/public_html/protectease/v2/public/index.php(56): CodeIgniter\Boot::bootWeb()
#2 {main}
CRITICAL - 2024-09-24 13:05:23 --> Call to undefined method CodeIgniter\Autoloader\Autoloader::initializeKint()
#0 /home/u932829434/domains/digisoftic.in/public_html/protectease/v2/system/Boot.php(56): CodeIgniter\Boot::initializeKint()
#1 /home/u932829434/domains/digisoftic.in/public_html/protectease/v2/public/index.php(56): CodeIgniter\Boot::bootWeb()
#2 {main}
CRITICAL - 2024-09-24 13:05:25 --> Call to undefined method CodeIgniter\Autoloader\Autoloader::initializeKint()
#0 /home/u932829434/domains/digisoftic.in/public_html/protectease/v2/system/Boot.php(56): CodeIgniter\Boot::initializeKint()
#1 /home/u932829434/domains/digisoftic.in/public_html/protectease/v2/public/index.php(56): CodeIgniter\Boot::bootWeb()
#2 {main}
CRITICAL - 2024-09-24 13:05:53 --> Call to undefined method CodeIgniter\Autoloader\Autoloader::initializeKint()
#0 /home/u932829434/domains/digisoftic.in/public_html/protectease/v2/system/Boot.php(56): CodeIgniter\Boot::initializeKint()
#1 /home/u932829434/domains/digisoftic.in/public_html/protectease/v2/public/index.php(56): CodeIgniter\Boot::bootWeb()
#2 {main}
CRITICAL - 2024-09-24 13:05:56 --> Call to undefined method CodeIgniter\Autoloader\Autoloader::initializeKint()
#0 /home/u932829434/domains/digisoftic.in/public_html/protectease/v2/system/Boot.php(56): CodeIgniter\Boot::initializeKint()
#1 /home/u932829434/domains/digisoftic.in/public_html/protectease/v2/public/index.php(56): CodeIgniter\Boot::bootWeb()
#2 {main}
CRITICAL - 2024-09-24 15:10:57 --> Call to undefined method CodeIgniter\Autoloader\Autoloader::initializeKint()
#0 /home/u932829434/domains/digisoftic.in/public_html/protectease/v2/system/Boot.php(56): CodeIgniter\Boot::initializeKint()
#1 /home/u932829434/domains/digisoftic.in/public_html/protectease/v2/public/index.php(56): CodeIgniter\Boot::bootWeb()
#2 {main}
CRITICAL - 2024-09-24 15:10:57 --> Call to undefined method CodeIgniter\Autoloader\Autoloader::initializeKint()
#0 /home/u932829434/domains/digisoftic.in/public_html/protectease/v2/system/Boot.php(56): CodeIgniter\Boot::initializeKint()
#1 /home/u932829434/domains/digisoftic.in/public_html/protectease/v2/public/index.php(56): CodeIgniter\Boot::bootWeb()
#2 {main}
CRITICAL - 2024-09-24 15:10:57 --> Call to undefined method CodeIgniter\Autoloader\Autoloader::initializeKint()
#0 /home/u932829434/domains/digisoftic.in/public_html/protectease/v2/system/Boot.php(56): CodeIgniter\Boot::initializeKint()
#1 /home/u932829434/domains/digisoftic.in/public_html/protectease/v2/public/index.php(56): CodeIgniter\Boot::bootWeb()
#2 {main}
CRITICAL - 2024-09-24 15:10:57 --> Call to undefined method CodeIgniter\Autoloader\Autoloader::initializeKint()
#0 /home/u932829434/domains/digisoftic.in/public_html/protectease/v2/system/Boot.php(56): CodeIgniter\Boot::initializeKint()
#1 /home/u932829434/domains/digisoftic.in/public_html/protectease/v2/public/index.php(56): CodeIgniter\Boot::bootWeb()
#2 {main}
CRITICAL - 2024-09-24 15:10:57 --> Call to undefined method CodeIgniter\Autoloader\Autoloader::initializeKint()
#0 /home/u932829434/domains/digisoftic.in/public_html/protectease/v2/system/Boot.php(56): CodeIgniter\Boot::initializeKint()
#1 /home/u932829434/domains/digisoftic.in/public_html/protectease/v2/public/index.php(56): CodeIgniter\Boot::bootWeb()
#2 {main}
CRITICAL - 2024-09-24 15:10:57 --> Call to undefined method CodeIgniter\Autoloader\Autoloader::initializeKint()
#0 /home/u932829434/domains/digisoftic.in/public_html/protectease/v2/system/Boot.php(56): CodeIgniter\Boot::initializeKint()
#1 /home/u932829434/domains/digisoftic.in/public_html/protectease/v2/public/index.php(56): CodeIgniter\Boot::bootWeb()
#2 {main}
CRITICAL - 2024-09-24 15:10:57 --> Call to undefined method CodeIgniter\Autoloader\Autoloader::initializeKint()
#0 /home/u932829434/domains/digisoftic.in/public_html/protectease/v2/system/Boot.php(56): CodeIgniter\Boot::initializeKint()
#1 /home/u932829434/domains/digisoftic.in/public_html/protectease/v2/public/index.php(56): CodeIgniter\Boot::bootWeb()
#2 {main}
CRITICAL - 2024-09-24 15:11:13 --> Call to undefined method CodeIgniter\Autoloader\Autoloader::initializeKint()
#0 /home/u932829434/domains/digisoftic.in/public_html/protectease/v2/system/Boot.php(56): CodeIgniter\Boot::initializeKint()
#1 /home/u932829434/domains/digisoftic.in/public_html/protectease/v2/public/index.php(56): CodeIgniter\Boot::bootWeb()
#2 {main}
CRITICAL - 2024-09-24 15:11:13 --> Call to undefined method CodeIgniter\Autoloader\Autoloader::initializeKint()
#0 /home/u932829434/domains/digisoftic.in/public_html/protectease/v2/system/Boot.php(56): CodeIgniter\Boot::initializeKint()
#1 /home/u932829434/domains/digisoftic.in/public_html/protectease/v2/public/index.php(56): CodeIgniter\Boot::bootWeb()
#2 {main}
CRITICAL - 2024-09-24 15:11:13 --> Call to undefined method CodeIgniter\Autoloader\Autoloader::initializeKint()
#0 /home/u932829434/domains/digisoftic.in/public_html/protectease/v2/system/Boot.php(56): CodeIgniter\Boot::initializeKint()
#1 /home/u932829434/domains/digisoftic.in/public_html/protectease/v2/public/index.php(56): CodeIgniter\Boot::bootWeb()
#2 {main}
CRITICAL - 2024-09-24 15:11:13 --> Call to undefined method CodeIgniter\Autoloader\Autoloader::initializeKint()
#0 /home/u932829434/domains/digisoftic.in/public_html/protectease/v2/system/Boot.php(56): CodeIgniter\Boot::initializeKint()
#1 /home/u932829434/domains/digisoftic.in/public_html/protectease/v2/public/index.php(56): CodeIgniter\Boot::bootWeb()
#2 {main}
CRITICAL - 2024-09-24 15:13:52 --> Call to undefined method CodeIgniter\Autoloader\Autoloader::initializeKint()
#0 /home/u932829434/domains/digisoftic.in/public_html/protectease/v2/system/Boot.php(56): CodeIgniter\Boot::initializeKint()
#1 /home/u932829434/domains/digisoftic.in/public_html/protectease/v2/public/index.php(56): CodeIgniter\Boot::bootWeb()
#2 {main}
CRITICAL - 2024-09-24 15:13:55 --> Call to undefined method CodeIgniter\Autoloader\Autoloader::initializeKint()
#0 /home/u932829434/domains/digisoftic.in/public_html/protectease/v2/system/Boot.php(56): CodeIgniter\Boot::initializeKint()
#1 /home/u932829434/domains/digisoftic.in/public_html/protectease/v2/public/index.php(56): CodeIgniter\Boot::bootWeb()
#2 {main}
CRITICAL - 2024-09-24 15:13:55 --> Call to undefined method CodeIgniter\Autoloader\Autoloader::initializeKint()
#0 /home/u932829434/domains/digisoftic.in/public_html/protectease/v2/system/Boot.php(56): CodeIgniter\Boot::initializeKint()
#1 /home/u932829434/domains/digisoftic.in/public_html/protectease/v2/public/index.php(56): CodeIgniter\Boot::bootWeb()
#2 {main}
CRITICAL - 2024-09-24 15:13:55 --> Call to undefined method CodeIgniter\Autoloader\Autoloader::initializeKint()
#0 /home/u932829434/domains/digisoftic.in/public_html/protectease/v2/system/Boot.php(56): CodeIgniter\Boot::initializeKint()
#1 /home/u932829434/domains/digisoftic.in/public_html/protectease/v2/public/index.php(56): CodeIgniter\Boot::bootWeb()
#2 {main}
CRITICAL - 2024-09-24 15:13:55 --> Call to undefined method CodeIgniter\Autoloader\Autoloader::initializeKint()
#0 /home/u932829434/domains/digisoftic.in/public_html/protectease/v2/system/Boot.php(56): CodeIgniter\Boot::initializeKint()
#1 /home/u932829434/domains/digisoftic.in/public_html/protectease/v2/public/index.php(56): CodeIgniter\Boot::bootWeb()
#2 {main}
CRITICAL - 2024-09-24 19:35:18 --> Call to undefined method CodeIgniter\Autoloader\Autoloader::initializeKint()
#0 /home/u932829434/domains/digisoftic.in/public_html/protectease/v2/system/Boot.php(56): CodeIgniter\Boot::initializeKint()
#1 /home/u932829434/domains/digisoftic.in/public_html/protectease/v2/public/index.php(56): CodeIgniter\Boot::bootWeb()
#2 {main}
CRITICAL - 2024-09-24 19:35:27 --> Call to undefined method CodeIgniter\Autoloader\Autoloader::initializeKint()
#0 /home/u932829434/domains/digisoftic.in/public_html/protectease/v2/system/Boot.php(56): CodeIgniter\Boot::initializeKint()
#1 /home/u932829434/domains/digisoftic.in/public_html/protectease/v2/public/index.php(56): CodeIgniter\Boot::bootWeb()
#2 {main}
CRITICAL - 2024-09-24 19:35:29 --> Call to undefined method CodeIgniter\Autoloader\Autoloader::initializeKint()
#0 /home/u932829434/domains/digisoftic.in/public_html/protectease/v2/system/Boot.php(56): CodeIgniter\Boot::initializeKint()
#1 /home/u932829434/domains/digisoftic.in/public_html/protectease/v2/public/index.php(56): CodeIgniter\Boot::bootWeb()
#2 {main}
CRITICAL - 2024-09-24 19:35:31 --> Call to undefined method CodeIgniter\Autoloader\Autoloader::initializeKint()
#0 /home/u932829434/domains/digisoftic.in/public_html/protectease/v2/system/Boot.php(56): CodeIgniter\Boot::initializeKint()
#1 /home/u932829434/domains/digisoftic.in/public_html/protectease/v2/public/index.php(56): CodeIgniter\Boot::bootWeb()
#2 {main}
CRITICAL - 2024-09-24 19:35:34 --> Call to undefined method CodeIgniter\Autoloader\Autoloader::initializeKint()
#0 /home/u932829434/domains/digisoftic.in/public_html/protectease/v2/system/Boot.php(56): CodeIgniter\Boot::initializeKint()
#1 /home/u932829434/domains/digisoftic.in/public_html/protectease/v2/public/index.php(56): CodeIgniter\Boot::bootWeb()
#2 {main}
CRITICAL - 2024-09-24 19:35:36 --> Call to undefined method CodeIgniter\Autoloader\Autoloader::initializeKint()
#0 /home/u932829434/domains/digisoftic.in/public_html/protectease/v2/system/Boot.php(56): CodeIgniter\Boot::initializeKint()
#1 /home/u932829434/domains/digisoftic.in/public_html/protectease/v2/public/index.php(56): CodeIgniter\Boot::bootWeb()
#2 {main}
CRITICAL - 2024-09-24 19:35:46 --> Call to undefined method CodeIgniter\Autoloader\Autoloader::initializeKint()
#0 /home/u932829434/domains/digisoftic.in/public_html/protectease/v2/system/Boot.php(56): CodeIgniter\Boot::initializeKint()
#1 /home/u932829434/domains/digisoftic.in/public_html/protectease/v2/public/index.php(56): CodeIgniter\Boot::bootWeb()
#2 {main}
CRITICAL - 2024-09-24 19:35:49 --> Call to undefined method CodeIgniter\Autoloader\Autoloader::initializeKint()
#0 /home/u932829434/domains/digisoftic.in/public_html/protectease/v2/system/Boot.php(56): CodeIgniter\Boot::initializeKint()
#1 /home/u932829434/domains/digisoftic.in/public_html/protectease/v2/public/index.php(56): CodeIgniter\Boot::bootWeb()
#2 {main}
